SF:/home/jpgreninger/Work/smmu/rust/smmu/src/address_space/mod.rs
FN:943,_RNCNvMs6_NtCs3zbRNdgKbV9_4smmu13address_spaceNtB7_12AddressSpace11unmap_pages0B9_
FN:824,_RNCNvMs6_NtCs3zbRNdgKbV9_4smmu13address_spaceNtB7_12AddressSpace11unmap_range0B9_
FN:1331,_RNCNvMs6_NtCs3zbRNdgKbV9_4smmu13address_spaceNtB7_12AddressSpace14is_invalidated0B9_
FN:1224,_RNCNvMs6_NtCs3zbRNdgKbV9_4smmu13address_spaceNtB7_12AddressSpace19unmap_pages_batched0B9_
FN:641,_RNCNvMs6_NtCs3zbRNdgKbV9_4smmu13address_spaceNtB7_12AddressSpace20get_page_permissions0B9_
FN:1283,_RNCNvMs6_NtCs3zbRNdgKbV9_4smmu13address_spaceNtB7_12AddressSpace22invalidate_page_atomic0B9_
FN:1299,_RNCNvMs6_NtCs3zbRNdgKbV9_4smmu13address_spaceNtB7_12AddressSpace23invalidate_range_atomic0B9_
FN:1087,_RNCNvMs6_NtCs3zbRNdgKbV9_4smmu13address_spaceNtB7_12AddressSpace24has_overlapping_mappings0B9_
FN:1368,_RNCNvMs6_NtCs3zbRNdgKbV9_4smmu13address_spaceNtB7_12AddressSpace27compare_exchange_invalidate0B9_
FN:1340,_RNCNvMs6_NtCs3zbRNdgKbV9_4smmu13address_spaceNtB7_12AddressSpace28is_invalidated_with_ordering0B9_
FN:1321,_RNCNvMs6_NtCs3zbRNdgKbV9_4smmu13address_spaceNtB7_12AddressSpace29invalidate_page_with_ordering0B9_
FN:328,_RNCNvXs5_NtCs3zbRNdgKbV9_4smmu13address_spaceNtB7_12AddressSpaceNtNtCslH02haMvknO_4core5clone5Clone5clone0B9_
FN:86,_RNvMNtCs3zbRNdgKbV9_4smmu13address_spaceNtB2_12AddressRange3new
FN:144,_RNvMs1_NtCs3zbRNdgKbV9_4smmu13address_spaceNtB5_8PageInfo11page_number
FN:138,_RNvMs1_NtCs3zbRNdgKbV9_4smmu13address_spaceNtB5_8PageInfo4iova
FN:177,_RNvMs2_NtCs3zbRNdgKbV9_4smmu13address_spaceNtB5_12PageEntryRef11permissions
FN:183,_RNvMs2_NtCs3zbRNdgKbV9_4smmu13address_spaceNtB5_12PageEntryRef14security_state
FN:171,_RNvMs2_NtCs3zbRNdgKbV9_4smmu13address_spaceNtB5_12PageEntryRef16physical_address
FN:159,_RNvMs2_NtCs3zbRNdgKbV9_4smmu13address_spaceNtB5_12PageEntryRef4iova
FN:165,_RNvMs2_NtCs3zbRNdgKbV9_4smmu13address_spaceNtB5_12PageEntryRef5entry
FN:209,_RNvMs3_NtCs3zbRNdgKbV9_4smmu13address_spaceNtB5_15PageEntryMutRef11permissions
FN:203,_RNvMs3_NtCs3zbRNdgKbV9_4smmu13address_spaceNtB5_15PageEntryMutRef15set_permissions
FN:198,_RNvMs3_NtCs3zbRNdgKbV9_4smmu13address_spaceNtB5_15PageEntryMutRef4iova
FN:236,_RNvMs4_NtCs3zbRNdgKbV9_4smmu13address_spaceNtB5_17AddressSpaceQuery10page_count
FN:254,_RNvMs4_NtCs3zbRNdgKbV9_4smmu13address_spaceNtB5_17AddressSpaceQuery16range_statistics
FN:248,_RNvMs4_NtCs3zbRNdgKbV9_4smmu13address_spaceNtB5_17AddressSpaceQuery4iter
FN:242,_RNvMs4_NtCs3zbRNdgKbV9_4smmu13address_spaceNtB5_17AddressSpaceQuery9is_mapped
FN:1137,_RNvMs6_NtCs3zbRNdgKbV9_4smmu13address_spaceNtB5_12AddressSpace10query_page
FN:471,_RNvMs6_NtCs3zbRNdgKbV9_4smmu13address_spaceNtB5_12AddressSpace10unmap_page
FN:1404,_RNvMs6_NtCs3zbRNdgKbV9_4smmu13address_spaceNtB5_12AddressSpace11page_numberB7_
FN:930,_RNvMs6_NtCs3zbRNdgKbV9_4smmu13address_spaceNtB5_12AddressSpace11unmap_pages
FN:799,_RNvMs6_NtCs3zbRNdgKbV9_4smmu13address_spaceNtB5_12AddressSpace11unmap_range
FN:368,_RNvMs6_NtCs3zbRNdgKbV9_4smmu13address_spaceNtB5_12AddressSpace13with_capacity
FN:666,_RNvMs6_NtCs3zbRNdgKbV9_4smmu13address_spaceNtB5_12AddressSpace14get_page_count
FN:1396,_RNvMs6_NtCs3zbRNdgKbV9_4smmu13address_spaceNtB5_12AddressSpace14invalidate_all
FN:1327,_RNvMs6_NtCs3zbRNdgKbV9_4smmu13address_spaceNtB5_12AddressSpace14is_invalidated
FN:589,_RNvMs6_NtCs3zbRNdgKbV9_4smmu13address_spaceNtB5_12AddressSpace14is_page_mapped
FN:522,_RNvMs6_NtCs3zbRNdgKbV9_4smmu13address_spaceNtB5_12AddressSpace14translate_page
FN:1379,_RNvMs6_NtCs3zbRNdgKbV9_4smmu13address_spaceNtB5_12AddressSpace15invalidate_page
FN:1388,_RNvMs6_NtCs3zbRNdgKbV9_4smmu13address_spaceNtB5_12AddressSpace16invalidate_range
FN:1410,_RNvMs6_NtCs3zbRNdgKbV9_4smmu13address_spaceNtB5_12AddressSpace17check_permissionsB7_
FN:979,_RNvMs6_NtCs3zbRNdgKbV9_4smmu13address_spaceNtB5_12AddressSpace17get_mapped_ranges
FN:1169,_RNvMs6_NtCs3zbRNdgKbV9_4smmu13address_spaceNtB5_12AddressSpace17map_pages_batched
FN:1211,_RNvMs6_NtCs3zbRNdgKbV9_4smmu13address_spaceNtB5_12AddressSpace19unmap_pages_batched
FN:629,_RNvMs6_NtCs3zbRNdgKbV9_4smmu13address_spaceNtB5_12AddressSpace20get_page_permissions
FN:1040,_RNvMs6_NtCs3zbRNdgKbV9_4smmu13address_spaceNtB5_12AddressSpace22get_address_space_size
FN:1273,_RNvMs6_NtCs3zbRNdgKbV9_4smmu13address_spaceNtB5_12AddressSpace22invalidate_page_atomic
FN:1290,_RNvMs6_NtCs3zbRNdgKbV9_4smmu13address_spaceNtB5_12AddressSpace23invalidate_range_atomic
FN:1345,_RNvMs6_NtCs3zbRNdgKbV9_4smmu13address_spaceNtB5_12AddressSpace23invalidation_generation
FN:1079,_RNvMs6_NtCs3zbRNdgKbV9_4smmu13address_spaceNtB5_12AddressSpace24has_overlapping_mappings
FN:1240,_RNvMs6_NtCs3zbRNdgKbV9_4smmu13address_spaceNtB5_12AddressSpace26update_permissions_batched
FN:1353,_RNvMs6_NtCs3zbRNdgKbV9_4smmu13address_spaceNtB5_12AddressSpace27compare_exchange_invalidate
FN:1336,_RNvMs6_NtCs3zbRNdgKbV9_4smmu13address_spaceNtB5_12AddressSpace28is_invalidated_with_ordering
FN:1314,_RNvMs6_NtCs3zbRNdgKbV9_4smmu13address_spaceNtB5_12AddressSpace29invalidate_page_with_ordering
FN:346,_RNvMs6_NtCs3zbRNdgKbV9_4smmu13address_spaceNtB5_12AddressSpace3new
FN:1106,_RNvMs6_NtCs3zbRNdgKbV9_4smmu13address_spaceNtB5_12AddressSpace4iter
FN:692,_RNvMs6_NtCs3zbRNdgKbV9_4smmu13address_spaceNtB5_12AddressSpace5clear
FN:1131,_RNvMs6_NtCs3zbRNdgKbV9_4smmu13address_spaceNtB5_12AddressSpace5query
FN:1119,_RNvMs6_NtCs3zbRNdgKbV9_4smmu13address_spaceNtB5_12AddressSpace8iter_mut
FN:407,_RNvMs6_NtCs3zbRNdgKbV9_4smmu13address_spaceNtB5_12AddressSpace8map_page
FN:866,_RNvMs6_NtCs3zbRNdgKbV9_4smmu13address_spaceNtB5_12AddressSpace9map_pages
FN:723,_RNvMs6_NtCs3zbRNdgKbV9_4smmu13address_spaceNtB5_12AddressSpace9map_range
FN:120,_RNvXs0_NtCs3zbRNdgKbV9_4smmu13address_spaceNtB5_12AddressRangeNtNtNtNtCslH02haMvknO_4core4iter6traits7collect12IntoIterator9into_iter
FN:319,_RNvXs5_NtCs3zbRNdgKbV9_4smmu13address_spaceNtB5_12AddressSpaceNtNtCslH02haMvknO_4core5clone5Clone5clone
FN:1416,_RNvXs7_NtCs3zbRNdgKbV9_4smmu13address_spaceNtB5_12AddressSpaceNtNtCslH02haMvknO_4core7default7Default7default
FN:101,_RNvXs_NtCs3zbRNdgKbV9_4smmu13address_spaceNtB4_20AddressRangeIteratorNtNtNtNtCslH02haMvknO_4core4iter6traits8iterator8Iterator4next
FN:1107,_RNCNvMs6_NtCs3zbRNdgKbV9_4smmu13address_spaceNtB7_12AddressSpace4iter0B9_
FN:1120,_RNCNvMs6_NtCs3zbRNdgKbV9_4smmu13address_spaceNtB7_12AddressSpace8iter_mut0B9_
FN:1404,_RNvMs6_NtCsjtGcTmf5uaK_4smmu13address_spaceNtB5_12AddressSpace11page_numberB7_
FN:666,_RNvMs6_NtCsjtGcTmf5uaK_4smmu13address_spaceNtB5_12AddressSpace14get_page_count
FN:589,_RNvMs6_NtCsjtGcTmf5uaK_4smmu13address_spaceNtB5_12AddressSpace14is_page_mapped
FN:522,_RNvMs6_NtCsjtGcTmf5uaK_4smmu13address_spaceNtB5_12AddressSpace14translate_page
FN:1410,_RNvMs6_NtCsjtGcTmf5uaK_4smmu13address_spaceNtB5_12AddressSpace17check_permissionsB7_
FN:346,_RNvMs6_NtCsjtGcTmf5uaK_4smmu13address_spaceNtB5_12AddressSpace3new
FN:407,_RNvMs6_NtCsjtGcTmf5uaK_4smmu13address_spaceNtB5_12AddressSpace8map_page
FN:1448,_RNvNtNtCsjtGcTmf5uaK_4smmu13address_space5testss_19test_translate_page
FN:1434,_RNvNtNtCsjtGcTmf5uaK_4smmu13address_space5testss_20test_map_single_page
FN:1428,_RNvNtNtCsjtGcTmf5uaK_4smmu13address_space5testss_22test_new_address_space
FN:1465,_RNvNtNtCsjtGcTmf5uaK_4smmu13address_space5testss_25test_permission_violation
FN:943,_RNCNvMs6_NtCsjtGcTmf5uaK_4smmu13address_spaceNtB7_12AddressSpace11unmap_pages0B9_
FN:824,_RNCNvMs6_NtCsjtGcTmf5uaK_4smmu13address_spaceNtB7_12AddressSpace11unmap_range0B9_
FN:1331,_RNCNvMs6_NtCsjtGcTmf5uaK_4smmu13address_spaceNtB7_12AddressSpace14is_invalidated0B9_
FN:1224,_RNCNvMs6_NtCsjtGcTmf5uaK_4smmu13address_spaceNtB7_12AddressSpace19unmap_pages_batched0B9_
FN:641,_RNCNvMs6_NtCsjtGcTmf5uaK_4smmu13address_spaceNtB7_12AddressSpace20get_page_permissions0B9_
FN:1283,_RNCNvMs6_NtCsjtGcTmf5uaK_4smmu13address_spaceNtB7_12AddressSpace22invalidate_page_atomic0B9_
FN:1299,_RNCNvMs6_NtCsjtGcTmf5uaK_4smmu13address_spaceNtB7_12AddressSpace23invalidate_range_atomic0B9_
FN:1087,_RNCNvMs6_NtCsjtGcTmf5uaK_4smmu13address_spaceNtB7_12AddressSpace24has_overlapping_mappings0B9_
FN:1368,_RNCNvMs6_NtCsjtGcTmf5uaK_4smmu13address_spaceNtB7_12AddressSpace27compare_exchange_invalidate0B9_
FN:1340,_RNCNvMs6_NtCsjtGcTmf5uaK_4smmu13address_spaceNtB7_12AddressSpace28is_invalidated_with_ordering0B9_
FN:1321,_RNCNvMs6_NtCsjtGcTmf5uaK_4smmu13address_spaceNtB7_12AddressSpace29invalidate_page_with_ordering0B9_
FN:1107,_RNCNvMs6_NtCsjtGcTmf5uaK_4smmu13address_spaceNtB7_12AddressSpace4iter0B9_
FN:1120,_RNCNvMs6_NtCsjtGcTmf5uaK_4smmu13address_spaceNtB7_12AddressSpace8iter_mut0B9_
FN:328,_RNCNvXs5_NtCsjtGcTmf5uaK_4smmu13address_spaceNtB7_12AddressSpaceNtNtCslH02haMvknO_4core5clone5Clone5clone0B9_
FN:86,_RNvMNtCsjtGcTmf5uaK_4smmu13address_spaceNtB2_12AddressRange3new
FN:144,_RNvMs1_NtCsjtGcTmf5uaK_4smmu13address_spaceNtB5_8PageInfo11page_number
FN:138,_RNvMs1_NtCsjtGcTmf5uaK_4smmu13address_spaceNtB5_8PageInfo4iova
FN:177,_RNvMs2_NtCsjtGcTmf5uaK_4smmu13address_spaceNtB5_12PageEntryRef11permissions
FN:183,_RNvMs2_NtCsjtGcTmf5uaK_4smmu13address_spaceNtB5_12PageEntryRef14security_state
FN:171,_RNvMs2_NtCsjtGcTmf5uaK_4smmu13address_spaceNtB5_12PageEntryRef16physical_address
FN:159,_RNvMs2_NtCsjtGcTmf5uaK_4smmu13address_spaceNtB5_12PageEntryRef4iova
FN:165,_RNvMs2_NtCsjtGcTmf5uaK_4smmu13address_spaceNtB5_12PageEntryRef5entry
FN:209,_RNvMs3_NtCsjtGcTmf5uaK_4smmu13address_spaceNtB5_15PageEntryMutRef11permissions
FN:203,_RNvMs3_NtCsjtGcTmf5uaK_4smmu13address_spaceNtB5_15PageEntryMutRef15set_permissions
FN:198,_RNvMs3_NtCsjtGcTmf5uaK_4smmu13address_spaceNtB5_15PageEntryMutRef4iova
FN:236,_RNvMs4_NtCsjtGcTmf5uaK_4smmu13address_spaceNtB5_17AddressSpaceQuery10page_count
FN:254,_RNvMs4_NtCsjtGcTmf5uaK_4smmu13address_spaceNtB5_17AddressSpaceQuery16range_statistics
FN:248,_RNvMs4_NtCsjtGcTmf5uaK_4smmu13address_spaceNtB5_17AddressSpaceQuery4iter
FN:242,_RNvMs4_NtCsjtGcTmf5uaK_4smmu13address_spaceNtB5_17AddressSpaceQuery9is_mapped
FN:1137,_RNvMs6_NtCsjtGcTmf5uaK_4smmu13address_spaceNtB5_12AddressSpace10query_page
FN:471,_RNvMs6_NtCsjtGcTmf5uaK_4smmu13address_spaceNtB5_12AddressSpace10unmap_page
FN:930,_RNvMs6_NtCsjtGcTmf5uaK_4smmu13address_spaceNtB5_12AddressSpace11unmap_pages
FN:799,_RNvMs6_NtCsjtGcTmf5uaK_4smmu13address_spaceNtB5_12AddressSpace11unmap_range
FN:368,_RNvMs6_NtCsjtGcTmf5uaK_4smmu13address_spaceNtB5_12AddressSpace13with_capacity
FN:1396,_RNvMs6_NtCsjtGcTmf5uaK_4smmu13address_spaceNtB5_12AddressSpace14invalidate_all
FN:1327,_RNvMs6_NtCsjtGcTmf5uaK_4smmu13address_spaceNtB5_12AddressSpace14is_invalidated
FN:1379,_RNvMs6_NtCsjtGcTmf5uaK_4smmu13address_spaceNtB5_12AddressSpace15invalidate_page
FN:1388,_RNvMs6_NtCsjtGcTmf5uaK_4smmu13address_spaceNtB5_12AddressSpace16invalidate_range
FN:979,_RNvMs6_NtCsjtGcTmf5uaK_4smmu13address_spaceNtB5_12AddressSpace17get_mapped_ranges
FN:1169,_RNvMs6_NtCsjtGcTmf5uaK_4smmu13address_spaceNtB5_12AddressSpace17map_pages_batched
FN:1211,_RNvMs6_NtCsjtGcTmf5uaK_4smmu13address_spaceNtB5_12AddressSpace19unmap_pages_batched
FN:629,_RNvMs6_NtCsjtGcTmf5uaK_4smmu13address_spaceNtB5_12AddressSpace20get_page_permissions
FN:1040,_RNvMs6_NtCsjtGcTmf5uaK_4smmu13address_spaceNtB5_12AddressSpace22get_address_space_size
FN:1273,_RNvMs6_NtCsjtGcTmf5uaK_4smmu13address_spaceNtB5_12AddressSpace22invalidate_page_atomic
FN:1290,_RNvMs6_NtCsjtGcTmf5uaK_4smmu13address_spaceNtB5_12AddressSpace23invalidate_range_atomic
FN:1345,_RNvMs6_NtCsjtGcTmf5uaK_4smmu13address_spaceNtB5_12AddressSpace23invalidation_generation
FN:1079,_RNvMs6_NtCsjtGcTmf5uaK_4smmu13address_spaceNtB5_12AddressSpace24has_overlapping_mappings
FN:1240,_RNvMs6_NtCsjtGcTmf5uaK_4smmu13address_spaceNtB5_12AddressSpace26update_permissions_batched
FN:1353,_RNvMs6_NtCsjtGcTmf5uaK_4smmu13address_spaceNtB5_12AddressSpace27compare_exchange_invalidate
FN:1336,_RNvMs6_NtCsjtGcTmf5uaK_4smmu13address_spaceNtB5_12AddressSpace28is_invalidated_with_ordering
FN:1314,_RNvMs6_NtCsjtGcTmf5uaK_4smmu13address_spaceNtB5_12AddressSpace29invalidate_page_with_ordering
FN:1106,_RNvMs6_NtCsjtGcTmf5uaK_4smmu13address_spaceNtB5_12AddressSpace4iter
FN:692,_RNvMs6_NtCsjtGcTmf5uaK_4smmu13address_spaceNtB5_12AddressSpace5clear
FN:1131,_RNvMs6_NtCsjtGcTmf5uaK_4smmu13address_spaceNtB5_12AddressSpace5query
FN:1119,_RNvMs6_NtCsjtGcTmf5uaK_4smmu13address_spaceNtB5_12AddressSpace8iter_mut
FN:866,_RNvMs6_NtCsjtGcTmf5uaK_4smmu13address_spaceNtB5_12AddressSpace9map_pages
FN:723,_RNvMs6_NtCsjtGcTmf5uaK_4smmu13address_spaceNtB5_12AddressSpace9map_range
FN:120,_RNvXs0_NtCsjtGcTmf5uaK_4smmu13address_spaceNtB5_12AddressRangeNtNtNtNtCslH02haMvknO_4core4iter6traits7collect12IntoIterator9into_iter
FN:319,_RNvXs5_NtCsjtGcTmf5uaK_4smmu13address_spaceNtB5_12AddressSpaceNtNtCslH02haMvknO_4core5clone5Clone5clone
FN:1416,_RNvXs7_NtCsjtGcTmf5uaK_4smmu13address_spaceNtB5_12AddressSpaceNtNtCslH02haMvknO_4core7default7Default7default
FN:101,_RNvXs_NtCsjtGcTmf5uaK_4smmu13address_spaceNtB4_20AddressRangeIteratorNtNtNtNtCslH02haMvknO_4core4iter6traits8iterator8Iterator4next
FN:1107,_RNCNvMs6_NtCs3zbRNdgKbV9_4smmu13address_spaceNtB7_12AddressSpace4iter0Cs5pHDvHE3BvS_18unit_address_space
FN:1120,_RNCNvMs6_NtCs3zbRNdgKbV9_4smmu13address_spaceNtB7_12AddressSpace8iter_mut0Cs5pHDvHE3BvS_18unit_address_space
FNDA:3,_RNCNvMs6_NtCs3zbRNdgKbV9_4smmu13address_spaceNtB7_12AddressSpace11unmap_pages0B9_
FNDA:6,_RNCNvMs6_NtCs3zbRNdgKbV9_4smmu13address_spaceNtB7_12AddressSpace11unmap_range0B9_
FNDA:2,_RNCNvMs6_NtCs3zbRNdgKbV9_4smmu13address_spaceNtB7_12AddressSpace14is_invalidated0B9_
FNDA:3,_RNCNvMs6_NtCs3zbRNdgKbV9_4smmu13address_spaceNtB7_12AddressSpace19unmap_pages_batched0B9_
FNDA:1,_RNCNvMs6_NtCs3zbRNdgKbV9_4smmu13address_spaceNtB7_12AddressSpace20get_page_permissions0B9_
FNDA:5,_RNCNvMs6_NtCs3zbRNdgKbV9_4smmu13address_spaceNtB7_12AddressSpace22invalidate_page_atomic0B9_
FNDA:5,_RNCNvMs6_NtCs3zbRNdgKbV9_4smmu13address_spaceNtB7_12AddressSpace23invalidate_range_atomic0B9_
FNDA:19,_RNCNvMs6_NtCs3zbRNdgKbV9_4smmu13address_spaceNtB7_12AddressSpace24has_overlapping_mappings0B9_
FNDA:2,_RNCNvMs6_NtCs3zbRNdgKbV9_4smmu13address_spaceNtB7_12AddressSpace27compare_exchange_invalidate0B9_
FNDA:1,_RNCNvMs6_NtCs3zbRNdgKbV9_4smmu13address_spaceNtB7_12AddressSpace28is_invalidated_with_ordering0B9_
FNDA:1,_RNCNvMs6_NtCs3zbRNdgKbV9_4smmu13address_spaceNtB7_12AddressSpace29invalidate_page_with_ordering0B9_
FNDA:1,_RNCNvXs5_NtCs3zbRNdgKbV9_4smmu13address_spaceNtB7_12AddressSpaceNtNtCslH02haMvknO_4core5clone5Clone5clone0B9_
FNDA:6,_RNvMNtCs3zbRNdgKbV9_4smmu13address_spaceNtB2_12AddressRange3new
FNDA:3,_RNvMs1_NtCs3zbRNdgKbV9_4smmu13address_spaceNtB5_8PageInfo11page_number
FNDA:3,_RNvMs1_NtCs3zbRNdgKbV9_4smmu13address_spaceNtB5_8PageInfo4iova
FNDA:1,_RNvMs2_NtCs3zbRNdgKbV9_4smmu13address_spaceNtB5_12PageEntryRef11permissions
FNDA:1,_RNvMs2_NtCs3zbRNdgKbV9_4smmu13address_spaceNtB5_12PageEntryRef14security_state
FNDA:1,_RNvMs2_NtCs3zbRNdgKbV9_4smmu13address_spaceNtB5_12PageEntryRef16physical_address
FNDA:1,_RNvMs2_NtCs3zbRNdgKbV9_4smmu13address_spaceNtB5_12PageEntryRef4iova
FNDA:1,_RNvMs2_NtCs3zbRNdgKbV9_4smmu13address_spaceNtB5_12PageEntryRef5entry
FNDA:2,_RNvMs3_NtCs3zbRNdgKbV9_4smmu13address_spaceNtB5_15PageEntryMutRef11permissions
FNDA:2,_RNvMs3_NtCs3zbRNdgKbV9_4smmu13address_spaceNtB5_15PageEntryMutRef15set_permissions
FNDA:1,_RNvMs3_NtCs3zbRNdgKbV9_4smmu13address_spaceNtB5_15PageEntryMutRef4iova
FNDA:1,_RNvMs4_NtCs3zbRNdgKbV9_4smmu13address_spaceNtB5_17AddressSpaceQuery10page_count
FNDA:3,_RNvMs4_NtCs3zbRNdgKbV9_4smmu13address_spaceNtB5_17AddressSpaceQuery16range_statistics
FNDA:1,_RNvMs4_NtCs3zbRNdgKbV9_4smmu13address_spaceNtB5_17AddressSpaceQuery4iter
FNDA:2,_RNvMs4_NtCs3zbRNdgKbV9_4smmu13address_spaceNtB5_17AddressSpaceQuery9is_mapped
FNDA:2,_RNvMs6_NtCs3zbRNdgKbV9_4smmu13address_spaceNtB5_12AddressSpace10query_page
FNDA:261,_RNvMs6_NtCs3zbRNdgKbV9_4smmu13address_spaceNtB5_12AddressSpace10unmap_page
FNDA:931437,_RNvMs6_NtCs3zbRNdgKbV9_4smmu13address_spaceNtB5_12AddressSpace11page_numberB7_
FNDA:3,_RNvMs6_NtCs3zbRNdgKbV9_4smmu13address_spaceNtB5_12AddressSpace11unmap_pages
FNDA:4,_RNvMs6_NtCs3zbRNdgKbV9_4smmu13address_spaceNtB5_12AddressSpace11unmap_range
FNDA:2,_RNvMs6_NtCs3zbRNdgKbV9_4smmu13address_spaceNtB5_12AddressSpace13with_capacity
FNDA:1569,_RNvMs6_NtCs3zbRNdgKbV9_4smmu13address_spaceNtB5_12AddressSpace14get_page_count
FNDA:1,_RNvMs6_NtCs3zbRNdgKbV9_4smmu13address_spaceNtB5_12AddressSpace14invalidate_all
FNDA:3,_RNvMs6_NtCs3zbRNdgKbV9_4smmu13address_spaceNtB5_12AddressSpace14is_invalidated
FNDA:516,_RNvMs6_NtCs3zbRNdgKbV9_4smmu13address_spaceNtB5_12AddressSpace14is_page_mapped
FNDA:316099,_RNvMs6_NtCs3zbRNdgKbV9_4smmu13address_spaceNtB5_12AddressSpace14translate_page
FNDA:1,_RNvMs6_NtCs3zbRNdgKbV9_4smmu13address_spaceNtB5_12AddressSpace15invalidate_page
FNDA:1,_RNvMs6_NtCs3zbRNdgKbV9_4smmu13address_spaceNtB5_12AddressSpace16invalidate_range
FNDA:304223,_RNvMs6_NtCs3zbRNdgKbV9_4smmu13address_spaceNtB5_12AddressSpace17check_permissionsB7_
FNDA:3,_RNvMs6_NtCs3zbRNdgKbV9_4smmu13address_spaceNtB5_12AddressSpace17get_mapped_ranges
FNDA:4,_RNvMs6_NtCs3zbRNdgKbV9_4smmu13address_spaceNtB5_12AddressSpace17map_pages_batched
FNDA:3,_RNvMs6_NtCs3zbRNdgKbV9_4smmu13address_spaceNtB5_12AddressSpace19unmap_pages_batched
FNDA:3,_RNvMs6_NtCs3zbRNdgKbV9_4smmu13address_spaceNtB5_12AddressSpace20get_page_permissions
FNDA:2,_RNvMs6_NtCs3zbRNdgKbV9_4smmu13address_spaceNtB5_12AddressSpace22get_address_space_size
FNDA:5,_RNvMs6_NtCs3zbRNdgKbV9_4smmu13address_spaceNtB5_12AddressSpace22invalidate_page_atomic
FNDA:2,_RNvMs6_NtCs3zbRNdgKbV9_4smmu13address_spaceNtB5_12AddressSpace23invalidate_range_atomic
FNDA:4,_RNvMs6_NtCs3zbRNdgKbV9_4smmu13address_spaceNtB5_12AddressSpace23invalidation_generation
FNDA:3,_RNvMs6_NtCs3zbRNdgKbV9_4smmu13address_spaceNtB5_12AddressSpace24has_overlapping_mappings
FNDA:3,_RNvMs6_NtCs3zbRNdgKbV9_4smmu13address_spaceNtB5_12AddressSpace26update_permissions_batched
FNDA:5,_RNvMs6_NtCs3zbRNdgKbV9_4smmu13address_spaceNtB5_12AddressSpace27compare_exchange_invalidate
FNDA:1,_RNvMs6_NtCs3zbRNdgKbV9_4smmu13address_spaceNtB5_12AddressSpace28is_invalidated_with_ordering
FNDA:1,_RNvMs6_NtCs3zbRNdgKbV9_4smmu13address_spaceNtB5_12AddressSpace29invalidate_page_with_ordering
FNDA:79037,_RNvMs6_NtCs3zbRNdgKbV9_4smmu13address_spaceNtB5_12AddressSpace3new
FNDA:3,_RNvMs6_NtCs3zbRNdgKbV9_4smmu13address_spaceNtB5_12AddressSpace4iter
FNDA:257,_RNvMs6_NtCs3zbRNdgKbV9_4smmu13address_spaceNtB5_12AddressSpace5clear
FNDA:6,_RNvMs6_NtCs3zbRNdgKbV9_4smmu13address_spaceNtB5_12AddressSpace5query
FNDA:2,_RNvMs6_NtCs3zbRNdgKbV9_4smmu13address_spaceNtB5_12AddressSpace8iter_mut
FNDA:613338,_RNvMs6_NtCs3zbRNdgKbV9_4smmu13address_spaceNtB5_12AddressSpace8map_page
FNDA:5,_RNvMs6_NtCs3zbRNdgKbV9_4smmu13address_spaceNtB5_12AddressSpace9map_pages
FNDA:6,_RNvMs6_NtCs3zbRNdgKbV9_4smmu13address_spaceNtB5_12AddressSpace9map_range
FNDA:2,_RNvXs0_NtCs3zbRNdgKbV9_4smmu13address_spaceNtB5_12AddressRangeNtNtNtNtCslH02haMvknO_4core4iter6traits7collect12IntoIterator9into_iter
FNDA:2,_RNvXs5_NtCs3zbRNdgKbV9_4smmu13address_spaceNtB5_12AddressSpaceNtNtCslH02haMvknO_4core5clone5Clone5clone
FNDA:1,_RNvXs7_NtCs3zbRNdgKbV9_4smmu13address_spaceNtB5_12AddressSpaceNtNtCslH02haMvknO_4core7default7Default7default
FNDA:9,_RNvXs_NtCs3zbRNdgKbV9_4smmu13address_spaceNtB4_20AddressRangeIteratorNtNtNtNtCslH02haMvknO_4core4iter6traits8iterator8Iterator4next
FNDA:0,_RNCNvMs6_NtCs3zbRNdgKbV9_4smmu13address_spaceNtB7_12AddressSpace4iter0B9_
FNDA:0,_RNCNvMs6_NtCs3zbRNdgKbV9_4smmu13address_spaceNtB7_12AddressSpace8iter_mut0B9_
FNDA:6,_RNvMs6_NtCsjtGcTmf5uaK_4smmu13address_spaceNtB5_12AddressSpace11page_numberB7_
FNDA:2,_RNvMs6_NtCsjtGcTmf5uaK_4smmu13address_spaceNtB5_12AddressSpace14get_page_count
FNDA:1,_RNvMs6_NtCsjtGcTmf5uaK_4smmu13address_spaceNtB5_12AddressSpace14is_page_mapped
FNDA:2,_RNvMs6_NtCsjtGcTmf5uaK_4smmu13address_spaceNtB5_12AddressSpace14translate_page
FNDA:2,_RNvMs6_NtCsjtGcTmf5uaK_4smmu13address_spaceNtB5_12AddressSpace17check_permissionsB7_
FNDA:7,_RNvMs6_NtCsjtGcTmf5uaK_4smmu13address_spaceNtB5_12AddressSpace3new
FNDA:3,_RNvMs6_NtCsjtGcTmf5uaK_4smmu13address_spaceNtB5_12AddressSpace8map_page
FNDA:1,_RNvNtNtCsjtGcTmf5uaK_4smmu13address_space5testss_19test_translate_page
FNDA:1,_RNvNtNtCsjtGcTmf5uaK_4smmu13address_space5testss_20test_map_single_page
FNDA:1,_RNvNtNtCsjtGcTmf5uaK_4smmu13address_space5testss_22test_new_address_space
FNDA:1,_RNvNtNtCsjtGcTmf5uaK_4smmu13address_space5testss_25test_permission_violation
FNDA:0,_RNCNvMs6_NtCsjtGcTmf5uaK_4smmu13address_spaceNtB7_12AddressSpace11unmap_pages0B9_
FNDA:0,_RNCNvMs6_NtCsjtGcTmf5uaK_4smmu13address_spaceNtB7_12AddressSpace11unmap_range0B9_
FNDA:0,_RNCNvMs6_NtCsjtGcTmf5uaK_4smmu13address_spaceNtB7_12AddressSpace14is_invalidated0B9_
FNDA:0,_RNCNvMs6_NtCsjtGcTmf5uaK_4smmu13address_spaceNtB7_12AddressSpace19unmap_pages_batched0B9_
FNDA:0,_RNCNvMs6_NtCsjtGcTmf5uaK_4smmu13address_spaceNtB7_12AddressSpace20get_page_permissions0B9_
FNDA:0,_RNCNvMs6_NtCsjtGcTmf5uaK_4smmu13address_spaceNtB7_12AddressSpace22invalidate_page_atomic0B9_
FNDA:0,_RNCNvMs6_NtCsjtGcTmf5uaK_4smmu13address_spaceNtB7_12AddressSpace23invalidate_range_atomic0B9_
FNDA:0,_RNCNvMs6_NtCsjtGcTmf5uaK_4smmu13address_spaceNtB7_12AddressSpace24has_overlapping_mappings0B9_
FNDA:0,_RNCNvMs6_NtCsjtGcTmf5uaK_4smmu13address_spaceNtB7_12AddressSpace27compare_exchange_invalidate0B9_
FNDA:0,_RNCNvMs6_NtCsjtGcTmf5uaK_4smmu13address_spaceNtB7_12AddressSpace28is_invalidated_with_ordering0B9_
FNDA:0,_RNCNvMs6_NtCsjtGcTmf5uaK_4smmu13address_spaceNtB7_12AddressSpace29invalidate_page_with_ordering0B9_
FNDA:0,_RNCNvMs6_NtCsjtGcTmf5uaK_4smmu13address_spaceNtB7_12AddressSpace4iter0B9_
FNDA:0,_RNCNvMs6_NtCsjtGcTmf5uaK_4smmu13address_spaceNtB7_12AddressSpace8iter_mut0B9_
FNDA:0,_RNCNvXs5_NtCsjtGcTmf5uaK_4smmu13address_spaceNtB7_12AddressSpaceNtNtCslH02haMvknO_4core5clone5Clone5clone0B9_
FNDA:0,_RNvMNtCsjtGcTmf5uaK_4smmu13address_spaceNtB2_12AddressRange3new
FNDA:0,_RNvMs1_NtCsjtGcTmf5uaK_4smmu13address_spaceNtB5_8PageInfo11page_number
FNDA:0,_RNvMs1_NtCsjtGcTmf5uaK_4smmu13address_spaceNtB5_8PageInfo4iova
FNDA:0,_RNvMs2_NtCsjtGcTmf5uaK_4smmu13address_spaceNtB5_12PageEntryRef11permissions
FNDA:0,_RNvMs2_NtCsjtGcTmf5uaK_4smmu13address_spaceNtB5_12PageEntryRef14security_state
FNDA:0,_RNvMs2_NtCsjtGcTmf5uaK_4smmu13address_spaceNtB5_12PageEntryRef16physical_address
FNDA:0,_RNvMs2_NtCsjtGcTmf5uaK_4smmu13address_spaceNtB5_12PageEntryRef4iova
FNDA:0,_RNvMs2_NtCsjtGcTmf5uaK_4smmu13address_spaceNtB5_12PageEntryRef5entry
FNDA:0,_RNvMs3_NtCsjtGcTmf5uaK_4smmu13address_spaceNtB5_15PageEntryMutRef11permissions
FNDA:0,_RNvMs3_NtCsjtGcTmf5uaK_4smmu13address_spaceNtB5_15PageEntryMutRef15set_permissions
FNDA:0,_RNvMs3_NtCsjtGcTmf5uaK_4smmu13address_spaceNtB5_15PageEntryMutRef4iova
FNDA:0,_RNvMs4_NtCsjtGcTmf5uaK_4smmu13address_spaceNtB5_17AddressSpaceQuery10page_count
FNDA:0,_RNvMs4_NtCsjtGcTmf5uaK_4smmu13address_spaceNtB5_17AddressSpaceQuery16range_statistics
FNDA:0,_RNvMs4_NtCsjtGcTmf5uaK_4smmu13address_spaceNtB5_17AddressSpaceQuery4iter
FNDA:0,_RNvMs4_NtCsjtGcTmf5uaK_4smmu13address_spaceNtB5_17AddressSpaceQuery9is_mapped
FNDA:0,_RNvMs6_NtCsjtGcTmf5uaK_4smmu13address_spaceNtB5_12AddressSpace10query_page
FNDA:0,_RNvMs6_NtCsjtGcTmf5uaK_4smmu13address_spaceNtB5_12AddressSpace10unmap_page
FNDA:0,_RNvMs6_NtCsjtGcTmf5uaK_4smmu13address_spaceNtB5_12AddressSpace11unmap_pages
FNDA:0,_RNvMs6_NtCsjtGcTmf5uaK_4smmu13address_spaceNtB5_12AddressSpace11unmap_range
FNDA:0,_RNvMs6_NtCsjtGcTmf5uaK_4smmu13address_spaceNtB5_12AddressSpace13with_capacity
FNDA:0,_RNvMs6_NtCsjtGcTmf5uaK_4smmu13address_spaceNtB5_12AddressSpace14invalidate_all
FNDA:0,_RNvMs6_NtCsjtGcTmf5uaK_4smmu13address_spaceNtB5_12AddressSpace14is_invalidated
FNDA:0,_RNvMs6_NtCsjtGcTmf5uaK_4smmu13address_spaceNtB5_12AddressSpace15invalidate_page
FNDA:0,_RNvMs6_NtCsjtGcTmf5uaK_4smmu13address_spaceNtB5_12AddressSpace16invalidate_range
FNDA:0,_RNvMs6_NtCsjtGcTmf5uaK_4smmu13address_spaceNtB5_12AddressSpace17get_mapped_ranges
FNDA:0,_RNvMs6_NtCsjtGcTmf5uaK_4smmu13address_spaceNtB5_12AddressSpace17map_pages_batched
FNDA:0,_RNvMs6_NtCsjtGcTmf5uaK_4smmu13address_spaceNtB5_12AddressSpace19unmap_pages_batched
FNDA:0,_RNvMs6_NtCsjtGcTmf5uaK_4smmu13address_spaceNtB5_12AddressSpace20get_page_permissions
FNDA:0,_RNvMs6_NtCsjtGcTmf5uaK_4smmu13address_spaceNtB5_12AddressSpace22get_address_space_size
FNDA:0,_RNvMs6_NtCsjtGcTmf5uaK_4smmu13address_spaceNtB5_12AddressSpace22invalidate_page_atomic
FNDA:0,_RNvMs6_NtCsjtGcTmf5uaK_4smmu13address_spaceNtB5_12AddressSpace23invalidate_range_atomic
FNDA:0,_RNvMs6_NtCsjtGcTmf5uaK_4smmu13address_spaceNtB5_12AddressSpace23invalidation_generation
FNDA:0,_RNvMs6_NtCsjtGcTmf5uaK_4smmu13address_spaceNtB5_12AddressSpace24has_overlapping_mappings
FNDA:0,_RNvMs6_NtCsjtGcTmf5uaK_4smmu13address_spaceNtB5_12AddressSpace26update_permissions_batched
FNDA:0,_RNvMs6_NtCsjtGcTmf5uaK_4smmu13address_spaceNtB5_12AddressSpace27compare_exchange_invalidate
FNDA:0,_RNvMs6_NtCsjtGcTmf5uaK_4smmu13address_spaceNtB5_12AddressSpace28is_invalidated_with_ordering
FNDA:0,_RNvMs6_NtCsjtGcTmf5uaK_4smmu13address_spaceNtB5_12AddressSpace29invalidate_page_with_ordering
FNDA:0,_RNvMs6_NtCsjtGcTmf5uaK_4smmu13address_spaceNtB5_12AddressSpace4iter
FNDA:0,_RNvMs6_NtCsjtGcTmf5uaK_4smmu13address_spaceNtB5_12AddressSpace5clear
FNDA:0,_RNvMs6_NtCsjtGcTmf5uaK_4smmu13address_spaceNtB5_12AddressSpace5query
FNDA:0,_RNvMs6_NtCsjtGcTmf5uaK_4smmu13address_spaceNtB5_12AddressSpace8iter_mut
FNDA:0,_RNvMs6_NtCsjtGcTmf5uaK_4smmu13address_spaceNtB5_12AddressSpace9map_pages
FNDA:0,_RNvMs6_NtCsjtGcTmf5uaK_4smmu13address_spaceNtB5_12AddressSpace9map_range
FNDA:0,_RNvXs0_NtCsjtGcTmf5uaK_4smmu13address_spaceNtB5_12AddressRangeNtNtNtNtCslH02haMvknO_4core4iter6traits7collect12IntoIterator9into_iter
FNDA:0,_RNvXs5_NtCsjtGcTmf5uaK_4smmu13address_spaceNtB5_12AddressSpaceNtNtCslH02haMvknO_4core5clone5Clone5clone
FNDA:0,_RNvXs7_NtCsjtGcTmf5uaK_4smmu13address_spaceNtB5_12AddressSpaceNtNtCslH02haMvknO_4core7default7Default7default
FNDA:0,_RNvXs_NtCsjtGcTmf5uaK_4smmu13address_spaceNtB4_20AddressRangeIteratorNtNtNtNtCslH02haMvknO_4core4iter6traits8iterator8Iterator4next
FNDA:12,_RNCNvMs6_NtCs3zbRNdgKbV9_4smmu13address_spaceNtB7_12AddressSpace4iter0Cs5pHDvHE3BvS_18unit_address_space
FNDA:2,_RNCNvMs6_NtCs3zbRNdgKbV9_4smmu13address_spaceNtB7_12AddressSpace8iter_mut0Cs5pHDvHE3BvS_18unit_address_space
FNF:72
FNH:72
DA:86,6
DA:87,6
DA:88,6
DA:101,9
DA:102,9
DA:103,7
DA:104,7
DA:105,7
DA:106,7
DA:107,7
DA:108,7
DA:109,7
DA:111,2
DA:113,9
DA:120,2
DA:121,2
DA:122,2
DA:123,2
DA:124,2
DA:125,2
DA:138,3
DA:139,3
DA:140,3
DA:144,3
DA:145,3
DA:146,3
DA:159,1
DA:160,1
DA:161,1
DA:165,1
DA:166,1
DA:167,1
DA:171,1
DA:172,1
DA:173,1
DA:177,1
DA:178,1
DA:179,1
DA:183,1
DA:184,1
DA:185,1
DA:198,1
DA:199,1
DA:200,1
DA:203,2
DA:204,2
DA:205,2
DA:209,2
DA:210,2
DA:211,2
DA:236,1
DA:237,1
DA:238,1
DA:242,2
DA:243,2
DA:244,2
DA:245,2
DA:248,1
DA:249,1
DA:250,1
DA:254,3
DA:255,3
DA:256,3
DA:258,3
DA:260,17
DA:261,17
DA:262,10
DA:263,10
DA:264,8
DA:265,8
DA:266,10
DA:267,5
DA:268,5
DA:269,10
DA:270,2
DA:271,8
DA:272,7
DA:275,3
DA:276,3
DA:319,2
DA:321,2
DA:322,2
DA:323,2
DA:325,2
DA:326,2
DA:327,2
DA:328,2
DA:329,2
DA:331,2
DA:346,79044
DA:347,79044
DA:348,79044
DA:349,79044
DA:350,79044
DA:351,79044
DA:352,79044
DA:368,2
DA:369,2
DA:370,2
DA:371,2
DA:372,2
DA:373,2
DA:374,2
DA:407,613341
DA:408,613341
DA:409,613341
DA:410,613341
DA:411,613341
DA:412,613341
DA:413,613341
DA:415,613341
DA:416,2
DA:417,2
DA:418,2
DA:419,613339
DA:422,613339
DA:423,1
DA:424,613338
DA:427,613338
DA:428,1
DA:429,613337
DA:432,613337
DA:435,613337
DA:438,613337
DA:441,613337
DA:443,613337
DA:444,613341
DA:471,261
DA:473,261
DA:474,1
DA:475,1
DA:476,1
DA:477,260
DA:479,260
DA:482,260
DA:483,1
DA:484,259
DA:487,259
DA:489,259
DA:490,261
DA:522,316101
DA:523,316101
DA:524,316101
DA:525,316101
DA:526,316101
DA:527,316101
DA:528,316101
DA:531,316101
DA:532,316101
DA:533,316101
DA:534,316101
DA:537,304227
DA:538,0
DA:539,304227
DA:542,304227
DA:543,2
DA:544,304225
DA:547,304225
DA:548,834
DA:549,303391
DA:552,303391
DA:553,303391
DA:556,303391
DA:557,303391
DA:558,303391
DA:559,303391
DA:560,303391
DA:561,316101
DA:589,517
DA:591,517
DA:592,1
DA:593,1
DA:594,1
DA:595,516
DA:597,516
DA:598,516
DA:599,517
DA:629,3
DA:631,3
DA:632,1
DA:633,1
DA:634,1
DA:635,2
DA:637,2
DA:639,2
DA:640,2
DA:641,2
DA:642,2
DA:643,3
DA:666,1571
DA:667,1571
DA:668,1571
DA:692,257
DA:693,257
DA:694,257
DA:695,257
DA:723,6
DA:724,6
DA:725,6
DA:726,6
DA:727,6
DA:728,6
DA:729,6
DA:731,6
DA:732,1
DA:733,1
DA:734,1
DA:735,5
DA:738,5
DA:739,1
DA:740,1
DA:741,1
DA:742,4
DA:744,4
DA:745,1
DA:746,1
DA:747,1
DA:748,3
DA:751,3
DA:752,1
DA:753,2
DA:756,2
DA:757,2
DA:760,2
DA:761,2
DA:764,2
DA:765,17
DA:766,17
DA:767,17
DA:768,17
DA:769,17
DA:771,2
DA:772,6
DA:799,4
DA:800,4
DA:801,4
DA:802,4
DA:803,4
DA:805,4
DA:806,1
DA:807,1
DA:808,1
DA:809,3
DA:812,3
DA:813,1
DA:814,1
DA:815,1
DA:816,2
DA:819,2
DA:820,2
DA:823,2
DA:824,6
DA:826,2
DA:827,1
DA:828,1
DA:831,6
DA:832,6
DA:833,6
DA:835,1
DA:836,4
DA:866,5
DA:867,5
DA:868,5
DA:869,5
DA:870,5
DA:872,5
DA:873,1
DA:874,4
DA:877,4
DA:880,1012
DA:881,1012
DA:882,1
DA:883,1
DA:884,1
DA:885,1011
DA:886,1011
DA:887,1
DA:888,1010
DA:892,1010
DA:893,1010
DA:894,1010
DA:895,1010
DA:896,1010
DA:897,1010
DA:899,2
DA:900,5
DA:930,3
DA:932,13
DA:933,13
DA:934,1
DA:935,1
DA:936,1
DA:937,12
DA:941,2
DA:942,2
DA:943,3
DA:945,2
DA:946,1
DA:947,1
DA:950,10
DA:951,10
DA:952,10
DA:953,10
DA:955,1
DA:956,3
DA:979,3
DA:980,3
DA:982,3
DA:983,1
DA:984,2
DA:987,2
DA:988,2
DA:991,2
DA:992,2
DA:994,5
DA:995,5
DA:997,5
DA:998,4
DA:999,4
DA:1000,4
DA:1001,1
DA:1002,1
DA:1003,1
DA:1004,1
DA:1005,1
DA:1006,1
DA:1007,1
DA:1008,1
DA:1012,2
DA:1013,2
DA:1014,2
DA:1017,2
DA:1018,3
DA:1040,2
DA:1041,2
DA:1042,1
DA:1043,1
DA:1045,1
DA:1046,1
DA:1048,1
DA:1049,1
DA:1051,1
DA:1052,2
DA:1079,3
DA:1080,3
DA:1081,1
DA:1082,2
DA:1084,2
DA:1085,2
DA:1087,19
DA:1088,3
DA:1106,3
DA:1107,12
DA:1108,12
DA:1109,12
DA:1110,12
DA:1111,12
DA:1112,12
DA:1113,12
DA:1114,3
DA:1119,2
DA:1120,2
DA:1121,2
DA:1122,2
DA:1123,2
DA:1124,2
DA:1131,6
DA:1132,6
DA:1133,6
DA:1137,2
DA:1138,2
DA:1139,2
DA:1140,2
DA:1169,4
DA:1170,4
DA:1171,4
DA:1172,4
DA:1173,4
DA:1175,4
DA:1176,1
DA:1177,3
DA:1180,3
DA:1183,102
DA:1184,102
DA:1185,1
DA:1186,1
DA:1187,1
DA:1188,101
DA:1189,101
DA:1190,1
DA:1191,100
DA:1193,100
DA:1194,100
DA:1195,100
DA:1196,100
DA:1200,1
DA:1203,100
DA:1204,100
DA:1205,100
DA:1207,1
DA:1208,4
DA:1211,3
DA:1213,53
DA:1214,53
DA:1215,1
DA:1216,1
DA:1217,1
DA:1218,52
DA:1222,2
DA:1223,2
DA:1224,3
DA:1226,2
DA:1227,1
DA:1228,1
DA:1231,50
DA:1232,50
DA:1233,50
DA:1234,50
DA:1236,1
DA:1237,3
DA:1240,3
DA:1241,3
DA:1242,3
DA:1243,3
DA:1244,3
DA:1246,3
DA:1247,1
DA:1248,2
DA:1251,11
DA:1252,11
DA:1253,1
DA:1254,1
DA:1255,1
DA:1256,10
DA:1260,10
DA:1261,10
DA:1262,10
DA:1263,10
DA:1264,10
DA:1267,1
DA:1268,3
DA:1273,5
DA:1274,5
DA:1277,5
DA:1278,5
DA:1281,5
DA:1282,5
DA:1283,5
DA:1284,5
DA:1285,5
DA:1290,2
DA:1291,2
DA:1292,2
DA:1294,2
DA:1295,11
DA:1296,11
DA:1297,5
DA:1298,5
DA:1299,5
DA:1300,5
DA:1301,5
DA:1302,6
DA:1305,2
DA:1306,1
DA:1307,1
DA:1308,1
DA:1310,2
DA:1311,2
DA:1314,1
DA:1315,1
DA:1317,1
DA:1319,1
DA:1320,1
DA:1321,1
DA:1322,1
DA:1323,1
DA:1327,3
DA:1328,3
DA:1329,3
DA:1330,3
DA:1331,3
DA:1332,3
DA:1336,1
DA:1337,1
DA:1338,1
DA:1339,1
DA:1340,1
DA:1341,1
DA:1345,4
DA:1346,4
DA:1347,4
DA:1353,5
DA:1354,5
DA:1355,5
DA:1356,5
DA:1357,5
DA:1358,5
DA:1359,5
DA:1360,5
DA:1362,5
DA:1363,5
DA:1365,5
DA:1366,5
DA:1367,5
DA:1368,5
DA:1370,5
DA:1371,5
DA:1372,5
DA:1373,5
DA:1379,1
DA:1381,1
DA:1382,1
DA:1388,1
DA:1390,1
DA:1396,1
DA:1398,1
DA:1404,931443
DA:1405,931443
DA:1406,931443
DA:1410,304225
DA:1411,304225
DA:1412,304225
DA:1416,1
DA:1417,1
DA:1418,1
DA:1428,1
DA:1429,1
DA:1430,1
DA:1431,1
DA:1434,1
DA:1435,1
DA:1436,1
DA:1437,1
DA:1439,1
DA:1440,1
DA:1441,1
DA:1443,1
DA:1444,1
DA:1445,1
DA:1448,1
DA:1449,1
DA:1450,1
DA:1451,1
DA:1453,1
DA:1454,1
DA:1455,1
DA:1457,1
DA:1458,1
DA:1459,1
DA:1461,1
DA:1462,1
DA:1465,1
DA:1466,1
DA:1467,1
DA:1468,1
DA:1470,1
DA:1471,1
DA:1472,1
DA:1474,1
DA:1475,1
DA:1476,1
BRF:0
BRH:0
LF:575
LH:574
end_of_record
SF:/home/jpgreninger/Work/smmu/rust/smmu/src/cache/mod.rs
FN:193,_RNvMs1_NtCs3zbRNdgKbV9_4smmu5cacheNtB5_12CacheKeyHash4hash
FN:531,_RNvMs7_NtCs3zbRNdgKbV9_4smmu5cacheNtB5_8TlbCache6lookup
FN:72,_RNvMNtCs3zbRNdgKbV9_4smmu5cacheNtB2_10CacheEntry3newCs4P52ZFOC0tu_22algorithm_optimization
FN:149,_RNvMs0_NtCs3zbRNdgKbV9_4smmu5cacheNtB5_8CacheKey3newCs4P52ZFOC0tu_22algorithm_optimization
FN:571,_RNvMs7_NtCs3zbRNdgKbV9_4smmu5cacheNtB5_8TlbCache6insertCs4P52ZFOC0tu_22algorithm_optimization
FN:334,_RNvMs5_NtCs3zbRNdgKbV9_4smmu5cacheNtB5_15CacheStatistics3newB7_
FN:635,_RNvMs7_NtCs3zbRNdgKbV9_4smmu5cacheNtB5_8TlbCache12remove_entryB7_
FN:649,_RNvMs7_NtCs3zbRNdgKbV9_4smmu5cacheNtB5_8TlbCache14invalidate_all
FN:846,_RNvMs7_NtCs3zbRNdgKbV9_4smmu5cacheNtB5_8TlbCache16invalidate_entry
FN:709,_RNvMs7_NtCs3zbRNdgKbV9_4smmu5cacheNtB5_8TlbCache19invalidate_by_pasid
FN:671,_RNvMs7_NtCs3zbRNdgKbV9_4smmu5cacheNtB5_8TlbCache20invalidate_by_stream
FN:792,_RNvMs7_NtCs3zbRNdgKbV9_4smmu5cacheNtB5_8TlbCache22invalidate_by_va_range
FN:748,_RNvMs7_NtCs3zbRNdgKbV9_4smmu5cacheNtB5_8TlbCache26invalidate_by_stream_pasid
FN:895,_RNvMs7_NtCs3zbRNdgKbV9_4smmu5cacheNtB5_8TlbCache3lenB7_
FN:501,_RNvMs7_NtCs3zbRNdgKbV9_4smmu5cacheNtB5_8TlbCache3new
FN:295,_RNvXs4_NtCs3zbRNdgKbV9_4smmu5cacheNtB5_17ReplacementPolicyNtNtCslH02haMvknO_4core7default7Default7default
FN:424,_RNvXs6_NtCs3zbRNdgKbV9_4smmu5cacheNtB5_15CacheStatisticsNtNtCslH02haMvknO_4core7default7Default7default
FN:942,_RNvXs8_NtCs3zbRNdgKbV9_4smmu5cacheNtB5_8TlbCacheNtNtCslH02haMvknO_4core3fmt5Debug3fmt
FN:107,_RNvXs_NtCs3zbRNdgKbV9_4smmu5cacheNtB4_10CacheEntryNtNtCslH02haMvknO_4core7default7Default7default
FN:72,_RNvMNtCs3zbRNdgKbV9_4smmu5cacheNtB2_10CacheEntry3newCslMeQYMVMAtm_5cache
FN:149,_RNvMs0_NtCs3zbRNdgKbV9_4smmu5cacheNtB5_8CacheKey3newCslMeQYMVMAtm_5cache
FN:571,_RNvMs7_NtCs3zbRNdgKbV9_4smmu5cacheNtB5_8TlbCache6insertCslMeQYMVMAtm_5cache
FN:618,_RNCNvMs7_NtCs3zbRNdgKbV9_4smmu5cacheNtB7_8TlbCache9evict_one0B9_
FN:623,_RNCNvMs7_NtCs3zbRNdgKbV9_4smmu5cacheNtB7_8TlbCache9evict_ones0_0B9_
FN:619,_RNCNvMs7_NtCs3zbRNdgKbV9_4smmu5cacheNtB7_8TlbCache9evict_ones_0B9_
FN:89,_RNvMNtCs3zbRNdgKbV9_4smmu5cacheNtB2_10CacheEntry17new_with_securityB4_
FN:72,_RNvMNtCs3zbRNdgKbV9_4smmu5cacheNtB2_10CacheEntry3newB4_
FN:149,_RNvMs0_NtCs3zbRNdgKbV9_4smmu5cacheNtB5_8CacheKey3newB7_
FN:244,_RNvMs2_NtCs3zbRNdgKbV9_4smmu5cacheNtB5_14StreamPASIDKey3newB7_
FN:260,_RNvMs3_NtCs3zbRNdgKbV9_4smmu5cacheNtB5_18StreamPASIDKeyHash4hash
FN:370,_RNvMs5_NtCs3zbRNdgKbV9_4smmu5cacheNtB5_15CacheStatistics10get_missesB7_
FN:358,_RNvMs5_NtCs3zbRNdgKbV9_4smmu5cacheNtB5_15CacheStatistics11get_lookupsB7_
FN:376,_RNvMs5_NtCs3zbRNdgKbV9_4smmu5cacheNtB5_15CacheStatistics13get_evictionsB7_
FN:382,_RNvMs5_NtCs3zbRNdgKbV9_4smmu5cacheNtB5_15CacheStatistics14get_insertionsB7_
FN:388,_RNvMs5_NtCs3zbRNdgKbV9_4smmu5cacheNtB5_15CacheStatistics17get_invalidationsB7_
FN:347,_RNvMs5_NtCs3zbRNdgKbV9_4smmu5cacheNtB5_15CacheStatistics5resetB7_
FN:364,_RNvMs5_NtCs3zbRNdgKbV9_4smmu5cacheNtB5_15CacheStatistics8get_hitsB7_
FN:396,_RNvMs5_NtCs3zbRNdgKbV9_4smmu5cacheNtB5_15CacheStatistics8hit_rateB7_
FN:411,_RNvMs5_NtCs3zbRNdgKbV9_4smmu5cacheNtB5_15CacheStatistics9miss_rateB7_
FN:869,_RNvMs7_NtCs3zbRNdgKbV9_4smmu5cacheNtB5_8TlbCache10statisticsB7_
FN:592,_RNvMs7_NtCs3zbRNdgKbV9_4smmu5cacheNtB5_8TlbCache14evict_one_fast
FN:883,_RNvMs7_NtCs3zbRNdgKbV9_4smmu5cacheNtB5_8TlbCache16clear_statisticsB7_
FN:571,_RNvMs7_NtCs3zbRNdgKbV9_4smmu5cacheNtB5_8TlbCache6insertB7_
FN:936,_RNvMs7_NtCs3zbRNdgKbV9_4smmu5cacheNtB5_8TlbCache6policyB7_
FN:921,_RNvMs7_NtCs3zbRNdgKbV9_4smmu5cacheNtB5_8TlbCache8capacityB7_
FN:909,_RNvMs7_NtCs3zbRNdgKbV9_4smmu5cacheNtB5_8TlbCache8is_emptyB7_
FN:612,_RNvMs7_NtCs3zbRNdgKbV9_4smmu5cacheNtB5_8TlbCache9evict_one
FN:72,_RNvMNtCs3zbRNdgKbV9_4smmu5cacheNtB2_10CacheEntry3newCs7rBao0OC9lW_12memory_usage
FN:149,_RNvMs0_NtCs3zbRNdgKbV9_4smmu5cacheNtB5_8CacheKey3newCs7rBao0OC9lW_12memory_usage
FN:571,_RNvMs7_NtCs3zbRNdgKbV9_4smmu5cacheNtB5_8TlbCache6insertCs7rBao0OC9lW_12memory_usage
FN:2608,_RNCNvNtNtCsjtGcTmf5uaK_4smmu5cache5testss_33test_tlb_cache_concurrent_inserts0B7_
FN:2658,_RNCNvNtNtCsjtGcTmf5uaK_4smmu5cache5testss_33test_tlb_cache_concurrent_lookups0B7_
FN:531,_RNvMs7_NtCsjtGcTmf5uaK_4smmu5cacheNtB5_8TlbCache6lookup
FN:89,_RNvMNtCsjtGcTmf5uaK_4smmu5cacheNtB2_10CacheEntry17new_with_securityB4_
FN:72,_RNvMNtCsjtGcTmf5uaK_4smmu5cacheNtB2_10CacheEntry3newB4_
FN:149,_RNvMs0_NtCsjtGcTmf5uaK_4smmu5cacheNtB5_8CacheKey3newB7_
FN:244,_RNvMs2_NtCsjtGcTmf5uaK_4smmu5cacheNtB5_14StreamPASIDKey3newB7_
FN:370,_RNvMs5_NtCsjtGcTmf5uaK_4smmu5cacheNtB5_15CacheStatistics10get_missesB7_
FN:358,_RNvMs5_NtCsjtGcTmf5uaK_4smmu5cacheNtB5_15CacheStatistics11get_lookupsB7_
FN:376,_RNvMs5_NtCsjtGcTmf5uaK_4smmu5cacheNtB5_15CacheStatistics13get_evictionsB7_
FN:382,_RNvMs5_NtCsjtGcTmf5uaK_4smmu5cacheNtB5_15CacheStatistics14get_insertionsB7_
FN:388,_RNvMs5_NtCsjtGcTmf5uaK_4smmu5cacheNtB5_15CacheStatistics17get_invalidationsB7_
FN:334,_RNvMs5_NtCsjtGcTmf5uaK_4smmu5cacheNtB5_15CacheStatistics3newB7_
FN:347,_RNvMs5_NtCsjtGcTmf5uaK_4smmu5cacheNtB5_15CacheStatistics5resetB7_
FN:364,_RNvMs5_NtCsjtGcTmf5uaK_4smmu5cacheNtB5_15CacheStatistics8get_hitsB7_
FN:396,_RNvMs5_NtCsjtGcTmf5uaK_4smmu5cacheNtB5_15CacheStatistics8hit_rateB7_
FN:411,_RNvMs5_NtCsjtGcTmf5uaK_4smmu5cacheNtB5_15CacheStatistics9miss_rateB7_
FN:869,_RNvMs7_NtCsjtGcTmf5uaK_4smmu5cacheNtB5_8TlbCache10statisticsB7_
FN:635,_RNvMs7_NtCsjtGcTmf5uaK_4smmu5cacheNtB5_8TlbCache12remove_entryB7_
FN:649,_RNvMs7_NtCsjtGcTmf5uaK_4smmu5cacheNtB5_8TlbCache14invalidate_all
FN:883,_RNvMs7_NtCsjtGcTmf5uaK_4smmu5cacheNtB5_8TlbCache16clear_statisticsB7_
FN:846,_RNvMs7_NtCsjtGcTmf5uaK_4smmu5cacheNtB5_8TlbCache16invalidate_entry
FN:709,_RNvMs7_NtCsjtGcTmf5uaK_4smmu5cacheNtB5_8TlbCache19invalidate_by_pasid
FN:671,_RNvMs7_NtCsjtGcTmf5uaK_4smmu5cacheNtB5_8TlbCache20invalidate_by_stream
FN:792,_RNvMs7_NtCsjtGcTmf5uaK_4smmu5cacheNtB5_8TlbCache22invalidate_by_va_range
FN:748,_RNvMs7_NtCsjtGcTmf5uaK_4smmu5cacheNtB5_8TlbCache26invalidate_by_stream_pasid
FN:895,_RNvMs7_NtCsjtGcTmf5uaK_4smmu5cacheNtB5_8TlbCache3lenB7_
FN:501,_RNvMs7_NtCsjtGcTmf5uaK_4smmu5cacheNtB5_8TlbCache3new
FN:571,_RNvMs7_NtCsjtGcTmf5uaK_4smmu5cacheNtB5_8TlbCache6insertB7_
FN:936,_RNvMs7_NtCsjtGcTmf5uaK_4smmu5cacheNtB5_8TlbCache6policyB7_
FN:921,_RNvMs7_NtCsjtGcTmf5uaK_4smmu5cacheNtB5_8TlbCache8capacityB7_
FN:909,_RNvMs7_NtCsjtGcTmf5uaK_4smmu5cacheNtB5_8TlbCache8is_emptyB7_
FN:295,_RNvXs4_NtCsjtGcTmf5uaK_4smmu5cacheNtB5_17ReplacementPolicyNtNtCslH02haMvknO_4core7default7Default7default
FN:942,_RNvXs8_NtCsjtGcTmf5uaK_4smmu5cacheNtB5_8TlbCacheNtNtCslH02haMvknO_4core3fmt5Debug3fmt
FN:107,_RNvXs_NtCsjtGcTmf5uaK_4smmu5cacheNtB4_10CacheEntryNtNtCslH02haMvknO_4core7default7Default7default
FN:193,_RNvMs1_NtCsjtGcTmf5uaK_4smmu5cacheNtB5_12CacheKeyHash4hash
FN:260,_RNvMs3_NtCsjtGcTmf5uaK_4smmu5cacheNtB5_18StreamPASIDKeyHash4hash
FN:1337,_RNvNtNtCsjtGcTmf5uaK_4smmu5cache5testss_18test_cache_key_new
FN:2164,_RNvNtNtCsjtGcTmf5uaK_4smmu5cache5testss_22test_tlb_cache_new_lru
FN:2173,_RNvNtNtCsjtGcTmf5uaK_4smmu5cache5testss_23test_tlb_cache_new_fifo
FN:1050,_RNvNtNtCsjtGcTmf5uaK_4smmu5cache5testss_25test_cache_entry_equality
FN:1464,_RNvNtNtCsjtGcTmf5uaK_4smmu5cache5testss_25test_cache_key_max_values
FN:1477,_RNvNtNtCsjtGcTmf5uaK_4smmu5cache5testss_25test_cache_key_min_values
FN:1874,_RNvNtNtCsjtGcTmf5uaK_4smmu5cache5testss_25test_stream_pasid_key_new
FN:2206,_RNvNtNtCsjtGcTmf5uaK_4smmu5cache5testss_25test_tlb_cache_lookup_hit
FN:1245,_RNvNtNtCsjtGcTmf5uaK_4smmu5cache5testss_26test_cache_entry_const_new
FN:1517,_RNvNtNtCsjtGcTmf5uaK_4smmu5cache5testss_26test_cache_key_hashability
FN:2231,_RNvNtNtCsjtGcTmf5uaK_4smmu5cache5testss_26test_tlb_cache_lookup_miss
FN:1438,_RNvNtNtCsjtGcTmf5uaK_4smmu5cache5testss_27test_cache_key_debug_format
FN:2748,_RNvNtNtCsjtGcTmf5uaK_4smmu5cache5testss_27test_tlb_cache_debug_format
FN:2269,_RNvNtNtCsjtGcTmf5uaK_4smmu5cache5testss_27test_tlb_cache_eviction_lru
FN:2305,_RNvNtNtCsjtGcTmf5uaK_4smmu5cache5testss_28test_tlb_cache_eviction_fifo
FN:2188,_RNvNtNtCsjtGcTmf5uaK_4smmu5cache5testss_28test_tlb_cache_insert_single
FN:1129,_RNvNtNtCsjtGcTmf5uaK_4smmu5cache5testss_29test_cache_entry_debug_format
FN:1414,_RNvNtNtCsjtGcTmf5uaK_4smmu5cache5testss_29test_cache_key_copy_semantics
FN:2339,_RNvNtNtCsjtGcTmf5uaK_4smmu5cache5testss_29test_tlb_cache_invalidate_all
FN:2726,_RNvNtNtCsjtGcTmf5uaK_4smmu5cache5testss_29test_tlb_cache_large_capacity
FN:1155,_RNvNtNtCsjtGcTmf5uaK_4smmu5cache5testss_30test_cache_entry_max_timestamp
FN:1426,_RNvNtNtCsjtGcTmf5uaK_4smmu5cache5testss_30test_cache_key_clone_semantics
FN:1747,_RNvNtNtCsjtGcTmf5uaK_4smmu5cache5testss_30test_cache_key_hash_large_iova
FN:1644,_RNvNtNtCsjtGcTmf5uaK_4smmu5cache5testss_30test_cache_key_hash_max_values
FN:1656,_RNvNtNtCsjtGcTmf5uaK_4smmu5cache5testss_30test_cache_key_hash_min_values
FN:1885,_RNvNtNtCsjtGcTmf5uaK_4smmu5cache5testss_30test_stream_pasid_key_equality
FN:1032,_RNvNtNtCsjtGcTmf5uaK_4smmu5cache5testss_31test_cache_entry_copy_semantics
FN:1149,_RNvNtNtCsjtGcTmf5uaK_4smmu5cache5testss_31test_cache_entry_zero_timestamp
FN:2758,_RNvNtNtCsjtGcTmf5uaK_4smmu5cache5testss_31test_tlb_cache_empty_operations
FN:2505,_RNvNtNtCsjtGcTmf5uaK_4smmu5cache5testss_31test_tlb_cache_invalidate_entry
FN:2248,_RNvNtNtCsjtGcTmf5uaK_4smmu5cache5testss_31test_tlb_cache_multiple_inserts
FN:2564,_RNvNtNtCsjtGcTmf5uaK_4smmu5cache5testss_31test_tlb_cache_statistics_clear
FN:1042,_RNvNtNtCsjtGcTmf5uaK_4smmu5cache5testss_32test_cache_entry_clone_semantics
FN:1136,_RNvNtNtCsjtGcTmf5uaK_4smmu5cache5testss_32test_cache_entry_large_addresses
FN:1273,_RNvNtNtCsjtGcTmf5uaK_4smmu5cache5testss_32test_cache_entry_multiple_copies
FN:1223,_RNvNtNtCsjtGcTmf5uaK_4smmu5cache5testss_32test_cache_entry_permissions_all
FN:1822,_RNvNtNtCsjtGcTmf5uaK_4smmu5cache5testss_32test_cache_key_hash_wrapping_mul
FN:1490,_RNvNtNtCsjtGcTmf5uaK_4smmu5cache5testss_32test_cache_key_page_aligned_iova
FN:1965,_RNvNtNtCsjtGcTmf5uaK_4smmu5cache5testss_32test_stream_pasid_key_max_values
FN:1976,_RNvNtNtCsjtGcTmf5uaK_4smmu5cache5testss_32test_stream_pasid_key_min_values
FN:2183,_RNvNtNtCsjtGcTmf5uaK_4smmu5cache5testss_32test_tlb_cache_new_zero_capacity
FN:1165,_RNvNtNtCsjtGcTmf5uaK_4smmu5cache5testss_33test_cache_entry_permissions_none
FN:1450,_RNvNtNtCsjtGcTmf5uaK_4smmu5cache5testss_33test_cache_key_const_construction
FN:1550,_RNvNtNtCsjtGcTmf5uaK_4smmu5cache5testss_33test_cache_key_hash_deterministic
FN:1839,_RNvNtNtCsjtGcTmf5uaK_4smmu5cache5testss_33test_cache_key_hash_fnv_algorithm
FN:1987,_RNvNtNtCsjtGcTmf5uaK_4smmu5cache5testss_33test_stream_pasid_key_hashability
FN:2598,_RNvNtNtCsjtGcTmf5uaK_4smmu5cache5testss_33test_tlb_cache_concurrent_inserts
FN:2634,_RNvNtNtCsjtGcTmf5uaK_4smmu5cache5testss_33test_tlb_cache_concurrent_lookups
FN:1501,_RNvNtNtCsjtGcTmf5uaK_4smmu5cache5testss_34test_cache_key_all_security_states
FN:1942,_RNvNtNtCsjtGcTmf5uaK_4smmu5cache5testss_34test_stream_pasid_key_debug_format
FN:2400,_RNvNtNtCsjtGcTmf5uaK_4smmu5cache5testss_34test_tlb_cache_invalidate_by_pasid
FN:2529,_RNvNtNtCsjtGcTmf5uaK_4smmu5cache5testss_34test_tlb_cache_statistics_hit_rate
FN:1351,_RNvNtNtCsjtGcTmf5uaK_4smmu5cache5testss_35test_cache_key_equality_same_values
FN:1580,_RNvNtNtCsjtGcTmf5uaK_4smmu5cache5testss_35test_cache_key_hash_different_pasid
FN:2365,_RNvNtNtCsjtGcTmf5uaK_4smmu5cache5testss_35test_tlb_cache_invalidate_by_stream
FN:2793,_RNvNtNtCsjtGcTmf5uaK_4smmu5cache5testss_35test_tlb_cache_lru_timestamp_update
FN:1776,_RNvNtNtCsjtGcTmf5uaK_4smmu5cache5testss_36test_cache_key_hash_avalanche_effect
FN:1920,_RNvNtNtCsjtGcTmf5uaK_4smmu5cache5testss_36test_stream_pasid_key_copy_semantics
FN:2771,_RNvNtNtCsjtGcTmf5uaK_4smmu5cache5testss_36test_tlb_cache_permissions_preserved
FN:965,_RNvNtNtCsjtGcTmf5uaK_4smmu5cache5testss_37test_cache_entry_default_construction
FN:975,_RNvNtNtCsjtGcTmf5uaK_4smmu5cache5testss_37test_cache_entry_new_default_security
FN:1931,_RNvNtNtCsjtGcTmf5uaK_4smmu5cache5testss_37test_stream_pasid_key_clone_semantics
FN:2059,_RNvNtNtCsjtGcTmf5uaK_4smmu5cache5testss_37test_stream_pasid_key_hash_max_values
FN:2070,_RNvNtNtCsjtGcTmf5uaK_4smmu5cache5testss_37test_stream_pasid_key_hash_min_values
FN:2476,_RNvNtNtCsjtGcTmf5uaK_4smmu5cache5testss_37test_tlb_cache_invalidate_by_va_range
FN:1171,_RNvNtNtCsjtGcTmf5uaK_4smmu5cache5testss_38test_cache_entry_permissions_read_only
FN:1311,_RNvNtNtCsjtGcTmf5uaK_4smmu5cache5testss_38test_cache_entry_security_state_values
FN:2839,_RNvNtNtCsjtGcTmf5uaK_4smmu5cache5testss_38test_tlb_cache_statistics_zero_lookups
FN:1286,_RNvNtNtCsjtGcTmf5uaK_4smmu5cache5testss_39test_cache_entry_page_aligned_addresses
FN:1203,_RNvNtNtCsjtGcTmf5uaK_4smmu5cache5testss_39test_cache_entry_permissions_read_write
FN:1181,_RNvNtNtCsjtGcTmf5uaK_4smmu5cache5testss_39test_cache_entry_permissions_write_only
FN:1596,_RNvNtNtCsjtGcTmf5uaK_4smmu5cache5testss_39test_cache_key_hash_different_iova_page
FN:1564,_RNvNtNtCsjtGcTmf5uaK_4smmu5cache5testss_39test_cache_key_hash_different_stream_id
FN:1612,_RNvNtNtCsjtGcTmf5uaK_4smmu5cache5testss_39test_cache_key_hash_page_offset_ignored
FN:2816,_RNvNtNtCsjtGcTmf5uaK_4smmu5cache5testss_39test_tlb_cache_fifo_no_timestamp_update
FN:2683,_RNvNtNtCsjtGcTmf5uaK_4smmu5cache5testss_39test_tlb_cache_security_state_isolation
FN:1259,_RNvNtNtCsjtGcTmf5uaK_4smmu5cache5testss_40test_cache_entry_const_new_with_security
FN:1075,_RNvNtNtCsjtGcTmf5uaK_4smmu5cache5testss_40test_cache_entry_inequality_different_pa
FN:1018,_RNvNtNtCsjtGcTmf5uaK_4smmu5cache5testss_40test_cache_entry_new_with_security_realm
FN:1798,_RNvNtNtCsjtGcTmf5uaK_4smmu5cache5testss_40test_cache_key_hash_collision_resistance
FN:1389,_RNvNtNtCsjtGcTmf5uaK_4smmu5cache5testss_40test_cache_key_inequality_different_iova
FN:1953,_RNvNtNtCsjtGcTmf5uaK_4smmu5cache5testss_40test_stream_pasid_key_const_construction
FN:2016,_RNvNtNtCsjtGcTmf5uaK_4smmu5cache5testss_40test_stream_pasid_key_hash_deterministic
FN:2140,_RNvNtNtCsjtGcTmf5uaK_4smmu5cache5testss_40test_stream_pasid_key_hash_fnv_algorithm
FN:1004,_RNvNtNtCsjtGcTmf5uaK_4smmu5cache5testss_41test_cache_entry_new_with_security_secure
FN:1191,_RNvNtNtCsjtGcTmf5uaK_4smmu5cache5testss_41test_cache_entry_permissions_execute_only
FN:1213,_RNvNtNtCsjtGcTmf5uaK_4smmu5cache5testss_41test_cache_entry_permissions_read_execute
FN:1538,_RNvNtNtCsjtGcTmf5uaK_4smmu5cache5testss_41test_cache_key_hash_uses_murmur_constants
FN:1376,_RNvNtNtCsjtGcTmf5uaK_4smmu5cache5testss_41test_cache_key_inequality_different_pasid
FN:2435,_RNvNtNtCsjtGcTmf5uaK_4smmu5cache5testss_41test_tlb_cache_invalidate_by_stream_pasid
FN:2592,_RNvNtNtCsjtGcTmf5uaK_4smmu5cache5testss_41test_tlb_cache_replacement_policy_default
FN:1062,_RNvNtNtCsjtGcTmf5uaK_4smmu5cache5testss_42test_cache_entry_inequality_different_iova
FN:1233,_RNvNtNtCsjtGcTmf5uaK_4smmu5cache5testss_42test_cache_entry_permissions_write_execute
FN:1759,_RNvNtNtCsjtGcTmf5uaK_4smmu5cache5testss_42test_cache_key_hash_page_number_upper_bits
FN:2044,_RNvNtNtCsjtGcTmf5uaK_4smmu5cache5testss_42test_stream_pasid_key_hash_different_pasid
FN:2869,_RNvNtNtCsjtGcTmf5uaK_4smmu5cache5testss_42test_tlb_cache_multiple_streams_same_pasid
FN:2894,_RNvNtNtCsjtGcTmf5uaK_4smmu5cache5testss_42test_tlb_cache_same_stream_multiple_pasids
FN:1298,_RNvNtNtCsjtGcTmf5uaK_4smmu5cache5testss_43test_cache_entry_non_page_aligned_addresses
FN:2029,_RNvNtNtCsjtGcTmf5uaK_4smmu5cache5testss_43test_stream_pasid_key_hash_different_stream
FN:2007,_RNvNtNtCsjtGcTmf5uaK_4smmu5cache5testss_43test_stream_pasid_key_hash_uses_fast_mixing
FN:990,_RNvNtNtCsjtGcTmf5uaK_4smmu5cache5testss_44test_cache_entry_new_with_security_nonsecure
FN:1629,_RNvNtNtCsjtGcTmf5uaK_4smmu5cache5testss_44test_cache_key_hash_different_security_state
FN:2846,_RNvNtNtCsjtGcTmf5uaK_4smmu5cache5testss_44test_tlb_cache_invalidate_nonexistent_stream
FN:1363,_RNvNtNtCsjtGcTmf5uaK_4smmu5cache5testss_45test_cache_key_inequality_different_stream_id
FN:2101,_RNvNtNtCsjtGcTmf5uaK_4smmu5cache5testss_46test_stream_pasid_key_hash_distribution_pasids
FN:1117,_RNvNtNtCsjtGcTmf5uaK_4smmu5cache5testss_47test_cache_entry_inequality_different_timestamp
FN:2119,_RNvNtNtCsjtGcTmf5uaK_4smmu5cache5testss_47test_stream_pasid_key_hash_collision_resistance
FN:2083,_RNvNtNtCsjtGcTmf5uaK_4smmu5cache5testss_47test_stream_pasid_key_hash_distribution_streams
FN:1708,_RNvNtNtCsjtGcTmf5uaK_4smmu5cache5testss_48test_cache_key_hash_distribution_different_pages
FN:1727,_RNvNtNtCsjtGcTmf5uaK_4smmu5cache5testss_48test_cache_key_hash_distribution_security_states
FN:1908,_RNvNtNtCsjtGcTmf5uaK_4smmu5cache5testss_48test_stream_pasid_key_inequality_different_pasid
FN:1088,_RNvNtNtCsjtGcTmf5uaK_4smmu5cache5testss_49test_cache_entry_inequality_different_permissions
FN:1689,_RNvNtNtCsjtGcTmf5uaK_4smmu5cache5testss_49test_cache_key_hash_distribution_different_pasids
FN:1896,_RNvNtNtCsjtGcTmf5uaK_4smmu5cache5testss_49test_stream_pasid_key_inequality_different_stream
FN:1670,_RNvNtNtCsjtGcTmf5uaK_4smmu5cache5testss_50test_cache_key_hash_distribution_different_streams
FN:1402,_RNvNtNtCsjtGcTmf5uaK_4smmu5cache5testss_50test_cache_key_inequality_different_security_state
FN:1101,_RNvNtNtCsjtGcTmf5uaK_4smmu5cache5testss_52test_cache_entry_inequality_different_security_state
FN:618,_RNCNvMs7_NtCsjtGcTmf5uaK_4smmu5cacheNtB7_8TlbCache9evict_one0B9_
FN:623,_RNCNvMs7_NtCsjtGcTmf5uaK_4smmu5cacheNtB7_8TlbCache9evict_ones0_0B9_
FN:619,_RNCNvMs7_NtCsjtGcTmf5uaK_4smmu5cacheNtB7_8TlbCache9evict_ones_0B9_
FN:592,_RNvMs7_NtCsjtGcTmf5uaK_4smmu5cacheNtB5_8TlbCache14evict_one_fast
FN:612,_RNvMs7_NtCsjtGcTmf5uaK_4smmu5cacheNtB5_8TlbCache9evict_one
FN:424,_RNvXs6_NtCsjtGcTmf5uaK_4smmu5cacheNtB5_15CacheStatisticsNtNtCslH02haMvknO_4core7default7Default7default
FNDA:32930,_RNvMs1_NtCs3zbRNdgKbV9_4smmu5cacheNtB5_12CacheKeyHash4hash
FNDA:11515,_RNvMs7_NtCs3zbRNdgKbV9_4smmu5cacheNtB5_8TlbCache6lookup
FNDA:100,_RNvMNtCs3zbRNdgKbV9_4smmu5cacheNtB2_10CacheEntry3newCs4P52ZFOC0tu_22algorithm_optimization
FNDA:33063,_RNvMs0_NtCs3zbRNdgKbV9_4smmu5cacheNtB5_8CacheKey3newCs4P52ZFOC0tu_22algorithm_optimization
FNDA:100,_RNvMs7_NtCs3zbRNdgKbV9_4smmu5cacheNtB5_8TlbCache6insertCs4P52ZFOC0tu_22algorithm_optimization
FNDA:18,_RNvMs5_NtCs3zbRNdgKbV9_4smmu5cacheNtB5_15CacheStatistics3newB7_
FNDA:100,_RNvMs7_NtCs3zbRNdgKbV9_4smmu5cacheNtB5_8TlbCache12remove_entryB7_
FNDA:1,_RNvMs7_NtCs3zbRNdgKbV9_4smmu5cacheNtB5_8TlbCache14invalidate_all
FNDA:0,_RNvMs7_NtCs3zbRNdgKbV9_4smmu5cacheNtB5_8TlbCache16invalidate_entry
FNDA:0,_RNvMs7_NtCs3zbRNdgKbV9_4smmu5cacheNtB5_8TlbCache19invalidate_by_pasid
FNDA:1,_RNvMs7_NtCs3zbRNdgKbV9_4smmu5cacheNtB5_8TlbCache20invalidate_by_stream
FNDA:0,_RNvMs7_NtCs3zbRNdgKbV9_4smmu5cacheNtB5_8TlbCache22invalidate_by_va_range
FNDA:0,_RNvMs7_NtCs3zbRNdgKbV9_4smmu5cacheNtB5_8TlbCache26invalidate_by_stream_pasid
FNDA:0,_RNvMs7_NtCs3zbRNdgKbV9_4smmu5cacheNtB5_8TlbCache3lenB7_
FNDA:18,_RNvMs7_NtCs3zbRNdgKbV9_4smmu5cacheNtB5_8TlbCache3new
FNDA:0,_RNvXs4_NtCs3zbRNdgKbV9_4smmu5cacheNtB5_17ReplacementPolicyNtNtCslH02haMvknO_4core7default7Default7default
FNDA:0,_RNvXs6_NtCs3zbRNdgKbV9_4smmu5cacheNtB5_15CacheStatisticsNtNtCslH02haMvknO_4core7default7Default7default
FNDA:0,_RNvXs8_NtCs3zbRNdgKbV9_4smmu5cacheNtB5_8TlbCacheNtNtCslH02haMvknO_4core3fmt5Debug3fmt
FNDA:0,_RNvXs_NtCs3zbRNdgKbV9_4smmu5cacheNtB4_10CacheEntryNtNtCslH02haMvknO_4core7default7Default7default
FNDA:6420,_RNvMNtCs3zbRNdgKbV9_4smmu5cacheNtB2_10CacheEntry3newCslMeQYMVMAtm_5cache
FNDA:17934,_RNvMs0_NtCs3zbRNdgKbV9_4smmu5cacheNtB5_8CacheKey3newCslMeQYMVMAtm_5cache
FNDA:6420,_RNvMs7_NtCs3zbRNdgKbV9_4smmu5cacheNtB5_8TlbCache6insertCslMeQYMVMAtm_5cache
FNDA:0,_RNCNvMs7_NtCs3zbRNdgKbV9_4smmu5cacheNtB7_8TlbCache9evict_one0B9_
FNDA:0,_RNCNvMs7_NtCs3zbRNdgKbV9_4smmu5cacheNtB7_8TlbCache9evict_ones0_0B9_
FNDA:0,_RNCNvMs7_NtCs3zbRNdgKbV9_4smmu5cacheNtB7_8TlbCache9evict_ones_0B9_
FNDA:0,_RNvMNtCs3zbRNdgKbV9_4smmu5cacheNtB2_10CacheEntry17new_with_securityB4_
FNDA:0,_RNvMNtCs3zbRNdgKbV9_4smmu5cacheNtB2_10CacheEntry3newB4_
FNDA:0,_RNvMs0_NtCs3zbRNdgKbV9_4smmu5cacheNtB5_8CacheKey3newB7_
FNDA:0,_RNvMs2_NtCs3zbRNdgKbV9_4smmu5cacheNtB5_14StreamPASIDKey3newB7_
FNDA:0,_RNvMs3_NtCs3zbRNdgKbV9_4smmu5cacheNtB5_18StreamPASIDKeyHash4hash
FNDA:0,_RNvMs5_NtCs3zbRNdgKbV9_4smmu5cacheNtB5_15CacheStatistics10get_missesB7_
FNDA:0,_RNvMs5_NtCs3zbRNdgKbV9_4smmu5cacheNtB5_15CacheStatistics11get_lookupsB7_
FNDA:0,_RNvMs5_NtCs3zbRNdgKbV9_4smmu5cacheNtB5_15CacheStatistics13get_evictionsB7_
FNDA:0,_RNvMs5_NtCs3zbRNdgKbV9_4smmu5cacheNtB5_15CacheStatistics14get_insertionsB7_
FNDA:0,_RNvMs5_NtCs3zbRNdgKbV9_4smmu5cacheNtB5_15CacheStatistics17get_invalidationsB7_
FNDA:0,_RNvMs5_NtCs3zbRNdgKbV9_4smmu5cacheNtB5_15CacheStatistics5resetB7_
FNDA:0,_RNvMs5_NtCs3zbRNdgKbV9_4smmu5cacheNtB5_15CacheStatistics8get_hitsB7_
FNDA:0,_RNvMs5_NtCs3zbRNdgKbV9_4smmu5cacheNtB5_15CacheStatistics8hit_rateB7_
FNDA:0,_RNvMs5_NtCs3zbRNdgKbV9_4smmu5cacheNtB5_15CacheStatistics9miss_rateB7_
FNDA:0,_RNvMs7_NtCs3zbRNdgKbV9_4smmu5cacheNtB5_8TlbCache10statisticsB7_
FNDA:0,_RNvMs7_NtCs3zbRNdgKbV9_4smmu5cacheNtB5_8TlbCache14evict_one_fast
FNDA:0,_RNvMs7_NtCs3zbRNdgKbV9_4smmu5cacheNtB5_8TlbCache16clear_statisticsB7_
FNDA:0,_RNvMs7_NtCs3zbRNdgKbV9_4smmu5cacheNtB5_8TlbCache6insertB7_
FNDA:0,_RNvMs7_NtCs3zbRNdgKbV9_4smmu5cacheNtB5_8TlbCache6policyB7_
FNDA:0,_RNvMs7_NtCs3zbRNdgKbV9_4smmu5cacheNtB5_8TlbCache8capacityB7_
FNDA:0,_RNvMs7_NtCs3zbRNdgKbV9_4smmu5cacheNtB5_8TlbCache8is_emptyB7_
FNDA:0,_RNvMs7_NtCs3zbRNdgKbV9_4smmu5cacheNtB5_8TlbCache9evict_one
FNDA:32968,_RNvMNtCs3zbRNdgKbV9_4smmu5cacheNtB2_10CacheEntry3newCs7rBao0OC9lW_12memory_usage
FNDA:32768,_RNvMs0_NtCs3zbRNdgKbV9_4smmu5cacheNtB5_8CacheKey3newCs7rBao0OC9lW_12memory_usage
FNDA:32768,_RNvMs7_NtCs3zbRNdgKbV9_4smmu5cacheNtB5_8TlbCache6insertCs7rBao0OC9lW_12memory_usage
FNDA:10,_RNCNvNtNtCsjtGcTmf5uaK_4smmu5cache5testss_33test_tlb_cache_concurrent_inserts0B7_
FNDA:10,_RNCNvNtNtCsjtGcTmf5uaK_4smmu5cache5testss_33test_tlb_cache_concurrent_lookups0B7_
FNDA:118,_RNvMs7_NtCsjtGcTmf5uaK_4smmu5cacheNtB5_8TlbCache6lookup
FNDA:10,_RNvMNtCsjtGcTmf5uaK_4smmu5cacheNtB2_10CacheEntry17new_with_securityB4_
FNDA:1310,_RNvMNtCsjtGcTmf5uaK_4smmu5cacheNtB2_10CacheEntry3newB4_
FNDA:4240,_RNvMs0_NtCsjtGcTmf5uaK_4smmu5cacheNtB5_8CacheKey3newB7_
FNDA:10222,_RNvMs2_NtCsjtGcTmf5uaK_4smmu5cacheNtB5_14StreamPASIDKey3newB7_
FNDA:7,_RNvMs5_NtCsjtGcTmf5uaK_4smmu5cacheNtB5_15CacheStatistics10get_missesB7_
FNDA:10,_RNvMs5_NtCsjtGcTmf5uaK_4smmu5cacheNtB5_15CacheStatistics11get_lookupsB7_
FNDA:1,_RNvMs5_NtCsjtGcTmf5uaK_4smmu5cacheNtB5_15CacheStatistics13get_evictionsB7_
FNDA:6,_RNvMs5_NtCsjtGcTmf5uaK_4smmu5cacheNtB5_15CacheStatistics14get_insertionsB7_
FNDA:5,_RNvMs5_NtCsjtGcTmf5uaK_4smmu5cacheNtB5_15CacheStatistics17get_invalidationsB7_
FNDA:26,_RNvMs5_NtCsjtGcTmf5uaK_4smmu5cacheNtB5_15CacheStatistics3newB7_
FNDA:1,_RNvMs5_NtCsjtGcTmf5uaK_4smmu5cacheNtB5_15CacheStatistics5resetB7_
FNDA:7,_RNvMs5_NtCsjtGcTmf5uaK_4smmu5cacheNtB5_15CacheStatistics8get_hitsB7_
FNDA:2,_RNvMs5_NtCsjtGcTmf5uaK_4smmu5cacheNtB5_15CacheStatistics8hit_rateB7_
FNDA:2,_RNvMs5_NtCsjtGcTmf5uaK_4smmu5cacheNtB5_15CacheStatistics9miss_rateB7_
FNDA:26,_RNvMs7_NtCsjtGcTmf5uaK_4smmu5cacheNtB5_8TlbCache10statisticsB7_
FNDA:28,_RNvMs7_NtCsjtGcTmf5uaK_4smmu5cacheNtB5_8TlbCache12remove_entryB7_
FNDA:2,_RNvMs7_NtCsjtGcTmf5uaK_4smmu5cacheNtB5_8TlbCache14invalidate_all
FNDA:1,_RNvMs7_NtCsjtGcTmf5uaK_4smmu5cacheNtB5_8TlbCache16clear_statisticsB7_
FNDA:2,_RNvMs7_NtCsjtGcTmf5uaK_4smmu5cacheNtB5_8TlbCache16invalidate_entry
FNDA:3,_RNvMs7_NtCsjtGcTmf5uaK_4smmu5cacheNtB5_8TlbCache19invalidate_by_pasid
FNDA:4,_RNvMs7_NtCsjtGcTmf5uaK_4smmu5cacheNtB5_8TlbCache20invalidate_by_stream
FNDA:1,_RNvMs7_NtCsjtGcTmf5uaK_4smmu5cacheNtB5_8TlbCache22invalidate_by_va_range
FNDA:1,_RNvMs7_NtCsjtGcTmf5uaK_4smmu5cacheNtB5_8TlbCache26invalidate_by_stream_pasid
FNDA:27,_RNvMs7_NtCsjtGcTmf5uaK_4smmu5cacheNtB5_8TlbCache3lenB7_
FNDA:26,_RNvMs7_NtCsjtGcTmf5uaK_4smmu5cacheNtB5_8TlbCache3new
FNDA:1290,_RNvMs7_NtCsjtGcTmf5uaK_4smmu5cacheNtB5_8TlbCache6insertB7_
FNDA:2,_RNvMs7_NtCsjtGcTmf5uaK_4smmu5cacheNtB5_8TlbCache6policyB7_
FNDA:2,_RNvMs7_NtCsjtGcTmf5uaK_4smmu5cacheNtB5_8TlbCache8capacityB7_
FNDA:5,_RNvMs7_NtCsjtGcTmf5uaK_4smmu5cacheNtB5_8TlbCache8is_emptyB7_
FNDA:1,_RNvXs4_NtCsjtGcTmf5uaK_4smmu5cacheNtB5_17ReplacementPolicyNtNtCslH02haMvknO_4core7default7Default7default
FNDA:1,_RNvXs8_NtCsjtGcTmf5uaK_4smmu5cacheNtB5_8TlbCacheNtNtCslH02haMvknO_4core3fmt5Debug3fmt
FNDA:7,_RNvXs_NtCsjtGcTmf5uaK_4smmu5cacheNtB4_10CacheEntryNtNtCslH02haMvknO_4core7default7Default7default
FNDA:2825,_RNvMs1_NtCsjtGcTmf5uaK_4smmu5cacheNtB5_12CacheKeyHash4hash
FNDA:10209,_RNvMs3_NtCsjtGcTmf5uaK_4smmu5cacheNtB5_18StreamPASIDKeyHash4hash
FNDA:1,_RNvNtNtCsjtGcTmf5uaK_4smmu5cache5testss_18test_cache_key_new
FNDA:1,_RNvNtNtCsjtGcTmf5uaK_4smmu5cache5testss_22test_tlb_cache_new_lru
FNDA:1,_RNvNtNtCsjtGcTmf5uaK_4smmu5cache5testss_23test_tlb_cache_new_fifo
FNDA:1,_RNvNtNtCsjtGcTmf5uaK_4smmu5cache5testss_25test_cache_entry_equality
FNDA:1,_RNvNtNtCsjtGcTmf5uaK_4smmu5cache5testss_25test_cache_key_max_values
FNDA:1,_RNvNtNtCsjtGcTmf5uaK_4smmu5cache5testss_25test_cache_key_min_values
FNDA:1,_RNvNtNtCsjtGcTmf5uaK_4smmu5cache5testss_25test_stream_pasid_key_new
FNDA:1,_RNvNtNtCsjtGcTmf5uaK_4smmu5cache5testss_25test_tlb_cache_lookup_hit
FNDA:1,_RNvNtNtCsjtGcTmf5uaK_4smmu5cache5testss_26test_cache_entry_const_new
FNDA:1,_RNvNtNtCsjtGcTmf5uaK_4smmu5cache5testss_26test_cache_key_hashability
FNDA:1,_RNvNtNtCsjtGcTmf5uaK_4smmu5cache5testss_26test_tlb_cache_lookup_miss
FNDA:1,_RNvNtNtCsjtGcTmf5uaK_4smmu5cache5testss_27test_cache_key_debug_format
FNDA:1,_RNvNtNtCsjtGcTmf5uaK_4smmu5cache5testss_27test_tlb_cache_debug_format
FNDA:0,_RNvNtNtCsjtGcTmf5uaK_4smmu5cache5testss_27test_tlb_cache_eviction_lru
FNDA:0,_RNvNtNtCsjtGcTmf5uaK_4smmu5cache5testss_28test_tlb_cache_eviction_fifo
FNDA:1,_RNvNtNtCsjtGcTmf5uaK_4smmu5cache5testss_28test_tlb_cache_insert_single
FNDA:1,_RNvNtNtCsjtGcTmf5uaK_4smmu5cache5testss_29test_cache_entry_debug_format
FNDA:1,_RNvNtNtCsjtGcTmf5uaK_4smmu5cache5testss_29test_cache_key_copy_semantics
FNDA:1,_RNvNtNtCsjtGcTmf5uaK_4smmu5cache5testss_29test_tlb_cache_invalidate_all
FNDA:1,_RNvNtNtCsjtGcTmf5uaK_4smmu5cache5testss_29test_tlb_cache_large_capacity
FNDA:1,_RNvNtNtCsjtGcTmf5uaK_4smmu5cache5testss_30test_cache_entry_max_timestamp
FNDA:1,_RNvNtNtCsjtGcTmf5uaK_4smmu5cache5testss_30test_cache_key_clone_semantics
FNDA:1,_RNvNtNtCsjtGcTmf5uaK_4smmu5cache5testss_30test_cache_key_hash_large_iova
FNDA:1,_RNvNtNtCsjtGcTmf5uaK_4smmu5cache5testss_30test_cache_key_hash_max_values
FNDA:1,_RNvNtNtCsjtGcTmf5uaK_4smmu5cache5testss_30test_cache_key_hash_min_values
FNDA:1,_RNvNtNtCsjtGcTmf5uaK_4smmu5cache5testss_30test_stream_pasid_key_equality
FNDA:1,_RNvNtNtCsjtGcTmf5uaK_4smmu5cache5testss_31test_cache_entry_copy_semantics
FNDA:1,_RNvNtNtCsjtGcTmf5uaK_4smmu5cache5testss_31test_cache_entry_zero_timestamp
FNDA:1,_RNvNtNtCsjtGcTmf5uaK_4smmu5cache5testss_31test_tlb_cache_empty_operations
FNDA:1,_RNvNtNtCsjtGcTmf5uaK_4smmu5cache5testss_31test_tlb_cache_invalidate_entry
FNDA:1,_RNvNtNtCsjtGcTmf5uaK_4smmu5cache5testss_31test_tlb_cache_multiple_inserts
FNDA:1,_RNvNtNtCsjtGcTmf5uaK_4smmu5cache5testss_31test_tlb_cache_statistics_clear
FNDA:1,_RNvNtNtCsjtGcTmf5uaK_4smmu5cache5testss_32test_cache_entry_clone_semantics
FNDA:1,_RNvNtNtCsjtGcTmf5uaK_4smmu5cache5testss_32test_cache_entry_large_addresses
FNDA:1,_RNvNtNtCsjtGcTmf5uaK_4smmu5cache5testss_32test_cache_entry_multiple_copies
FNDA:1,_RNvNtNtCsjtGcTmf5uaK_4smmu5cache5testss_32test_cache_entry_permissions_all
FNDA:1,_RNvNtNtCsjtGcTmf5uaK_4smmu5cache5testss_32test_cache_key_hash_wrapping_mul
FNDA:1,_RNvNtNtCsjtGcTmf5uaK_4smmu5cache5testss_32test_cache_key_page_aligned_iova
FNDA:1,_RNvNtNtCsjtGcTmf5uaK_4smmu5cache5testss_32test_stream_pasid_key_max_values
FNDA:1,_RNvNtNtCsjtGcTmf5uaK_4smmu5cache5testss_32test_stream_pasid_key_min_values
FNDA:1,_RNvNtNtCsjtGcTmf5uaK_4smmu5cache5testss_32test_tlb_cache_new_zero_capacity
FNDA:1,_RNvNtNtCsjtGcTmf5uaK_4smmu5cache5testss_33test_cache_entry_permissions_none
FNDA:1,_RNvNtNtCsjtGcTmf5uaK_4smmu5cache5testss_33test_cache_key_const_construction
FNDA:1,_RNvNtNtCsjtGcTmf5uaK_4smmu5cache5testss_33test_cache_key_hash_deterministic
FNDA:1,_RNvNtNtCsjtGcTmf5uaK_4smmu5cache5testss_33test_cache_key_hash_fnv_algorithm
FNDA:1,_RNvNtNtCsjtGcTmf5uaK_4smmu5cache5testss_33test_stream_pasid_key_hashability
FNDA:1,_RNvNtNtCsjtGcTmf5uaK_4smmu5cache5testss_33test_tlb_cache_concurrent_inserts
FNDA:1,_RNvNtNtCsjtGcTmf5uaK_4smmu5cache5testss_33test_tlb_cache_concurrent_lookups
FNDA:1,_RNvNtNtCsjtGcTmf5uaK_4smmu5cache5testss_34test_cache_key_all_security_states
FNDA:1,_RNvNtNtCsjtGcTmf5uaK_4smmu5cache5testss_34test_stream_pasid_key_debug_format
FNDA:1,_RNvNtNtCsjtGcTmf5uaK_4smmu5cache5testss_34test_tlb_cache_invalidate_by_pasid
FNDA:1,_RNvNtNtCsjtGcTmf5uaK_4smmu5cache5testss_34test_tlb_cache_statistics_hit_rate
FNDA:1,_RNvNtNtCsjtGcTmf5uaK_4smmu5cache5testss_35test_cache_key_equality_same_values
FNDA:1,_RNvNtNtCsjtGcTmf5uaK_4smmu5cache5testss_35test_cache_key_hash_different_pasid
FNDA:1,_RNvNtNtCsjtGcTmf5uaK_4smmu5cache5testss_35test_tlb_cache_invalidate_by_stream
FNDA:0,_RNvNtNtCsjtGcTmf5uaK_4smmu5cache5testss_35test_tlb_cache_lru_timestamp_update
FNDA:1,_RNvNtNtCsjtGcTmf5uaK_4smmu5cache5testss_36test_cache_key_hash_avalanche_effect
FNDA:1,_RNvNtNtCsjtGcTmf5uaK_4smmu5cache5testss_36test_stream_pasid_key_copy_semantics
FNDA:1,_RNvNtNtCsjtGcTmf5uaK_4smmu5cache5testss_36test_tlb_cache_permissions_preserved
FNDA:1,_RNvNtNtCsjtGcTmf5uaK_4smmu5cache5testss_37test_cache_entry_default_construction
FNDA:1,_RNvNtNtCsjtGcTmf5uaK_4smmu5cache5testss_37test_cache_entry_new_default_security
FNDA:1,_RNvNtNtCsjtGcTmf5uaK_4smmu5cache5testss_37test_stream_pasid_key_clone_semantics
FNDA:1,_RNvNtNtCsjtGcTmf5uaK_4smmu5cache5testss_37test_stream_pasid_key_hash_max_values
FNDA:1,_RNvNtNtCsjtGcTmf5uaK_4smmu5cache5testss_37test_stream_pasid_key_hash_min_values
FNDA:1,_RNvNtNtCsjtGcTmf5uaK_4smmu5cache5testss_37test_tlb_cache_invalidate_by_va_range
FNDA:1,_RNvNtNtCsjtGcTmf5uaK_4smmu5cache5testss_38test_cache_entry_permissions_read_only
FNDA:1,_RNvNtNtCsjtGcTmf5uaK_4smmu5cache5testss_38test_cache_entry_security_state_values
FNDA:1,_RNvNtNtCsjtGcTmf5uaK_4smmu5cache5testss_38test_tlb_cache_statistics_zero_lookups
FNDA:1,_RNvNtNtCsjtGcTmf5uaK_4smmu5cache5testss_39test_cache_entry_page_aligned_addresses
FNDA:1,_RNvNtNtCsjtGcTmf5uaK_4smmu5cache5testss_39test_cache_entry_permissions_read_write
FNDA:1,_RNvNtNtCsjtGcTmf5uaK_4smmu5cache5testss_39test_cache_entry_permissions_write_only
FNDA:1,_RNvNtNtCsjtGcTmf5uaK_4smmu5cache5testss_39test_cache_key_hash_different_iova_page
FNDA:1,_RNvNtNtCsjtGcTmf5uaK_4smmu5cache5testss_39test_cache_key_hash_different_stream_id
FNDA:1,_RNvNtNtCsjtGcTmf5uaK_4smmu5cache5testss_39test_cache_key_hash_page_offset_ignored
FNDA:1,_RNvNtNtCsjtGcTmf5uaK_4smmu5cache5testss_39test_tlb_cache_fifo_no_timestamp_update
FNDA:1,_RNvNtNtCsjtGcTmf5uaK_4smmu5cache5testss_39test_tlb_cache_security_state_isolation
FNDA:1,_RNvNtNtCsjtGcTmf5uaK_4smmu5cache5testss_40test_cache_entry_const_new_with_security
FNDA:1,_RNvNtNtCsjtGcTmf5uaK_4smmu5cache5testss_40test_cache_entry_inequality_different_pa
FNDA:1,_RNvNtNtCsjtGcTmf5uaK_4smmu5cache5testss_40test_cache_entry_new_with_security_realm
FNDA:1,_RNvNtNtCsjtGcTmf5uaK_4smmu5cache5testss_40test_cache_key_hash_collision_resistance
FNDA:1,_RNvNtNtCsjtGcTmf5uaK_4smmu5cache5testss_40test_cache_key_inequality_different_iova
FNDA:1,_RNvNtNtCsjtGcTmf5uaK_4smmu5cache5testss_40test_stream_pasid_key_const_construction
FNDA:1,_RNvNtNtCsjtGcTmf5uaK_4smmu5cache5testss_40test_stream_pasid_key_hash_deterministic
FNDA:1,_RNvNtNtCsjtGcTmf5uaK_4smmu5cache5testss_40test_stream_pasid_key_hash_fnv_algorithm
FNDA:1,_RNvNtNtCsjtGcTmf5uaK_4smmu5cache5testss_41test_cache_entry_new_with_security_secure
FNDA:1,_RNvNtNtCsjtGcTmf5uaK_4smmu5cache5testss_41test_cache_entry_permissions_execute_only
FNDA:1,_RNvNtNtCsjtGcTmf5uaK_4smmu5cache5testss_41test_cache_entry_permissions_read_execute
FNDA:1,_RNvNtNtCsjtGcTmf5uaK_4smmu5cache5testss_41test_cache_key_hash_uses_murmur_constants
FNDA:1,_RNvNtNtCsjtGcTmf5uaK_4smmu5cache5testss_41test_cache_key_inequality_different_pasid
FNDA:1,_RNvNtNtCsjtGcTmf5uaK_4smmu5cache5testss_41test_tlb_cache_invalidate_by_stream_pasid
FNDA:1,_RNvNtNtCsjtGcTmf5uaK_4smmu5cache5testss_41test_tlb_cache_replacement_policy_default
FNDA:1,_RNvNtNtCsjtGcTmf5uaK_4smmu5cache5testss_42test_cache_entry_inequality_different_iova
FNDA:1,_RNvNtNtCsjtGcTmf5uaK_4smmu5cache5testss_42test_cache_entry_permissions_write_execute
FNDA:1,_RNvNtNtCsjtGcTmf5uaK_4smmu5cache5testss_42test_cache_key_hash_page_number_upper_bits
FNDA:1,_RNvNtNtCsjtGcTmf5uaK_4smmu5cache5testss_42test_stream_pasid_key_hash_different_pasid
FNDA:1,_RNvNtNtCsjtGcTmf5uaK_4smmu5cache5testss_42test_tlb_cache_multiple_streams_same_pasid
FNDA:1,_RNvNtNtCsjtGcTmf5uaK_4smmu5cache5testss_42test_tlb_cache_same_stream_multiple_pasids
FNDA:1,_RNvNtNtCsjtGcTmf5uaK_4smmu5cache5testss_43test_cache_entry_non_page_aligned_addresses
FNDA:1,_RNvNtNtCsjtGcTmf5uaK_4smmu5cache5testss_43test_stream_pasid_key_hash_different_stream
FNDA:1,_RNvNtNtCsjtGcTmf5uaK_4smmu5cache5testss_43test_stream_pasid_key_hash_uses_fast_mixing
FNDA:1,_RNvNtNtCsjtGcTmf5uaK_4smmu5cache5testss_44test_cache_entry_new_with_security_nonsecure
FNDA:1,_RNvNtNtCsjtGcTmf5uaK_4smmu5cache5testss_44test_cache_key_hash_different_security_state
FNDA:1,_RNvNtNtCsjtGcTmf5uaK_4smmu5cache5testss_44test_tlb_cache_invalidate_nonexistent_stream
FNDA:1,_RNvNtNtCsjtGcTmf5uaK_4smmu5cache5testss_45test_cache_key_inequality_different_stream_id
FNDA:1,_RNvNtNtCsjtGcTmf5uaK_4smmu5cache5testss_46test_stream_pasid_key_hash_distribution_pasids
FNDA:1,_RNvNtNtCsjtGcTmf5uaK_4smmu5cache5testss_47test_cache_entry_inequality_different_timestamp
FNDA:1,_RNvNtNtCsjtGcTmf5uaK_4smmu5cache5testss_47test_stream_pasid_key_hash_collision_resistance
FNDA:1,_RNvNtNtCsjtGcTmf5uaK_4smmu5cache5testss_47test_stream_pasid_key_hash_distribution_streams
FNDA:1,_RNvNtNtCsjtGcTmf5uaK_4smmu5cache5testss_48test_cache_key_hash_distribution_different_pages
FNDA:1,_RNvNtNtCsjtGcTmf5uaK_4smmu5cache5testss_48test_cache_key_hash_distribution_security_states
FNDA:1,_RNvNtNtCsjtGcTmf5uaK_4smmu5cache5testss_48test_stream_pasid_key_inequality_different_pasid
FNDA:1,_RNvNtNtCsjtGcTmf5uaK_4smmu5cache5testss_49test_cache_entry_inequality_different_permissions
FNDA:1,_RNvNtNtCsjtGcTmf5uaK_4smmu5cache5testss_49test_cache_key_hash_distribution_different_pasids
FNDA:1,_RNvNtNtCsjtGcTmf5uaK_4smmu5cache5testss_49test_stream_pasid_key_inequality_different_stream
FNDA:1,_RNvNtNtCsjtGcTmf5uaK_4smmu5cache5testss_50test_cache_key_hash_distribution_different_streams
FNDA:1,_RNvNtNtCsjtGcTmf5uaK_4smmu5cache5testss_50test_cache_key_inequality_different_security_state
FNDA:1,_RNvNtNtCsjtGcTmf5uaK_4smmu5cache5testss_52test_cache_entry_inequality_different_security_state
FNDA:0,_RNCNvMs7_NtCsjtGcTmf5uaK_4smmu5cacheNtB7_8TlbCache9evict_one0B9_
FNDA:0,_RNCNvMs7_NtCsjtGcTmf5uaK_4smmu5cacheNtB7_8TlbCache9evict_ones0_0B9_
FNDA:0,_RNCNvMs7_NtCsjtGcTmf5uaK_4smmu5cacheNtB7_8TlbCache9evict_ones_0B9_
FNDA:0,_RNvMs7_NtCsjtGcTmf5uaK_4smmu5cacheNtB5_8TlbCache14evict_one_fast
FNDA:0,_RNvMs7_NtCsjtGcTmf5uaK_4smmu5cacheNtB5_8TlbCache9evict_one
FNDA:0,_RNvXs6_NtCsjtGcTmf5uaK_4smmu5cacheNtB5_15CacheStatisticsNtNtCslH02haMvknO_4core7default7Default7default
FNF:160
FNH:151
DA:72,40798
DA:73,40798
DA:74,40798
DA:75,40798
DA:76,40798
DA:77,40798
DA:78,40798
DA:79,40798
DA:80,40798
DA:81,40798
DA:82,40798
DA:83,40798
DA:84,40798
DA:85,40798
DA:89,10
DA:90,10
DA:91,10
DA:92,10
DA:93,10
DA:94,10
DA:95,10
DA:96,10
DA:97,10
DA:98,10
DA:99,10
DA:100,10
DA:101,10
DA:102,10
DA:103,10
DA:107,7
DA:108,7
DA:109,7
DA:110,7
DA:111,7
DA:112,7
DA:113,7
DA:114,7
DA:115,7
DA:149,88005
DA:150,88005
DA:151,88005
DA:152,88005
DA:153,88005
DA:154,88005
DA:155,88005
DA:156,88005
DA:157,88005
DA:158,88005
DA:159,88005
DA:160,88005
DA:161,88005
DA:193,35755
DA:198,35755
DA:201,35755
DA:204,35755
DA:207,35755
DA:210,35755
DA:214,35755
DA:215,35755
DA:216,35755
DA:217,35755
DA:218,35755
DA:220,35755
DA:221,35755
DA:244,10222
DA:245,10222
DA:246,10222
DA:260,10209
DA:262,10209
DA:265,10209
DA:266,10209
DA:267,10209
DA:268,10209
DA:270,10209
DA:271,10209
DA:295,1
DA:296,1
DA:297,1
DA:334,44
DA:335,44
DA:336,44
DA:337,44
DA:338,44
DA:339,44
DA:340,44
DA:341,44
DA:342,44
DA:343,44
DA:347,1
DA:348,1
DA:349,1
DA:350,1
DA:351,1
DA:352,1
DA:353,1
DA:354,1
DA:358,10
DA:359,10
DA:360,10
DA:364,7
DA:365,7
DA:366,7
DA:370,7
DA:371,7
DA:372,7
DA:376,1
DA:377,1
DA:378,1
DA:382,6
DA:383,6
DA:384,6
DA:388,5
DA:389,5
DA:390,5
DA:396,2
DA:397,2
DA:398,2
DA:400,2
DA:401,1
DA:403,1
DA:405,2
DA:411,2
DA:412,2
DA:413,2
DA:415,2
DA:416,1
DA:418,1
DA:420,2
DA:424,0
DA:425,0
DA:426,0
DA:501,44
DA:502,44
DA:504,43
DA:505,43
DA:506,43
DA:507,43
DA:508,43
DA:509,43
DA:510,43
DA:511,43
DA:531,11633
DA:532,11633
DA:535,11633
DA:537,2649
DA:542,2649
DA:545,8984
DA:546,8984
DA:548,11633
DA:571,40578
DA:573,40578
DA:574,40578
DA:578,40578
DA:584,40578
DA:585,40578
DA:592,0
DA:597,0
DA:598,0
DA:599,0
DA:600,0
DA:601,0
DA:602,0
DA:603,0
DA:605,0
DA:612,0
DA:613,0
DA:616,0
DA:617,0
DA:618,0
DA:619,0
DA:623,0
DA:627,0
DA:628,0
DA:629,0
DA:630,0
DA:631,0
DA:635,128
DA:636,128
DA:637,128
DA:649,3
DA:650,3
DA:651,3
DA:653,3
DA:654,3
DA:655,3
DA:656,3
DA:671,5
DA:672,5
DA:676,5
DA:679,1021
DA:680,1021
DA:681,111
DA:682,910
DA:686,111
DA:687,111
DA:688,111
DA:689,111
DA:691,5
DA:692,5
DA:693,5
DA:694,5
DA:709,3
DA:710,3
DA:713,3
DA:716,20
DA:717,20
DA:718,11
DA:719,11
DA:723,11
DA:724,11
DA:725,11
DA:726,11
DA:728,3
DA:729,3
DA:730,3
DA:731,3
DA:748,1
DA:749,1
DA:752,1
DA:755,100
DA:756,100
DA:757,100
DA:758,1
DA:759,99
DA:763,1
DA:764,1
DA:765,1
DA:766,1
DA:768,1
DA:769,1
DA:770,1
DA:771,1
DA:792,1
DA:793,1
DA:794,1
DA:795,1
DA:796,1
DA:797,1
DA:798,1
DA:799,1
DA:802,1
DA:805,10
DA:806,10
DA:807,10
DA:808,10
DA:809,10
DA:810,8
DA:811,4
DA:812,4
DA:813,6
DA:817,4
DA:818,4
DA:819,4
DA:820,4
DA:822,1
DA:823,1
DA:824,1
DA:825,1
DA:846,2
DA:847,2
DA:848,1
DA:849,1
DA:850,1
DA:852,1
DA:854,2
DA:869,26
DA:870,26
DA:871,26
DA:883,1
DA:884,1
DA:885,1
DA:895,27
DA:896,27
DA:897,27
DA:909,5
DA:910,5
DA:911,5
DA:921,2
DA:922,2
DA:923,2
DA:936,2
DA:937,2
DA:938,2
DA:942,1
DA:943,1
DA:944,1
DA:945,1
DA:946,1
DA:947,1
DA:948,1
DA:949,1
DA:965,1
DA:966,1
DA:967,1
DA:968,1
DA:969,1
DA:970,1
DA:971,1
DA:972,1
DA:975,1
DA:976,1
DA:977,1
DA:978,1
DA:980,1
DA:982,1
DA:983,1
DA:984,1
DA:985,1
DA:986,1
DA:987,1
DA:990,1
DA:991,1
DA:992,1
DA:993,1
DA:995,1
DA:996,1
DA:999,1
DA:1000,1
DA:1001,1
DA:1004,1
DA:1005,1
DA:1006,1
DA:1007,1
DA:1009,1
DA:1010,1
DA:1013,1
DA:1014,1
DA:1015,1
DA:1018,1
DA:1019,1
DA:1020,1
DA:1021,1
DA:1023,1
DA:1024,1
DA:1027,1
DA:1028,1
DA:1029,1
DA:1032,1
DA:1033,1
DA:1034,1
DA:1037,1
DA:1038,1
DA:1039,1
DA:1042,1
DA:1043,1
DA:1044,1
DA:1046,1
DA:1047,1
DA:1050,1
DA:1051,1
DA:1052,1
DA:1053,1
DA:1055,1
DA:1056,1
DA:1058,1
DA:1059,1
DA:1062,1
DA:1063,1
DA:1064,1
DA:1065,1
DA:1066,1
DA:1068,1
DA:1069,1
DA:1071,1
DA:1072,1
DA:1075,1
DA:1076,1
DA:1077,1
DA:1078,1
DA:1079,1
DA:1081,1
DA:1082,1
DA:1084,1
DA:1085,1
DA:1088,1
DA:1089,1
DA:1090,1
DA:1091,1
DA:1092,1
DA:1094,1
DA:1095,1
DA:1097,1
DA:1098,1
DA:1101,1
DA:1102,1
DA:1103,1
DA:1104,1
DA:1106,1
DA:1107,1
DA:1109,1
DA:1110,1
DA:1113,1
DA:1114,1
DA:1117,1
DA:1118,1
DA:1119,1
DA:1120,1
DA:1122,1
DA:1123,1
DA:1125,1
DA:1126,1
DA:1129,1
DA:1130,1
DA:1131,1
DA:1132,1
DA:1133,1
DA:1136,1
DA:1137,1
DA:1138,1
DA:1139,1
DA:1141,1
DA:1143,1
DA:1144,1
DA:1145,1
DA:1146,1
DA:1149,1
DA:1150,1
DA:1151,1
DA:1152,1
DA:1155,1
DA:1156,1
DA:1157,1
DA:1158,1
DA:1160,1
DA:1161,1
DA:1162,1
DA:1165,1
DA:1166,1
DA:1167,1
DA:1168,1
DA:1171,1
DA:1172,1
DA:1173,1
DA:1174,1
DA:1176,1
DA:1177,1
DA:1178,1
DA:1181,1
DA:1182,1
DA:1183,1
DA:1184,1
DA:1186,1
DA:1187,1
DA:1188,1
DA:1191,1
DA:1192,1
DA:1193,1
DA:1194,1
DA:1196,1
DA:1197,1
DA:1198,1
DA:1199,1
DA:1200,1
DA:1203,1
DA:1204,1
DA:1205,1
DA:1206,1
DA:1208,1
DA:1209,1
DA:1210,1
DA:1213,1
DA:1214,1
DA:1215,1
DA:1216,1
DA:1218,1
DA:1219,1
DA:1220,1
DA:1223,1
DA:1224,1
DA:1225,1
DA:1226,1
DA:1228,1
DA:1229,1
DA:1230,1
DA:1233,1
DA:1234,1
DA:1235,1
DA:1236,1
DA:1238,1
DA:1239,1
DA:1240,1
DA:1241,1
DA:1242,1
DA:1245,1
DA:1253,1
DA:1254,1
DA:1255,1
DA:1256,1
DA:1259,1
DA:1268,1
DA:1269,1
DA:1270,1
DA:1273,1
DA:1274,1
DA:1275,1
DA:1276,1
DA:1277,1
DA:1280,1
DA:1281,1
DA:1282,1
DA:1283,1
DA:1286,1
DA:1287,1
DA:1288,1
DA:1289,1
DA:1291,1
DA:1293,1
DA:1294,1
DA:1295,1
DA:1298,1
DA:1300,1
DA:1301,1
DA:1302,1
DA:1304,1
DA:1306,1
DA:1307,1
DA:1308,1
DA:1311,1
DA:1312,1
DA:1313,1
DA:1314,1
DA:1317,1
DA:1318,1
DA:1320,1
DA:1321,1
DA:1323,1
DA:1324,1
DA:1327,1
DA:1328,1
DA:1329,1
DA:1330,1
DA:1337,1
DA:1338,1
DA:1339,1
DA:1340,1
DA:1342,1
DA:1344,1
DA:1345,1
DA:1346,1
DA:1347,1
DA:1348,1
DA:1351,1
DA:1352,1
DA:1353,1
DA:1354,1
DA:1356,1
DA:1357,1
DA:1359,1
DA:1360,1
DA:1363,1
DA:1364,1
DA:1365,1
DA:1366,1
DA:1367,1
DA:1369,1
DA:1370,1
DA:1372,1
DA:1373,1
DA:1376,1
DA:1377,1
DA:1378,1
DA:1379,1
DA:1380,1
DA:1382,1
DA:1383,1
DA:1385,1
DA:1386,1
DA:1389,1
DA:1390,1
DA:1391,1
DA:1392,1
DA:1393,1
DA:1395,1
DA:1396,1
DA:1398,1
DA:1399,1
DA:1402,1
DA:1403,1
DA:1404,1
DA:1405,1
DA:1407,1
DA:1408,1
DA:1410,1
DA:1411,1
DA:1414,1
DA:1415,1
DA:1416,1
DA:1417,1
DA:1419,1
DA:1420,1
DA:1422,1
DA:1423,1
DA:1426,1
DA:1427,1
DA:1428,1
DA:1429,1
DA:1431,1
DA:1432,1
DA:1434,1
DA:1435,1
DA:1438,1
DA:1439,1
DA:1440,1
DA:1441,1
DA:1443,1
DA:1444,1
DA:1446,1
DA:1447,1
DA:1450,1
DA:1452,1
DA:1453,1
DA:1454,1
DA:1456,1
DA:1458,1
DA:1459,1
DA:1460,1
DA:1461,1
DA:1464,1
DA:1465,1
DA:1466,1
DA:1467,1
DA:1469,1
DA:1471,1
DA:1472,1
DA:1473,1
DA:1474,1
DA:1477,1
DA:1478,1
DA:1479,1
DA:1480,1
DA:1482,1
DA:1484,1
DA:1485,1
DA:1486,1
DA:1487,1
DA:1490,1
DA:1491,1
DA:1492,1
DA:1493,1
DA:1495,1
DA:1497,1
DA:1498,1
DA:1501,1
DA:1502,1
DA:1503,1
DA:1504,1
DA:1506,1
DA:1507,1
DA:1508,1
DA:1511,1
DA:1512,1
DA:1513,1
DA:1514,1
DA:1517,1
DA:1520,1
DA:1521,1
DA:1522,1
DA:1524,1
DA:1527,1
DA:1528,1
DA:1530,1
DA:1531,1
DA:1538,1
DA:1545,1
DA:1546,1
DA:1547,1
DA:1550,1
DA:1551,1
DA:1552,1
DA:1553,1
DA:1555,1
DA:1557,1
DA:1558,1
DA:1560,1
DA:1561,1
DA:1564,1
DA:1565,1
DA:1566,1
DA:1567,1
DA:1568,1
DA:1570,1
DA:1571,1
DA:1573,1
DA:1574,1
DA:1576,1
DA:1577,1
DA:1580,1
DA:1581,1
DA:1582,1
DA:1583,1
DA:1584,1
DA:1586,1
DA:1587,1
DA:1589,1
DA:1590,1
DA:1592,1
DA:1593,1
DA:1596,1
DA:1597,1
DA:1598,1
DA:1599,1
DA:1600,1
DA:1602,1
DA:1603,1
DA:1605,1
DA:1606,1
DA:1608,1
DA:1609,1
DA:1612,1
DA:1614,1
DA:1615,1
DA:1616,1
DA:1617,1
DA:1619,1
DA:1620,1
DA:1622,1
DA:1623,1
DA:1625,1
DA:1626,1
DA:1629,1
DA:1630,1
DA:1631,1
DA:1632,1
DA:1634,1
DA:1635,1
DA:1637,1
DA:1638,1
DA:1640,1
DA:1641,1
DA:1644,1
DA:1645,1
DA:1646,1
DA:1647,1
DA:1649,1
DA:1652,1
DA:1653,1
DA:1656,1
DA:1657,1
DA:1658,1
DA:1659,1
DA:1661,1
DA:1663,1
DA:1666,1
DA:1667,1
DA:1670,1
DA:1671,1
DA:1672,1
DA:1674,1
DA:1676,100
DA:1677,100
DA:1678,100
DA:1679,100
DA:1680,100
DA:1683,1
DA:1684,1
DA:1685,1
DA:1686,1
DA:1689,1
DA:1690,1
DA:1691,1
DA:1693,1
DA:1695,100
DA:1696,100
DA:1697,100
DA:1698,100
DA:1699,100
DA:1702,1
DA:1703,1
DA:1704,1
DA:1705,1
DA:1708,1
DA:1709,1
DA:1710,1
DA:1712,1
DA:1714,100
DA:1715,100
DA:1716,100
DA:1717,100
DA:1718,100
DA:1721,1
DA:1722,1
DA:1723,1
DA:1724,1
DA:1727,1
DA:1728,1
DA:1729,1
DA:1730,1
DA:1732,1
DA:1733,1
DA:1734,1
DA:1736,1
DA:1737,1
DA:1738,1
DA:1741,1
DA:1742,1
DA:1743,1
DA:1744,1
DA:1747,1
DA:1748,1
DA:1749,1
DA:1750,1
DA:1752,1
DA:1755,1
DA:1756,1
DA:1759,1
DA:1761,1
DA:1762,1
DA:1763,1
DA:1764,1
DA:1766,1
DA:1767,1
DA:1769,1
DA:1770,1
DA:1772,1
DA:1773,1
DA:1776,1
DA:1778,1
DA:1779,1
DA:1780,1
DA:1781,1
DA:1783,1
DA:1784,1
DA:1786,1
DA:1787,1
DA:1790,1
DA:1791,1
DA:1794,1
DA:1795,1
DA:1798,1
DA:1802,1
DA:1804,50
DA:1805,2500
DA:1806,2500
DA:1807,2500
DA:1808,2500
DA:1810,2500
DA:1811,2500
DA:1814,2500
DA:1818,1
DA:1819,1
DA:1822,1
DA:1824,1
DA:1825,1
DA:1826,1
DA:1828,1
DA:1831,1
DA:1834,1
DA:1835,1
DA:1836,1
DA:1839,1
DA:1841,1
DA:1842,1
DA:1843,1
DA:1845,1
DA:1849,1
DA:1851,1
DA:1853,1
DA:1855,1
DA:1857,1
DA:1858,1
DA:1859,1
DA:1860,1
DA:1861,1
DA:1862,1
DA:1864,1
DA:1866,1
DA:1867,1
DA:1874,1
DA:1875,1
DA:1876,1
DA:1878,1
DA:1880,1
DA:1881,1
DA:1882,1
DA:1885,1
DA:1886,1
DA:1887,1
DA:1889,1
DA:1890,1
DA:1892,1
DA:1893,1
DA:1896,1
DA:1897,1
DA:1898,1
DA:1899,1
DA:1901,1
DA:1902,1
DA:1904,1
DA:1905,1
DA:1908,1
DA:1909,1
DA:1910,1
DA:1911,1
DA:1913,1
DA:1914,1
DA:1916,1
DA:1917,1
DA:1920,1
DA:1921,1
DA:1922,1
DA:1924,1
DA:1925,1
DA:1927,1
DA:1928,1
DA:1931,1
DA:1932,1
DA:1933,1
DA:1935,1
DA:1936,1
DA:1938,1
DA:1939,1
DA:1942,1
DA:1943,1
DA:1944,1
DA:1946,1
DA:1947,1
DA:1949,1
DA:1950,1
DA:1953,1
DA:1955,1
DA:1956,1
DA:1958,1
DA:1960,1
DA:1961,1
DA:1962,1
DA:1965,1
DA:1966,1
DA:1967,1
DA:1969,1
DA:1971,1
DA:1972,1
DA:1973,1
DA:1976,1
DA:1977,1
DA:1978,1
DA:1980,1
DA:1982,1
DA:1983,1
DA:1984,1
DA:1987,1
DA:1990,1
DA:1991,1
DA:1993,1
DA:1996,1
DA:1997,1
DA:1999,1
DA:2000,1
DA:2007,1
DA:2012,1
DA:2013,1
DA:2016,1
DA:2017,1
DA:2018,1
DA:2020,1
DA:2022,1
DA:2023,1
DA:2025,1
DA:2026,1
DA:2029,1
DA:2030,1
DA:2031,1
DA:2032,1
DA:2034,1
DA:2035,1
DA:2037,1
DA:2038,1
DA:2040,1
DA:2041,1
DA:2044,1
DA:2045,1
DA:2046,1
DA:2047,1
DA:2049,1
DA:2050,1
DA:2052,1
DA:2053,1
DA:2055,1
DA:2056,1
DA:2059,1
DA:2060,1
DA:2061,1
DA:2063,1
DA:2066,1
DA:2067,1
DA:2070,1
DA:2071,1
DA:2072,1
DA:2074,1
DA:2076,1
DA:2079,1
DA:2080,1
DA:2083,1
DA:2084,1
DA:2086,1
DA:2088,100
DA:2089,100
DA:2090,100
DA:2091,100
DA:2092,100
DA:2095,1
DA:2096,1
DA:2097,1
DA:2098,1
DA:2101,1
DA:2102,1
DA:2104,1
DA:2106,100
DA:2107,100
DA:2108,100
DA:2109,100
DA:2110,100
DA:2113,1
DA:2114,1
DA:2115,1
DA:2116,1
DA:2119,1
DA:2122,1
DA:2124,100
DA:2125,10000
DA:2126,10000
DA:2127,10000
DA:2129,10000
DA:2130,10000
DA:2132,10000
DA:2136,1
DA:2137,1
DA:2140,1
DA:2142,1
DA:2143,1
DA:2145,1
DA:2148,1
DA:2149,1
DA:2150,1
DA:2151,1
DA:2152,1
DA:2154,1
DA:2156,1
DA:2157,1
DA:2164,1
DA:2165,1
DA:2166,1
DA:2167,1
DA:2168,1
DA:2169,1
DA:2170,1
DA:2173,1
DA:2174,1
DA:2175,1
DA:2176,1
DA:2177,1
DA:2178,1
DA:2179,1
DA:2183,1
DA:2184,1
DA:2185,1
DA:2188,1
DA:2189,1
DA:2190,1
DA:2191,1
DA:2192,1
DA:2193,1
DA:2195,1
DA:2196,1
DA:2198,1
DA:2200,1
DA:2201,1
DA:2202,1
DA:2203,1
DA:2206,1
DA:2207,1
DA:2208,1
DA:2209,1
DA:2210,1
DA:2211,1
DA:2213,1
DA:2214,1
DA:2216,1
DA:2218,1
DA:2219,1
DA:2221,1
DA:2222,1
DA:2223,1
DA:2225,1
DA:2226,1
DA:2227,1
DA:2228,1
DA:2231,1
DA:2232,1
DA:2233,1
DA:2234,1
DA:2235,1
DA:2237,1
DA:2239,1
DA:2240,1
DA:2242,1
DA:2243,1
DA:2244,1
DA:2245,1
DA:2248,1
DA:2249,1
DA:2251,10
DA:2252,10
DA:2253,10
DA:2254,10
DA:2255,10
DA:2256,10
DA:2257,10
DA:2258,10
DA:2259,10
DA:2260,10
DA:2261,10
DA:2263,1
DA:2264,1
DA:2265,1
DA:2269,0
DA:2270,0
DA:2273,0
DA:2274,0
DA:2275,0
DA:2276,0
DA:2277,0
DA:2278,0
DA:2279,0
DA:2280,0
DA:2281,0
DA:2282,0
DA:2283,0
DA:2285,0
DA:2288,0
DA:2289,0
DA:2290,0
DA:2291,0
DA:2293,0
DA:2294,0
DA:2296,0
DA:2298,0
DA:2299,0
DA:2300,0
DA:2301,0
DA:2305,0
DA:2306,0
DA:2309,0
DA:2310,0
DA:2311,0
DA:2312,0
DA:2313,0
DA:2314,0
DA:2315,0
DA:2316,0
DA:2317,0
DA:2318,0
DA:2319,0
DA:2321,0
DA:2324,0
DA:2325,0
DA:2326,0
DA:2327,0
DA:2329,0
DA:2330,0
DA:2332,0
DA:2334,0
DA:2335,0
DA:2336,0
DA:2339,1
DA:2340,1
DA:2343,10
DA:2344,10
DA:2345,10
DA:2346,10
DA:2347,10
DA:2348,10
DA:2349,10
DA:2350,10
DA:2351,10
DA:2352,10
DA:2353,10
DA:2355,1
DA:2357,1
DA:2359,1
DA:2360,1
DA:2361,1
DA:2362,1
DA:2365,1
DA:2366,1
DA:2367,1
DA:2370,10
DA:2371,10
DA:2372,10
DA:2373,10
DA:2374,10
DA:2375,10
DA:2376,10
DA:2377,10
DA:2378,10
DA:2379,10
DA:2380,10
DA:2382,1
DA:2384,1
DA:2386,1
DA:2387,1
DA:2390,1
DA:2391,1
DA:2392,1
DA:2393,1
DA:2394,1
DA:2396,1
DA:2397,1
DA:2400,1
DA:2401,1
DA:2402,1
DA:2405,10
DA:2406,10
DA:2407,10
DA:2408,10
DA:2409,10
DA:2410,10
DA:2411,10
DA:2412,10
DA:2413,10
DA:2414,10
DA:2415,10
DA:2417,1
DA:2419,1
DA:2421,1
DA:2422,1
DA:2425,1
DA:2426,1
DA:2427,1
DA:2428,1
DA:2429,1
DA:2431,1
DA:2432,1
DA:2435,1
DA:2436,1
DA:2437,1
DA:2438,1
DA:2442,10
DA:2443,100
DA:2444,100
DA:2445,100
DA:2446,100
DA:2447,100
DA:2448,100
DA:2449,100
DA:2450,100
DA:2451,100
DA:2452,100
DA:2453,100
DA:2456,1
DA:2459,1
DA:2460,1
DA:2461,1
DA:2462,1
DA:2463,1
DA:2465,1
DA:2467,1
DA:2469,1
DA:2472,1
DA:2473,1
DA:2476,1
DA:2477,1
DA:2478,1
[...]
FNDA:0,_RNvMs0_NtNtCsjtGcTmf5uaK_4smmu5types18translation_resultNtB5_22TranslationDataBuilder11permissions
FNDA:0,_RNvMs0_NtNtCsjtGcTmf5uaK_4smmu5types18translation_resultNtB5_22TranslationDataBuilder14security_state
FNDA:0,_RNvMs0_NtNtCsjtGcTmf5uaK_4smmu5types18translation_resultNtB5_22TranslationDataBuilder16physical_address
FNDA:0,_RNvMs0_NtNtCsjtGcTmf5uaK_4smmu5types18translation_resultNtB5_22TranslationDataBuilder3new
FNDA:0,_RNvMs0_NtNtCsjtGcTmf5uaK_4smmu5types18translation_resultNtB5_22TranslationDataBuilder5build
FNDA:0,_RNvXs_NtNtCsjtGcTmf5uaK_4smmu5types18translation_resultNtB4_15TranslationDataNtNtCslH02haMvknO_4core7default7Default7default
FNDA:1,_RNvMNtNtCsjtGcTmf5uaK_4smmu5types18translation_resultNtB2_15TranslationData11permissionsB6_
FNDA:1,_RNvMNtNtCsjtGcTmf5uaK_4smmu5types18translation_resultNtB2_15TranslationData14security_stateB6_
FNDA:2,_RNvMNtNtCsjtGcTmf5uaK_4smmu5types18translation_resultNtB2_15TranslationData16physical_addressB6_
FNDA:2,_RNvMNtNtCsjtGcTmf5uaK_4smmu5types18translation_resultNtB2_15TranslationData3newB6_
FNDA:1,_RNvMNtNtCsjtGcTmf5uaK_4smmu5types18translation_resultNtB2_15TranslationData7with_paB6_
FNDA:3,_RNvMNtNtCs3zbRNdgKbV9_4smmu5types18translation_resultNtB2_15TranslationData11permissionsCsl1WWfhK9Un0_33test_stream_context_comprehensive
FNDA:3,_RNvMNtNtCs3zbRNdgKbV9_4smmu5types18translation_resultNtB2_15TranslationData16physical_addressCsl1WWfhK9Un0_33test_stream_context_comprehensive
FNDA:39,_RNvMNtNtCs3zbRNdgKbV9_4smmu5types18translation_resultNtB2_15TranslationData11permissionsCshPA8rXw2ptH_37test_translation_result_comprehensive
FNDA:35,_RNvMNtNtCs3zbRNdgKbV9_4smmu5types18translation_resultNtB2_15TranslationData14security_stateCshPA8rXw2ptH_37test_translation_result_comprehensive
FNDA:18,_RNvMNtNtCs3zbRNdgKbV9_4smmu5types18translation_resultNtB2_15TranslationData16physical_addressCshPA8rXw2ptH_37test_translation_result_comprehensive
FNDA:43,_RNvMNtNtCs3zbRNdgKbV9_4smmu5types18translation_resultNtB2_15TranslationData3newCshPA8rXw2ptH_37test_translation_result_comprehensive
FNDA:8,_RNvMNtNtCs3zbRNdgKbV9_4smmu5types18translation_resultNtB2_15TranslationData7builderCshPA8rXw2ptH_37test_translation_result_comprehensive
FNDA:7,_RNvMNtNtCs3zbRNdgKbV9_4smmu5types18translation_resultNtB2_15TranslationData7with_paCshPA8rXw2ptH_37test_translation_result_comprehensive
FNDA:10,_RNvMNtNtCs3zbRNdgKbV9_4smmu5types18translation_resultNtB2_15TranslationData16physical_addressCs5pHDvHE3BvS_18unit_address_space
FNDA:3,_RNvMNtNtCs3zbRNdgKbV9_4smmu5types18translation_resultNtB2_15TranslationData16physical_addressCs8LVvLdFWLD7_20unit_smmu_controller
FNDA:3,_RNvMNtNtCs3zbRNdgKbV9_4smmu5types18translation_resultNtB2_15TranslationData16physical_addressCsd1XPK65hwpq_19unit_stream_context
FNF:17
FNH:16
DA:131,344449
DA:132,344449
DA:133,344449
DA:134,344449
DA:135,344449
DA:136,344449
DA:137,344449
DA:138,344449
DA:139,344449
DA:140,344449
DA:141,344449
DA:152,8
DA:153,8
DA:154,8
DA:155,8
DA:156,8
DA:157,8
DA:158,8
DA:163,8
DA:164,8
DA:165,8
DA:170,14547
DA:171,14547
DA:172,14547
DA:177,46
DA:178,46
DA:179,46
DA:184,36
DA:185,36
DA:186,36
DA:190,1
DA:192,1
DA:193,1
DA:194,1
DA:196,1
DA:225,8
DA:226,8
DA:227,8
DA:228,8
DA:229,8
DA:230,8
DA:231,8
DA:235,6
DA:236,6
DA:237,6
DA:238,6
DA:242,5
DA:243,5
DA:244,5
DA:245,5
DA:249,3
DA:250,3
DA:251,3
DA:252,3
DA:260,8
DA:261,8
DA:262,8
DA:263,8
DA:264,8
DA:265,8
DA:266,8
DA:267,8
DA:268,8
DA:301,1
DA:302,1
DA:303,1
DA:304,1
DA:306,1
DA:307,1
DA:308,1
DA:309,1
DA:312,1
DA:313,1
DA:314,1
DA:315,1
DA:317,1
DA:318,1
DA:321,1
DA:322,1
DA:324,1
DA:325,1
DA:328,1
DA:329,1
DA:330,1
DA:332,1
DA:333,1
BRF:0
BRH:0
LF:87
LH:86
end_of_record
SF:/home/jpgreninger/Work/smmu/rust/smmu/src/types/translation_stage.rs
FN:34,_RNvMNtNtCs3zbRNdgKbV9_4smmu5types17translation_stageNtB2_16TranslationStage11uses_stage1B6_
FN:41,_RNvMNtNtCs3zbRNdgKbV9_4smmu5types17translation_stageNtB2_16TranslationStage11uses_stage2B6_
FN:48,_RNvMNtNtCs3zbRNdgKbV9_4smmu5types17translation_stageNtB2_16TranslationStage12is_two_stageB6_
FN:145,_RNvMNtNtCs3zbRNdgKbV9_4smmu5types17translation_stageNtB2_16TranslationStage14supports_pasidB6_
FN:62,_RNvMNtNtCs3zbRNdgKbV9_4smmu5types17translation_stageNtB2_16TranslationStage17const_uses_stage1B6_
FN:68,_RNvMNtNtCs3zbRNdgKbV9_4smmu5types17translation_stageNtB2_16TranslationStage17const_uses_stage2B6_
FN:74,_RNvMNtNtCs3zbRNdgKbV9_4smmu5types17translation_stageNtB2_16TranslationStage18const_is_two_stageB6_
FN:159,_RNvMNtNtCs3zbRNdgKbV9_4smmu5types17translation_stageNtB2_16TranslationStage18supports_page_sizeB6_
FN:152,_RNvMNtNtCs3zbRNdgKbV9_4smmu5types17translation_stageNtB2_16TranslationStage20requires_page_tablesB6_
FN:193,_RNvMNtNtCs3zbRNdgKbV9_4smmu5types17translation_stageNtB2_16TranslationStage22is_guest_address_spaceB6_
FN:186,_RNvMNtNtCs3zbRNdgKbV9_4smmu5types17translation_stageNtB2_16TranslationStage24is_process_address_spaceB6_
FN:200,_RNvMNtNtCs3zbRNdgKbV9_4smmu5types17translation_stageNtB2_16TranslationStage7to_bitsB6_
FN:55,_RNvMNtNtCs3zbRNdgKbV9_4smmu5types17translation_stageNtB2_16TranslationStage9is_bypassB6_
FN:166,_RNvMNtNtCs3zbRNdgKbV9_4smmu5types17translation_stageNtB2_16TranslationStage17can_transition_to
FN:80,_RNvMNtNtCs3zbRNdgKbV9_4smmu5types17translation_stageNtB2_16TranslationStage18input_address_type
FN:90,_RNvMNtNtCs3zbRNdgKbV9_4smmu5types17translation_stageNtB2_16TranslationStage19output_address_type
FN:216,_RNvMNtNtCs3zbRNdgKbV9_4smmu5types17translation_stageNtB2_16TranslationStage19validate_for_config
FN:133,_RNvMNtNtCs3zbRNdgKbV9_4smmu5types17translation_stageNtB2_16TranslationStage20translation_sequence
FN:104,_RNvMNtNtCs3zbRNdgKbV9_4smmu5types17translation_stageNtB2_16TranslationStage22validate_configuration
FN:96,_RNvMNtNtCs3zbRNdgKbV9_4smmu5types17translation_stageNtB2_16TranslationStage25intermediate_address_type
FN:205,_RNvMNtNtCs3zbRNdgKbV9_4smmu5types17translation_stageNtB2_16TranslationStage9from_bits
FN:236,_RNvXs0_NtNtCs3zbRNdgKbV9_4smmu5types17translation_stageNtB5_16TranslationStageNtNtCslH02haMvknO_4core7default7Default7default
FN:223,_RNvXs_NtNtCs3zbRNdgKbV9_4smmu5types17translation_stageNtB4_16TranslationStageNtNtCslH02haMvknO_4core3fmt7Display3fmt
FN:268,_RNvNtNtNtCsjtGcTmf5uaK_4smmu5types17translation_stage5testss_13test_encoding
FN:252,_RNvNtNtNtCsjtGcTmf5uaK_4smmu5types17translation_stage5testss_16test_stage_flags
FN:145,_RNvMNtNtCsjtGcTmf5uaK_4smmu5types17translation_stageNtB2_16TranslationStage14supports_pasidB6_
FN:166,_RNvMNtNtCsjtGcTmf5uaK_4smmu5types17translation_stageNtB2_16TranslationStage17can_transition_to
FN:62,_RNvMNtNtCsjtGcTmf5uaK_4smmu5types17translation_stageNtB2_16TranslationStage17const_uses_stage1B6_
FN:68,_RNvMNtNtCsjtGcTmf5uaK_4smmu5types17translation_stageNtB2_16TranslationStage17const_uses_stage2B6_
FN:74,_RNvMNtNtCsjtGcTmf5uaK_4smmu5types17translation_stageNtB2_16TranslationStage18const_is_two_stageB6_
FN:80,_RNvMNtNtCsjtGcTmf5uaK_4smmu5types17translation_stageNtB2_16TranslationStage18input_address_type
FN:159,_RNvMNtNtCsjtGcTmf5uaK_4smmu5types17translation_stageNtB2_16TranslationStage18supports_page_sizeB6_
FN:90,_RNvMNtNtCsjtGcTmf5uaK_4smmu5types17translation_stageNtB2_16TranslationStage19output_address_type
FN:216,_RNvMNtNtCsjtGcTmf5uaK_4smmu5types17translation_stageNtB2_16TranslationStage19validate_for_config
FN:152,_RNvMNtNtCsjtGcTmf5uaK_4smmu5types17translation_stageNtB2_16TranslationStage20requires_page_tablesB6_
FN:133,_RNvMNtNtCsjtGcTmf5uaK_4smmu5types17translation_stageNtB2_16TranslationStage20translation_sequence
FN:193,_RNvMNtNtCsjtGcTmf5uaK_4smmu5types17translation_stageNtB2_16TranslationStage22is_guest_address_spaceB6_
FN:104,_RNvMNtNtCsjtGcTmf5uaK_4smmu5types17translation_stageNtB2_16TranslationStage22validate_configuration
FN:186,_RNvMNtNtCsjtGcTmf5uaK_4smmu5types17translation_stageNtB2_16TranslationStage24is_process_address_spaceB6_
FN:96,_RNvMNtNtCsjtGcTmf5uaK_4smmu5types17translation_stageNtB2_16TranslationStage25intermediate_address_type
FN:205,_RNvMNtNtCsjtGcTmf5uaK_4smmu5types17translation_stageNtB2_16TranslationStage9from_bits
FN:55,_RNvMNtNtCsjtGcTmf5uaK_4smmu5types17translation_stageNtB2_16TranslationStage9is_bypassB6_
FN:236,_RNvXs0_NtNtCsjtGcTmf5uaK_4smmu5types17translation_stageNtB5_16TranslationStageNtNtCslH02haMvknO_4core7default7Default7default
FN:223,_RNvXs_NtNtCsjtGcTmf5uaK_4smmu5types17translation_stageNtB4_16TranslationStageNtNtCslH02haMvknO_4core3fmt7Display3fmt
FN:34,_RNvMNtNtCsjtGcTmf5uaK_4smmu5types17translation_stageNtB2_16TranslationStage11uses_stage1B6_
FN:41,_RNvMNtNtCsjtGcTmf5uaK_4smmu5types17translation_stageNtB2_16TranslationStage11uses_stage2B6_
FN:48,_RNvMNtNtCsjtGcTmf5uaK_4smmu5types17translation_stageNtB2_16TranslationStage12is_two_stageB6_
FN:200,_RNvMNtNtCsjtGcTmf5uaK_4smmu5types17translation_stageNtB2_16TranslationStage7to_bitsB6_
FN:34,_RNvMNtNtCs3zbRNdgKbV9_4smmu5types17translation_stageNtB2_16TranslationStage11uses_stage1CscJPrRnPUDXO_22test_translation_stage
FN:41,_RNvMNtNtCs3zbRNdgKbV9_4smmu5types17translation_stageNtB2_16TranslationStage11uses_stage2CscJPrRnPUDXO_22test_translation_stage
FN:48,_RNvMNtNtCs3zbRNdgKbV9_4smmu5types17translation_stageNtB2_16TranslationStage12is_two_stageCscJPrRnPUDXO_22test_translation_stage
FN:145,_RNvMNtNtCs3zbRNdgKbV9_4smmu5types17translation_stageNtB2_16TranslationStage14supports_pasidCscJPrRnPUDXO_22test_translation_stage
FN:62,_RNvMNtNtCs3zbRNdgKbV9_4smmu5types17translation_stageNtB2_16TranslationStage17const_uses_stage1CscJPrRnPUDXO_22test_translation_stage
FN:68,_RNvMNtNtCs3zbRNdgKbV9_4smmu5types17translation_stageNtB2_16TranslationStage17const_uses_stage2CscJPrRnPUDXO_22test_translation_stage
FN:74,_RNvMNtNtCs3zbRNdgKbV9_4smmu5types17translation_stageNtB2_16TranslationStage18const_is_two_stageCscJPrRnPUDXO_22test_translation_stage
FN:159,_RNvMNtNtCs3zbRNdgKbV9_4smmu5types17translation_stageNtB2_16TranslationStage18supports_page_sizeCscJPrRnPUDXO_22test_translation_stage
FN:152,_RNvMNtNtCs3zbRNdgKbV9_4smmu5types17translation_stageNtB2_16TranslationStage20requires_page_tablesCscJPrRnPUDXO_22test_translation_stage
FN:193,_RNvMNtNtCs3zbRNdgKbV9_4smmu5types17translation_stageNtB2_16TranslationStage22is_guest_address_spaceCscJPrRnPUDXO_22test_translation_stage
FN:186,_RNvMNtNtCs3zbRNdgKbV9_4smmu5types17translation_stageNtB2_16TranslationStage24is_process_address_spaceCscJPrRnPUDXO_22test_translation_stage
FN:200,_RNvMNtNtCs3zbRNdgKbV9_4smmu5types17translation_stageNtB2_16TranslationStage7to_bitsCscJPrRnPUDXO_22test_translation_stage
FN:55,_RNvMNtNtCs3zbRNdgKbV9_4smmu5types17translation_stageNtB2_16TranslationStage9is_bypassCscJPrRnPUDXO_22test_translation_stage
FNDA:0,_RNvMNtNtCs3zbRNdgKbV9_4smmu5types17translation_stageNtB2_16TranslationStage11uses_stage1B6_
FNDA:0,_RNvMNtNtCs3zbRNdgKbV9_4smmu5types17translation_stageNtB2_16TranslationStage11uses_stage2B6_
FNDA:0,_RNvMNtNtCs3zbRNdgKbV9_4smmu5types17translation_stageNtB2_16TranslationStage12is_two_stageB6_
FNDA:0,_RNvMNtNtCs3zbRNdgKbV9_4smmu5types17translation_stageNtB2_16TranslationStage14supports_pasidB6_
FNDA:0,_RNvMNtNtCs3zbRNdgKbV9_4smmu5types17translation_stageNtB2_16TranslationStage17const_uses_stage1B6_
FNDA:0,_RNvMNtNtCs3zbRNdgKbV9_4smmu5types17translation_stageNtB2_16TranslationStage17const_uses_stage2B6_
FNDA:0,_RNvMNtNtCs3zbRNdgKbV9_4smmu5types17translation_stageNtB2_16TranslationStage18const_is_two_stageB6_
FNDA:0,_RNvMNtNtCs3zbRNdgKbV9_4smmu5types17translation_stageNtB2_16TranslationStage18supports_page_sizeB6_
FNDA:0,_RNvMNtNtCs3zbRNdgKbV9_4smmu5types17translation_stageNtB2_16TranslationStage20requires_page_tablesB6_
FNDA:0,_RNvMNtNtCs3zbRNdgKbV9_4smmu5types17translation_stageNtB2_16TranslationStage22is_guest_address_spaceB6_
FNDA:0,_RNvMNtNtCs3zbRNdgKbV9_4smmu5types17translation_stageNtB2_16TranslationStage24is_process_address_spaceB6_
FNDA:0,_RNvMNtNtCs3zbRNdgKbV9_4smmu5types17translation_stageNtB2_16TranslationStage7to_bitsB6_
FNDA:0,_RNvMNtNtCs3zbRNdgKbV9_4smmu5types17translation_stageNtB2_16TranslationStage9is_bypassB6_
FNDA:32,_RNvMNtNtCs3zbRNdgKbV9_4smmu5types17translation_stageNtB2_16TranslationStage17can_transition_to
FNDA:9,_RNvMNtNtCs3zbRNdgKbV9_4smmu5types17translation_stageNtB2_16TranslationStage18input_address_type
FNDA:9,_RNvMNtNtCs3zbRNdgKbV9_4smmu5types17translation_stageNtB2_16TranslationStage19output_address_type
FNDA:5,_RNvMNtNtCs3zbRNdgKbV9_4smmu5types17translation_stageNtB2_16TranslationStage19validate_for_config
FNDA:8,_RNvMNtNtCs3zbRNdgKbV9_4smmu5types17translation_stageNtB2_16TranslationStage20translation_sequence
FNDA:14,_RNvMNtNtCs3zbRNdgKbV9_4smmu5types17translation_stageNtB2_16TranslationStage22validate_configuration
FNDA:11,_RNvMNtNtCs3zbRNdgKbV9_4smmu5types17translation_stageNtB2_16TranslationStage25intermediate_address_type
FNDA:270,_RNvMNtNtCs3zbRNdgKbV9_4smmu5types17translation_stageNtB2_16TranslationStage9from_bits
FNDA:1,_RNvXs0_NtNtCs3zbRNdgKbV9_4smmu5types17translation_stageNtB5_16TranslationStageNtNtCslH02haMvknO_4core7default7Default7default
FNDA:4,_RNvXs_NtNtCs3zbRNdgKbV9_4smmu5types17translation_stageNtB4_16TranslationStageNtNtCslH02haMvknO_4core3fmt7Display3fmt
FNDA:1,_RNvNtNtNtCsjtGcTmf5uaK_4smmu5types17translation_stage5testss_13test_encoding
FNDA:1,_RNvNtNtNtCsjtGcTmf5uaK_4smmu5types17translation_stage5testss_16test_stage_flags
FNDA:0,_RNvMNtNtCsjtGcTmf5uaK_4smmu5types17translation_stageNtB2_16TranslationStage14supports_pasidB6_
FNDA:0,_RNvMNtNtCsjtGcTmf5uaK_4smmu5types17translation_stageNtB2_16TranslationStage17can_transition_to
FNDA:0,_RNvMNtNtCsjtGcTmf5uaK_4smmu5types17translation_stageNtB2_16TranslationStage17const_uses_stage1B6_
FNDA:0,_RNvMNtNtCsjtGcTmf5uaK_4smmu5types17translation_stageNtB2_16TranslationStage17const_uses_stage2B6_
FNDA:0,_RNvMNtNtCsjtGcTmf5uaK_4smmu5types17translation_stageNtB2_16TranslationStage18const_is_two_stageB6_
FNDA:0,_RNvMNtNtCsjtGcTmf5uaK_4smmu5types17translation_stageNtB2_16TranslationStage18input_address_type
FNDA:0,_RNvMNtNtCsjtGcTmf5uaK_4smmu5types17translation_stageNtB2_16TranslationStage18supports_page_sizeB6_
FNDA:0,_RNvMNtNtCsjtGcTmf5uaK_4smmu5types17translation_stageNtB2_16TranslationStage19output_address_type
FNDA:0,_RNvMNtNtCsjtGcTmf5uaK_4smmu5types17translation_stageNtB2_16TranslationStage19validate_for_config
FNDA:0,_RNvMNtNtCsjtGcTmf5uaK_4smmu5types17translation_stageNtB2_16TranslationStage20requires_page_tablesB6_
FNDA:0,_RNvMNtNtCsjtGcTmf5uaK_4smmu5types17translation_stageNtB2_16TranslationStage20translation_sequence
FNDA:0,_RNvMNtNtCsjtGcTmf5uaK_4smmu5types17translation_stageNtB2_16TranslationStage22is_guest_address_spaceB6_
FNDA:0,_RNvMNtNtCsjtGcTmf5uaK_4smmu5types17translation_stageNtB2_16TranslationStage22validate_configuration
FNDA:0,_RNvMNtNtCsjtGcTmf5uaK_4smmu5types17translation_stageNtB2_16TranslationStage24is_process_address_spaceB6_
FNDA:0,_RNvMNtNtCsjtGcTmf5uaK_4smmu5types17translation_stageNtB2_16TranslationStage25intermediate_address_type
FNDA:0,_RNvMNtNtCsjtGcTmf5uaK_4smmu5types17translation_stageNtB2_16TranslationStage9from_bits
FNDA:0,_RNvMNtNtCsjtGcTmf5uaK_4smmu5types17translation_stageNtB2_16TranslationStage9is_bypassB6_
FNDA:0,_RNvXs0_NtNtCsjtGcTmf5uaK_4smmu5types17translation_stageNtB5_16TranslationStageNtNtCslH02haMvknO_4core7default7Default7default
FNDA:0,_RNvXs_NtNtCsjtGcTmf5uaK_4smmu5types17translation_stageNtB4_16TranslationStageNtNtCslH02haMvknO_4core3fmt7Display3fmt
FNDA:4,_RNvMNtNtCsjtGcTmf5uaK_4smmu5types17translation_stageNtB2_16TranslationStage11uses_stage1B6_
FNDA:4,_RNvMNtNtCsjtGcTmf5uaK_4smmu5types17translation_stageNtB2_16TranslationStage11uses_stage2B6_
FNDA:1,_RNvMNtNtCsjtGcTmf5uaK_4smmu5types17translation_stageNtB2_16TranslationStage12is_two_stageB6_
FNDA:4,_RNvMNtNtCsjtGcTmf5uaK_4smmu5types17translation_stageNtB2_16TranslationStage7to_bitsB6_
FNDA:10,_RNvMNtNtCs3zbRNdgKbV9_4smmu5types17translation_stageNtB2_16TranslationStage11uses_stage1CscJPrRnPUDXO_22test_translation_stage
FNDA:10,_RNvMNtNtCs3zbRNdgKbV9_4smmu5types17translation_stageNtB2_16TranslationStage11uses_stage2CscJPrRnPUDXO_22test_translation_stage
FNDA:9,_RNvMNtNtCs3zbRNdgKbV9_4smmu5types17translation_stageNtB2_16TranslationStage12is_two_stageCscJPrRnPUDXO_22test_translation_stage
FNDA:8,_RNvMNtNtCs3zbRNdgKbV9_4smmu5types17translation_stageNtB2_16TranslationStage14supports_pasidCscJPrRnPUDXO_22test_translation_stage
FNDA:2,_RNvMNtNtCs3zbRNdgKbV9_4smmu5types17translation_stageNtB2_16TranslationStage17const_uses_stage1CscJPrRnPUDXO_22test_translation_stage
FNDA:2,_RNvMNtNtCs3zbRNdgKbV9_4smmu5types17translation_stageNtB2_16TranslationStage17const_uses_stage2CscJPrRnPUDXO_22test_translation_stage
FNDA:1,_RNvMNtNtCs3zbRNdgKbV9_4smmu5types17translation_stageNtB2_16TranslationStage18const_is_two_stageCscJPrRnPUDXO_22test_translation_stage
FNDA:4,_RNvMNtNtCs3zbRNdgKbV9_4smmu5types17translation_stageNtB2_16TranslationStage18supports_page_sizeCscJPrRnPUDXO_22test_translation_stage
FNDA:8,_RNvMNtNtCs3zbRNdgKbV9_4smmu5types17translation_stageNtB2_16TranslationStage20requires_page_tablesCscJPrRnPUDXO_22test_translation_stage
FNDA:8,_RNvMNtNtCs3zbRNdgKbV9_4smmu5types17translation_stageNtB2_16TranslationStage22is_guest_address_spaceCscJPrRnPUDXO_22test_translation_stage
FNDA:8,_RNvMNtNtCs3zbRNdgKbV9_4smmu5types17translation_stageNtB2_16TranslationStage24is_process_address_spaceCscJPrRnPUDXO_22test_translation_stage
FNDA:10,_RNvMNtNtCs3zbRNdgKbV9_4smmu5types17translation_stageNtB2_16TranslationStage7to_bitsCscJPrRnPUDXO_22test_translation_stage
FNDA:9,_RNvMNtNtCs3zbRNdgKbV9_4smmu5types17translation_stageNtB2_16TranslationStage9is_bypassCscJPrRnPUDXO_22test_translation_stage
FNF:25
FNH:25
DA:34,14
DA:35,14
DA:36,14
DA:41,14
DA:42,14
DA:43,14
DA:48,10
DA:49,10
DA:50,10
DA:55,9
DA:56,9
DA:57,9
DA:62,2
DA:63,2
DA:64,2
DA:68,2
DA:69,2
DA:70,2
DA:74,1
DA:75,1
DA:76,1
DA:80,9
DA:81,9
DA:82,3
DA:83,4
DA:84,2
DA:86,9
DA:90,9
DA:91,9
DA:92,9
DA:96,11
DA:97,11
DA:98,3
DA:99,8
DA:101,11
DA:104,14
DA:105,14
DA:106,4
DA:108,3
DA:109,2
DA:111,1
DA:115,3
DA:116,2
DA:118,1
DA:122,4
DA:123,1
DA:125,3
DA:129,14
DA:133,8
DA:134,8
DA:135,2
DA:136,2
DA:137,2
DA:138,2
DA:140,8
DA:145,8
DA:146,8
DA:147,8
DA:152,8
DA:153,8
DA:154,8
DA:159,4
DA:161,4
DA:162,4
DA:166,32
DA:167,32
DA:169,32
DA:171,6
DA:173,6
DA:175,2
DA:177,2
DA:179,8
DA:181,32
DA:186,8
DA:187,8
DA:188,8
DA:193,8
DA:194,8
DA:195,8
DA:200,14
DA:201,14
DA:202,14
DA:205,270
DA:206,270
DA:207,2
DA:208,2
DA:209,2
DA:210,3
DA:211,261
DA:213,270
DA:216,5
DA:218,5
DA:219,5
DA:223,4
DA:224,4
DA:225,1
DA:226,1
DA:227,1
DA:228,1
DA:230,4
DA:231,4
DA:236,1
DA:237,1
DA:238,1
DA:252,1
DA:253,1
DA:254,1
DA:256,1
DA:257,1
DA:259,1
DA:260,1
DA:262,1
DA:263,1
DA:264,1
DA:265,1
DA:268,1
DA:269,1
DA:270,1
DA:271,1
DA:272,1
DA:273,1
BRF:0
BRH:0
LF:121
LH:121
end_of_record
SF:/home/jpgreninger/Work/smmu/rust/smmu/src/types/validation_error.rs
FN:129,_RNvMNtNtCs3zbRNdgKbV9_4smmu5types16validation_errorNtB2_15ValidationError3new
FN:139,_RNvXs_NtNtCs3zbRNdgKbV9_4smmu5types16validation_errorNtB4_15ValidationErrorNtNtCslH02haMvknO_4core3fmt7Display3fmt
FN:129,_RNvMNtNtCsjtGcTmf5uaK_4smmu5types16validation_errorNtB2_15ValidationError3new
FN:139,_RNvXs_NtNtCsjtGcTmf5uaK_4smmu5types16validation_errorNtB4_15ValidationErrorNtNtCslH02haMvknO_4core3fmt7Display3fmt
FNDA:33,_RNvMNtNtCs3zbRNdgKbV9_4smmu5types16validation_errorNtB2_15ValidationError3new
FNDA:45,_RNvXs_NtNtCs3zbRNdgKbV9_4smmu5types16validation_errorNtB4_15ValidationErrorNtNtCslH02haMvknO_4core3fmt7Display3fmt
FNDA:0,_RNvMNtNtCsjtGcTmf5uaK_4smmu5types16validation_errorNtB2_15ValidationError3new
FNDA:0,_RNvXs_NtNtCsjtGcTmf5uaK_4smmu5types16validation_errorNtB4_15ValidationErrorNtNtCslH02haMvknO_4core3fmt7Display3fmt
FNF:2
FNH:2
DA:129,33
DA:130,33
DA:131,33
DA:132,33
DA:133,33
DA:134,33
DA:135,33
DA:139,45
DA:140,45
DA:141,5
DA:142,5
DA:143,5
DA:149,3
DA:150,3
DA:152,3
DA:153,3
DA:158,3
DA:159,3
DA:161,3
DA:162,3
DA:164,3
DA:165,3
DA:167,3
DA:168,3
DA:170,3
DA:171,3
DA:174,3
DA:175,3
DA:177,3
DA:178,3
DA:184,3
DA:185,3
DA:187,3
DA:188,3
DA:193,4
DA:194,4
DA:196,4
DA:197,4
DA:200,8
DA:201,8
DA:202,8
DA:204,8
DA:205,8
DA:211,45
BRF:0
BRH:0
LF:44
LH:44
end_of_record