SF:/home/jpgreninger/Work/smmu/rust/smmu/src/address_space/mod.rs
FN:1107,_RNCNvMs6_NtCs3zbRNdgKbV9_4smmu13address_spaceNtB7_12AddressSpace4iter0B9_
FN:1120,_RNCNvMs6_NtCs3zbRNdgKbV9_4smmu13address_spaceNtB7_12AddressSpace8iter_mut0B9_
FN:943,_RNCNvMs6_NtCs3zbRNdgKbV9_4smmu13address_spaceNtB7_12AddressSpace11unmap_pages0B9_
FN:824,_RNCNvMs6_NtCs3zbRNdgKbV9_4smmu13address_spaceNtB7_12AddressSpace11unmap_range0B9_
FN:1331,_RNCNvMs6_NtCs3zbRNdgKbV9_4smmu13address_spaceNtB7_12AddressSpace14is_invalidated0B9_
FN:1224,_RNCNvMs6_NtCs3zbRNdgKbV9_4smmu13address_spaceNtB7_12AddressSpace19unmap_pages_batched0B9_
FN:641,_RNCNvMs6_NtCs3zbRNdgKbV9_4smmu13address_spaceNtB7_12AddressSpace20get_page_permissions0B9_
FN:1283,_RNCNvMs6_NtCs3zbRNdgKbV9_4smmu13address_spaceNtB7_12AddressSpace22invalidate_page_atomic0B9_
FN:1299,_RNCNvMs6_NtCs3zbRNdgKbV9_4smmu13address_spaceNtB7_12AddressSpace23invalidate_range_atomic0B9_
FN:1087,_RNCNvMs6_NtCs3zbRNdgKbV9_4smmu13address_spaceNtB7_12AddressSpace24has_overlapping_mappings0B9_
FN:1368,_RNCNvMs6_NtCs3zbRNdgKbV9_4smmu13address_spaceNtB7_12AddressSpace27compare_exchange_invalidate0B9_
FN:1340,_RNCNvMs6_NtCs3zbRNdgKbV9_4smmu13address_spaceNtB7_12AddressSpace28is_invalidated_with_ordering0B9_
FN:1321,_RNCNvMs6_NtCs3zbRNdgKbV9_4smmu13address_spaceNtB7_12AddressSpace29invalidate_page_with_ordering0B9_
FN:328,_RNCNvXs5_NtCs3zbRNdgKbV9_4smmu13address_spaceNtB7_12AddressSpaceNtNtCslH02haMvknO_4core5clone5Clone5clone0B9_
FN:86,_RNvMNtCs3zbRNdgKbV9_4smmu13address_spaceNtB2_12AddressRange3new
FN:144,_RNvMs1_NtCs3zbRNdgKbV9_4smmu13address_spaceNtB5_8PageInfo11page_number
FN:138,_RNvMs1_NtCs3zbRNdgKbV9_4smmu13address_spaceNtB5_8PageInfo4iova
FN:177,_RNvMs2_NtCs3zbRNdgKbV9_4smmu13address_spaceNtB5_12PageEntryRef11permissions
FN:183,_RNvMs2_NtCs3zbRNdgKbV9_4smmu13address_spaceNtB5_12PageEntryRef14security_state
FN:171,_RNvMs2_NtCs3zbRNdgKbV9_4smmu13address_spaceNtB5_12PageEntryRef16physical_address
FN:159,_RNvMs2_NtCs3zbRNdgKbV9_4smmu13address_spaceNtB5_12PageEntryRef4iova
FN:165,_RNvMs2_NtCs3zbRNdgKbV9_4smmu13address_spaceNtB5_12PageEntryRef5entry
FN:209,_RNvMs3_NtCs3zbRNdgKbV9_4smmu13address_spaceNtB5_15PageEntryMutRef11permissions
FN:203,_RNvMs3_NtCs3zbRNdgKbV9_4smmu13address_spaceNtB5_15PageEntryMutRef15set_permissions
FN:198,_RNvMs3_NtCs3zbRNdgKbV9_4smmu13address_spaceNtB5_15PageEntryMutRef4iova
FN:236,_RNvMs4_NtCs3zbRNdgKbV9_4smmu13address_spaceNtB5_17AddressSpaceQuery10page_count
FN:254,_RNvMs4_NtCs3zbRNdgKbV9_4smmu13address_spaceNtB5_17AddressSpaceQuery16range_statistics
FN:248,_RNvMs4_NtCs3zbRNdgKbV9_4smmu13address_spaceNtB5_17AddressSpaceQuery4iter
FN:242,_RNvMs4_NtCs3zbRNdgKbV9_4smmu13address_spaceNtB5_17AddressSpaceQuery9is_mapped
FN:1137,_RNvMs6_NtCs3zbRNdgKbV9_4smmu13address_spaceNtB5_12AddressSpace10query_page
FN:471,_RNvMs6_NtCs3zbRNdgKbV9_4smmu13address_spaceNtB5_12AddressSpace10unmap_page
FN:1404,_RNvMs6_NtCs3zbRNdgKbV9_4smmu13address_spaceNtB5_12AddressSpace11page_numberB7_
FN:930,_RNvMs6_NtCs3zbRNdgKbV9_4smmu13address_spaceNtB5_12AddressSpace11unmap_pages
FN:799,_RNvMs6_NtCs3zbRNdgKbV9_4smmu13address_spaceNtB5_12AddressSpace11unmap_range
FN:368,_RNvMs6_NtCs3zbRNdgKbV9_4smmu13address_spaceNtB5_12AddressSpace13with_capacity
FN:666,_RNvMs6_NtCs3zbRNdgKbV9_4smmu13address_spaceNtB5_12AddressSpace14get_page_count
FN:1396,_RNvMs6_NtCs3zbRNdgKbV9_4smmu13address_spaceNtB5_12AddressSpace14invalidate_all
FN:1327,_RNvMs6_NtCs3zbRNdgKbV9_4smmu13address_spaceNtB5_12AddressSpace14is_invalidated
FN:589,_RNvMs6_NtCs3zbRNdgKbV9_4smmu13address_spaceNtB5_12AddressSpace14is_page_mapped
FN:522,_RNvMs6_NtCs3zbRNdgKbV9_4smmu13address_spaceNtB5_12AddressSpace14translate_page
FN:1379,_RNvMs6_NtCs3zbRNdgKbV9_4smmu13address_spaceNtB5_12AddressSpace15invalidate_page
FN:1388,_RNvMs6_NtCs3zbRNdgKbV9_4smmu13address_spaceNtB5_12AddressSpace16invalidate_range
FN:1410,_RNvMs6_NtCs3zbRNdgKbV9_4smmu13address_spaceNtB5_12AddressSpace17check_permissionsB7_
FN:979,_RNvMs6_NtCs3zbRNdgKbV9_4smmu13address_spaceNtB5_12AddressSpace17get_mapped_ranges
FN:1169,_RNvMs6_NtCs3zbRNdgKbV9_4smmu13address_spaceNtB5_12AddressSpace17map_pages_batched
FN:1211,_RNvMs6_NtCs3zbRNdgKbV9_4smmu13address_spaceNtB5_12AddressSpace19unmap_pages_batched
FN:629,_RNvMs6_NtCs3zbRNdgKbV9_4smmu13address_spaceNtB5_12AddressSpace20get_page_permissions
FN:1040,_RNvMs6_NtCs3zbRNdgKbV9_4smmu13address_spaceNtB5_12AddressSpace22get_address_space_size
FN:1273,_RNvMs6_NtCs3zbRNdgKbV9_4smmu13address_spaceNtB5_12AddressSpace22invalidate_page_atomic
FN:1290,_RNvMs6_NtCs3zbRNdgKbV9_4smmu13address_spaceNtB5_12AddressSpace23invalidate_range_atomic
FN:1345,_RNvMs6_NtCs3zbRNdgKbV9_4smmu13address_spaceNtB5_12AddressSpace23invalidation_generation
FN:1079,_RNvMs6_NtCs3zbRNdgKbV9_4smmu13address_spaceNtB5_12AddressSpace24has_overlapping_mappings
FN:1240,_RNvMs6_NtCs3zbRNdgKbV9_4smmu13address_spaceNtB5_12AddressSpace26update_permissions_batched
FN:1353,_RNvMs6_NtCs3zbRNdgKbV9_4smmu13address_spaceNtB5_12AddressSpace27compare_exchange_invalidate
FN:1336,_RNvMs6_NtCs3zbRNdgKbV9_4smmu13address_spaceNtB5_12AddressSpace28is_invalidated_with_ordering
FN:1314,_RNvMs6_NtCs3zbRNdgKbV9_4smmu13address_spaceNtB5_12AddressSpace29invalidate_page_with_ordering
FN:346,_RNvMs6_NtCs3zbRNdgKbV9_4smmu13address_spaceNtB5_12AddressSpace3new
FN:1106,_RNvMs6_NtCs3zbRNdgKbV9_4smmu13address_spaceNtB5_12AddressSpace4iter
FN:692,_RNvMs6_NtCs3zbRNdgKbV9_4smmu13address_spaceNtB5_12AddressSpace5clear
FN:1131,_RNvMs6_NtCs3zbRNdgKbV9_4smmu13address_spaceNtB5_12AddressSpace5query
FN:1119,_RNvMs6_NtCs3zbRNdgKbV9_4smmu13address_spaceNtB5_12AddressSpace8iter_mut
FN:407,_RNvMs6_NtCs3zbRNdgKbV9_4smmu13address_spaceNtB5_12AddressSpace8map_page
FN:866,_RNvMs6_NtCs3zbRNdgKbV9_4smmu13address_spaceNtB5_12AddressSpace9map_pages
FN:723,_RNvMs6_NtCs3zbRNdgKbV9_4smmu13address_spaceNtB5_12AddressSpace9map_range
FN:120,_RNvXs0_NtCs3zbRNdgKbV9_4smmu13address_spaceNtB5_12AddressRangeNtNtNtNtCslH02haMvknO_4core4iter6traits7collect12IntoIterator9into_iter
FN:319,_RNvXs5_NtCs3zbRNdgKbV9_4smmu13address_spaceNtB5_12AddressSpaceNtNtCslH02haMvknO_4core5clone5Clone5clone
FN:1416,_RNvXs7_NtCs3zbRNdgKbV9_4smmu13address_spaceNtB5_12AddressSpaceNtNtCslH02haMvknO_4core7default7Default7default
FN:101,_RNvXs_NtCs3zbRNdgKbV9_4smmu13address_spaceNtB4_20AddressRangeIteratorNtNtNtNtCslH02haMvknO_4core4iter6traits8iterator8Iterator4next
FNDA:0,_RNCNvMs6_NtCs3zbRNdgKbV9_4smmu13address_spaceNtB7_12AddressSpace4iter0B9_
FNDA:0,_RNCNvMs6_NtCs3zbRNdgKbV9_4smmu13address_spaceNtB7_12AddressSpace8iter_mut0B9_
FNDA:0,_RNCNvMs6_NtCs3zbRNdgKbV9_4smmu13address_spaceNtB7_12AddressSpace11unmap_pages0B9_
FNDA:0,_RNCNvMs6_NtCs3zbRNdgKbV9_4smmu13address_spaceNtB7_12AddressSpace11unmap_range0B9_
FNDA:0,_RNCNvMs6_NtCs3zbRNdgKbV9_4smmu13address_spaceNtB7_12AddressSpace14is_invalidated0B9_
FNDA:0,_RNCNvMs6_NtCs3zbRNdgKbV9_4smmu13address_spaceNtB7_12AddressSpace19unmap_pages_batched0B9_
FNDA:0,_RNCNvMs6_NtCs3zbRNdgKbV9_4smmu13address_spaceNtB7_12AddressSpace20get_page_permissions0B9_
FNDA:0,_RNCNvMs6_NtCs3zbRNdgKbV9_4smmu13address_spaceNtB7_12AddressSpace22invalidate_page_atomic0B9_
FNDA:0,_RNCNvMs6_NtCs3zbRNdgKbV9_4smmu13address_spaceNtB7_12AddressSpace23invalidate_range_atomic0B9_
FNDA:0,_RNCNvMs6_NtCs3zbRNdgKbV9_4smmu13address_spaceNtB7_12AddressSpace24has_overlapping_mappings0B9_
FNDA:0,_RNCNvMs6_NtCs3zbRNdgKbV9_4smmu13address_spaceNtB7_12AddressSpace27compare_exchange_invalidate0B9_
FNDA:0,_RNCNvMs6_NtCs3zbRNdgKbV9_4smmu13address_spaceNtB7_12AddressSpace28is_invalidated_with_ordering0B9_
FNDA:0,_RNCNvMs6_NtCs3zbRNdgKbV9_4smmu13address_spaceNtB7_12AddressSpace29invalidate_page_with_ordering0B9_
FNDA:0,_RNCNvXs5_NtCs3zbRNdgKbV9_4smmu13address_spaceNtB7_12AddressSpaceNtNtCslH02haMvknO_4core5clone5Clone5clone0B9_
FNDA:0,_RNvMNtCs3zbRNdgKbV9_4smmu13address_spaceNtB2_12AddressRange3new
FNDA:0,_RNvMs1_NtCs3zbRNdgKbV9_4smmu13address_spaceNtB5_8PageInfo11page_number
FNDA:0,_RNvMs1_NtCs3zbRNdgKbV9_4smmu13address_spaceNtB5_8PageInfo4iova
FNDA:0,_RNvMs2_NtCs3zbRNdgKbV9_4smmu13address_spaceNtB5_12PageEntryRef11permissions
FNDA:0,_RNvMs2_NtCs3zbRNdgKbV9_4smmu13address_spaceNtB5_12PageEntryRef14security_state
FNDA:0,_RNvMs2_NtCs3zbRNdgKbV9_4smmu13address_spaceNtB5_12PageEntryRef16physical_address
FNDA:0,_RNvMs2_NtCs3zbRNdgKbV9_4smmu13address_spaceNtB5_12PageEntryRef4iova
FNDA:0,_RNvMs2_NtCs3zbRNdgKbV9_4smmu13address_spaceNtB5_12PageEntryRef5entry
FNDA:0,_RNvMs3_NtCs3zbRNdgKbV9_4smmu13address_spaceNtB5_15PageEntryMutRef11permissions
FNDA:0,_RNvMs3_NtCs3zbRNdgKbV9_4smmu13address_spaceNtB5_15PageEntryMutRef15set_permissions
FNDA:0,_RNvMs3_NtCs3zbRNdgKbV9_4smmu13address_spaceNtB5_15PageEntryMutRef4iova
FNDA:0,_RNvMs4_NtCs3zbRNdgKbV9_4smmu13address_spaceNtB5_17AddressSpaceQuery10page_count
FNDA:0,_RNvMs4_NtCs3zbRNdgKbV9_4smmu13address_spaceNtB5_17AddressSpaceQuery16range_statistics
FNDA:0,_RNvMs4_NtCs3zbRNdgKbV9_4smmu13address_spaceNtB5_17AddressSpaceQuery4iter
FNDA:0,_RNvMs4_NtCs3zbRNdgKbV9_4smmu13address_spaceNtB5_17AddressSpaceQuery9is_mapped
FNDA:0,_RNvMs6_NtCs3zbRNdgKbV9_4smmu13address_spaceNtB5_12AddressSpace10query_page
FNDA:0,_RNvMs6_NtCs3zbRNdgKbV9_4smmu13address_spaceNtB5_12AddressSpace10unmap_page
FNDA:0,_RNvMs6_NtCs3zbRNdgKbV9_4smmu13address_spaceNtB5_12AddressSpace11page_numberB7_
FNDA:0,_RNvMs6_NtCs3zbRNdgKbV9_4smmu13address_spaceNtB5_12AddressSpace11unmap_pages
FNDA:0,_RNvMs6_NtCs3zbRNdgKbV9_4smmu13address_spaceNtB5_12AddressSpace11unmap_range
FNDA:0,_RNvMs6_NtCs3zbRNdgKbV9_4smmu13address_spaceNtB5_12AddressSpace13with_capacity
FNDA:0,_RNvMs6_NtCs3zbRNdgKbV9_4smmu13address_spaceNtB5_12AddressSpace14get_page_count
FNDA:0,_RNvMs6_NtCs3zbRNdgKbV9_4smmu13address_spaceNtB5_12AddressSpace14invalidate_all
FNDA:0,_RNvMs6_NtCs3zbRNdgKbV9_4smmu13address_spaceNtB5_12AddressSpace14is_invalidated
FNDA:0,_RNvMs6_NtCs3zbRNdgKbV9_4smmu13address_spaceNtB5_12AddressSpace14is_page_mapped
FNDA:0,_RNvMs6_NtCs3zbRNdgKbV9_4smmu13address_spaceNtB5_12AddressSpace14translate_page
FNDA:0,_RNvMs6_NtCs3zbRNdgKbV9_4smmu13address_spaceNtB5_12AddressSpace15invalidate_page
FNDA:0,_RNvMs6_NtCs3zbRNdgKbV9_4smmu13address_spaceNtB5_12AddressSpace16invalidate_range
FNDA:0,_RNvMs6_NtCs3zbRNdgKbV9_4smmu13address_spaceNtB5_12AddressSpace17check_permissionsB7_
FNDA:0,_RNvMs6_NtCs3zbRNdgKbV9_4smmu13address_spaceNtB5_12AddressSpace17get_mapped_ranges
FNDA:0,_RNvMs6_NtCs3zbRNdgKbV9_4smmu13address_spaceNtB5_12AddressSpace17map_pages_batched
FNDA:0,_RNvMs6_NtCs3zbRNdgKbV9_4smmu13address_spaceNtB5_12AddressSpace19unmap_pages_batched
FNDA:0,_RNvMs6_NtCs3zbRNdgKbV9_4smmu13address_spaceNtB5_12AddressSpace20get_page_permissions
FNDA:0,_RNvMs6_NtCs3zbRNdgKbV9_4smmu13address_spaceNtB5_12AddressSpace22get_address_space_size
FNDA:0,_RNvMs6_NtCs3zbRNdgKbV9_4smmu13address_spaceNtB5_12AddressSpace22invalidate_page_atomic
FNDA:0,_RNvMs6_NtCs3zbRNdgKbV9_4smmu13address_spaceNtB5_12AddressSpace23invalidate_range_atomic
FNDA:0,_RNvMs6_NtCs3zbRNdgKbV9_4smmu13address_spaceNtB5_12AddressSpace23invalidation_generation
FNDA:0,_RNvMs6_NtCs3zbRNdgKbV9_4smmu13address_spaceNtB5_12AddressSpace24has_overlapping_mappings
FNDA:0,_RNvMs6_NtCs3zbRNdgKbV9_4smmu13address_spaceNtB5_12AddressSpace26update_permissions_batched
FNDA:0,_RNvMs6_NtCs3zbRNdgKbV9_4smmu13address_spaceNtB5_12AddressSpace27compare_exchange_invalidate
FNDA:0,_RNvMs6_NtCs3zbRNdgKbV9_4smmu13address_spaceNtB5_12AddressSpace28is_invalidated_with_ordering
FNDA:0,_RNvMs6_NtCs3zbRNdgKbV9_4smmu13address_spaceNtB5_12AddressSpace29invalidate_page_with_ordering
FNDA:0,_RNvMs6_NtCs3zbRNdgKbV9_4smmu13address_spaceNtB5_12AddressSpace3new
FNDA:0,_RNvMs6_NtCs3zbRNdgKbV9_4smmu13address_spaceNtB5_12AddressSpace4iter
FNDA:0,_RNvMs6_NtCs3zbRNdgKbV9_4smmu13address_spaceNtB5_12AddressSpace5clear
FNDA:0,_RNvMs6_NtCs3zbRNdgKbV9_4smmu13address_spaceNtB5_12AddressSpace5query
FNDA:0,_RNvMs6_NtCs3zbRNdgKbV9_4smmu13address_spaceNtB5_12AddressSpace8iter_mut
FNDA:0,_RNvMs6_NtCs3zbRNdgKbV9_4smmu13address_spaceNtB5_12AddressSpace8map_page
FNDA:0,_RNvMs6_NtCs3zbRNdgKbV9_4smmu13address_spaceNtB5_12AddressSpace9map_pages
FNDA:0,_RNvMs6_NtCs3zbRNdgKbV9_4smmu13address_spaceNtB5_12AddressSpace9map_range
FNDA:0,_RNvXs0_NtCs3zbRNdgKbV9_4smmu13address_spaceNtB5_12AddressRangeNtNtNtNtCslH02haMvknO_4core4iter6traits7collect12IntoIterator9into_iter
FNDA:0,_RNvXs5_NtCs3zbRNdgKbV9_4smmu13address_spaceNtB5_12AddressSpaceNtNtCslH02haMvknO_4core5clone5Clone5clone
FNDA:0,_RNvXs7_NtCs3zbRNdgKbV9_4smmu13address_spaceNtB5_12AddressSpaceNtNtCslH02haMvknO_4core7default7Default7default
FNDA:0,_RNvXs_NtCs3zbRNdgKbV9_4smmu13address_spaceNtB4_20AddressRangeIteratorNtNtNtNtCslH02haMvknO_4core4iter6traits8iterator8Iterator4next
FNF:68
FNH:0
DA:86,0
DA:87,0
DA:88,0
DA:101,0
DA:102,0
DA:103,0
DA:104,0
DA:105,0
DA:106,0
DA:107,0
DA:108,0
DA:109,0
DA:111,0
DA:113,0
DA:120,0
DA:121,0
DA:122,0
DA:123,0
DA:124,0
DA:125,0
DA:138,0
DA:139,0
DA:140,0
DA:144,0
DA:145,0
DA:146,0
DA:159,0
DA:160,0
DA:161,0
DA:165,0
DA:166,0
DA:167,0
DA:171,0
DA:172,0
DA:173,0
DA:177,0
DA:178,0
DA:179,0
DA:183,0
DA:184,0
DA:185,0
DA:198,0
DA:199,0
DA:200,0
DA:203,0
DA:204,0
DA:205,0
DA:209,0
DA:210,0
DA:211,0
DA:236,0
DA:237,0
DA:238,0
DA:242,0
DA:243,0
DA:244,0
DA:245,0
DA:248,0
DA:249,0
DA:250,0
DA:254,0
DA:255,0
DA:256,0
DA:258,0
DA:260,0
DA:261,0
DA:262,0
DA:263,0
DA:264,0
DA:265,0
DA:266,0
DA:267,0
DA:268,0
DA:269,0
DA:270,0
DA:271,0
DA:272,0
DA:275,0
DA:276,0
DA:319,0
DA:321,0
DA:322,0
DA:323,0
DA:325,0
DA:326,0
DA:327,0
DA:328,0
DA:329,0
DA:331,0
DA:346,0
DA:347,0
DA:348,0
DA:349,0
DA:350,0
DA:351,0
DA:352,0
DA:368,0
DA:369,0
DA:370,0
DA:371,0
DA:372,0
DA:373,0
DA:374,0
DA:407,0
DA:408,0
DA:409,0
DA:410,0
DA:411,0
DA:412,0
DA:413,0
DA:415,0
DA:416,0
DA:417,0
DA:418,0
DA:419,0
DA:422,0
DA:423,0
DA:424,0
DA:427,0
DA:428,0
DA:429,0
DA:432,0
DA:435,0
DA:438,0
DA:441,0
DA:443,0
DA:444,0
DA:471,0
DA:473,0
DA:474,0
DA:475,0
DA:476,0
DA:477,0
DA:479,0
DA:482,0
DA:483,0
DA:484,0
DA:487,0
DA:489,0
DA:490,0
DA:522,0
DA:523,0
DA:524,0
DA:525,0
DA:526,0
DA:527,0
DA:528,0
DA:531,0
DA:532,0
DA:533,0
DA:534,0
DA:537,0
DA:538,0
DA:539,0
DA:542,0
DA:543,0
DA:544,0
DA:547,0
DA:548,0
DA:549,0
DA:552,0
DA:553,0
DA:556,0
DA:557,0
DA:558,0
DA:559,0
DA:560,0
DA:561,0
DA:589,0
DA:591,0
DA:592,0
DA:593,0
DA:594,0
DA:595,0
DA:597,0
DA:598,0
DA:599,0
DA:629,0
DA:631,0
DA:632,0
DA:633,0
DA:634,0
DA:635,0
DA:637,0
DA:639,0
DA:640,0
DA:641,0
DA:642,0
DA:643,0
DA:666,0
DA:667,0
DA:668,0
DA:692,0
DA:693,0
DA:694,0
DA:695,0
DA:723,0
DA:724,0
DA:725,0
DA:726,0
DA:727,0
DA:728,0
DA:729,0
DA:731,0
DA:732,0
DA:733,0
DA:734,0
DA:735,0
DA:738,0
DA:739,0
DA:740,0
DA:741,0
DA:742,0
DA:744,0
DA:745,0
DA:746,0
DA:747,0
DA:748,0
DA:751,0
DA:752,0
DA:753,0
DA:756,0
DA:757,0
DA:760,0
DA:761,0
DA:764,0
DA:765,0
DA:766,0
DA:767,0
DA:768,0
DA:769,0
DA:771,0
DA:772,0
DA:799,0
DA:800,0
DA:801,0
DA:802,0
DA:803,0
DA:805,0
DA:806,0
DA:807,0
DA:808,0
DA:809,0
DA:812,0
DA:813,0
DA:814,0
DA:815,0
DA:816,0
DA:819,0
DA:820,0
DA:823,0
DA:824,0
DA:826,0
DA:827,0
DA:828,0
DA:831,0
DA:832,0
DA:833,0
DA:835,0
DA:836,0
DA:866,0
DA:867,0
DA:868,0
DA:869,0
DA:870,0
DA:872,0
DA:873,0
DA:874,0
DA:877,0
DA:880,0
DA:881,0
DA:882,0
DA:883,0
DA:884,0
DA:885,0
DA:886,0
DA:887,0
DA:888,0
DA:892,0
DA:893,0
DA:894,0
DA:895,0
DA:896,0
DA:897,0
DA:899,0
DA:900,0
DA:930,0
DA:932,0
DA:933,0
DA:934,0
DA:935,0
DA:936,0
DA:937,0
DA:941,0
DA:942,0
DA:943,0
DA:945,0
DA:946,0
DA:947,0
DA:950,0
DA:951,0
DA:952,0
DA:953,0
DA:955,0
DA:956,0
DA:979,0
DA:980,0
DA:982,0
DA:983,0
DA:984,0
DA:987,0
DA:988,0
DA:991,0
DA:992,0
DA:994,0
DA:995,0
DA:997,0
DA:998,0
DA:999,0
DA:1000,0
DA:1001,0
DA:1002,0
DA:1003,0
DA:1004,0
DA:1005,0
DA:1006,0
DA:1007,0
DA:1008,0
DA:1012,0
DA:1013,0
DA:1014,0
DA:1017,0
DA:1018,0
DA:1040,0
DA:1041,0
DA:1042,0
DA:1043,0
DA:1045,0
DA:1046,0
DA:1048,0
DA:1049,0
DA:1051,0
DA:1052,0
DA:1079,0
DA:1080,0
DA:1081,0
DA:1082,0
DA:1084,0
DA:1085,0
DA:1087,0
DA:1088,0
DA:1106,0
DA:1107,0
DA:1108,0
DA:1109,0
DA:1110,0
DA:1111,0
DA:1112,0
DA:1113,0
DA:1114,0
DA:1119,0
DA:1120,0
DA:1121,0
DA:1122,0
DA:1123,0
DA:1124,0
DA:1131,0
DA:1132,0
DA:1133,0
DA:1137,0
DA:1138,0
DA:1139,0
DA:1140,0
DA:1169,0
DA:1170,0
DA:1171,0
DA:1172,0
DA:1173,0
DA:1175,0
DA:1176,0
DA:1177,0
DA:1180,0
DA:1183,0
DA:1184,0
DA:1185,0
DA:1186,0
DA:1187,0
DA:1188,0
DA:1189,0
DA:1190,0
DA:1191,0
DA:1193,0
DA:1194,0
DA:1195,0
DA:1196,0
DA:1200,0
DA:1203,0
DA:1204,0
DA:1205,0
DA:1207,0
DA:1208,0
DA:1211,0
DA:1213,0
DA:1214,0
DA:1215,0
DA:1216,0
DA:1217,0
DA:1218,0
DA:1222,0
DA:1223,0
DA:1224,0
DA:1226,0
DA:1227,0
DA:1228,0
DA:1231,0
DA:1232,0
DA:1233,0
DA:1234,0
DA:1236,0
DA:1237,0
DA:1240,0
DA:1241,0
DA:1242,0
DA:1243,0
DA:1244,0
DA:1246,0
DA:1247,0
DA:1248,0
DA:1251,0
DA:1252,0
DA:1253,0
DA:1254,0
DA:1255,0
DA:1256,0
DA:1260,0
DA:1261,0
DA:1262,0
DA:1263,0
DA:1264,0
DA:1267,0
DA:1268,0
DA:1273,0
DA:1274,0
DA:1277,0
DA:1278,0
DA:1281,0
DA:1282,0
DA:1283,0
DA:1284,0
DA:1285,0
DA:1290,0
DA:1291,0
DA:1292,0
DA:1294,0
DA:1295,0
DA:1296,0
DA:1297,0
DA:1298,0
DA:1299,0
DA:1300,0
DA:1301,0
DA:1302,0
DA:1305,0
DA:1306,0
DA:1307,0
DA:1308,0
DA:1310,0
DA:1311,0
DA:1314,0
DA:1315,0
DA:1317,0
DA:1319,0
DA:1320,0
DA:1321,0
DA:1322,0
DA:1323,0
DA:1327,0
DA:1328,0
DA:1329,0
DA:1330,0
DA:1331,0
DA:1332,0
DA:1336,0
DA:1337,0
DA:1338,0
DA:1339,0
DA:1340,0
DA:1341,0
DA:1345,0
DA:1346,0
DA:1347,0
DA:1353,0
DA:1354,0
DA:1355,0
DA:1356,0
DA:1357,0
DA:1358,0
DA:1359,0
DA:1360,0
DA:1362,0
DA:1363,0
DA:1365,0
DA:1366,0
DA:1367,0
DA:1368,0
DA:1370,0
DA:1371,0
DA:1372,0
DA:1373,0
DA:1379,0
DA:1381,0
DA:1382,0
DA:1388,0
DA:1390,0
DA:1396,0
DA:1398,0
DA:1404,0
DA:1405,0
DA:1406,0
DA:1410,0
DA:1411,0
DA:1412,0
DA:1416,0
DA:1417,0
DA:1418,0
BRF:0
BRH:0
LF:539
LH:0
end_of_record
SF:/home/jpgreninger/Work/smmu/rust/smmu/src/cache/mod.rs
FN:618,_RNCNvMs7_NtCs3zbRNdgKbV9_4smmu5cacheNtB7_8TlbCache9evict_one0B9_
FN:623,_RNCNvMs7_NtCs3zbRNdgKbV9_4smmu5cacheNtB7_8TlbCache9evict_ones0_0B9_
FN:619,_RNCNvMs7_NtCs3zbRNdgKbV9_4smmu5cacheNtB7_8TlbCache9evict_ones_0B9_
FN:89,_RNvMNtCs3zbRNdgKbV9_4smmu5cacheNtB2_10CacheEntry17new_with_securityB4_
FN:72,_RNvMNtCs3zbRNdgKbV9_4smmu5cacheNtB2_10CacheEntry3newB4_
FN:149,_RNvMs0_NtCs3zbRNdgKbV9_4smmu5cacheNtB5_8CacheKey3newB7_
FN:193,_RNvMs1_NtCs3zbRNdgKbV9_4smmu5cacheNtB5_12CacheKeyHash4hash
FN:244,_RNvMs2_NtCs3zbRNdgKbV9_4smmu5cacheNtB5_14StreamPASIDKey3newB7_
FN:260,_RNvMs3_NtCs3zbRNdgKbV9_4smmu5cacheNtB5_18StreamPASIDKeyHash4hash
FN:370,_RNvMs5_NtCs3zbRNdgKbV9_4smmu5cacheNtB5_15CacheStatistics10get_missesB7_
FN:358,_RNvMs5_NtCs3zbRNdgKbV9_4smmu5cacheNtB5_15CacheStatistics11get_lookupsB7_
FN:376,_RNvMs5_NtCs3zbRNdgKbV9_4smmu5cacheNtB5_15CacheStatistics13get_evictionsB7_
FN:382,_RNvMs5_NtCs3zbRNdgKbV9_4smmu5cacheNtB5_15CacheStatistics14get_insertionsB7_
FN:388,_RNvMs5_NtCs3zbRNdgKbV9_4smmu5cacheNtB5_15CacheStatistics17get_invalidationsB7_
FN:347,_RNvMs5_NtCs3zbRNdgKbV9_4smmu5cacheNtB5_15CacheStatistics5resetB7_
FN:364,_RNvMs5_NtCs3zbRNdgKbV9_4smmu5cacheNtB5_15CacheStatistics8get_hitsB7_
FN:396,_RNvMs5_NtCs3zbRNdgKbV9_4smmu5cacheNtB5_15CacheStatistics8hit_rateB7_
FN:411,_RNvMs5_NtCs3zbRNdgKbV9_4smmu5cacheNtB5_15CacheStatistics9miss_rateB7_
FN:869,_RNvMs7_NtCs3zbRNdgKbV9_4smmu5cacheNtB5_8TlbCache10statisticsB7_
FN:592,_RNvMs7_NtCs3zbRNdgKbV9_4smmu5cacheNtB5_8TlbCache14evict_one_fast
FN:883,_RNvMs7_NtCs3zbRNdgKbV9_4smmu5cacheNtB5_8TlbCache16clear_statisticsB7_
FN:571,_RNvMs7_NtCs3zbRNdgKbV9_4smmu5cacheNtB5_8TlbCache6insertB7_
FN:531,_RNvMs7_NtCs3zbRNdgKbV9_4smmu5cacheNtB5_8TlbCache6lookup
FN:936,_RNvMs7_NtCs3zbRNdgKbV9_4smmu5cacheNtB5_8TlbCache6policyB7_
FN:921,_RNvMs7_NtCs3zbRNdgKbV9_4smmu5cacheNtB5_8TlbCache8capacityB7_
FN:909,_RNvMs7_NtCs3zbRNdgKbV9_4smmu5cacheNtB5_8TlbCache8is_emptyB7_
FN:612,_RNvMs7_NtCs3zbRNdgKbV9_4smmu5cacheNtB5_8TlbCache9evict_one
FN:334,_RNvMs5_NtCs3zbRNdgKbV9_4smmu5cacheNtB5_15CacheStatistics3newB7_
FN:635,_RNvMs7_NtCs3zbRNdgKbV9_4smmu5cacheNtB5_8TlbCache12remove_entryB7_
FN:649,_RNvMs7_NtCs3zbRNdgKbV9_4smmu5cacheNtB5_8TlbCache14invalidate_all
FN:846,_RNvMs7_NtCs3zbRNdgKbV9_4smmu5cacheNtB5_8TlbCache16invalidate_entry
FN:709,_RNvMs7_NtCs3zbRNdgKbV9_4smmu5cacheNtB5_8TlbCache19invalidate_by_pasid
FN:671,_RNvMs7_NtCs3zbRNdgKbV9_4smmu5cacheNtB5_8TlbCache20invalidate_by_stream
FN:792,_RNvMs7_NtCs3zbRNdgKbV9_4smmu5cacheNtB5_8TlbCache22invalidate_by_va_range
FN:748,_RNvMs7_NtCs3zbRNdgKbV9_4smmu5cacheNtB5_8TlbCache26invalidate_by_stream_pasid
FN:895,_RNvMs7_NtCs3zbRNdgKbV9_4smmu5cacheNtB5_8TlbCache3lenB7_
FN:501,_RNvMs7_NtCs3zbRNdgKbV9_4smmu5cacheNtB5_8TlbCache3new
FN:295,_RNvXs4_NtCs3zbRNdgKbV9_4smmu5cacheNtB5_17ReplacementPolicyNtNtCslH02haMvknO_4core7default7Default7default
FN:424,_RNvXs6_NtCs3zbRNdgKbV9_4smmu5cacheNtB5_15CacheStatisticsNtNtCslH02haMvknO_4core7default7Default7default
FN:942,_RNvXs8_NtCs3zbRNdgKbV9_4smmu5cacheNtB5_8TlbCacheNtNtCslH02haMvknO_4core3fmt5Debug3fmt
FN:107,_RNvXs_NtCs3zbRNdgKbV9_4smmu5cacheNtB4_10CacheEntryNtNtCslH02haMvknO_4core7default7Default7default
FNDA:0,_RNCNvMs7_NtCs3zbRNdgKbV9_4smmu5cacheNtB7_8TlbCache9evict_one0B9_
FNDA:0,_RNCNvMs7_NtCs3zbRNdgKbV9_4smmu5cacheNtB7_8TlbCache9evict_ones0_0B9_
FNDA:0,_RNCNvMs7_NtCs3zbRNdgKbV9_4smmu5cacheNtB7_8TlbCache9evict_ones_0B9_
FNDA:0,_RNvMNtCs3zbRNdgKbV9_4smmu5cacheNtB2_10CacheEntry17new_with_securityB4_
FNDA:0,_RNvMNtCs3zbRNdgKbV9_4smmu5cacheNtB2_10CacheEntry3newB4_
FNDA:0,_RNvMs0_NtCs3zbRNdgKbV9_4smmu5cacheNtB5_8CacheKey3newB7_
FNDA:0,_RNvMs1_NtCs3zbRNdgKbV9_4smmu5cacheNtB5_12CacheKeyHash4hash
FNDA:0,_RNvMs2_NtCs3zbRNdgKbV9_4smmu5cacheNtB5_14StreamPASIDKey3newB7_
FNDA:0,_RNvMs3_NtCs3zbRNdgKbV9_4smmu5cacheNtB5_18StreamPASIDKeyHash4hash
FNDA:0,_RNvMs5_NtCs3zbRNdgKbV9_4smmu5cacheNtB5_15CacheStatistics10get_missesB7_
FNDA:0,_RNvMs5_NtCs3zbRNdgKbV9_4smmu5cacheNtB5_15CacheStatistics11get_lookupsB7_
FNDA:0,_RNvMs5_NtCs3zbRNdgKbV9_4smmu5cacheNtB5_15CacheStatistics13get_evictionsB7_
FNDA:0,_RNvMs5_NtCs3zbRNdgKbV9_4smmu5cacheNtB5_15CacheStatistics14get_insertionsB7_
FNDA:0,_RNvMs5_NtCs3zbRNdgKbV9_4smmu5cacheNtB5_15CacheStatistics17get_invalidationsB7_
FNDA:0,_RNvMs5_NtCs3zbRNdgKbV9_4smmu5cacheNtB5_15CacheStatistics5resetB7_
FNDA:0,_RNvMs5_NtCs3zbRNdgKbV9_4smmu5cacheNtB5_15CacheStatistics8get_hitsB7_
FNDA:0,_RNvMs5_NtCs3zbRNdgKbV9_4smmu5cacheNtB5_15CacheStatistics8hit_rateB7_
FNDA:0,_RNvMs5_NtCs3zbRNdgKbV9_4smmu5cacheNtB5_15CacheStatistics9miss_rateB7_
FNDA:0,_RNvMs7_NtCs3zbRNdgKbV9_4smmu5cacheNtB5_8TlbCache10statisticsB7_
FNDA:0,_RNvMs7_NtCs3zbRNdgKbV9_4smmu5cacheNtB5_8TlbCache14evict_one_fast
FNDA:0,_RNvMs7_NtCs3zbRNdgKbV9_4smmu5cacheNtB5_8TlbCache16clear_statisticsB7_
FNDA:0,_RNvMs7_NtCs3zbRNdgKbV9_4smmu5cacheNtB5_8TlbCache6insertB7_
FNDA:0,_RNvMs7_NtCs3zbRNdgKbV9_4smmu5cacheNtB5_8TlbCache6lookup
FNDA:0,_RNvMs7_NtCs3zbRNdgKbV9_4smmu5cacheNtB5_8TlbCache6policyB7_
FNDA:0,_RNvMs7_NtCs3zbRNdgKbV9_4smmu5cacheNtB5_8TlbCache8capacityB7_
FNDA:0,_RNvMs7_NtCs3zbRNdgKbV9_4smmu5cacheNtB5_8TlbCache8is_emptyB7_
FNDA:0,_RNvMs7_NtCs3zbRNdgKbV9_4smmu5cacheNtB5_8TlbCache9evict_one
FNDA:0,_RNvMs5_NtCs3zbRNdgKbV9_4smmu5cacheNtB5_15CacheStatistics3newB7_
FNDA:0,_RNvMs7_NtCs3zbRNdgKbV9_4smmu5cacheNtB5_8TlbCache12remove_entryB7_
FNDA:0,_RNvMs7_NtCs3zbRNdgKbV9_4smmu5cacheNtB5_8TlbCache14invalidate_all
FNDA:0,_RNvMs7_NtCs3zbRNdgKbV9_4smmu5cacheNtB5_8TlbCache16invalidate_entry
FNDA:0,_RNvMs7_NtCs3zbRNdgKbV9_4smmu5cacheNtB5_8TlbCache19invalidate_by_pasid
FNDA:0,_RNvMs7_NtCs3zbRNdgKbV9_4smmu5cacheNtB5_8TlbCache20invalidate_by_stream
FNDA:0,_RNvMs7_NtCs3zbRNdgKbV9_4smmu5cacheNtB5_8TlbCache22invalidate_by_va_range
FNDA:0,_RNvMs7_NtCs3zbRNdgKbV9_4smmu5cacheNtB5_8TlbCache26invalidate_by_stream_pasid
FNDA:0,_RNvMs7_NtCs3zbRNdgKbV9_4smmu5cacheNtB5_8TlbCache3lenB7_
FNDA:0,_RNvMs7_NtCs3zbRNdgKbV9_4smmu5cacheNtB5_8TlbCache3new
FNDA:0,_RNvXs4_NtCs3zbRNdgKbV9_4smmu5cacheNtB5_17ReplacementPolicyNtNtCslH02haMvknO_4core7default7Default7default
FNDA:0,_RNvXs6_NtCs3zbRNdgKbV9_4smmu5cacheNtB5_15CacheStatisticsNtNtCslH02haMvknO_4core7default7Default7default
FNDA:0,_RNvXs8_NtCs3zbRNdgKbV9_4smmu5cacheNtB5_8TlbCacheNtNtCslH02haMvknO_4core3fmt5Debug3fmt
FNDA:0,_RNvXs_NtCs3zbRNdgKbV9_4smmu5cacheNtB4_10CacheEntryNtNtCslH02haMvknO_4core7default7Default7default
FNF:41
FNH:0
DA:72,0
DA:73,0
DA:74,0
DA:75,0
DA:76,0
DA:77,0
DA:78,0
DA:79,0
DA:80,0
DA:81,0
DA:82,0
DA:83,0
DA:84,0
DA:85,0
DA:89,0
DA:90,0
DA:91,0
DA:92,0
DA:93,0
DA:94,0
DA:95,0
DA:96,0
DA:97,0
DA:98,0
DA:99,0
DA:100,0
DA:101,0
DA:102,0
DA:103,0
DA:107,0
DA:108,0
DA:109,0
DA:110,0
DA:111,0
DA:112,0
DA:113,0
DA:114,0
DA:115,0
DA:149,0
DA:150,0
DA:151,0
DA:152,0
DA:153,0
DA:154,0
DA:155,0
DA:156,0
DA:157,0
DA:158,0
DA:159,0
DA:160,0
DA:161,0
DA:193,0
DA:198,0
DA:201,0
DA:204,0
DA:207,0
DA:210,0
DA:214,0
DA:215,0
DA:216,0
DA:217,0
DA:218,0
DA:220,0
DA:221,0
DA:244,0
DA:245,0
DA:246,0
DA:260,0
DA:262,0
DA:265,0
DA:266,0
DA:267,0
DA:268,0
DA:270,0
DA:271,0
DA:295,0
DA:296,0
DA:297,0
DA:334,0
DA:335,0
DA:336,0
DA:337,0
DA:338,0
DA:339,0
DA:340,0
DA:341,0
DA:342,0
DA:343,0
DA:347,0
DA:348,0
DA:349,0
DA:350,0
DA:351,0
DA:352,0
DA:353,0
DA:354,0
DA:358,0
DA:359,0
DA:360,0
DA:364,0
DA:365,0
DA:366,0
DA:370,0
DA:371,0
DA:372,0
DA:376,0
DA:377,0
DA:378,0
DA:382,0
DA:383,0
DA:384,0
DA:388,0
DA:389,0
DA:390,0
DA:396,0
DA:397,0
DA:398,0
DA:400,0
DA:401,0
DA:403,0
DA:405,0
DA:411,0
DA:412,0
DA:413,0
DA:415,0
DA:416,0
DA:418,0
DA:420,0
DA:424,0
DA:425,0
DA:426,0
DA:501,0
DA:502,0
DA:504,0
DA:505,0
DA:506,0
DA:507,0
DA:508,0
DA:509,0
DA:510,0
DA:511,0
DA:531,0
DA:532,0
DA:535,0
DA:537,0
DA:542,0
DA:545,0
DA:546,0
DA:548,0
DA:571,0
DA:573,0
DA:574,0
DA:578,0
DA:584,0
DA:585,0
DA:592,0
DA:597,0
DA:598,0
DA:599,0
DA:600,0
DA:601,0
DA:602,0
DA:603,0
DA:605,0
DA:612,0
DA:613,0
DA:616,0
DA:617,0
DA:618,0
DA:619,0
DA:623,0
DA:627,0
DA:628,0
DA:629,0
DA:630,0
DA:631,0
DA:635,0
DA:636,0
DA:637,0
DA:649,0
DA:650,0
DA:651,0
DA:653,0
DA:654,0
DA:655,0
DA:656,0
DA:671,0
DA:672,0
DA:676,0
DA:679,0
DA:680,0
DA:681,0
DA:682,0
DA:686,0
DA:687,0
DA:688,0
DA:689,0
DA:691,0
DA:692,0
DA:693,0
DA:694,0
DA:709,0
DA:710,0
DA:713,0
DA:716,0
DA:717,0
DA:718,0
DA:719,0
DA:723,0
DA:724,0
DA:725,0
DA:726,0
DA:728,0
DA:729,0
DA:730,0
DA:731,0
DA:748,0
DA:749,0
DA:752,0
DA:755,0
DA:756,0
DA:757,0
DA:758,0
DA:759,0
DA:763,0
DA:764,0
DA:765,0
DA:766,0
DA:768,0
DA:769,0
DA:770,0
DA:771,0
DA:792,0
DA:793,0
DA:794,0
DA:795,0
DA:796,0
DA:797,0
DA:798,0
DA:799,0
DA:802,0
DA:805,0
DA:806,0
DA:807,0
DA:808,0
DA:809,0
DA:810,0
DA:811,0
DA:812,0
DA:813,0
DA:817,0
DA:818,0
DA:819,0
DA:820,0
DA:822,0
DA:823,0
DA:824,0
DA:825,0
DA:846,0
DA:847,0
DA:848,0
DA:849,0
DA:850,0
DA:852,0
DA:854,0
DA:869,0
DA:870,0
DA:871,0
DA:883,0
DA:884,0
DA:885,0
DA:895,0
DA:896,0
DA:897,0
DA:909,0
DA:910,0
DA:911,0
DA:921,0
DA:922,0
DA:923,0
DA:936,0
DA:937,0
DA:938,0
DA:942,0
DA:943,0
DA:944,0
DA:945,0
DA:946,0
DA:947,0
DA:948,0
DA:949,0
BRF:0
BRH:0
LF:294
LH:0
end_of_record
SF:/home/jpgreninger/Work/smmu/rust/smmu/src/fault/detection.rs
FN:36,_RNvMNtNtCs3zbRNdgKbV9_4smmu5fault9detectionNtB2_11AddressSize11max_address
FN:46,_RNvMNtNtCs3zbRNdgKbV9_4smmu5fault9detectionNtB2_11AddressSize7exceeds
FN:202,_RNvMs1_NtNtCs3zbRNdgKbV9_4smmu5fault9detectionNtB5_23PermissionFaultDetector16check_permission
FN:280,_RNvMs1_NtNtCs3zbRNdgKbV9_4smmu5fault9detectionNtB5_23PermissionFaultDetector20validate_permissions
FN:233,_RNvMs1_NtNtCs3zbRNdgKbV9_4smmu5fault9detectionNtB5_23PermissionFaultDetector23detect_permission_fault
FN:185,_RNvMs1_NtNtCs3zbRNdgKbV9_4smmu5fault9detectionNtB5_23PermissionFaultDetector3new
FN:482,_RNvMs3_NtNtCs3zbRNdgKbV9_4smmu5fault9detectionNtB5_16AddressValidator18input_address_size
FN:446,_RNvMs3_NtNtCs3zbRNdgKbV9_4smmu5fault9detectionNtB5_16AddressValidator18validate_alignment
FN:488,_RNvMs3_NtNtCs3zbRNdgKbV9_4smmu5fault9detectionNtB5_16AddressValidator19output_address_size
FN:351,_RNvMs3_NtNtCs3zbRNdgKbV9_4smmu5fault9detectionNtB5_16AddressValidator22validate_input_address
FN:398,_RNvMs3_NtNtCs3zbRNdgKbV9_4smmu5fault9detectionNtB5_16AddressValidator23validate_output_address
FN:330,_RNvMs3_NtNtCs3zbRNdgKbV9_4smmu5fault9detectionNtB5_16AddressValidator3new
FN:544,_RNvMs5_NtNtCs3zbRNdgKbV9_4smmu5fault9detectionNtB5_13FaultDetector17address_validator
FN:522,_RNvMs5_NtNtCs3zbRNdgKbV9_4smmu5fault9detectionNtB5_13FaultDetector18with_address_sizes
FN:538,_RNvMs5_NtNtCs3zbRNdgKbV9_4smmu5fault9detectionNtB5_13FaultDetector19permission_detector
FN:532,_RNvMs5_NtNtCs3zbRNdgKbV9_4smmu5fault9detectionNtB5_13FaultDetector20translation_detector
FN:512,_RNvMs5_NtNtCs3zbRNdgKbV9_4smmu5fault9detectionNtB5_13FaultDetector3new
FN:86,_RNvMs_NtNtCs3zbRNdgKbV9_4smmu5fault9detectionNtB4_24TranslationFaultDetector24detect_translation_fault
FN:129,_RNvMs_NtNtCs3zbRNdgKbV9_4smmu5fault9detectionNtB4_24TranslationFaultDetector30detect_stage_translation_fault
FN:65,_RNvMs_NtNtCs3zbRNdgKbV9_4smmu5fault9detectionNtB4_24TranslationFaultDetector3new
FN:169,_RNvXs0_NtNtCs3zbRNdgKbV9_4smmu5fault9detectionNtB5_24TranslationFaultDetectorNtNtCslH02haMvknO_4core7default7Default7default
FN:307,_RNvXs2_NtNtCs3zbRNdgKbV9_4smmu5fault9detectionNtB5_23PermissionFaultDetectorNtNtCslH02haMvknO_4core7default7Default7default
FN:494,_RNvXs4_NtNtCs3zbRNdgKbV9_4smmu5fault9detectionNtB5_16AddressValidatorNtNtCslH02haMvknO_4core7default7Default7default
FN:550,_RNvXs6_NtNtCs3zbRNdgKbV9_4smmu5fault9detectionNtB5_13FaultDetectorNtNtCslH02haMvknO_4core7default7Default7default
FNDA:0,_RNvMNtNtCs3zbRNdgKbV9_4smmu5fault9detectionNtB2_11AddressSize11max_address
FNDA:0,_RNvMNtNtCs3zbRNdgKbV9_4smmu5fault9detectionNtB2_11AddressSize7exceeds
FNDA:0,_RNvMs1_NtNtCs3zbRNdgKbV9_4smmu5fault9detectionNtB5_23PermissionFaultDetector16check_permission
FNDA:0,_RNvMs1_NtNtCs3zbRNdgKbV9_4smmu5fault9detectionNtB5_23PermissionFaultDetector20validate_permissions
FNDA:0,_RNvMs1_NtNtCs3zbRNdgKbV9_4smmu5fault9detectionNtB5_23PermissionFaultDetector23detect_permission_fault
FNDA:0,_RNvMs1_NtNtCs3zbRNdgKbV9_4smmu5fault9detectionNtB5_23PermissionFaultDetector3new
FNDA:0,_RNvMs3_NtNtCs3zbRNdgKbV9_4smmu5fault9detectionNtB5_16AddressValidator18input_address_size
FNDA:0,_RNvMs3_NtNtCs3zbRNdgKbV9_4smmu5fault9detectionNtB5_16AddressValidator18validate_alignment
FNDA:0,_RNvMs3_NtNtCs3zbRNdgKbV9_4smmu5fault9detectionNtB5_16AddressValidator19output_address_size
FNDA:0,_RNvMs3_NtNtCs3zbRNdgKbV9_4smmu5fault9detectionNtB5_16AddressValidator22validate_input_address
FNDA:0,_RNvMs3_NtNtCs3zbRNdgKbV9_4smmu5fault9detectionNtB5_16AddressValidator23validate_output_address
FNDA:0,_RNvMs3_NtNtCs3zbRNdgKbV9_4smmu5fault9detectionNtB5_16AddressValidator3new
FNDA:0,_RNvMs5_NtNtCs3zbRNdgKbV9_4smmu5fault9detectionNtB5_13FaultDetector17address_validator
FNDA:0,_RNvMs5_NtNtCs3zbRNdgKbV9_4smmu5fault9detectionNtB5_13FaultDetector18with_address_sizes
FNDA:0,_RNvMs5_NtNtCs3zbRNdgKbV9_4smmu5fault9detectionNtB5_13FaultDetector19permission_detector
FNDA:0,_RNvMs5_NtNtCs3zbRNdgKbV9_4smmu5fault9detectionNtB5_13FaultDetector20translation_detector
FNDA:0,_RNvMs5_NtNtCs3zbRNdgKbV9_4smmu5fault9detectionNtB5_13FaultDetector3new
FNDA:0,_RNvMs_NtNtCs3zbRNdgKbV9_4smmu5fault9detectionNtB4_24TranslationFaultDetector24detect_translation_fault
FNDA:0,_RNvMs_NtNtCs3zbRNdgKbV9_4smmu5fault9detectionNtB4_24TranslationFaultDetector30detect_stage_translation_fault
FNDA:0,_RNvMs_NtNtCs3zbRNdgKbV9_4smmu5fault9detectionNtB4_24TranslationFaultDetector3new
FNDA:0,_RNvXs0_NtNtCs3zbRNdgKbV9_4smmu5fault9detectionNtB5_24TranslationFaultDetectorNtNtCslH02haMvknO_4core7default7Default7default
FNDA:0,_RNvXs2_NtNtCs3zbRNdgKbV9_4smmu5fault9detectionNtB5_23PermissionFaultDetectorNtNtCslH02haMvknO_4core7default7Default7default
FNDA:0,_RNvXs4_NtNtCs3zbRNdgKbV9_4smmu5fault9detectionNtB5_16AddressValidatorNtNtCslH02haMvknO_4core7default7Default7default
FNDA:0,_RNvXs6_NtNtCs3zbRNdgKbV9_4smmu5fault9detectionNtB5_13FaultDetectorNtNtCslH02haMvknO_4core7default7Default7default
FNF:24
FNH:0
DA:36,0
DA:37,0
DA:38,0
DA:39,0
DA:40,0
DA:42,0
DA:46,0
DA:47,0
DA:48,0
DA:65,0
DA:66,0
DA:67,0
DA:68,0
DA:69,0
DA:86,0
DA:87,0
DA:88,0
DA:89,0
DA:90,0
DA:91,0
DA:92,0
DA:93,0
DA:94,0
DA:96,0
DA:97,0
DA:98,0
DA:99,0
DA:100,0
DA:101,0
DA:103,0
DA:105,0
DA:106,0
DA:107,0
DA:108,0
DA:109,0
DA:110,0
DA:111,0
DA:112,0
DA:113,0
DA:114,0
DA:115,0
DA:129,0
DA:130,0
DA:131,0
DA:132,0
DA:133,0
DA:134,0
DA:135,0
DA:136,0
DA:137,0
DA:138,0
DA:140,0
DA:141,0
DA:142,0
DA:143,0
DA:146,0
DA:147,0
DA:148,0
DA:149,0
DA:150,0
DA:151,0
DA:153,0
DA:155,0
DA:156,0
DA:157,0
DA:158,0
DA:159,0
DA:160,0
DA:161,0
DA:162,0
DA:163,0
DA:164,0
DA:165,0
DA:169,0
DA:170,0
DA:171,0
DA:185,0
DA:186,0
DA:187,0
DA:188,0
DA:189,0
DA:202,0
DA:203,0
DA:204,0
DA:205,0
DA:206,0
DA:207,0
DA:208,0
DA:209,0
DA:210,0
DA:212,0
DA:215,0
DA:233,0
DA:234,0
DA:235,0
DA:236,0
DA:237,0
DA:238,0
DA:239,0
DA:240,0
DA:241,0
DA:242,0
DA:244,0
DA:245,0
DA:246,0
DA:247,0
DA:248,0
DA:249,0
DA:251,0
DA:253,0
DA:254,0
DA:255,0
DA:256,0
DA:257,0
DA:258,0
DA:259,0
DA:260,0
DA:261,0
DA:262,0
DA:263,0
DA:280,0
DA:281,0
DA:282,0
DA:283,0
DA:284,0
DA:285,0
DA:286,0
DA:287,0
DA:288,0
DA:289,0
DA:290,0
DA:291,0
DA:293,0
DA:294,0
DA:295,0
DA:296,0
DA:297,0
DA:298,0
DA:299,0
DA:300,0
DA:301,0
DA:303,0
DA:307,0
DA:308,0
DA:309,0
DA:330,0
DA:331,0
DA:332,0
DA:333,0
DA:334,0
DA:335,0
DA:336,0
DA:351,0
DA:352,0
DA:353,0
DA:354,0
DA:355,0
DA:356,0
DA:357,0
DA:358,0
DA:359,0
DA:360,0
DA:362,0
DA:363,0
DA:364,0
DA:365,0
DA:366,0
DA:367,0
DA:369,0
DA:370,0
DA:371,0
DA:372,0
DA:373,0
DA:374,0
DA:375,0
DA:376,0
DA:377,0
DA:378,0
DA:380,0
DA:382,0
DA:398,0
DA:399,0
DA:400,0
DA:401,0
DA:402,0
DA:403,0
DA:404,0
DA:405,0
DA:406,0
DA:407,0
DA:408,0
DA:410,0
DA:411,0
DA:412,0
DA:413,0
DA:414,0
DA:415,0
DA:417,0
DA:418,0
DA:419,0
DA:420,0
DA:421,0
DA:422,0
DA:423,0
DA:424,0
DA:425,0
DA:426,0
DA:428,0
DA:430,0
DA:446,0
DA:447,0
DA:448,0
DA:449,0
DA:450,0
DA:451,0
DA:452,0
DA:453,0
DA:454,0
DA:455,0
DA:456,0
DA:458,0
DA:459,0
DA:460,0
DA:461,0
DA:462,0
DA:463,0
DA:465,0
DA:466,0
DA:467,0
DA:468,0
DA:469,0
DA:470,0
DA:471,0
DA:472,0
DA:473,0
DA:474,0
DA:476,0
DA:478,0
DA:482,0
DA:483,0
DA:484,0
DA:488,0
DA:489,0
DA:490,0
DA:494,0
DA:495,0
DA:496,0
DA:512,0
DA:513,0
DA:514,0
DA:515,0
DA:516,0
DA:517,0
DA:518,0
DA:522,0
DA:523,0
DA:524,0
DA:525,0
DA:526,0
DA:527,0
DA:528,0
DA:532,0
DA:533,0
DA:534,0
DA:538,0
DA:539,0
DA:540,0
DA:544,0
DA:545,0
DA:546,0
DA:550,0
DA:551,0
DA:552,0
BRF:0
BRH:0
LF:273
LH:0
end_of_record
SF:/home/jpgreninger/Work/smmu/rust/smmu/src/fault/processing.rs
FN:332,_RNvMs0_NtNtCs3zbRNdgKbV9_4smmu5fault10processingNtB5_14FaultProcessor10get_events
FN:149,_RNvMs0_NtNtCs3zbRNdgKbV9_4smmu5fault10processingNtB5_14FaultProcessor11with_config
FN:516,_RNvMs0_NtNtCs3zbRNdgKbV9_4smmu5fault10processingNtB5_14FaultProcessor12record_event
FN:201,_RNvMs0_NtNtCs3zbRNdgKbV9_4smmu5fault10processingNtB5_14FaultProcessor13process_fault
FN:441,_RNvMs0_NtNtCs3zbRNdgKbV9_4smmu5fault10processingNtB5_14FaultProcessor15get_fault_count
FN:480,_RNvMs0_NtNtCs3zbRNdgKbV9_4smmu5fault10processingNtB5_14FaultProcessor16serialize_events
FN:426,_RNvMs0_NtNtCs3zbRNdgKbV9_4smmu5fault10processingNtB5_14FaultProcessor17get_queued_faults
FN:527,_RNvMs0_NtNtCs3zbRNdgKbV9_4smmu5fault10processingNtB5_14FaultProcessor17update_statistics
FN:495,_RNvMs0_NtNtCs3zbRNdgKbV9_4smmu5fault10processingNtB5_14FaultProcessor18deserialize_events
FN:394,_RNvMs0_NtNtCs3zbRNdgKbV9_4smmu5fault10processingNtB5_14FaultProcessor18get_events_by_type
FN:378,_RNvMs0_NtNtCs3zbRNdgKbV9_4smmu5fault10processingNtB5_14FaultProcessor19get_events_by_pasid
FN:362,_RNvMs0_NtNtCs3zbRNdgKbV9_4smmu5fault10processingNtB5_14FaultProcessor20get_events_by_stream
FN:411,_RNvMs0_NtNtCs3zbRNdgKbV9_4smmu5fault10processingNtB5_14FaultProcessor20get_events_in_window
FN:297,_RNvMs0_NtNtCs3zbRNdgKbV9_4smmu5fault10processingNtB5_14FaultProcessor20resume_stalled_fault
FN:508,_RNvMs0_NtNtCs3zbRNdgKbV9_4smmu5fault10processingNtB5_14FaultProcessor21get_current_timestamp
FN:447,_RNvMs0_NtNtCs3zbRNdgKbV9_4smmu5fault10processingNtB5_14FaultProcessor21get_total_fault_count
FN:266,_RNvMs0_NtNtCs3zbRNdgKbV9_4smmu5fault10processingNtB5_14FaultProcessor22get_next_stalled_fault
FN:435,_RNvMs0_NtNtCs3zbRNdgKbV9_4smmu5fault10processingNtB5_14FaultProcessor22get_queued_fault_count
FN:465,_RNvMs0_NtNtCs3zbRNdgKbV9_4smmu5fault10processingNtB5_14FaultProcessor23get_fault_count_by_type
FN:459,_RNvMs0_NtNtCs3zbRNdgKbV9_4smmu5fault10processingNtB5_14FaultProcessor26get_permission_fault_count
FN:453,_RNvMs0_NtNtCs3zbRNdgKbV9_4smmu5fault10processingNtB5_14FaultProcessor27get_translation_fault_count
FN:130,_RNvMs0_NtNtCs3zbRNdgKbV9_4smmu5fault10processingNtB5_14FaultProcessor3new
FN:65,_RNvXNtNtCs3zbRNdgKbV9_4smmu5fault10processingNtB2_20FaultProcessingErrorNtNtCslH02haMvknO_4core3fmt7Display3fmt
FN:429,_RNCNvMs0_NtNtCs3zbRNdgKbV9_4smmu5fault10processingNtB7_14FaultProcessor17get_queued_faults0Bb_
FN:399,_RNCNvMs0_NtNtCs3zbRNdgKbV9_4smmu5fault10processingNtB7_14FaultProcessor18get_events_by_type0Bb_
FN:383,_RNCNvMs0_NtNtCs3zbRNdgKbV9_4smmu5fault10processingNtB7_14FaultProcessor19get_events_by_pasid0Bb_
FN:367,_RNCNvMs0_NtNtCs3zbRNdgKbV9_4smmu5fault10processingNtB7_14FaultProcessor20get_events_by_stream0Bb_
FN:419,_RNCNvMs0_NtNtCs3zbRNdgKbV9_4smmu5fault10processingNtB7_14FaultProcessor20get_events_in_window0Bb_
FN:267,_RNCNvMs0_NtNtCs3zbRNdgKbV9_4smmu5fault10processingNtB7_14FaultProcessor22get_next_stalled_fault0Bb_
FN:436,_RNCNvMs0_NtNtCs3zbRNdgKbV9_4smmu5fault10processingNtB7_14FaultProcessor22get_queued_fault_count0Bb_
FN:470,_RNCNvMs0_NtNtCs3zbRNdgKbV9_4smmu5fault10processingNtB7_14FaultProcessor23get_fault_count_by_type0Bb_
FNDA:0,_RNvMs0_NtNtCs3zbRNdgKbV9_4smmu5fault10processingNtB5_14FaultProcessor10get_events
FNDA:0,_RNvMs0_NtNtCs3zbRNdgKbV9_4smmu5fault10processingNtB5_14FaultProcessor11with_config
FNDA:0,_RNvMs0_NtNtCs3zbRNdgKbV9_4smmu5fault10processingNtB5_14FaultProcessor12record_event
FNDA:0,_RNvMs0_NtNtCs3zbRNdgKbV9_4smmu5fault10processingNtB5_14FaultProcessor13process_fault
FNDA:0,_RNvMs0_NtNtCs3zbRNdgKbV9_4smmu5fault10processingNtB5_14FaultProcessor15get_fault_count
FNDA:0,_RNvMs0_NtNtCs3zbRNdgKbV9_4smmu5fault10processingNtB5_14FaultProcessor16serialize_events
FNDA:0,_RNvMs0_NtNtCs3zbRNdgKbV9_4smmu5fault10processingNtB5_14FaultProcessor17get_queued_faults
FNDA:0,_RNvMs0_NtNtCs3zbRNdgKbV9_4smmu5fault10processingNtB5_14FaultProcessor17update_statistics
FNDA:0,_RNvMs0_NtNtCs3zbRNdgKbV9_4smmu5fault10processingNtB5_14FaultProcessor18deserialize_events
FNDA:0,_RNvMs0_NtNtCs3zbRNdgKbV9_4smmu5fault10processingNtB5_14FaultProcessor18get_events_by_type
FNDA:0,_RNvMs0_NtNtCs3zbRNdgKbV9_4smmu5fault10processingNtB5_14FaultProcessor19get_events_by_pasid
FNDA:0,_RNvMs0_NtNtCs3zbRNdgKbV9_4smmu5fault10processingNtB5_14FaultProcessor20get_events_by_stream
FNDA:0,_RNvMs0_NtNtCs3zbRNdgKbV9_4smmu5fault10processingNtB5_14FaultProcessor20get_events_in_window
FNDA:0,_RNvMs0_NtNtCs3zbRNdgKbV9_4smmu5fault10processingNtB5_14FaultProcessor20resume_stalled_fault
FNDA:0,_RNvMs0_NtNtCs3zbRNdgKbV9_4smmu5fault10processingNtB5_14FaultProcessor21get_current_timestamp
FNDA:0,_RNvMs0_NtNtCs3zbRNdgKbV9_4smmu5fault10processingNtB5_14FaultProcessor21get_total_fault_count
FNDA:0,_RNvMs0_NtNtCs3zbRNdgKbV9_4smmu5fault10processingNtB5_14FaultProcessor22get_next_stalled_fault
FNDA:0,_RNvMs0_NtNtCs3zbRNdgKbV9_4smmu5fault10processingNtB5_14FaultProcessor22get_queued_fault_count
FNDA:0,_RNvMs0_NtNtCs3zbRNdgKbV9_4smmu5fault10processingNtB5_14FaultProcessor23get_fault_count_by_type
FNDA:0,_RNvMs0_NtNtCs3zbRNdgKbV9_4smmu5fault10processingNtB5_14FaultProcessor26get_permission_fault_count
FNDA:0,_RNvMs0_NtNtCs3zbRNdgKbV9_4smmu5fault10processingNtB5_14FaultProcessor27get_translation_fault_count
FNDA:0,_RNvMs0_NtNtCs3zbRNdgKbV9_4smmu5fault10processingNtB5_14FaultProcessor3new
FNDA:0,_RNvXNtNtCs3zbRNdgKbV9_4smmu5fault10processingNtB2_20FaultProcessingErrorNtNtCslH02haMvknO_4core3fmt7Display3fmt
FNDA:0,_RNCNvMs0_NtNtCs3zbRNdgKbV9_4smmu5fault10processingNtB7_14FaultProcessor17get_queued_faults0Bb_
FNDA:0,_RNCNvMs0_NtNtCs3zbRNdgKbV9_4smmu5fault10processingNtB7_14FaultProcessor18get_events_by_type0Bb_
FNDA:0,_RNCNvMs0_NtNtCs3zbRNdgKbV9_4smmu5fault10processingNtB7_14FaultProcessor19get_events_by_pasid0Bb_
FNDA:0,_RNCNvMs0_NtNtCs3zbRNdgKbV9_4smmu5fault10processingNtB7_14FaultProcessor20get_events_by_stream0Bb_
FNDA:0,_RNCNvMs0_NtNtCs3zbRNdgKbV9_4smmu5fault10processingNtB7_14FaultProcessor20get_events_in_window0Bb_
FNDA:0,_RNCNvMs0_NtNtCs3zbRNdgKbV9_4smmu5fault10processingNtB7_14FaultProcessor22get_next_stalled_fault0Bb_
FNDA:0,_RNCNvMs0_NtNtCs3zbRNdgKbV9_4smmu5fault10processingNtB7_14FaultProcessor22get_queued_fault_count0Bb_
FNDA:0,_RNCNvMs0_NtNtCs3zbRNdgKbV9_4smmu5fault10processingNtB7_14FaultProcessor23get_fault_count_by_type0Bb_
FNF:31
FNH:0
DA:65,0
DA:66,0
DA:67,0
DA:68,0
DA:70,0
DA:71,0
DA:72,0
DA:73,0
DA:75,0
DA:130,0
DA:131,0
DA:132,0
DA:149,0
DA:150,0
DA:151,0
DA:153,0
DA:156,0
DA:157,0
DA:158,0
DA:159,0
DA:160,0
DA:161,0
DA:162,0
DA:163,0
DA:164,0
DA:165,0
DA:166,0
DA:167,0
DA:168,0
DA:201,0
DA:203,0
DA:204,0
DA:205,0
DA:206,0
DA:207,0
DA:208,0
DA:209,0
DA:210,0
DA:211,0
DA:212,0
DA:213,0
DA:214,0
DA:215,0
DA:218,0
DA:221,0
DA:223,0
DA:226,0
DA:230,0
DA:231,0
DA:232,0
DA:233,0
DA:234,0
DA:236,0
DA:240,0
DA:266,0
DA:267,0
DA:268,0
DA:297,0
DA:298,0
DA:299,0
DA:300,0
DA:301,0
DA:304,0
DA:305,0
DA:306,0
DA:307,0
DA:308,0
DA:332,0
DA:333,0
DA:334,0
DA:362,0
DA:363,0
DA:364,0
DA:365,0
DA:366,0
DA:367,0
DA:368,0
DA:369,0
DA:370,0
DA:378,0
DA:379,0
DA:380,0
DA:381,0
DA:382,0
DA:383,0
DA:384,0
DA:385,0
DA:386,0
DA:394,0
DA:395,0
DA:396,0
DA:397,0
DA:398,0
DA:399,0
DA:400,0
DA:401,0
DA:402,0
DA:411,0
DA:412,0
DA:413,0
DA:415,0
DA:416,0
DA:417,0
DA:418,0
DA:419,0
DA:420,0
DA:421,0
DA:422,0
DA:426,0
DA:427,0
DA:428,0
DA:429,0
DA:430,0
DA:431,0
DA:435,0
DA:436,0
DA:437,0
DA:441,0
DA:442,0
DA:443,0
DA:447,0
DA:448,0
DA:449,0
DA:453,0
DA:454,0
DA:455,0
DA:459,0
DA:460,0
DA:461,0
DA:465,0
DA:466,0
DA:467,0
DA:468,0
DA:469,0
DA:470,0
DA:471,0
DA:472,0
DA:480,0
DA:483,0
DA:484,0
DA:495,0
DA:498,0
DA:499,0
DA:502,0
DA:504,0
DA:508,0
DA:509,0
DA:510,0
DA:511,0
DA:512,0
DA:513,0
DA:516,0
DA:517,0
DA:518,0
DA:521,0
DA:522,0
DA:523,0
DA:524,0
DA:527,0
DA:528,0
DA:530,0
DA:531,0
DA:532,0
DA:533,0
DA:534,0
DA:535,0
DA:536,0
DA:537,0
DA:538,0
DA:539,0
DA:540,0
DA:541,0
DA:542,0
DA:543,0
DA:545,0
BRF:0
BRH:0
LF:183
LH:0
end_of_record
SF:/home/jpgreninger/Work/smmu/rust/smmu/src/fault/queue.rs
FN:178,_RNvMs0_NtNtCs3zbRNdgKbV9_4smmu5fault5queueNtB5_10FaultQueue3len
FN:90,_RNvMs0_NtNtCs3zbRNdgKbV9_4smmu5fault5queueNtB5_10FaultQueue3new
FN:163,_RNvMs0_NtNtCs3zbRNdgKbV9_4smmu5fault5queueNtB5_10FaultQueue3pop
FN:279,_RNvMs0_NtNtCs3zbRNdgKbV9_4smmu5fault5queueNtB5_10FaultQueue4peek
FN:127,_RNvMs0_NtNtCs3zbRNdgKbV9_4smmu5fault5queueNtB5_10FaultQueue4push
FN:250,_RNvMs0_NtNtCs3zbRNdgKbV9_4smmu5fault5queueNtB5_10FaultQueue5clear
FN:306,_RNvMs0_NtNtCs3zbRNdgKbV9_4smmu5fault5queueNtB5_10FaultQueue7get_all
FN:208,_RNvMs0_NtNtCs3zbRNdgKbV9_4smmu5fault5queueNtB5_10FaultQueue7is_full
FN:223,_RNvMs0_NtNtCs3zbRNdgKbV9_4smmu5fault5queueNtB5_10FaultQueue8capacity
FN:193,_RNvMs0_NtNtCs3zbRNdgKbV9_4smmu5fault5queueNtB5_10FaultQueue8is_empty
FN:51,_RNvXNtNtCs3zbRNdgKbV9_4smmu5fault5queueNtB2_15FaultQueueErrorNtNtCslH02haMvknO_4core3fmt7Display3fmt
FN:315,_RNvXs1_NtNtCs3zbRNdgKbV9_4smmu5fault5queueNtB5_10FaultQueueNtNtCslH02haMvknO_4core5clone5Clone5clone
FN:179,_RNCNvMs0_NtNtCs3zbRNdgKbV9_4smmu5fault5queueNtB7_10FaultQueue3len0Bb_
FN:309,_RNCNvMs0_NtNtCs3zbRNdgKbV9_4smmu5fault5queueNtB7_10FaultQueue7get_all0Bb_
FNDA:0,_RNvMs0_NtNtCs3zbRNdgKbV9_4smmu5fault5queueNtB5_10FaultQueue3len
FNDA:0,_RNvMs0_NtNtCs3zbRNdgKbV9_4smmu5fault5queueNtB5_10FaultQueue3new
FNDA:0,_RNvMs0_NtNtCs3zbRNdgKbV9_4smmu5fault5queueNtB5_10FaultQueue3pop
FNDA:0,_RNvMs0_NtNtCs3zbRNdgKbV9_4smmu5fault5queueNtB5_10FaultQueue4peek
FNDA:0,_RNvMs0_NtNtCs3zbRNdgKbV9_4smmu5fault5queueNtB5_10FaultQueue4push
FNDA:0,_RNvMs0_NtNtCs3zbRNdgKbV9_4smmu5fault5queueNtB5_10FaultQueue5clear
FNDA:0,_RNvMs0_NtNtCs3zbRNdgKbV9_4smmu5fault5queueNtB5_10FaultQueue7get_all
FNDA:0,_RNvMs0_NtNtCs3zbRNdgKbV9_4smmu5fault5queueNtB5_10FaultQueue7is_full
FNDA:0,_RNvMs0_NtNtCs3zbRNdgKbV9_4smmu5fault5queueNtB5_10FaultQueue8capacity
FNDA:0,_RNvMs0_NtNtCs3zbRNdgKbV9_4smmu5fault5queueNtB5_10FaultQueue8is_empty
FNDA:0,_RNvXNtNtCs3zbRNdgKbV9_4smmu5fault5queueNtB2_15FaultQueueErrorNtNtCslH02haMvknO_4core3fmt7Display3fmt
FNDA:0,_RNvXs1_NtNtCs3zbRNdgKbV9_4smmu5fault5queueNtB5_10FaultQueueNtNtCslH02haMvknO_4core5clone5Clone5clone
FNDA:0,_RNCNvMs0_NtNtCs3zbRNdgKbV9_4smmu5fault5queueNtB7_10FaultQueue3len0Bb_
FNDA:0,_RNCNvMs0_NtNtCs3zbRNdgKbV9_4smmu5fault5queueNtB7_10FaultQueue7get_all0Bb_
FNF:14
FNH:0
DA:51,0
DA:52,0
DA:53,0
DA:54,0
DA:55,0
DA:57,0
DA:90,0
DA:91,0
DA:92,0
DA:93,0
DA:94,0
DA:95,0
DA:127,0
DA:128,0
DA:130,0
DA:131,0
DA:132,0
DA:134,0
DA:135,0
DA:136,0
DA:163,0
DA:164,0
DA:165,0
DA:178,0
DA:179,0
DA:180,0
DA:193,0
DA:194,0
DA:195,0
DA:208,0
DA:209,0
DA:210,0
DA:223,0
DA:224,0
DA:225,0
DA:250,0
DA:251,0
DA:252,0
DA:253,0
DA:254,0
DA:279,0
DA:280,0
DA:281,0
DA:306,0
DA:307,0
DA:308,0
DA:309,0
DA:310,0
DA:311,0
DA:315,0
DA:316,0
DA:317,0
DA:318,0
DA:319,0
DA:320,0
DA:321,0
BRF:0
BRH:0
LF:58
LH:0
end_of_record
SF:/home/jpgreninger/Work/smmu/rust/smmu/src/fault/recovery.rs
FN:85,_RNvMNtNtCs3zbRNdgKbV9_4smmu5fault8recoveryNtB2_13RecoveryState11retry_count
FN:97,_RNvMNtNtCs3zbRNdgKbV9_4smmu5fault8recoveryNtB2_13RecoveryState13last_strategy
FN:91,_RNvMNtNtCs3zbRNdgKbV9_4smmu5fault8recoveryNtB2_13RecoveryState16first_fault_time
FN:75,_RNvMNtNtCs3zbRNdgKbV9_4smmu5fault8recoveryNtB2_13RecoveryState3new
FN:259,_RNvMs0_NtNtCs3zbRNdgKbV9_4smmu5fault8recoveryNtB5_13FaultRecovery10save_state
FN:324,_RNvMs0_NtNtCs3zbRNdgKbV9_4smmu5fault8recoveryNtB5_13FaultRecovery11clear_state
FN:294,_RNvMs0_NtNtCs3zbRNdgKbV9_4smmu5fault8recoveryNtB5_13FaultRecovery13restore_state
FN:202,_RNvMs0_NtNtCs3zbRNdgKbV9_4smmu5fault8recoveryNtB5_13FaultRecovery16attempt_recovery
FN:356,_RNvMs0_NtNtCs3zbRNdgKbV9_4smmu5fault8recoveryNtB5_13FaultRecovery17current_timestamp
FN:159,_RNvMs0_NtNtCs3zbRNdgKbV9_4smmu5fault8recoveryNtB5_13FaultRecovery24get_recommended_strategy
FN:129,_RNvMs0_NtNtCs3zbRNdgKbV9_4smmu5fault8recoveryNtB5_13FaultRecovery3new
FN:340,_RNvMs0_NtNtCs3zbRNdgKbV9_4smmu5fault8recoveryNtB5_13FaultRecovery9clear_all
FN:346,_RNvMs0_NtNtCs3zbRNdgKbV9_4smmu5fault8recoveryNtB5_13FaultRecovery9fault_key
FN:366,_RNvXs1_NtNtCs3zbRNdgKbV9_4smmu5fault8recoveryNtB5_13FaultRecoveryNtNtCslH02haMvknO_4core7default7Default7default
FN:103,_RNvXs_NtNtCs3zbRNdgKbV9_4smmu5fault8recoveryNtB4_13RecoveryStateNtNtCslH02haMvknO_4core7default7Default7default
FN:210,_RNCNvMs0_NtNtCs3zbRNdgKbV9_4smmu5fault8recoveryNtB7_13FaultRecovery16attempt_recovery0Bb_
FNDA:0,_RNvMNtNtCs3zbRNdgKbV9_4smmu5fault8recoveryNtB2_13RecoveryState11retry_count
FNDA:0,_RNvMNtNtCs3zbRNdgKbV9_4smmu5fault8recoveryNtB2_13RecoveryState13last_strategy
FNDA:0,_RNvMNtNtCs3zbRNdgKbV9_4smmu5fault8recoveryNtB2_13RecoveryState16first_fault_time
FNDA:0,_RNvMNtNtCs3zbRNdgKbV9_4smmu5fault8recoveryNtB2_13RecoveryState3new
FNDA:0,_RNvMs0_NtNtCs3zbRNdgKbV9_4smmu5fault8recoveryNtB5_13FaultRecovery10save_state
FNDA:0,_RNvMs0_NtNtCs3zbRNdgKbV9_4smmu5fault8recoveryNtB5_13FaultRecovery11clear_state
FNDA:0,_RNvMs0_NtNtCs3zbRNdgKbV9_4smmu5fault8recoveryNtB5_13FaultRecovery13restore_state
FNDA:0,_RNvMs0_NtNtCs3zbRNdgKbV9_4smmu5fault8recoveryNtB5_13FaultRecovery16attempt_recovery
FNDA:0,_RNvMs0_NtNtCs3zbRNdgKbV9_4smmu5fault8recoveryNtB5_13FaultRecovery17current_timestamp
FNDA:0,_RNvMs0_NtNtCs3zbRNdgKbV9_4smmu5fault8recoveryNtB5_13FaultRecovery24get_recommended_strategy
FNDA:0,_RNvMs0_NtNtCs3zbRNdgKbV9_4smmu5fault8recoveryNtB5_13FaultRecovery3new
FNDA:0,_RNvMs0_NtNtCs3zbRNdgKbV9_4smmu5fault8recoveryNtB5_13FaultRecovery9clear_all
FNDA:0,_RNvMs0_NtNtCs3zbRNdgKbV9_4smmu5fault8recoveryNtB5_13FaultRecovery9fault_key
FNDA:0,_RNvXs1_NtNtCs3zbRNdgKbV9_4smmu5fault8recoveryNtB5_13FaultRecoveryNtNtCslH02haMvknO_4core7default7Default7default
FNDA:0,_RNvXs_NtNtCs3zbRNdgKbV9_4smmu5fault8recoveryNtB4_13RecoveryStateNtNtCslH02haMvknO_4core7default7Default7default
FNDA:0,_RNCNvMs0_NtNtCs3zbRNdgKbV9_4smmu5fault8recoveryNtB7_13FaultRecovery16attempt_recovery0Bb_
FNF:16
FNH:0
DA:75,0
DA:76,0
DA:77,0
DA:78,0
DA:79,0
DA:80,0
DA:81,0
DA:85,0
DA:86,0
DA:87,0
DA:91,0
DA:92,0
DA:93,0
DA:97,0
DA:98,0
DA:99,0
DA:103,0
DA:104,0
DA:105,0
DA:129,0
DA:130,0
DA:131,0
DA:132,0
DA:133,0
DA:159,0
DA:160,0
DA:162,0
DA:165,0
DA:168,0
DA:171,0
DA:174,0
DA:176,0
DA:202,0
DA:203,0
DA:204,0
DA:205,0
DA:206,0
DA:207,0
DA:208,0
DA:210,0
DA:211,0
DA:212,0
DA:213,0
DA:214,0
DA:216,0
DA:218,0
DA:219,0
DA:220,0
DA:221,0
DA:222,0
DA:224,0
DA:229,0
DA:231,0
DA:233,0
DA:259,0
DA:260,0
DA:261,0
DA:262,0
DA:263,0
DA:264,0
DA:265,0
DA:266,0
DA:294,0
DA:295,0
DA:296,0
DA:297,0
DA:298,0
DA:299,0
DA:324,0
DA:325,0
DA:326,0
DA:327,0
DA:328,0
DA:340,0
DA:341,0
DA:342,0
DA:343,0
DA:346,0
DA:347,0
DA:349,0
DA:350,0
DA:351,0
DA:353,0
DA:356,0
DA:358,0
DA:359,0
DA:360,0
DA:361,0
DA:362,0
DA:366,0
DA:367,0
DA:368,0
BRF:0
BRH:0
LF:93
LH:0
end_of_record
SF:/home/jpgreninger/Work/smmu/rust/smmu/src/fault/validator.rs
FN:59,_RNvMNtNtCs3zbRNdgKbV9_4smmu5fault9validatorNtB2_19PermissionValidator11can_executeB6_
FN:74,_RNvMNtNtCs3zbRNdgKbV9_4smmu5fault9validatorNtB2_19PermissionValidator13allows_access
FN:106,_RNvMNtNtCs3zbRNdgKbV9_4smmu5fault9validatorNtB2_19PermissionValidator21violation_description
FN:29,_RNvMNtNtCs3zbRNdgKbV9_4smmu5fault9validatorNtB2_19PermissionValidator8can_readB6_
FN:44,_RNvMNtNtCs3zbRNdgKbV9_4smmu5fault9validatorNtB2_19PermissionValidator9can_writeB6_
FN:301,_RNvMs1_NtNtCs3zbRNdgKbV9_4smmu5fault9validatorNtB5_17ValidationContext3new
FN:275,_RNvMs_NtNtCs3zbRNdgKbV9_4smmu5fault9validatorNtB4_21AddressRangeValidator12address_size
FN:180,_RNvMs_NtNtCs3zbRNdgKbV9_4smmu5fault9validatorNtB4_21AddressRangeValidator14validate_range
FN:223,_RNvMs_NtNtCs3zbRNdgKbV9_4smmu5fault9validatorNtB4_21AddressRangeValidator15is_page_aligned
FN:163,_RNvMs_NtNtCs3zbRNdgKbV9_4smmu5fault9validatorNtB4_21AddressRangeValidator16is_valid_address
FN:240,_RNvMs_NtNtCs3zbRNdgKbV9_4smmu5fault9validatorNtB4_21AddressRangeValidator23validate_page_alignment
FN:146,_RNvMs_NtNtCs3zbRNdgKbV9_4smmu5fault9validatorNtB4_21AddressRangeValidator3new
FN:281,_RNvXs0_NtNtCs3zbRNdgKbV9_4smmu5fault9validatorNtB5_21AddressRangeValidatorNtNtCslH02haMvknO_4core7default7Default7default
FNDA:0,_RNvMNtNtCs3zbRNdgKbV9_4smmu5fault9validatorNtB2_19PermissionValidator11can_executeB6_
FNDA:0,_RNvMNtNtCs3zbRNdgKbV9_4smmu5fault9validatorNtB2_19PermissionValidator13allows_access
FNDA:0,_RNvMNtNtCs3zbRNdgKbV9_4smmu5fault9validatorNtB2_19PermissionValidator21violation_description
FNDA:0,_RNvMNtNtCs3zbRNdgKbV9_4smmu5fault9validatorNtB2_19PermissionValidator8can_readB6_
FNDA:0,_RNvMNtNtCs3zbRNdgKbV9_4smmu5fault9validatorNtB2_19PermissionValidator9can_writeB6_
FNDA:0,_RNvMs1_NtNtCs3zbRNdgKbV9_4smmu5fault9validatorNtB5_17ValidationContext3new
FNDA:0,_RNvMs_NtNtCs3zbRNdgKbV9_4smmu5fault9validatorNtB4_21AddressRangeValidator12address_size
FNDA:0,_RNvMs_NtNtCs3zbRNdgKbV9_4smmu5fault9validatorNtB4_21AddressRangeValidator14validate_range
FNDA:0,_RNvMs_NtNtCs3zbRNdgKbV9_4smmu5fault9validatorNtB4_21AddressRangeValidator15is_page_aligned
FNDA:0,_RNvMs_NtNtCs3zbRNdgKbV9_4smmu5fault9validatorNtB4_21AddressRangeValidator16is_valid_address
FNDA:0,_RNvMs_NtNtCs3zbRNdgKbV9_4smmu5fault9validatorNtB4_21AddressRangeValidator23validate_page_alignment
FNDA:0,_RNvMs_NtNtCs3zbRNdgKbV9_4smmu5fault9validatorNtB4_21AddressRangeValidator3new
FNDA:0,_RNvXs0_NtNtCs3zbRNdgKbV9_4smmu5fault9validatorNtB5_21AddressRangeValidatorNtNtCslH02haMvknO_4core7default7Default7default
FNF:13
FNH:0
DA:29,0
DA:30,0
DA:31,0
DA:44,0
DA:45,0
DA:46,0
DA:59,0
DA:60,0
DA:61,0
DA:74,0
DA:75,0
DA:76,0
DA:77,0
DA:78,0
DA:79,0
DA:80,0
DA:82,0
DA:85,0
DA:88,0
DA:89,0
DA:90,0
DA:93,0
DA:106,0
DA:107,0
DA:109,0
DA:110,0
DA:111,0
DA:114,0
DA:115,0
DA:116,0
DA:117,0
DA:118,0
DA:119,0
DA:120,0
DA:121,0
DA:122,0
DA:125,0
DA:129,0
DA:146,0
DA:147,0
DA:148,0
DA:149,0
DA:150,0
DA:151,0
DA:163,0
DA:164,0
DA:165,0
DA:180,0
DA:181,0
DA:182,0
DA:183,0
DA:184,0
DA:185,0
DA:186,0
DA:187,0
DA:188,0
DA:189,0
DA:191,0
DA:192,0
DA:193,0
DA:194,0
DA:195,0
DA:196,0
DA:198,0
DA:199,0
DA:200,0
DA:201,0
DA:202,0
DA:203,0
DA:204,0
DA:205,0
DA:206,0
DA:207,0
DA:209,0
DA:211,0
DA:223,0
DA:224,0
DA:225,0
DA:240,0
DA:241,0
DA:242,0
DA:243,0
DA:244,0
DA:245,0
DA:246,0
DA:247,0
DA:248,0
DA:249,0
DA:251,0
DA:252,0
DA:253,0
DA:254,0
DA:255,0
DA:256,0
DA:258,0
DA:259,0
DA:260,0
DA:261,0
DA:262,0
DA:263,0
DA:264,0
DA:265,0
DA:266,0
DA:267,0
DA:269,0
DA:271,0
DA:275,0
DA:276,0
DA:277,0
DA:281,0
DA:282,0
DA:283,0
DA:301,0
DA:302,0
DA:303,0
DA:304,0
DA:305,0
DA:306,0
DA:307,0
DA:308,0
DA:309,0
DA:310,0
DA:311,0
DA:312,0
DA:313,0
DA:314,0
DA:315,0
BRF:0
BRH:0
LF:127
LH:0
end_of_record
SF:/home/jpgreninger/Work/smmu/rust/smmu/src/smmu/mod.rs
FN:808,_RINvMNtCs3zbRNdgKbV9_4smmu4smmuNtB3_4SMMU13update_configpEB5_
FN:1722,_RINvNvNtCs3zbRNdgKbV9_4smmu4smmu16assert_send_sync7is_sendpEB6_
FN:1723,_RINvNvNtCs3zbRNdgKbV9_4smmu4smmu16assert_send_sync7is_syncpEB6_
FN:500,_RNvMNtCs3zbRNdgKbV9_4smmu4smmuNtB2_4SMMU10has_streamB4_
FN:1721,_RNvNtCs3zbRNdgKbV9_4smmu4smmu16assert_send_sync
FN:471,_RNCNvMNtCs3zbRNdgKbV9_4smmu4smmuNtB4_4SMMU13remove_stream0B6_
FN:392,_RNCNvMNtCs3zbRNdgKbV9_4smmu4smmuNtB4_4SMMU16configure_stream0B6_
FN:1390,_RNCNvMNtCs3zbRNdgKbV9_4smmu4smmuNtB4_4SMMU18get_events_by_type0B6_
FN:1139,_RNCNvMNtCs3zbRNdgKbV9_4smmu4smmuNtB4_4SMMU18get_stream_context0B6_
FN:1140,_RNCNvMNtCs3zbRNdgKbV9_4smmu4smmuNtB4_4SMMU18get_stream_contexts_0B6_
FN:1402,_RNCNvMNtCs3zbRNdgKbV9_4smmu4smmuNtB4_4SMMU20get_events_by_stream0B6_
FN:773,_RNvMNtCs3zbRNdgKbV9_4smmu4smmuNtB2_4SMMU10get_config
FN:1352,_RNvMNtCs3zbRNdgKbV9_4smmu4smmuNtB2_4SMMU10get_events
FN:900,_RNvMNtCs3zbRNdgKbV9_4smmu4smmuNtB2_4SMMU10get_faults
FN:1361,_RNvMNtCs3zbRNdgKbV9_4smmu4smmuNtB2_4SMMU10has_events
FN:266,_RNvMNtCs3zbRNdgKbV9_4smmu4smmuNtB2_4SMMU10initialize
FN:343,_RNvMNtCs3zbRNdgKbV9_4smmu4smmuNtB2_4SMMU11is_shutdownB4_
FN:219,_RNvMNtCs3zbRNdgKbV9_4smmu4smmuNtB2_4SMMU11with_config
FN:936,_RNvMNtCs3zbRNdgKbV9_4smmu4smmuNtB2_4SMMU12clear_faults
FN:556,_RNvMNtCs3zbRNdgKbV9_4smmu4smmuNtB2_4SMMU12create_pasid
FN:865,_RNvMNtCs3zbRNdgKbV9_4smmu4smmuNtB2_4SMMU12record_fault
FN:596,_RNvMNtCs3zbRNdgKbV9_4smmu4smmuNtB2_4SMMU12remove_pasid
FN:1673,_RNvMNtCs3zbRNdgKbV9_4smmu4smmuNtB2_4SMMU12reset_queues
FN:1337,_RNvMNtCs3zbRNdgKbV9_4smmu4smmuNtB2_4SMMU12submit_event
FN:1588,_RNvMNtCs3zbRNdgKbV9_4smmu4smmuNtB2_4SMMU13get_pri_queue
FN:464,_RNvMNtCs3zbRNdgKbV9_4smmu4smmuNtB2_4SMMU13remove_stream
FN:1313,_RNvMNtCs3zbRNdgKbV9_4smmu4smmuNtB2_4SMMU14check_shutdownB4_
FN:1423,_RNvMNtCs3zbRNdgKbV9_4smmu4smmuNtB2_4SMMU14submit_command
FN:1646,_RNvMNtCs3zbRNdgKbV9_4smmu4smmuNtB2_4SMMU15clear_pri_queue
FN:700,_RNvMNtCs3zbRNdgKbV9_4smmu4smmuNtB2_4SMMU15map_stage2_page
FN:382,_RNvMNtCs3zbRNdgKbV9_4smmu4smmuNtB2_4SMMU16configure_stream
FN:522,_RNvMNtCs3zbRNdgKbV9_4smmu4smmuNtB2_4SMMU16get_stream_count
FN:1378,_RNvMNtCs3zbRNdgKbV9_4smmu4smmuNtB2_4SMMU17clear_event_queue
FN:1597,_RNvMNtCs3zbRNdgKbV9_4smmu4smmuNtB2_4SMMU17process_pri_queue
FN:1386,_RNvMNtCs3zbRNdgKbV9_4smmu4smmuNtB2_4SMMU18get_events_by_type
FN:1638,_RNvMNtCs3zbRNdgKbV9_4smmu4smmuNtB2_4SMMU18get_pri_queue_size
FN:1131,_RNvMNtCs3zbRNdgKbV9_4smmu4smmuNtB2_4SMMU18get_stream_context
FN:1494,_RNvMNtCs3zbRNdgKbV9_4smmu4smmuNtB2_4SMMU19clear_command_queue
FN:1574,_RNvMNtCs3zbRNdgKbV9_4smmu4smmuNtB2_4SMMU19submit_page_request
FN:1683,_RNvMNtCs3zbRNdgKbV9_4smmu4smmuNtB2_4SMMU20get_cache_statistics
FN:1370,_RNvMNtCs3zbRNdgKbV9_4smmu4smmuNtB2_4SMMU20get_event_queue_size
FN:1398,_RNvMNtCs3zbRNdgKbV9_4smmu4smmuNtB2_4SMMU20get_events_by_stream
FN:1659,_RNvMNtCs3zbRNdgKbV9_4smmu4smmuNtB2_4SMMU20get_queue_statistics
FN:1089,_RNvMNtCs3zbRNdgKbV9_4smmu4smmuNtB2_4SMMU21get_translation_stats
FN:1486,_RNvMNtCs3zbRNdgKbV9_4smmu4smmuNtB2_4SMMU21is_command_queue_full
FN:1451,_RNvMNtCs3zbRNdgKbV9_4smmu4smmuNtB2_4SMMU21process_command_queue
FN:1477,_RNvMNtCs3zbRNdgKbV9_4smmu4smmuNtB2_4SMMU22get_command_queue_size
FN:1502,_RNvMNtCs3zbRNdgKbV9_4smmu4smmuNtB2_4SMMU22process_single_command
FN:1112,_RNvMNtCs3zbRNdgKbV9_4smmu4smmuNtB2_4SMMU23reset_translation_stats
FN:1208,_RNvMNtCs3zbRNdgKbV9_4smmu4smmuNtB2_4SMMU24record_translation_fault
FN:748,_RNvMNtCs3zbRNdgKbV9_4smmu4smmuNtB2_4SMMU27create_stage2_address_space
FN:1154,_RNvMNtCs3zbRNdgKbV9_4smmu4smmuNtB2_4SMMU28map_fault_type_to_event_type
FN:1266,_RNvMNtCs3zbRNdgKbV9_4smmu4smmuNtB2_4SMMU29record_stream_not_found_fault
FN:1179,_RNvMNtCs3zbRNdgKbV9_4smmu4smmuNtB2_4SMMU35map_translation_error_to_fault_type
FN:187,_RNvMNtCs3zbRNdgKbV9_4smmu4smmuNtB2_4SMMU3new
FN:641,_RNvMNtCs3zbRNdgKbV9_4smmu4smmuNtB2_4SMMU8map_page
FN:306,_RNvMNtCs3zbRNdgKbV9_4smmu4smmuNtB2_4SMMU8shutdown
FN:1024,_RNvMNtCs3zbRNdgKbV9_4smmu4smmuNtB2_4SMMU9translate
FN:1700,_RNvMs_NtCs3zbRNdgKbV9_4smmu4smmuNtB4_15CacheStatistics18invalidation_count
FN:1706,_RNvXs0_NtCs3zbRNdgKbV9_4smmu4smmuNtB5_4SMMUNtNtCslH02haMvknO_4core7default7Default7default
FNDA:0,_RINvMNtCs3zbRNdgKbV9_4smmu4smmuNtB3_4SMMU13update_configpEB5_
FNDA:0,_RINvNvNtCs3zbRNdgKbV9_4smmu4smmu16assert_send_sync7is_sendpEB6_
FNDA:0,_RINvNvNtCs3zbRNdgKbV9_4smmu4smmu16assert_send_sync7is_syncpEB6_
FNDA:0,_RNvMNtCs3zbRNdgKbV9_4smmu4smmuNtB2_4SMMU10has_streamB4_
FNDA:0,_RNvNtCs3zbRNdgKbV9_4smmu4smmu16assert_send_sync
FNDA:0,_RNCNvMNtCs3zbRNdgKbV9_4smmu4smmuNtB4_4SMMU13remove_stream0B6_
FNDA:0,_RNCNvMNtCs3zbRNdgKbV9_4smmu4smmuNtB4_4SMMU16configure_stream0B6_
FNDA:0,_RNCNvMNtCs3zbRNdgKbV9_4smmu4smmuNtB4_4SMMU18get_events_by_type0B6_
FNDA:0,_RNCNvMNtCs3zbRNdgKbV9_4smmu4smmuNtB4_4SMMU18get_stream_context0B6_
FNDA:0,_RNCNvMNtCs3zbRNdgKbV9_4smmu4smmuNtB4_4SMMU18get_stream_contexts_0B6_
FNDA:0,_RNCNvMNtCs3zbRNdgKbV9_4smmu4smmuNtB4_4SMMU20get_events_by_stream0B6_
FNDA:0,_RNvMNtCs3zbRNdgKbV9_4smmu4smmuNtB2_4SMMU10get_config
FNDA:0,_RNvMNtCs3zbRNdgKbV9_4smmu4smmuNtB2_4SMMU10get_events
FNDA:0,_RNvMNtCs3zbRNdgKbV9_4smmu4smmuNtB2_4SMMU10get_faults
FNDA:0,_RNvMNtCs3zbRNdgKbV9_4smmu4smmuNtB2_4SMMU10has_events
FNDA:0,_RNvMNtCs3zbRNdgKbV9_4smmu4smmuNtB2_4SMMU10initialize
FNDA:0,_RNvMNtCs3zbRNdgKbV9_4smmu4smmuNtB2_4SMMU11is_shutdownB4_
FNDA:0,_RNvMNtCs3zbRNdgKbV9_4smmu4smmuNtB2_4SMMU11with_config
FNDA:0,_RNvMNtCs3zbRNdgKbV9_4smmu4smmuNtB2_4SMMU12clear_faults
FNDA:0,_RNvMNtCs3zbRNdgKbV9_4smmu4smmuNtB2_4SMMU12create_pasid
FNDA:0,_RNvMNtCs3zbRNdgKbV9_4smmu4smmuNtB2_4SMMU12record_fault
FNDA:0,_RNvMNtCs3zbRNdgKbV9_4smmu4smmuNtB2_4SMMU12remove_pasid
FNDA:0,_RNvMNtCs3zbRNdgKbV9_4smmu4smmuNtB2_4SMMU12reset_queues
FNDA:0,_RNvMNtCs3zbRNdgKbV9_4smmu4smmuNtB2_4SMMU12submit_event
FNDA:0,_RNvMNtCs3zbRNdgKbV9_4smmu4smmuNtB2_4SMMU13get_pri_queue
FNDA:0,_RNvMNtCs3zbRNdgKbV9_4smmu4smmuNtB2_4SMMU13remove_stream
FNDA:0,_RNvMNtCs3zbRNdgKbV9_4smmu4smmuNtB2_4SMMU14check_shutdownB4_
FNDA:0,_RNvMNtCs3zbRNdgKbV9_4smmu4smmuNtB2_4SMMU14submit_command
FNDA:0,_RNvMNtCs3zbRNdgKbV9_4smmu4smmuNtB2_4SMMU15clear_pri_queue
FNDA:0,_RNvMNtCs3zbRNdgKbV9_4smmu4smmuNtB2_4SMMU15map_stage2_page
FNDA:0,_RNvMNtCs3zbRNdgKbV9_4smmu4smmuNtB2_4SMMU16configure_stream
FNDA:0,_RNvMNtCs3zbRNdgKbV9_4smmu4smmuNtB2_4SMMU16get_stream_count
FNDA:0,_RNvMNtCs3zbRNdgKbV9_4smmu4smmuNtB2_4SMMU17clear_event_queue
FNDA:0,_RNvMNtCs3zbRNdgKbV9_4smmu4smmuNtB2_4SMMU17process_pri_queue
FNDA:0,_RNvMNtCs3zbRNdgKbV9_4smmu4smmuNtB2_4SMMU18get_events_by_type
FNDA:0,_RNvMNtCs3zbRNdgKbV9_4smmu4smmuNtB2_4SMMU18get_pri_queue_size
FNDA:0,_RNvMNtCs3zbRNdgKbV9_4smmu4smmuNtB2_4SMMU18get_stream_context
FNDA:0,_RNvMNtCs3zbRNdgKbV9_4smmu4smmuNtB2_4SMMU19clear_command_queue
FNDA:0,_RNvMNtCs3zbRNdgKbV9_4smmu4smmuNtB2_4SMMU19submit_page_request
FNDA:0,_RNvMNtCs3zbRNdgKbV9_4smmu4smmuNtB2_4SMMU20get_cache_statistics
FNDA:0,_RNvMNtCs3zbRNdgKbV9_4smmu4smmuNtB2_4SMMU20get_event_queue_size
FNDA:0,_RNvMNtCs3zbRNdgKbV9_4smmu4smmuNtB2_4SMMU20get_events_by_stream
FNDA:0,_RNvMNtCs3zbRNdgKbV9_4smmu4smmuNtB2_4SMMU20get_queue_statistics
FNDA:0,_RNvMNtCs3zbRNdgKbV9_4smmu4smmuNtB2_4SMMU21get_translation_stats
FNDA:0,_RNvMNtCs3zbRNdgKbV9_4smmu4smmuNtB2_4SMMU21is_command_queue_full
FNDA:0,_RNvMNtCs3zbRNdgKbV9_4smmu4smmuNtB2_4SMMU21process_command_queue
FNDA:0,_RNvMNtCs3zbRNdgKbV9_4smmu4smmuNtB2_4SMMU22get_command_queue_size
FNDA:0,_RNvMNtCs3zbRNdgKbV9_4smmu4smmuNtB2_4SMMU22process_single_command
FNDA:0,_RNvMNtCs3zbRNdgKbV9_4smmu4smmuNtB2_4SMMU23reset_translation_stats
FNDA:0,_RNvMNtCs3zbRNdgKbV9_4smmu4smmuNtB2_4SMMU24record_translation_fault
FNDA:0,_RNvMNtCs3zbRNdgKbV9_4smmu4smmuNtB2_4SMMU27create_stage2_address_space
FNDA:0,_RNvMNtCs3zbRNdgKbV9_4smmu4smmuNtB2_4SMMU28map_fault_type_to_event_type
FNDA:0,_RNvMNtCs3zbRNdgKbV9_4smmu4smmuNtB2_4SMMU29record_stream_not_found_fault
FNDA:0,_RNvMNtCs3zbRNdgKbV9_4smmu4smmuNtB2_4SMMU35map_translation_error_to_fault_type
FNDA:0,_RNvMNtCs3zbRNdgKbV9_4smmu4smmuNtB2_4SMMU3new
FNDA:0,_RNvMNtCs3zbRNdgKbV9_4smmu4smmuNtB2_4SMMU8map_page
FNDA:0,_RNvMNtCs3zbRNdgKbV9_4smmu4smmuNtB2_4SMMU8shutdown
FNDA:0,_RNvMNtCs3zbRNdgKbV9_4smmu4smmuNtB2_4SMMU9translate
FNDA:0,_RNvMs_NtCs3zbRNdgKbV9_4smmu4smmuNtB4_15CacheStatistics18invalidation_count
FNDA:0,_RNvXs0_NtCs3zbRNdgKbV9_4smmu4smmuNtB5_4SMMUNtNtCslH02haMvknO_4core7default7Default7default
FNF:60
FNH:0
DA:187,0
DA:188,0
DA:189,0
DA:219,0
DA:221,0
DA:223,0
DA:224,0
DA:225,0
DA:226,0
DA:228,0
DA:229,0
DA:230,0
DA:231,0
DA:232,0
DA:233,0
DA:234,0
DA:235,0
DA:236,0
DA:237,0
DA:238,0
DA:239,0
DA:240,0
DA:241,0
DA:242,0
DA:243,0
DA:244,0
DA:245,0
DA:246,0
DA:247,0
DA:266,0
DA:267,0
DA:268,0
DA:269,0
DA:306,0
DA:310,0
DA:311,0
DA:312,0
DA:313,0
DA:316,0
DA:319,0
DA:320,0
DA:321,0
DA:323,0
DA:324,0
DA:343,0
DA:344,0
DA:345,0
DA:382,0
DA:383,0
DA:384,0
DA:385,0
DA:386,0
DA:387,0
DA:390,0
DA:391,0
DA:392,0
DA:394,0
DA:401,0
DA:402,0
DA:404,0
DA:405,0
DA:406,0
DA:409,0
DA:412,0
DA:413,0
DA:415,0
DA:416,0
DA:417,0
DA:422,0
DA:423,0
DA:425,0
DA:426,0
DA:429,0
DA:432,0
DA:464,0
DA:465,0
DA:467,0
DA:469,0
DA:470,0
DA:471,0
DA:473,0
DA:474,0
DA:500,0
DA:501,0
DA:502,0
DA:522,0
DA:523,0
DA:524,0
DA:556,0
DA:557,0
DA:558,0
DA:559,0
DA:560,0
DA:561,0
DA:596,0
DA:597,0
DA:598,0
DA:599,0
DA:600,0
DA:601,0
DA:641,0
DA:642,0
DA:643,0
DA:644,0
DA:645,0
DA:646,0
DA:647,0
DA:648,0
DA:649,0
DA:650,0
DA:651,0
DA:652,0
DA:653,0
DA:654,0
DA:655,0
DA:700,0
DA:701,0
DA:702,0
DA:703,0
DA:704,0
DA:705,0
DA:706,0
DA:707,0
DA:708,0
DA:709,0
DA:710,0
DA:711,0
DA:712,0
DA:713,0
DA:748,0
DA:749,0
DA:750,0
DA:751,0
DA:752,0
DA:753,0
DA:754,0
DA:773,0
DA:774,0
DA:775,0
DA:776,0
DA:808,0
DA:809,0
DA:810,0
DA:811,0
DA:812,0
DA:814,0
DA:817,0
DA:820,0
DA:823,0
DA:825,0
DA:826,0
DA:827,0
DA:828,0
DA:829,0
DA:830,0
DA:832,0
DA:833,0
DA:865,0
DA:866,0
DA:867,0
DA:868,0
DA:869,0
DA:900,0
DA:901,0
DA:902,0
DA:904,0
DA:906,0
DA:936,0
DA:937,0
DA:938,0
DA:939,0
DA:940,0
DA:1024,0
DA:1025,0
DA:1026,0
DA:1027,0
DA:1028,0
DA:1029,0
DA:1030,0
DA:1032,0
DA:1035,0
DA:1036,0
DA:1037,0
DA:1038,0
DA:1041,0
DA:1042,0
DA:1044,0
DA:1046,0
DA:1047,0
DA:1053,0
DA:1054,0
DA:1057,0
DA:1058,0
DA:1059,0
DA:1060,0
DA:1061,0
DA:1062,0
DA:1064,0
DA:1065,0
DA:1089,0
DA:1090,0
DA:1091,0
DA:1092,0
DA:1093,0
DA:1094,0
DA:1112,0
DA:1113,0
DA:1114,0
DA:1115,0
DA:1116,0
DA:1131,0
DA:1132,0
DA:1133,0
DA:1134,0
DA:1135,0
DA:1137,0
DA:1138,0
DA:1139,0
DA:1140,0
DA:1141,0
DA:1154,0
DA:1155,0
DA:1162,0
DA:1163,0
DA:1165,0
DA:1179,0
DA:1180,0
DA:1181,0
DA:1182,0
DA:1183,0
DA:1184,0
DA:1185,0
DA:1186,0
DA:1187,0
DA:1188,0
DA:1189,0
DA:1190,0
DA:1191,0
DA:1192,0
DA:1193,0
DA:1195,0
DA:1208,0
DA:1209,0
DA:1210,0
DA:1211,0
DA:1212,0
DA:1213,0
DA:1214,0
DA:1215,0
DA:1216,0
DA:1219,0
DA:1220,0
DA:1221,0
DA:1222,0
DA:1224,0
DA:1225,0
DA:1226,0
DA:1227,0
DA:1228,0
DA:1229,0
DA:1230,0
DA:1231,0
DA:1232,0
DA:1234,0
DA:1237,0
DA:1238,0
DA:1239,0
DA:1240,0
DA:1241,0
DA:1242,0
DA:1243,0
DA:1244,0
DA:1245,0
DA:1246,0
DA:1248,0
DA:1249,0
DA:1250,0
DA:1251,0
DA:1252,0
DA:1253,0
DA:1254,0
DA:1266,0
DA:1267,0
DA:1268,0
DA:1269,0
DA:1270,0
DA:1271,0
DA:1272,0
DA:1273,0
DA:1274,0
DA:1275,0
DA:1276,0
DA:1278,0
DA:1279,0
DA:1280,0
DA:1281,0
DA:1282,0
DA:1283,0
DA:1284,0
DA:1285,0
DA:1286,0
DA:1288,0
DA:1291,0
DA:1292,0
DA:1293,0
DA:1294,0
DA:1295,0
DA:1296,0
DA:1297,0
DA:1298,0
DA:1299,0
DA:1301,0
DA:1302,0
DA:1303,0
DA:1304,0
DA:1305,0
DA:1306,0
DA:1307,0
DA:1313,0
DA:1314,0
DA:1315,0
DA:1317,0
DA:1319,0
DA:1337,0
DA:1338,0
DA:1340,0
DA:1341,0
DA:1342,0
DA:1343,0
DA:1344,0
DA:1345,0
DA:1346,0
DA:1352,0
DA:1353,0
DA:1354,0
DA:1355,0
DA:1361,0
DA:1362,0
DA:1363,0
DA:1364,0
DA:1370,0
DA:1371,0
DA:1372,0
DA:1373,0
DA:1378,0
DA:1379,0
DA:1380,0
DA:1381,0
DA:1386,0
DA:1387,0
DA:1388,0
DA:1389,0
DA:1390,0
DA:1391,0
DA:1392,0
DA:1393,0
DA:1398,0
DA:1399,0
DA:1400,0
DA:1401,0
DA:1402,0
DA:1403,0
DA:1404,0
DA:1405,0
DA:1423,0
DA:1425,0
DA:1426,0
DA:1428,0
DA:1429,0
DA:1430,0
DA:1431,0
DA:1433,0
DA:1435,0
DA:1436,0
DA:1437,0
DA:1438,0
DA:1439,0
DA:1440,0
DA:1441,0
DA:1451,0
DA:1452,0
DA:1456,0
DA:1457,0
DA:1458,0
DA:1461,0
DA:1462,0
DA:1463,0
DA:1464,0
DA:1466,0
DA:1470,0
DA:1471,0
DA:1477,0
DA:1478,0
DA:1479,0
DA:1480,0
DA:1486,0
DA:1487,0
DA:1488,0
DA:1489,0
DA:1494,0
DA:1495,0
DA:1496,0
DA:1497,0
DA:1502,0
DA:1503,0
DA:1504,0
DA:1505,0
DA:1506,0
DA:1507,0
DA:1508,0
DA:1509,0
DA:1510,0
DA:1511,0
DA:1512,0
DA:1513,0
DA:1514,0
DA:1515,0
DA:1516,0
DA:1517,0
DA:1518,0
DA:1519,0
DA:1520,0
DA:1521,0
DA:1522,0
DA:1523,0
DA:1524,0
DA:1525,0
DA:1526,0
DA:1527,0
DA:1528,0
DA:1529,0
DA:1530,0
DA:1531,0
DA:1532,0
DA:1533,0
DA:1534,0
DA:1535,0
DA:1536,0
DA:1537,0
DA:1538,0
DA:1539,0
DA:1540,0
DA:1541,0
DA:1542,0
DA:1543,0
DA:1544,0
DA:1545,0
DA:1546,0
DA:1547,0
DA:1548,0
DA:1549,0
DA:1550,0
DA:1551,0
DA:1552,0
DA:1553,0
DA:1554,0
DA:1555,0
DA:1556,0
DA:1559,0
DA:1560,0
DA:1574,0
DA:1575,0
DA:1577,0
DA:1578,0
DA:1579,0
DA:1580,0
DA:1581,0
DA:1582,0
DA:1583,0
DA:1588,0
DA:1589,0
DA:1590,0
DA:1591,0
DA:1597,0
DA:1598,0
DA:1601,0
DA:1602,0
DA:1603,0
DA:1606,0
DA:1607,0
DA:1608,0
DA:1609,0
DA:1610,0
DA:1611,0
DA:1612,0
DA:1613,0
DA:1614,0
DA:1615,0
DA:1616,0
DA:1617,0
DA:1618,0
DA:1619,0
DA:1620,0
DA:1621,0
DA:1622,0
DA:1623,0
DA:1624,0
DA:1625,0
DA:1626,0
DA:1627,0
DA:1631,0
DA:1632,0
DA:1638,0
DA:1639,0
DA:1640,0
DA:1641,0
DA:1646,0
DA:1647,0
DA:1648,0
DA:1649,0
DA:1659,0
DA:1660,0
DA:1661,0
DA:1662,0
DA:1663,0
DA:1664,0
DA:1665,0
DA:1666,0
DA:1668,0
DA:1673,0
DA:1674,0
DA:1675,0
DA:1676,0
DA:1677,0
DA:1683,0
DA:1684,0
DA:1685,0
DA:1686,0
DA:1687,0
DA:1700,0
DA:1701,0
DA:1702,0
DA:1706,0
DA:1707,0
DA:1708,0
DA:1721,0
DA:1722,0
DA:1723,0
DA:1725,0
DA:1726,0
DA:1727,0
BRF:0
BRH:0
LF:547
LH:0
end_of_record
SF:/home/jpgreninger/Work/smmu/rust/smmu/src/stream_context/mod.rs
FN:1026,_RNvMNtCs3zbRNdgKbV9_4smmu14stream_contextNtB2_13StreamContext10is_enabled
FN:569,_RNvMNtCs3zbRNdgKbV9_4smmu14stream_contextNtB2_13StreamContext10unmap_page
FN:318,_RNvMNtCs3zbRNdgKbV9_4smmu14stream_contextNtB2_13StreamContext11pasid_count
FN:893,_RNvMNtCs3zbRNdgKbV9_4smmu14stream_contextNtB2_13StreamContext12apply_config
FN:164,_RNvMNtCs3zbRNdgKbV9_4smmu14stream_contextNtB2_13StreamContext12create_pasid
FN:1074,_RNvMNtCs3zbRNdgKbV9_4smmu14stream_contextNtB2_13StreamContext12record_fault
FN:213,_RNvMNtCs3zbRNdgKbV9_4smmu14stream_contextNtB2_13StreamContext12remove_pasid
FN:1031,_RNvMNtCs3zbRNdgKbV9_4smmu14stream_contextNtB2_13StreamContext13check_enabled
FN:1093,_RNvMNtCs3zbRNdgKbV9_4smmu14stream_contextNtB2_13StreamContext15get_fault_count
FN:648,_RNvMNtCs3zbRNdgKbV9_4smmu14stream_contextNtB2_13StreamContext15map_stage2_page
FN:338,_RNvMNtCs3zbRNdgKbV9_4smmu14stream_contextNtB2_13StreamContext16clear_all_pasids
FN:848,_RNvMNtCs3zbRNdgKbV9_4smmu14stream_contextNtB2_13StreamContext16translate_bypass
FN:1086,_RNvMNtCs3zbRNdgKbV9_4smmu14stream_contextNtB2_13StreamContext17get_fault_records
FN:440,_RNvMNtCs3zbRNdgKbV9_4smmu14stream_contextNtB2_13StreamContext17is_stage1_enabled
FN:455,_RNvMNtCs3zbRNdgKbV9_4smmu14stream_contextNtB2_13StreamContext17is_stage2_enabled
FN:1167,_RNvMNtCs3zbRNdgKbV9_4smmu14stream_contextNtB2_13StreamContext18enable_fault_retry
FN:406,_RNvMNtCs3zbRNdgKbV9_4smmu14stream_contextNtB2_13StreamContext18set_stage1_enabled
FN:425,_RNvMNtCs3zbRNdgKbV9_4smmu14stream_contextNtB2_13StreamContext18set_stage2_enabled
FN:1099,_RNvMNtCs3zbRNdgKbV9_4smmu14stream_contextNtB2_13StreamContext19clear_fault_records
FN:801,_RNvMNtCs3zbRNdgKbV9_4smmu14stream_contextNtB2_13StreamContext19translate_two_stage
FN:1106,_RNvMNtCs3zbRNdgKbV9_4smmu14stream_contextNtB2_13StreamContext20get_fault_statistics
FN:1158,_RNvMNtCs3zbRNdgKbV9_4smmu14stream_contextNtB2_13StreamContext20set_fault_rate_limit
FN:1172,_RNvMNtCs3zbRNdgKbV9_4smmu14stream_contextNtB2_13StreamContext20translate_with_retry
FN:973,_RNvMNtCs3zbRNdgKbV9_4smmu14stream_contextNtB2_13StreamContext21max_pasids_per_stream
FN:748,_RNvMNtCs3zbRNdgKbV9_4smmu14stream_contextNtB2_13StreamContext21translate_stage1_only
FN:776,_RNvMNtCs3zbRNdgKbV9_4smmu14stream_contextNtB2_13StreamContext21translate_stage2_only
FN:873,_RNvMNtCs3zbRNdgKbV9_4smmu14stream_contextNtB2_13StreamContext21update_config_builder
FN:1149,_RNvMNtCs3zbRNdgKbV9_4smmu14stream_contextNtB2_13StreamContext22reset_fault_statistics
FN:927,_RNvMNtCs3zbRNdgKbV9_4smmu14stream_contextNtB2_13StreamContext22validate_config_update
FN:383,_RNvMNtCs3zbRNdgKbV9_4smmu14stream_contextNtB2_13StreamContext23get_pasid_address_space
FN:1183,_RNvMNtCs3zbRNdgKbV9_4smmu14stream_contextNtB2_13StreamContext24record_translation_fault
FN:476,_RNvMNtCs3zbRNdgKbV9_4smmu14stream_contextNtB2_13StreamContext24set_stage2_address_space
FN:357,_RNvMNtCs3zbRNdgKbV9_4smmu14stream_contextNtB2_13StreamContext25set_max_pasids_per_stream
FN:601,_RNvMNtCs3zbRNdgKbV9_4smmu14stream_contextNtB2_13StreamContext27create_stage2_address_space
FN:124,_RNvMNtCs3zbRNdgKbV9_4smmu14stream_contextNtB2_13StreamContext3new
FN:1060,_RNvMNtCs3zbRNdgKbV9_4smmu14stream_contextNtB2_13StreamContext5query
FN:992,_RNvMNtCs3zbRNdgKbV9_4smmu14stream_contextNtB2_13StreamContext6enable
FN:1009,_RNvMNtCs3zbRNdgKbV9_4smmu14stream_contextNtB2_13StreamContext7disable
FN:515,_RNvMNtCs3zbRNdgKbV9_4smmu14stream_contextNtB2_13StreamContext8map_page
FN:254,_RNvMNtCs3zbRNdgKbV9_4smmu14stream_contextNtB2_13StreamContext9add_pasid
FN:300,_RNvMNtCs3zbRNdgKbV9_4smmu14stream_contextNtB2_13StreamContext9has_pasid
FN:717,_RNvMNtCs3zbRNdgKbV9_4smmu14stream_contextNtB2_13StreamContext9translate
FN:1342,_RNvMs0_NtCs3zbRNdgKbV9_4smmu14stream_contextNtB5_18StreamContextQuery10is_enabled
FN:1323,_RNvMs0_NtCs3zbRNdgKbV9_4smmu14stream_contextNtB5_18StreamContextQuery11pasid_count
FN:1358,_RNvMs0_NtCs3zbRNdgKbV9_4smmu14stream_contextNtB5_18StreamContextQuery24pasids_by_security_state
FN:1334,_RNvMs0_NtCs3zbRNdgKbV9_4smmu14stream_contextNtB5_18StreamContextQuery6pasids
FN:1348,_RNvMs0_NtCs3zbRNdgKbV9_4smmu14stream_contextNtB5_18StreamContextQuery9get_stats
FN:1329,_RNvMs0_NtCs3zbRNdgKbV9_4smmu14stream_contextNtB5_18StreamContextQuery9has_pasid
FN:1271,_RNvMs_NtCs3zbRNdgKbV9_4smmu14stream_contextNtB4_19StreamConfigBuilder14stage1_enabled
FN:1278,_RNvMs_NtCs3zbRNdgKbV9_4smmu14stream_contextNtB4_19StreamConfigBuilder14stage2_enabled
FN:1285,_RNvMs_NtCs3zbRNdgKbV9_4smmu14stream_contextNtB4_19StreamConfigBuilder20stage2_address_space
FN:1264,_RNvMs_NtCs3zbRNdgKbV9_4smmu14stream_contextNtB4_19StreamConfigBuilder21max_pasids_per_stream
FN:1253,_RNvMs_NtCs3zbRNdgKbV9_4smmu14stream_contextNtB4_19StreamConfigBuilder3new
FN:1292,_RNvMs_NtCs3zbRNdgKbV9_4smmu14stream_contextNtB4_19StreamConfigBuilder5build
FN:1387,_RNvXs1_NtCs3zbRNdgKbV9_4smmu14stream_contextNtB5_13StreamContextNtNtCslH02haMvknO_4core7default7Default7default
FN:1337,_RNCNvMs0_NtCs3zbRNdgKbV9_4smmu14stream_contextNtB7_18StreamContextQuery6pasidss_0B9_
FN:384,_RNCNvMNtCs3zbRNdgKbV9_4smmu14stream_contextNtB4_13StreamContext23get_pasid_address_space0B6_
FN:1336,_RNCNvMs0_NtCs3zbRNdgKbV9_4smmu14stream_contextNtB7_18StreamContextQuery6pasids0B9_
FNDA:0,_RNvMNtCs3zbRNdgKbV9_4smmu14stream_contextNtB2_13StreamContext10is_enabled
FNDA:0,_RNvMNtCs3zbRNdgKbV9_4smmu14stream_contextNtB2_13StreamContext10unmap_page
FNDA:0,_RNvMNtCs3zbRNdgKbV9_4smmu14stream_contextNtB2_13StreamContext11pasid_count
FNDA:0,_RNvMNtCs3zbRNdgKbV9_4smmu14stream_contextNtB2_13StreamContext12apply_config
FNDA:0,_RNvMNtCs3zbRNdgKbV9_4smmu14stream_contextNtB2_13StreamContext12create_pasid
FNDA:0,_RNvMNtCs3zbRNdgKbV9_4smmu14stream_contextNtB2_13StreamContext12record_fault
FNDA:0,_RNvMNtCs3zbRNdgKbV9_4smmu14stream_contextNtB2_13StreamContext12remove_pasid
FNDA:0,_RNvMNtCs3zbRNdgKbV9_4smmu14stream_contextNtB2_13StreamContext13check_enabled
FNDA:0,_RNvMNtCs3zbRNdgKbV9_4smmu14stream_contextNtB2_13StreamContext15get_fault_count
FNDA:0,_RNvMNtCs3zbRNdgKbV9_4smmu14stream_contextNtB2_13StreamContext15map_stage2_page
FNDA:0,_RNvMNtCs3zbRNdgKbV9_4smmu14stream_contextNtB2_13StreamContext16clear_all_pasids
FNDA:0,_RNvMNtCs3zbRNdgKbV9_4smmu14stream_contextNtB2_13StreamContext16translate_bypass
FNDA:0,_RNvMNtCs3zbRNdgKbV9_4smmu14stream_contextNtB2_13StreamContext17get_fault_records
FNDA:0,_RNvMNtCs3zbRNdgKbV9_4smmu14stream_contextNtB2_13StreamContext17is_stage1_enabled
FNDA:0,_RNvMNtCs3zbRNdgKbV9_4smmu14stream_contextNtB2_13StreamContext17is_stage2_enabled
FNDA:0,_RNvMNtCs3zbRNdgKbV9_4smmu14stream_contextNtB2_13StreamContext18enable_fault_retry
FNDA:0,_RNvMNtCs3zbRNdgKbV9_4smmu14stream_contextNtB2_13StreamContext18set_stage1_enabled
FNDA:0,_RNvMNtCs3zbRNdgKbV9_4smmu14stream_contextNtB2_13StreamContext18set_stage2_enabled
FNDA:0,_RNvMNtCs3zbRNdgKbV9_4smmu14stream_contextNtB2_13StreamContext19clear_fault_records
FNDA:0,_RNvMNtCs3zbRNdgKbV9_4smmu14stream_contextNtB2_13StreamContext19translate_two_stage
FNDA:0,_RNvMNtCs3zbRNdgKbV9_4smmu14stream_contextNtB2_13StreamContext20get_fault_statistics
FNDA:0,_RNvMNtCs3zbRNdgKbV9_4smmu14stream_contextNtB2_13StreamContext20set_fault_rate_limit
FNDA:0,_RNvMNtCs3zbRNdgKbV9_4smmu14stream_contextNtB2_13StreamContext20translate_with_retry
FNDA:0,_RNvMNtCs3zbRNdgKbV9_4smmu14stream_contextNtB2_13StreamContext21max_pasids_per_stream
FNDA:0,_RNvMNtCs3zbRNdgKbV9_4smmu14stream_contextNtB2_13StreamContext21translate_stage1_only
FNDA:0,_RNvMNtCs3zbRNdgKbV9_4smmu14stream_contextNtB2_13StreamContext21translate_stage2_only
FNDA:0,_RNvMNtCs3zbRNdgKbV9_4smmu14stream_contextNtB2_13StreamContext21update_config_builder
FNDA:0,_RNvMNtCs3zbRNdgKbV9_4smmu14stream_contextNtB2_13StreamContext22reset_fault_statistics
FNDA:0,_RNvMNtCs3zbRNdgKbV9_4smmu14stream_contextNtB2_13StreamContext22validate_config_update
FNDA:0,_RNvMNtCs3zbRNdgKbV9_4smmu14stream_contextNtB2_13StreamContext23get_pasid_address_space
FNDA:0,_RNvMNtCs3zbRNdgKbV9_4smmu14stream_contextNtB2_13StreamContext24record_translation_fault
FNDA:0,_RNvMNtCs3zbRNdgKbV9_4smmu14stream_contextNtB2_13StreamContext24set_stage2_address_space
FNDA:0,_RNvMNtCs3zbRNdgKbV9_4smmu14stream_contextNtB2_13StreamContext25set_max_pasids_per_stream
FNDA:0,_RNvMNtCs3zbRNdgKbV9_4smmu14stream_contextNtB2_13StreamContext27create_stage2_address_space
FNDA:0,_RNvMNtCs3zbRNdgKbV9_4smmu14stream_contextNtB2_13StreamContext3new
FNDA:0,_RNvMNtCs3zbRNdgKbV9_4smmu14stream_contextNtB2_13StreamContext5query
FNDA:0,_RNvMNtCs3zbRNdgKbV9_4smmu14stream_contextNtB2_13StreamContext6enable
FNDA:0,_RNvMNtCs3zbRNdgKbV9_4smmu14stream_contextNtB2_13StreamContext7disable
FNDA:0,_RNvMNtCs3zbRNdgKbV9_4smmu14stream_contextNtB2_13StreamContext8map_page
FNDA:0,_RNvMNtCs3zbRNdgKbV9_4smmu14stream_contextNtB2_13StreamContext9add_pasid
FNDA:0,_RNvMNtCs3zbRNdgKbV9_4smmu14stream_contextNtB2_13StreamContext9has_pasid
FNDA:0,_RNvMNtCs3zbRNdgKbV9_4smmu14stream_contextNtB2_13StreamContext9translate
FNDA:0,_RNvMs0_NtCs3zbRNdgKbV9_4smmu14stream_contextNtB5_18StreamContextQuery10is_enabled
FNDA:0,_RNvMs0_NtCs3zbRNdgKbV9_4smmu14stream_contextNtB5_18StreamContextQuery11pasid_count
FNDA:0,_RNvMs0_NtCs3zbRNdgKbV9_4smmu14stream_contextNtB5_18StreamContextQuery24pasids_by_security_state
FNDA:0,_RNvMs0_NtCs3zbRNdgKbV9_4smmu14stream_contextNtB5_18StreamContextQuery6pasids
FNDA:0,_RNvMs0_NtCs3zbRNdgKbV9_4smmu14stream_contextNtB5_18StreamContextQuery9get_stats
FNDA:0,_RNvMs0_NtCs3zbRNdgKbV9_4smmu14stream_contextNtB5_18StreamContextQuery9has_pasid
FNDA:0,_RNvMs_NtCs3zbRNdgKbV9_4smmu14stream_contextNtB4_19StreamConfigBuilder14stage1_enabled
FNDA:0,_RNvMs_NtCs3zbRNdgKbV9_4smmu14stream_contextNtB4_19StreamConfigBuilder14stage2_enabled
FNDA:0,_RNvMs_NtCs3zbRNdgKbV9_4smmu14stream_contextNtB4_19StreamConfigBuilder20stage2_address_space
FNDA:0,_RNvMs_NtCs3zbRNdgKbV9_4smmu14stream_contextNtB4_19StreamConfigBuilder21max_pasids_per_stream
FNDA:0,_RNvMs_NtCs3zbRNdgKbV9_4smmu14stream_contextNtB4_19StreamConfigBuilder3new
FNDA:0,_RNvMs_NtCs3zbRNdgKbV9_4smmu14stream_contextNtB4_19StreamConfigBuilder5build
FNDA:0,_RNvXs1_NtCs3zbRNdgKbV9_4smmu14stream_contextNtB5_13StreamContextNtNtCslH02haMvknO_4core7default7Default7default
FNDA:0,_RNCNvMs0_NtCs3zbRNdgKbV9_4smmu14stream_contextNtB7_18StreamContextQuery6pasidss_0B9_
FNDA:0,_RNCNvMNtCs3zbRNdgKbV9_4smmu14stream_contextNtB4_13StreamContext23get_pasid_address_space0B6_
FNDA:0,_RNCNvMs0_NtCs3zbRNdgKbV9_4smmu14stream_contextNtB7_18StreamContextQuery6pasids0B9_
FNF:58
FNH:0
DA:124,0
DA:125,0
DA:126,0
DA:127,0
DA:128,0
DA:129,0
DA:130,0
DA:131,0
DA:132,0
DA:133,0
DA:134,0
DA:135,0
DA:136,0
DA:164,0
DA:166,0
DA:168,0
DA:171,0
DA:172,0
DA:173,0
DA:174,0
DA:175,0
DA:176,0
DA:177,0
DA:178,0
DA:181,0
DA:182,0
DA:183,0
DA:186,0
DA:187,0
DA:189,0
DA:190,0
DA:213,0
DA:214,0
DA:216,0
DA:217,0
DA:218,0
DA:220,0
DA:221,0
DA:254,0
DA:255,0
DA:256,0
DA:257,0
DA:258,0
DA:259,0
DA:262,0
DA:263,0
DA:264,0
DA:265,0
DA:266,0
DA:267,0
DA:268,0
DA:269,0
DA:272,0
DA:273,0
DA:274,0
DA:276,0
DA:278,0
DA:279,0
DA:300,0
DA:301,0
DA:302,0
DA:318,0
DA:319,0
DA:320,0
DA:338,0
DA:339,0
DA:340,0
DA:341,0
DA:357,0
DA:358,0
DA:359,0
DA:383,0
DA:384,0
DA:385,0
DA:406,0
DA:407,0
DA:408,0
DA:425,0
DA:426,0
DA:427,0
DA:440,0
DA:441,0
DA:442,0
DA:455,0
DA:456,0
DA:457,0
DA:476,0
DA:477,0
DA:478,0
DA:479,0
DA:515,0
DA:516,0
DA:517,0
DA:518,0
DA:519,0
DA:520,0
DA:521,0
DA:522,0
DA:524,0
DA:525,0
DA:526,0
DA:528,0
DA:531,0
DA:532,0
DA:533,0
DA:534,0
DA:537,0
DA:538,0
DA:539,0
DA:569,0
DA:570,0
DA:573,0
DA:574,0
DA:575,0
DA:576,0
DA:579,0
DA:580,0
DA:581,0
DA:601,0
DA:602,0
DA:605,0
DA:606,0
DA:607,0
DA:610,0
DA:611,0
DA:612,0
DA:648,0
DA:649,0
DA:650,0
DA:651,0
DA:652,0
DA:653,0
DA:654,0
DA:656,0
DA:657,0
DA:658,0
DA:659,0
DA:664,0
DA:665,0
DA:666,0
DA:717,0
DA:718,0
DA:719,0
DA:720,0
DA:721,0
DA:722,0
DA:723,0
DA:725,0
DA:726,0
DA:727,0
DA:729,0
DA:730,0
DA:732,0
DA:734,0
DA:737,0
DA:740,0
DA:743,0
DA:745,0
DA:748,0
DA:749,0
DA:750,0
DA:751,0
DA:752,0
DA:753,0
DA:754,0
DA:755,0
DA:758,0
DA:759,0
DA:760,0
DA:761,0
DA:764,0
DA:765,0
DA:768,0
DA:769,0
DA:770,0
DA:772,0
DA:773,0
DA:776,0
DA:777,0
DA:778,0
DA:779,0
DA:780,0
DA:781,0
DA:782,0
DA:784,0
DA:785,0
DA:786,0
DA:787,0
DA:790,0
DA:793,0
DA:794,0
DA:795,0
DA:797,0
DA:798,0
DA:801,0
DA:802,0
DA:803,0
DA:804,0
DA:805,0
DA:806,0
DA:807,0
DA:808,0
DA:811,0
DA:812,0
DA:813,0
DA:814,0
DA:816,0
DA:817,0
DA:819,0
DA:820,0
DA:821,0
DA:822,0
DA:823,0
DA:828,0
DA:829,0
DA:832,0
DA:833,0
DA:834,0
DA:835,0
DA:837,0
DA:840,0
DA:841,0
DA:842,0
DA:844,0
DA:845,0
DA:848,0
DA:850,0
DA:853,0
DA:855,0
DA:856,0
DA:873,0
DA:874,0
DA:875,0
DA:876,0
DA:877,0
DA:878,0
DA:879,0
DA:880,0
DA:893,0
DA:895,0
DA:898,0
DA:899,0
DA:900,0
DA:902,0
DA:903,0
DA:904,0
DA:906,0
DA:907,0
DA:908,0
DA:910,0
DA:911,0
DA:912,0
DA:913,0
DA:915,0
DA:916,0
DA:927,0
DA:928,0
DA:929,0
DA:930,0
DA:932,0
DA:933,0
DA:934,0
DA:935,0
DA:936,0
DA:937,0
DA:940,0
DA:941,0
DA:942,0
DA:943,0
DA:944,0
DA:945,0
DA:946,0
DA:947,0
DA:950,0
DA:951,0
DA:953,0
DA:954,0
DA:956,0
DA:957,0
DA:960,0
DA:961,0
DA:962,0
DA:963,0
DA:964,0
DA:965,0
DA:966,0
DA:968,0
DA:969,0
DA:973,0
DA:974,0
DA:975,0
DA:992,0
DA:993,0
DA:994,0
DA:1009,0
DA:1011,0
DA:1012,0
DA:1013,0
DA:1026,0
DA:1027,0
DA:1028,0
DA:1031,0
DA:1032,0
DA:1033,0
DA:1034,0
DA:1035,0
DA:1037,0
DA:1039,0
DA:1060,0
DA:1061,0
DA:1062,0
DA:1074,0
DA:1075,0
DA:1078,0
DA:1079,0
DA:1080,0
DA:1081,0
DA:1082,0
DA:1086,0
DA:1087,0
DA:1088,0
DA:1089,0
DA:1093,0
DA:1094,0
DA:1095,0
DA:1096,0
DA:1099,0
DA:1100,0
DA:1101,0
DA:1102,0
DA:1106,0
DA:1107,0
DA:1109,0
DA:1110,0
DA:1111,0
DA:1113,0
DA:1114,0
DA:1115,0
DA:1117,0
DA:1118,0
DA:1119,0
DA:1120,0
DA:1121,0
DA:1122,0
DA:1123,0
DA:1126,0
DA:1127,0
DA:1128,0
DA:1129,0
DA:1130,0
DA:1131,0
DA:1132,0
DA:1134,0
DA:1135,0
DA:1137,0
DA:1138,0
DA:1139,0
DA:1140,0
DA:1141,0
DA:1142,0
DA:1143,0
DA:1144,0
DA:1145,0
DA:1146,0
DA:1149,0
DA:1150,0
DA:1151,0
DA:1158,0
DA:1159,0
DA:1160,0
DA:1167,0
DA:1168,0
DA:1169,0
DA:1172,0
DA:1173,0
DA:1174,0
DA:1175,0
DA:1176,0
DA:1177,0
DA:1178,0
DA:1179,0
DA:1180,0
DA:1183,0
[...]
DA:536,0
DA:537,0
DA:538,0
DA:539,0
DA:540,0
DA:543,0
DA:544,0
DA:545,0
DA:547,0
DA:548,0
BRF:0
BRH:0
LF:206
LH:0
end_of_record
SF:/home/jpgreninger/Work/smmu/rust/smmu/src/types/pasid.rs
FN:72,_RNvMNtNtCs3zbRNdgKbV9_4smmu5types5pasidNtB2_5PASID3new
FN:92,_RNvMNtNtCs3zbRNdgKbV9_4smmu5types5pasidNtB2_5PASID6as_u32
FN:106,_RNvXs0_NtNtCs3zbRNdgKbV9_4smmu5types5pasidNtB5_5PASIDINtNtCslH02haMvknO_4core7convert7TryFrommE8try_from
FN:112,_RNvXs1_NtNtCs3zbRNdgKbV9_4smmu5types5pasidmINtNtCslH02haMvknO_4core7convert4FromNtB5_5PASIDE4from
FN:98,_RNvXs_NtNtCs3zbRNdgKbV9_4smmu5types5pasidNtB4_5PASIDNtNtCslH02haMvknO_4core3fmt7Display3fmt
FNDA:5,_RNvMNtNtCs3zbRNdgKbV9_4smmu5types5pasidNtB2_5PASID3new
FNDA:1,_RNvMNtNtCs3zbRNdgKbV9_4smmu5types5pasidNtB2_5PASID6as_u32
FNDA:0,_RNvXs0_NtNtCs3zbRNdgKbV9_4smmu5types5pasidNtB5_5PASIDINtNtCslH02haMvknO_4core7convert7TryFrommE8try_from
FNDA:0,_RNvXs1_NtNtCs3zbRNdgKbV9_4smmu5types5pasidmINtNtCslH02haMvknO_4core7convert4FromNtB5_5PASIDE4from
FNDA:0,_RNvXs_NtNtCs3zbRNdgKbV9_4smmu5types5pasidNtB4_5PASIDNtNtCslH02haMvknO_4core3fmt7Display3fmt
FNF:5
FNH:2
DA:72,5
DA:73,5
DA:74,0
DA:75,0
DA:76,0
DA:77,0
DA:78,0
DA:79,5
DA:80,5
DA:81,5
DA:92,1
DA:93,1
DA:94,1
DA:98,0
DA:99,0
DA:100,0
DA:106,0
DA:107,0
DA:108,0
DA:112,0
DA:113,0
DA:114,0
BRF:0
BRH:0
LF:22
LH:8
end_of_record
SF:/home/jpgreninger/Work/smmu/rust/smmu/src/types/pri_entry.rs
FN:29,_RNvMNtNtCs3zbRNdgKbV9_4smmu5types9pri_entryNtB2_8PRIEntry3new
FNDA:0,_RNvMNtNtCs3zbRNdgKbV9_4smmu5types9pri_entryNtB2_8PRIEntry3new
FNF:1
FNH:0
DA:29,0
DA:30,0
DA:31,0
DA:32,0
DA:33,0
DA:34,0
DA:35,0
DA:36,0
DA:37,0
DA:38,0
DA:39,0
DA:40,0
DA:41,0
DA:42,0
DA:43,0
BRF:0
BRH:0
LF:15
LH:0
end_of_record
SF:/home/jpgreninger/Work/smmu/rust/smmu/src/types/queue_statistics.rs
FN:55,_RNvMNtNtCs3zbRNdgKbV9_4smmu5types16queue_statisticsNtB2_15QueueStatistics14pri_queue_size
FN:45,_RNvMNtNtCs3zbRNdgKbV9_4smmu5types16queue_statisticsNtB2_15QueueStatistics16event_queue_size
FN:50,_RNvMNtNtCs3zbRNdgKbV9_4smmu5types16queue_statisticsNtB2_15QueueStatistics18command_queue_size
FN:78,_RNvMNtNtCs3zbRNdgKbV9_4smmu5types16queue_statisticsNtB2_15QueueStatistics21pri_queue_utilization
FN:60,_RNvMNtNtCs3zbRNdgKbV9_4smmu5types16queue_statisticsNtB2_15QueueStatistics23event_queue_utilization
FN:69,_RNvMNtNtCs3zbRNdgKbV9_4smmu5types16queue_statisticsNtB2_15QueueStatistics25command_queue_utilization
FN:26,_RNvMNtNtCs3zbRNdgKbV9_4smmu5types16queue_statisticsNtB2_15QueueStatistics3new
FNDA:0,_RNvMNtNtCs3zbRNdgKbV9_4smmu5types16queue_statisticsNtB2_15QueueStatistics14pri_queue_size
FNDA:0,_RNvMNtNtCs3zbRNdgKbV9_4smmu5types16queue_statisticsNtB2_15QueueStatistics16event_queue_size
FNDA:0,_RNvMNtNtCs3zbRNdgKbV9_4smmu5types16queue_statisticsNtB2_15QueueStatistics18command_queue_size
FNDA:0,_RNvMNtNtCs3zbRNdgKbV9_4smmu5types16queue_statisticsNtB2_15QueueStatistics21pri_queue_utilization
FNDA:0,_RNvMNtNtCs3zbRNdgKbV9_4smmu5types16queue_statisticsNtB2_15QueueStatistics23event_queue_utilization
FNDA:0,_RNvMNtNtCs3zbRNdgKbV9_4smmu5types16queue_statisticsNtB2_15QueueStatistics25command_queue_utilization
FNDA:0,_RNvMNtNtCs3zbRNdgKbV9_4smmu5types16queue_statisticsNtB2_15QueueStatistics3new
FNF:7
FNH:0
DA:26,0
DA:27,0
DA:28,0
DA:29,0
DA:30,0
DA:31,0
DA:32,0
DA:33,0
DA:34,0
DA:35,0
DA:36,0
DA:37,0
DA:38,0
DA:39,0
DA:40,0
DA:41,0
DA:42,0
DA:45,0
DA:46,0
DA:47,0
DA:50,0
DA:51,0
DA:52,0
DA:55,0
DA:56,0
DA:57,0
DA:60,0
DA:61,0
DA:62,0
DA:64,0
DA:66,0
DA:69,0
DA:70,0
DA:71,0
DA:73,0
DA:75,0
DA:78,0
DA:79,0
DA:80,0
DA:82,0
DA:84,0
BRF:0
BRH:0
LF:41
LH:0
end_of_record
SF:/home/jpgreninger/Work/smmu/rust/smmu/src/types/security_state.rs
FN:62,_RNvMNtNtCs3zbRNdgKbV9_4smmu5types14security_stateNtB2_13SecurityState13is_non_secureB6_
FN:88,_RNvMNtNtCs3zbRNdgKbV9_4smmu5types14security_stateNtB2_13SecurityState14const_is_realmB6_
FN:76,_RNvMNtNtCs3zbRNdgKbV9_4smmu5types14security_stateNtB2_13SecurityState15const_is_secureB6_
FN:82,_RNvMNtNtCs3zbRNdgKbV9_4smmu5types14security_stateNtB2_13SecurityState19const_is_non_secureB6_
FN:159,_RNvMNtNtCs3zbRNdgKbV9_4smmu5types14security_stateNtB2_13SecurityState7to_bitsB6_
FN:69,_RNvMNtNtCs3zbRNdgKbV9_4smmu5types14security_stateNtB2_13SecurityState8is_realmB6_
FN:55,_RNvMNtNtCs3zbRNdgKbV9_4smmu5types14security_stateNtB2_13SecurityState9is_secureB6_
FN:125,_RNvMNtNtCs3zbRNdgKbV9_4smmu5types14security_stateNtB2_13SecurityState10can_accessB6_
FN:102,_RNvMNtNtCs3zbRNdgKbV9_4smmu5types14security_stateNtB2_13SecurityState13transition_to
FN:145,_RNvMNtNtCs3zbRNdgKbV9_4smmu5types14security_stateNtB2_13SecurityState15validate_access
FN:168,_RNvMNtNtCs3zbRNdgKbV9_4smmu5types14security_stateNtB2_13SecurityState9from_bits
FN:191,_RNvXs0_NtNtCs3zbRNdgKbV9_4smmu5types14security_stateNtB5_13SecurityStateNtNtCslH02haMvknO_4core7default7Default7default
FN:179,_RNvXs_NtNtCs3zbRNdgKbV9_4smmu5types14security_stateNtB4_13SecurityStateNtNtCslH02haMvknO_4core3fmt7Display3fmt
FNDA:0,_RNvMNtNtCs3zbRNdgKbV9_4smmu5types14security_stateNtB2_13SecurityState13is_non_secureB6_
FNDA:0,_RNvMNtNtCs3zbRNdgKbV9_4smmu5types14security_stateNtB2_13SecurityState14const_is_realmB6_
FNDA:0,_RNvMNtNtCs3zbRNdgKbV9_4smmu5types14security_stateNtB2_13SecurityState15const_is_secureB6_
FNDA:0,_RNvMNtNtCs3zbRNdgKbV9_4smmu5types14security_stateNtB2_13SecurityState19const_is_non_secureB6_
FNDA:0,_RNvMNtNtCs3zbRNdgKbV9_4smmu5types14security_stateNtB2_13SecurityState7to_bitsB6_
FNDA:0,_RNvMNtNtCs3zbRNdgKbV9_4smmu5types14security_stateNtB2_13SecurityState8is_realmB6_
FNDA:0,_RNvMNtNtCs3zbRNdgKbV9_4smmu5types14security_stateNtB2_13SecurityState9is_secureB6_
FNDA:0,_RNvMNtNtCs3zbRNdgKbV9_4smmu5types14security_stateNtB2_13SecurityState10can_accessB6_
FNDA:0,_RNvMNtNtCs3zbRNdgKbV9_4smmu5types14security_stateNtB2_13SecurityState13transition_to
FNDA:0,_RNvMNtNtCs3zbRNdgKbV9_4smmu5types14security_stateNtB2_13SecurityState15validate_access
FNDA:0,_RNvMNtNtCs3zbRNdgKbV9_4smmu5types14security_stateNtB2_13SecurityState9from_bits
FNDA:0,_RNvXs0_NtNtCs3zbRNdgKbV9_4smmu5types14security_stateNtB5_13SecurityStateNtNtCslH02haMvknO_4core7default7Default7default
FNDA:0,_RNvXs_NtNtCs3zbRNdgKbV9_4smmu5types14security_stateNtB4_13SecurityStateNtNtCslH02haMvknO_4core3fmt7Display3fmt
FNF:13
FNH:0
DA:55,0
DA:56,0
DA:57,0
DA:62,0
DA:63,0
DA:64,0
DA:69,0
DA:70,0
DA:71,0
DA:76,0
DA:77,0
DA:78,0
DA:82,0
DA:83,0
DA:84,0
DA:88,0
DA:89,0
DA:90,0
DA:102,0
DA:103,0
DA:105,0
DA:106,0
DA:109,0
DA:110,0
DA:111,0
DA:112,0
DA:113,0
DA:125,0
DA:126,0
DA:128,0
DA:129,0
DA:130,0
DA:133,0
DA:136,0
DA:138,0
DA:145,0
DA:146,0
DA:147,0
DA:149,0
DA:150,0
DA:151,0
DA:152,0
DA:154,0
DA:159,0
DA:160,0
DA:161,0
DA:168,0
DA:169,0
DA:170,0
DA:171,0
DA:172,0
DA:173,0
DA:175,0
DA:179,0
DA:180,0
DA:181,0
DA:182,0
DA:183,0
DA:185,0
DA:186,0
DA:191,0
DA:192,0
DA:193,0
BRF:0
BRH:0
LF:63
LH:0
end_of_record
SF:/home/jpgreninger/Work/smmu/rust/smmu/src/types/smmu_error.rs
FN:121,_RNvMNtNtCs3zbRNdgKbV9_4smmu5types10smmu_errorNtB2_9SMMUError11is_shutdownB6_
FN:107,_RNvMNtNtCs3zbRNdgKbV9_4smmu5types10smmu_errorNtB2_9SMMUError19is_stream_not_foundB6_
FN:114,_RNvMNtNtCs3zbRNdgKbV9_4smmu5types10smmu_errorNtB2_9SMMUError24is_stream_already_existsB6_
FN:79,_RNvMNtNtCs3zbRNdgKbV9_4smmu5types10smmu_errorNtB2_9SMMUError16stream_not_foundB6_
FN:86,_RNvMNtNtCs3zbRNdgKbV9_4smmu5types10smmu_errorNtB2_9SMMUError21stream_already_existsB6_
FN:93,_RNvMNtNtCs3zbRNdgKbV9_4smmu5types10smmu_errorNtB2_9SMMUError21stream_limit_exceededB6_
FN:100,_RINvMNtNtCs3zbRNdgKbV9_4smmu5types10smmu_errorNtB3_9SMMUError21invalid_configurationNtNtCshQKOepsJxml_5alloc6string6StringEB7_
FNDA:0,_RNvMNtNtCs3zbRNdgKbV9_4smmu5types10smmu_errorNtB2_9SMMUError11is_shutdownB6_
FNDA:0,_RNvMNtNtCs3zbRNdgKbV9_4smmu5types10smmu_errorNtB2_9SMMUError19is_stream_not_foundB6_
FNDA:0,_RNvMNtNtCs3zbRNdgKbV9_4smmu5types10smmu_errorNtB2_9SMMUError24is_stream_already_existsB6_
FNDA:0,_RNvMNtNtCs3zbRNdgKbV9_4smmu5types10smmu_errorNtB2_9SMMUError16stream_not_foundB6_
FNDA:0,_RNvMNtNtCs3zbRNdgKbV9_4smmu5types10smmu_errorNtB2_9SMMUError21stream_already_existsB6_
FNDA:0,_RNvMNtNtCs3zbRNdgKbV9_4smmu5types10smmu_errorNtB2_9SMMUError21stream_limit_exceededB6_
FNDA:0,_RINvMNtNtCs3zbRNdgKbV9_4smmu5types10smmu_errorNtB3_9SMMUError21invalid_configurationNtNtCshQKOepsJxml_5alloc6string6StringEB7_
FNF:7
FNH:0
DA:79,0
DA:80,0
DA:81,0
DA:86,0
DA:87,0
DA:88,0
DA:93,0
DA:94,0
DA:95,0
DA:100,0
DA:101,0
DA:102,0
DA:107,0
DA:108,0
DA:109,0
DA:114,0
DA:115,0
DA:116,0
DA:121,0
DA:122,0
DA:123,0
BRF:0
BRH:0
LF:21
LH:0
end_of_record
SF:/home/jpgreninger/Work/smmu/rust/smmu/src/types/stream_id.rs
FN:57,_RNvMNtNtCs3zbRNdgKbV9_4smmu5types9stream_idNtB2_8StreamID3new
FN:77,_RNvMNtNtCs3zbRNdgKbV9_4smmu5types9stream_idNtB2_8StreamID6as_u32
FN:91,_RNvXs0_NtNtCs3zbRNdgKbV9_4smmu5types9stream_idNtB5_8StreamIDINtNtCslH02haMvknO_4core7convert7TryFrommE8try_from
FN:97,_RNvXs1_NtNtCs3zbRNdgKbV9_4smmu5types9stream_idmINtNtCslH02haMvknO_4core7convert4FromNtB5_8StreamIDE4from
FN:83,_RNvXs_NtNtCs3zbRNdgKbV9_4smmu5types9stream_idNtB4_8StreamIDNtNtCslH02haMvknO_4core3fmt7Display3fmt
FNDA:5,_RNvMNtNtCs3zbRNdgKbV9_4smmu5types9stream_idNtB2_8StreamID3new
FNDA:1,_RNvMNtNtCs3zbRNdgKbV9_4smmu5types9stream_idNtB2_8StreamID6as_u32
FNDA:0,_RNvXs0_NtNtCs3zbRNdgKbV9_4smmu5types9stream_idNtB5_8StreamIDINtNtCslH02haMvknO_4core7convert7TryFrommE8try_from
FNDA:0,_RNvXs1_NtNtCs3zbRNdgKbV9_4smmu5types9stream_idmINtNtCslH02haMvknO_4core7convert4FromNtB5_8StreamIDE4from
FNDA:0,_RNvXs_NtNtCs3zbRNdgKbV9_4smmu5types9stream_idNtB4_8StreamIDNtNtCslH02haMvknO_4core3fmt7Display3fmt
FNF:5
FNH:2
DA:57,5
DA:58,5
DA:59,0
DA:60,0
DA:61,0
DA:62,0
DA:63,0
DA:64,5
DA:65,5
DA:66,5
DA:77,1
DA:78,1
DA:79,1
DA:83,0
DA:84,0
DA:85,0
DA:91,0
DA:92,0
DA:93,0
DA:97,0
DA:98,0
DA:99,0
BRF:0
BRH:0
LF:22
LH:8
end_of_record
SF:/home/jpgreninger/Work/smmu/rust/smmu/src/types/translation_result.rs
FN:177,_RNvMNtNtCs3zbRNdgKbV9_4smmu5types18translation_resultNtB2_15TranslationData11permissionsB6_
FN:184,_RNvMNtNtCs3zbRNdgKbV9_4smmu5types18translation_resultNtB2_15TranslationData14security_stateB6_
FN:163,_RNvMNtNtCs3zbRNdgKbV9_4smmu5types18translation_resultNtB2_15TranslationData7builderB6_
FN:152,_RNvMNtNtCs3zbRNdgKbV9_4smmu5types18translation_resultNtB2_15TranslationData7with_paB6_
FN:170,_RNvMNtNtCs3zbRNdgKbV9_4smmu5types18translation_resultNtB2_15TranslationData16physical_addressB6_
FN:131,_RNvMNtNtCs3zbRNdgKbV9_4smmu5types18translation_resultNtB2_15TranslationData3newB6_
FN:242,_RNvMs0_NtNtCs3zbRNdgKbV9_4smmu5types18translation_resultNtB5_22TranslationDataBuilder11permissions
FN:249,_RNvMs0_NtNtCs3zbRNdgKbV9_4smmu5types18translation_resultNtB5_22TranslationDataBuilder14security_state
FN:235,_RNvMs0_NtNtCs3zbRNdgKbV9_4smmu5types18translation_resultNtB5_22TranslationDataBuilder16physical_address
FN:225,_RNvMs0_NtNtCs3zbRNdgKbV9_4smmu5types18translation_resultNtB5_22TranslationDataBuilder3new
FN:260,_RNvMs0_NtNtCs3zbRNdgKbV9_4smmu5types18translation_resultNtB5_22TranslationDataBuilder5build
FN:190,_RNvXs_NtNtCs3zbRNdgKbV9_4smmu5types18translation_resultNtB4_15TranslationDataNtNtCslH02haMvknO_4core7default7Default7default
FN:192,_RNCNvXs_NtNtCs3zbRNdgKbV9_4smmu5types18translation_resultNtB6_15TranslationDataNtNtCslH02haMvknO_4core7default7Default7default0Ba_
FNDA:0,_RNvMNtNtCs3zbRNdgKbV9_4smmu5types18translation_resultNtB2_15TranslationData11permissionsB6_
FNDA:0,_RNvMNtNtCs3zbRNdgKbV9_4smmu5types18translation_resultNtB2_15TranslationData14security_stateB6_
FNDA:0,_RNvMNtNtCs3zbRNdgKbV9_4smmu5types18translation_resultNtB2_15TranslationData7builderB6_
FNDA:0,_RNvMNtNtCs3zbRNdgKbV9_4smmu5types18translation_resultNtB2_15TranslationData7with_paB6_
FNDA:0,_RNvMNtNtCs3zbRNdgKbV9_4smmu5types18translation_resultNtB2_15TranslationData16physical_addressB6_
FNDA:0,_RNvMNtNtCs3zbRNdgKbV9_4smmu5types18translation_resultNtB2_15TranslationData3newB6_
FNDA:0,_RNvMs0_NtNtCs3zbRNdgKbV9_4smmu5types18translation_resultNtB5_22TranslationDataBuilder11permissions
FNDA:0,_RNvMs0_NtNtCs3zbRNdgKbV9_4smmu5types18translation_resultNtB5_22TranslationDataBuilder14security_state
FNDA:0,_RNvMs0_NtNtCs3zbRNdgKbV9_4smmu5types18translation_resultNtB5_22TranslationDataBuilder16physical_address
FNDA:0,_RNvMs0_NtNtCs3zbRNdgKbV9_4smmu5types18translation_resultNtB5_22TranslationDataBuilder3new
FNDA:0,_RNvMs0_NtNtCs3zbRNdgKbV9_4smmu5types18translation_resultNtB5_22TranslationDataBuilder5build
FNDA:0,_RNvXs_NtNtCs3zbRNdgKbV9_4smmu5types18translation_resultNtB4_15TranslationDataNtNtCslH02haMvknO_4core7default7Default7default
FNDA:0,_RNCNvXs_NtNtCs3zbRNdgKbV9_4smmu5types18translation_resultNtB6_15TranslationDataNtNtCslH02haMvknO_4core7default7Default7default0Ba_
FNF:13
FNH:0
DA:131,0
DA:132,0
DA:133,0
DA:134,0
DA:135,0
DA:136,0
DA:137,0
DA:138,0
DA:139,0
DA:140,0
DA:141,0
DA:152,0
DA:153,0
DA:154,0
DA:155,0
DA:156,0
DA:157,0
DA:158,0
DA:163,0
DA:164,0
DA:165,0
DA:170,0
DA:171,0
DA:172,0
DA:177,0
DA:178,0
DA:179,0
DA:184,0
DA:185,0
DA:186,0
DA:190,0
DA:192,0
DA:193,0
DA:194,0
DA:196,0
DA:225,0
DA:226,0
DA:227,0
DA:228,0
DA:229,0
DA:230,0
DA:231,0
DA:235,0
DA:236,0
DA:237,0
DA:238,0
DA:242,0
DA:243,0
DA:244,0
DA:245,0
DA:249,0
DA:250,0
DA:251,0
DA:252,0
DA:260,0
DA:261,0
DA:262,0
DA:263,0
DA:264,0
DA:265,0
DA:266,0
DA:267,0
DA:268,0
BRF:0
BRH:0
LF:64
LH:0
end_of_record
SF:/home/jpgreninger/Work/smmu/rust/smmu/src/types/translation_stage.rs
FN:34,_RNvMNtNtCs3zbRNdgKbV9_4smmu5types17translation_stageNtB2_16TranslationStage11uses_stage1B6_
FN:41,_RNvMNtNtCs3zbRNdgKbV9_4smmu5types17translation_stageNtB2_16TranslationStage11uses_stage2B6_
FN:48,_RNvMNtNtCs3zbRNdgKbV9_4smmu5types17translation_stageNtB2_16TranslationStage12is_two_stageB6_
FN:145,_RNvMNtNtCs3zbRNdgKbV9_4smmu5types17translation_stageNtB2_16TranslationStage14supports_pasidB6_
FN:62,_RNvMNtNtCs3zbRNdgKbV9_4smmu5types17translation_stageNtB2_16TranslationStage17const_uses_stage1B6_
FN:68,_RNvMNtNtCs3zbRNdgKbV9_4smmu5types17translation_stageNtB2_16TranslationStage17const_uses_stage2B6_
FN:74,_RNvMNtNtCs3zbRNdgKbV9_4smmu5types17translation_stageNtB2_16TranslationStage18const_is_two_stageB6_
FN:159,_RNvMNtNtCs3zbRNdgKbV9_4smmu5types17translation_stageNtB2_16TranslationStage18supports_page_sizeB6_
FN:152,_RNvMNtNtCs3zbRNdgKbV9_4smmu5types17translation_stageNtB2_16TranslationStage20requires_page_tablesB6_
FN:193,_RNvMNtNtCs3zbRNdgKbV9_4smmu5types17translation_stageNtB2_16TranslationStage22is_guest_address_spaceB6_
FN:186,_RNvMNtNtCs3zbRNdgKbV9_4smmu5types17translation_stageNtB2_16TranslationStage24is_process_address_spaceB6_
FN:200,_RNvMNtNtCs3zbRNdgKbV9_4smmu5types17translation_stageNtB2_16TranslationStage7to_bitsB6_
FN:55,_RNvMNtNtCs3zbRNdgKbV9_4smmu5types17translation_stageNtB2_16TranslationStage9is_bypassB6_
FN:166,_RNvMNtNtCs3zbRNdgKbV9_4smmu5types17translation_stageNtB2_16TranslationStage17can_transition_to
FN:80,_RNvMNtNtCs3zbRNdgKbV9_4smmu5types17translation_stageNtB2_16TranslationStage18input_address_type
FN:90,_RNvMNtNtCs3zbRNdgKbV9_4smmu5types17translation_stageNtB2_16TranslationStage19output_address_type
FN:216,_RNvMNtNtCs3zbRNdgKbV9_4smmu5types17translation_stageNtB2_16TranslationStage19validate_for_config
FN:133,_RNvMNtNtCs3zbRNdgKbV9_4smmu5types17translation_stageNtB2_16TranslationStage20translation_sequence
FN:104,_RNvMNtNtCs3zbRNdgKbV9_4smmu5types17translation_stageNtB2_16TranslationStage22validate_configuration
FN:96,_RNvMNtNtCs3zbRNdgKbV9_4smmu5types17translation_stageNtB2_16TranslationStage25intermediate_address_type
FN:205,_RNvMNtNtCs3zbRNdgKbV9_4smmu5types17translation_stageNtB2_16TranslationStage9from_bits
FN:236,_RNvXs0_NtNtCs3zbRNdgKbV9_4smmu5types17translation_stageNtB5_16TranslationStageNtNtCslH02haMvknO_4core7default7Default7default
FN:223,_RNvXs_NtNtCs3zbRNdgKbV9_4smmu5types17translation_stageNtB4_16TranslationStageNtNtCslH02haMvknO_4core3fmt7Display3fmt
FNDA:0,_RNvMNtNtCs3zbRNdgKbV9_4smmu5types17translation_stageNtB2_16TranslationStage11uses_stage1B6_
FNDA:0,_RNvMNtNtCs3zbRNdgKbV9_4smmu5types17translation_stageNtB2_16TranslationStage11uses_stage2B6_
FNDA:0,_RNvMNtNtCs3zbRNdgKbV9_4smmu5types17translation_stageNtB2_16TranslationStage12is_two_stageB6_
FNDA:0,_RNvMNtNtCs3zbRNdgKbV9_4smmu5types17translation_stageNtB2_16TranslationStage14supports_pasidB6_
FNDA:0,_RNvMNtNtCs3zbRNdgKbV9_4smmu5types17translation_stageNtB2_16TranslationStage17const_uses_stage1B6_
FNDA:0,_RNvMNtNtCs3zbRNdgKbV9_4smmu5types17translation_stageNtB2_16TranslationStage17const_uses_stage2B6_
FNDA:0,_RNvMNtNtCs3zbRNdgKbV9_4smmu5types17translation_stageNtB2_16TranslationStage18const_is_two_stageB6_
FNDA:0,_RNvMNtNtCs3zbRNdgKbV9_4smmu5types17translation_stageNtB2_16TranslationStage18supports_page_sizeB6_
FNDA:0,_RNvMNtNtCs3zbRNdgKbV9_4smmu5types17translation_stageNtB2_16TranslationStage20requires_page_tablesB6_
FNDA:0,_RNvMNtNtCs3zbRNdgKbV9_4smmu5types17translation_stageNtB2_16TranslationStage22is_guest_address_spaceB6_
FNDA:0,_RNvMNtNtCs3zbRNdgKbV9_4smmu5types17translation_stageNtB2_16TranslationStage24is_process_address_spaceB6_
FNDA:0,_RNvMNtNtCs3zbRNdgKbV9_4smmu5types17translation_stageNtB2_16TranslationStage7to_bitsB6_
FNDA:0,_RNvMNtNtCs3zbRNdgKbV9_4smmu5types17translation_stageNtB2_16TranslationStage9is_bypassB6_
FNDA:0,_RNvMNtNtCs3zbRNdgKbV9_4smmu5types17translation_stageNtB2_16TranslationStage17can_transition_to
FNDA:0,_RNvMNtNtCs3zbRNdgKbV9_4smmu5types17translation_stageNtB2_16TranslationStage18input_address_type
FNDA:0,_RNvMNtNtCs3zbRNdgKbV9_4smmu5types17translation_stageNtB2_16TranslationStage19output_address_type
FNDA:0,_RNvMNtNtCs3zbRNdgKbV9_4smmu5types17translation_stageNtB2_16TranslationStage19validate_for_config
FNDA:0,_RNvMNtNtCs3zbRNdgKbV9_4smmu5types17translation_stageNtB2_16TranslationStage20translation_sequence
FNDA:0,_RNvMNtNtCs3zbRNdgKbV9_4smmu5types17translation_stageNtB2_16TranslationStage22validate_configuration
FNDA:0,_RNvMNtNtCs3zbRNdgKbV9_4smmu5types17translation_stageNtB2_16TranslationStage25intermediate_address_type
FNDA:0,_RNvMNtNtCs3zbRNdgKbV9_4smmu5types17translation_stageNtB2_16TranslationStage9from_bits
FNDA:0,_RNvXs0_NtNtCs3zbRNdgKbV9_4smmu5types17translation_stageNtB5_16TranslationStageNtNtCslH02haMvknO_4core7default7Default7default
FNDA:0,_RNvXs_NtNtCs3zbRNdgKbV9_4smmu5types17translation_stageNtB4_16TranslationStageNtNtCslH02haMvknO_4core3fmt7Display3fmt
FNF:23
FNH:0
DA:34,0
DA:35,0
DA:36,0
DA:41,0
DA:42,0
DA:43,0
DA:48,0
DA:49,0
DA:50,0
DA:55,0
DA:56,0
DA:57,0
DA:62,0
DA:63,0
DA:64,0
DA:68,0
DA:69,0
DA:70,0
DA:74,0
DA:75,0
DA:76,0
DA:80,0
DA:81,0
DA:82,0
DA:83,0
DA:84,0
DA:86,0
DA:90,0
DA:91,0
DA:92,0
DA:96,0
DA:97,0
DA:98,0
DA:99,0
DA:101,0
DA:104,0
DA:105,0
DA:106,0
DA:108,0
DA:109,0
DA:111,0
DA:115,0
DA:116,0
DA:118,0
DA:122,0
DA:123,0
DA:125,0
DA:129,0
DA:133,0
DA:134,0
DA:135,0
DA:136,0
DA:137,0
DA:138,0
DA:140,0
DA:145,0
DA:146,0
DA:147,0
DA:152,0
DA:153,0
DA:154,0
DA:159,0
DA:161,0
DA:162,0
DA:166,0
DA:167,0
DA:169,0
DA:171,0
DA:173,0
DA:175,0
DA:177,0
DA:179,0
DA:181,0
DA:186,0
DA:187,0
DA:188,0
DA:193,0
DA:194,0
DA:195,0
DA:200,0
DA:201,0
DA:202,0
DA:205,0
DA:206,0
DA:207,0
DA:208,0
DA:209,0
DA:210,0
DA:211,0
DA:213,0
DA:216,0
DA:218,0
DA:219,0
DA:223,0
DA:224,0
DA:225,0
DA:226,0
DA:227,0
DA:228,0
DA:230,0
DA:231,0
DA:236,0
DA:237,0
DA:238,0
BRF:0
BRH:0
LF:104
LH:0
end_of_record
SF:/home/jpgreninger/Work/smmu/rust/smmu/src/types/validation_error.rs
FN:129,_RNvMNtNtCs3zbRNdgKbV9_4smmu5types16validation_errorNtB2_15ValidationError3new
FN:139,_RNvXs_NtNtCs3zbRNdgKbV9_4smmu5types16validation_errorNtB4_15ValidationErrorNtNtCslH02haMvknO_4core3fmt7Display3fmt
FNDA:0,_RNvMNtNtCs3zbRNdgKbV9_4smmu5types16validation_errorNtB2_15ValidationError3new
FNDA:0,_RNvXs_NtNtCs3zbRNdgKbV9_4smmu5types16validation_errorNtB4_15ValidationErrorNtNtCslH02haMvknO_4core3fmt7Display3fmt
FNF:2
FNH:0
DA:129,0
DA:130,0
DA:131,0
DA:132,0
DA:133,0
DA:134,0
DA:135,0
DA:139,0
DA:140,0
DA:141,0
DA:142,0
DA:143,0
DA:149,0
DA:150,0
DA:152,0
DA:153,0
DA:158,0
DA:159,0
DA:161,0
DA:162,0
DA:164,0
DA:165,0
DA:167,0
DA:168,0
DA:170,0
DA:171,0
DA:174,0
DA:175,0
DA:177,0
DA:178,0
DA:184,0
DA:185,0
DA:187,0
DA:188,0
DA:193,0
DA:194,0
DA:196,0
DA:197,0
DA:200,0
DA:201,0
DA:202,0
DA:204,0
DA:205,0
DA:211,0
BRF:0
BRH:0
LF:44
LH:0
end_of_record