Start testing: Mar 27 14:28 MST
----------------------------------------------------------
1/165 Testing: test_types
1/165 Test: test_types
Command: "/home/jpgreninger/Work/smmu/tests/unit/test_types"
Directory: /home/jpgreninger/Work/smmu/tests/unit
"test_types" start time: Mar 27 14:28 MST
Output:
----------------------------------------------------------
Running main() from /home/jpgreninger/Work/smmu/_deps/googletest-src/googletest/src/gtest_main.cc
[==========] Running 18 tests from 1 test suite.
[----------] Global test environment set-up.
[----------] 18 tests from TypesTest
[ RUN      ] TypesTest.CoreTypeSizes
[       OK ] TypesTest.CoreTypeSizes (0 ms)
[ RUN      ] TypesTest.EnumValues
[       OK ] TypesTest.EnumValues (0 ms)
[ RUN      ] TypesTest.SecurityStateEnum
[       OK ] TypesTest.SecurityStateEnum (0 ms)
[ RUN      ] TypesTest.TranslationStageEnum
[       OK ] TypesTest.TranslationStageEnum (0 ms)
[ RUN      ] TypesTest.FaultTypeEnum
[       OK ] TypesTest.FaultTypeEnum (0 ms)
[ RUN      ] TypesTest.TranslationResultStructure
[       OK ] TypesTest.TranslationResultStructure (0 ms)
[ RUN      ] TypesTest.PagePermissions
[       OK ] TypesTest.PagePermissions (0 ms)
[ RUN      ] TypesTest.PageEntry
[       OK ] TypesTest.PageEntry (0 ms)
[ RUN      ] TypesTest.FaultRecord
[       OK ] TypesTest.FaultRecord (0 ms)
[ RUN      ] TypesTest.ConfigurationConstants
[       OK ] TypesTest.ConfigurationConstants (0 ms)
[ RUN      ] TypesTest.PageAlignment
[       OK ] TypesTest.PageAlignment (0 ms)
[ RUN      ] TypesTest.AddressRanges
[       OK ] TypesTest.AddressRanges (0 ms)
[ RUN      ] TypesTest.PASIDRange
[       OK ] TypesTest.PASIDRange (0 ms)
[ RUN      ] TypesTest.PageEntryDefaultAccessFlagFalse
[       OK ] TypesTest.PageEntryDefaultAccessFlagFalse (0 ms)
[ RUN      ] TypesTest.PageEntryConstructorWithPaAndPermsHasDefaultFlags
[       OK ] TypesTest.PageEntryConstructorWithPaAndPermsHasDefaultFlags (0 ms)
[ RUN      ] TypesTest.PageEntryConstructorWithSecStateHasDefaultFlags
[       OK ] TypesTest.PageEntryConstructorWithSecStateHasDefaultFlags (0 ms)
[ RUN      ] TypesTest.ContextDescriptorDefaultHaHdFalse
[       OK ] TypesTest.ContextDescriptorDefaultHaHdFalse (0 ms)
[ RUN      ] TypesTest.StreamConfigDefaultHaHdFalse
[       OK ] TypesTest.StreamConfigDefaultHaHdFalse (0 ms)
[----------] 18 tests from TypesTest (0 ms total)

[----------] Global test environment tear-down
[==========] 18 tests from 1 test suite ran. (0 ms total)
[  PASSED  ] 18 tests.
<end of output>
Test time =   0.00 sec
----------------------------------------------------------
Test Passed.
"test_types" end time: Mar 27 14:28 MST
"test_types" time elapsed: 00:00:00
----------------------------------------------------------

2/165 Testing: test_address_space
2/165 Test: test_address_space
Command: "/home/jpgreninger/Work/smmu/tests/unit/test_address_space"
Directory: /home/jpgreninger/Work/smmu/tests/unit
"test_address_space" start time: Mar 27 14:28 MST
Output:
----------------------------------------------------------
Running main() from /home/jpgreninger/Work/smmu/_deps/googletest-src/googletest/src/gtest_main.cc
[==========] Running 64 tests from 1 test suite.
[----------] Global test environment set-up.
[----------] 64 tests from AddressSpaceTest
[ RUN      ] AddressSpaceTest.DefaultConstruction
[       OK ] AddressSpaceTest.DefaultConstruction (0 ms)
[ RUN      ] AddressSpaceTest.SinglePageMapping
[       OK ] AddressSpaceTest.SinglePageMapping (0 ms)
[ RUN      ] AddressSpaceTest.MultiplePageMappings
[       OK ] AddressSpaceTest.MultiplePageMappings (0 ms)
[ RUN      ] AddressSpaceTest.PageRemapping
[       OK ] AddressSpaceTest.PageRemapping (0 ms)
[ RUN      ] AddressSpaceTest.PageUnmapping
[       OK ] AddressSpaceTest.PageUnmapping (0 ms)
[ RUN      ] AddressSpaceTest.UnmapNonExistentPage
[       OK ] AddressSpaceTest.UnmapNonExistentPage (0 ms)
[ RUN      ] AddressSpaceTest.AddressSpaceStatistics
[       OK ] AddressSpaceTest.AddressSpaceStatistics (0 ms)
[ RUN      ] AddressSpaceTest.SparseAddressSpace
[       OK ] AddressSpaceTest.SparseAddressSpace (0 ms)
[ RUN      ] AddressSpaceTest.PageAlignment
[       OK ] AddressSpaceTest.PageAlignment (0 ms)
[ RUN      ] AddressSpaceTest.ClearAllMappings
[       OK ] AddressSpaceTest.ClearAllMappings (0 ms)
[ RUN      ] AddressSpaceTest.CopySemantics
[       OK ] AddressSpaceTest.CopySemantics (0 ms)
[ RUN      ] AddressSpaceTest.AssignmentOperator
[       OK ] AddressSpaceTest.AssignmentOperator (0 ms)
[ RUN      ] AddressSpaceTest.IsPageMappedAPI
[       OK ] AddressSpaceTest.IsPageMappedAPI (0 ms)
[ RUN      ] AddressSpaceTest.GetPagePermissionsAPI
[       OK ] AddressSpaceTest.GetPagePermissionsAPI (0 ms)
[ RUN      ] AddressSpaceTest.BoundaryConditions
[       OK ] AddressSpaceTest.BoundaryConditions (0 ms)
[ RUN      ] AddressSpaceTest.CacheInterfaceMethods
[       OK ] AddressSpaceTest.CacheInterfaceMethods (0 ms)
[ RUN      ] AddressSpaceTest.LargeScaleSparseMapping
[       OK ] AddressSpaceTest.LargeScaleSparseMapping (0 ms)
[ RUN      ] AddressSpaceTest.ARMSMMUv3FaultCompliance
[       OK ] AddressSpaceTest.ARMSMMUv3FaultCompliance (0 ms)
[ RUN      ] AddressSpaceTest.PageSizeAlignmentCompliance
[       OK ] AddressSpaceTest.PageSizeAlignmentCompliance (0 ms)
[ RUN      ] AddressSpaceTest.MapRangeBasicOperation
[       OK ] AddressSpaceTest.MapRangeBasicOperation (0 ms)
[ RUN      ] AddressSpaceTest.MapRangeContiguousMapping
[       OK ] AddressSpaceTest.MapRangeContiguousMapping (0 ms)
[ RUN      ] AddressSpaceTest.MapRangeBoundaryConditions
[       OK ] AddressSpaceTest.MapRangeBoundaryConditions (0 ms)
[ RUN      ] AddressSpaceTest.MapRangeOverlapHandling
[       OK ] AddressSpaceTest.MapRangeOverlapHandling (0 ms)
[ RUN      ] AddressSpaceTest.MapRangeInvalidParameters
[       OK ] AddressSpaceTest.MapRangeInvalidParameters (0 ms)
[ RUN      ] AddressSpaceTest.UnmapRangeBasicOperation
[       OK ] AddressSpaceTest.UnmapRangeBasicOperation (0 ms)
[ RUN      ] AddressSpaceTest.UnmapRangePartialUnmapping
[       OK ] AddressSpaceTest.UnmapRangePartialUnmapping (0 ms)
[ RUN      ] AddressSpaceTest.UnmapRangeInvalidParameters
[       OK ] AddressSpaceTest.UnmapRangeInvalidParameters (0 ms)
[ RUN      ] AddressSpaceTest.UnmapRangeNonExistentRange
[       OK ] AddressSpaceTest.UnmapRangeNonExistentRange (0 ms)
[ RUN      ] AddressSpaceTest.MapPagesBulkMapping
[       OK ] AddressSpaceTest.MapPagesBulkMapping (0 ms)
[ RUN      ] AddressSpaceTest.MapPagesEmptyCollection
[       OK ] AddressSpaceTest.MapPagesEmptyCollection (0 ms)
[ RUN      ] AddressSpaceTest.MapPagesMixedAddresses
[       OK ] AddressSpaceTest.MapPagesMixedAddresses (0 ms)
[ RUN      ] AddressSpaceTest.MapPagesOverwriteExisting
[       OK ] AddressSpaceTest.MapPagesOverwriteExisting (0 ms)
[ RUN      ] AddressSpaceTest.UnmapPagesBulkUnmapping
[       OK ] AddressSpaceTest.UnmapPagesBulkUnmapping (0 ms)
[ RUN      ] AddressSpaceTest.UnmapPagesNonExistentPages
[       OK ] AddressSpaceTest.UnmapPagesNonExistentPages (0 ms)
[ RUN      ] AddressSpaceTest.UnmapPagesEmptyCollection
[       OK ] AddressSpaceTest.UnmapPagesEmptyCollection (0 ms)
[ RUN      ] AddressSpaceTest.UnmapPagesPerformanceCharacteristics
[       OK ] AddressSpaceTest.UnmapPagesPerformanceCharacteristics (0 ms)
[ RUN      ] AddressSpaceTest.GetMappedRangesBasic
[       OK ] AddressSpaceTest.GetMappedRangesBasic (0 ms)
[ RUN      ] AddressSpaceTest.GetMappedRangesConsolidation
[       OK ] AddressSpaceTest.GetMappedRangesConsolidation (0 ms)
[ RUN      ] AddressSpaceTest.GetMappedRangesEmptySpace
[       OK ] AddressSpaceTest.GetMappedRangesEmptySpace (0 ms)
[ RUN      ] AddressSpaceTest.GetMappedRangesFragmentedMappings
[       OK ] AddressSpaceTest.GetMappedRangesFragmentedMappings (0 ms)
[ RUN      ] AddressSpaceTest.GetAddressSpaceSizeBasic
[       OK ] AddressSpaceTest.GetAddressSpaceSizeBasic (0 ms)
[ RUN      ] AddressSpaceTest.GetAddressSpaceSizeAfterOperations
[       OK ] AddressSpaceTest.GetAddressSpaceSizeAfterOperations (0 ms)
[ RUN      ] AddressSpaceTest.GetAddressSpaceSizeLargeSpace
[       OK ] AddressSpaceTest.GetAddressSpaceSizeLargeSpace (0 ms)
[ RUN      ] AddressSpaceTest.HasOverlappingMappingsBasic
[       OK ] AddressSpaceTest.HasOverlappingMappingsBasic (0 ms)
[ RUN      ] AddressSpaceTest.HasOverlappingMappingsEdgeCases
[       OK ] AddressSpaceTest.HasOverlappingMappingsEdgeCases (0 ms)
[ RUN      ] AddressSpaceTest.HasOverlappingMappingsComplexRanges
[       OK ] AddressSpaceTest.HasOverlappingMappingsComplexRanges (0 ms)
[ RUN      ] AddressSpaceTest.InvalidateRangeInterface
[       OK ] AddressSpaceTest.InvalidateRangeInterface (0 ms)
[ RUN      ] AddressSpaceTest.InvalidateRangeWithEmptySpace
[       OK ] AddressSpaceTest.InvalidateRangeWithEmptySpace (0 ms)
[ RUN      ] AddressSpaceTest.InvalidateRangeBoundaryConditions
[       OK ] AddressSpaceTest.InvalidateRangeBoundaryConditions (0 ms)
[ RUN      ] AddressSpaceTest.InvalidateAllInterface
[       OK ] AddressSpaceTest.InvalidateAllInterface (0 ms)
[ RUN      ] AddressSpaceTest.InvalidateAllWithEmptySpace
[       OK ] AddressSpaceTest.InvalidateAllWithEmptySpace (0 ms)
[ RUN      ] AddressSpaceTest.InvalidateAllAfterOperations
[       OK ] AddressSpaceTest.InvalidateAllAfterOperations (0 ms)
[ RUN      ] AddressSpaceTest.Task32IntegrationCompleteWorkflow
[       OK ] AddressSpaceTest.Task32IntegrationCompleteWorkflow (0 ms)
[ RUN      ] AddressSpaceTest.Task32PerformanceValidation
[       OK ] AddressSpaceTest.Task32PerformanceValidation (62 ms)
[ RUN      ] AddressSpaceTest.Task32ErrorHandlingAndEdgeCases
[       OK ] AddressSpaceTest.Task32ErrorHandlingAndEdgeCases (0 ms)
[ RUN      ] AddressSpaceTest.UpdateAccessFlagsHaSetsAfOnRead
[       OK ] AddressSpaceTest.UpdateAccessFlagsHaSetsAfOnRead (0 ms)
[ RUN      ] AddressSpaceTest.UpdateAccessFlagsHdSetsDirtyOnWrite
[       OK ] AddressSpaceTest.UpdateAccessFlagsHdSetsDirtyOnWrite (0 ms)
[ RUN      ] AddressSpaceTest.UpdateAccessFlagsHdNoDirtyOnRead
[       OK ] AddressSpaceTest.UpdateAccessFlagsHdNoDirtyOnRead (0 ms)
[ RUN      ] AddressSpaceTest.UpdateAccessFlagsNoOpWhenBothDisabled
[       OK ] AddressSpaceTest.UpdateAccessFlagsNoOpWhenBothDisabled (0 ms)
[ RUN      ] AddressSpaceTest.UpdateAccessFlagsNoChangeWhenAfAlreadySet
[       OK ] AddressSpaceTest.UpdateAccessFlagsNoChangeWhenAfAlreadySet (0 ms)
[ RUN      ] AddressSpaceTest.UpdateAccessFlagsReturnsFalseForUnmappedPage
[       OK ] AddressSpaceTest.UpdateAccessFlagsReturnsFalseForUnmappedPage (0 ms)
[ RUN      ] AddressSpaceTest.UpdateAccessFlagsBothHaHdOnWrite
[       OK ] AddressSpaceTest.UpdateAccessFlagsBothHaHdOnWrite (0 ms)
[ RUN      ] AddressSpaceTest.UpdateAccessFlagsReadWriteSetsDirty
[       OK ] AddressSpaceTest.UpdateAccessFlagsReadWriteSetsDirty (0 ms)
[ RUN      ] AddressSpaceTest.BUG07_MapRange_PreservesSecurityState
[       OK ] AddressSpaceTest.BUG07_MapRange_PreservesSecurityState (0 ms)
[----------] 64 tests from AddressSpaceTest (64 ms total)

[----------] Global test environment tear-down
[==========] 64 tests from 1 test suite ran. (64 ms total)
[  PASSED  ] 64 tests.
<end of output>
Test time =   0.07 sec
----------------------------------------------------------
Test Passed.
"test_address_space" end time: Mar 27 14:28 MST
"test_address_space" time elapsed: 00:00:00
----------------------------------------------------------

3/165 Testing: test_address_space_coverage
3/165 Test: test_address_space_coverage
Command: "/home/jpgreninger/Work/smmu/tests/unit/test_address_space_coverage"
Directory: /home/jpgreninger/Work/smmu/tests/unit
"test_address_space_coverage" start time: Mar 27 14:28 MST
Output:
----------------------------------------------------------
Running main() from /home/jpgreninger/Work/smmu/_deps/googletest-src/googletest/src/gtest_main.cc
[==========] Running 55 tests from 1 test suite.
[----------] Global test environment set-up.
[----------] 55 tests from AddressSpaceCoverageTest
[ RUN      ] AddressSpaceCoverageTest.MapPageInvalidIOVA
[       OK ] AddressSpaceCoverageTest.MapPageInvalidIOVA (0 ms)
[ RUN      ] AddressSpaceCoverageTest.MapPageInvalidPA
[       OK ] AddressSpaceCoverageTest.MapPageInvalidPA (0 ms)
[ RUN      ] AddressSpaceCoverageTest.MapPageNoPermissions
[       OK ] AddressSpaceCoverageTest.MapPageNoPermissions (0 ms)
[ RUN      ] AddressSpaceCoverageTest.MapPageInvalidSecurityStateSecure
[       OK ] AddressSpaceCoverageTest.MapPageInvalidSecurityStateSecure (0 ms)
[ RUN      ] AddressSpaceCoverageTest.MapPageInvalidSecurityStateRealm
[       OK ] AddressSpaceCoverageTest.MapPageInvalidSecurityStateRealm (0 ms)
[ RUN      ] AddressSpaceCoverageTest.MapPageInvalidSecurityStateEnum
[       OK ] AddressSpaceCoverageTest.MapPageInvalidSecurityStateEnum (0 ms)
[ RUN      ] AddressSpaceCoverageTest.UnmapPageInvalidIOVA
[       OK ] AddressSpaceCoverageTest.UnmapPageInvalidIOVA (0 ms)
[ RUN      ] AddressSpaceCoverageTest.UnmapPageNotMapped
[       OK ] AddressSpaceCoverageTest.UnmapPageNotMapped (0 ms)
[ RUN      ] AddressSpaceCoverageTest.TranslatePagePermissionFault
[       OK ] AddressSpaceCoverageTest.TranslatePagePermissionFault (0 ms)
[ RUN      ] AddressSpaceCoverageTest.MapRangeInvalidPermissions
[       OK ] AddressSpaceCoverageTest.MapRangeInvalidPermissions (0 ms)
[ RUN      ] AddressSpaceCoverageTest.UnmapRangeNoMappedPages
[       OK ] AddressSpaceCoverageTest.UnmapRangeNoMappedPages (0 ms)
[ RUN      ] AddressSpaceCoverageTest.MapPagesInvalidPermissions
[       OK ] AddressSpaceCoverageTest.MapPagesInvalidPermissions (0 ms)
[ RUN      ] AddressSpaceCoverageTest.UnmapPagesNoMappedPages
[       OK ] AddressSpaceCoverageTest.UnmapPagesNoMappedPages (0 ms)
[ RUN      ] AddressSpaceCoverageTest.IsPageMappedInvalidAddress
[       OK ] AddressSpaceCoverageTest.IsPageMappedInvalidAddress (0 ms)
[ RUN      ] AddressSpaceCoverageTest.GetPagePermissionsInvalidAddress
[       OK ] AddressSpaceCoverageTest.GetPagePermissionsInvalidAddress (0 ms)
[ RUN      ] AddressSpaceCoverageTest.MapRangeInvalidIOVARange
[       OK ] AddressSpaceCoverageTest.MapRangeInvalidIOVARange (0 ms)
[ RUN      ] AddressSpaceCoverageTest.MapRangeInvalidPA
[       OK ] AddressSpaceCoverageTest.MapRangeInvalidPA (0 ms)
[ RUN      ] AddressSpaceCoverageTest.UnmapRangeInvalidIOVARange
[       OK ] AddressSpaceCoverageTest.UnmapRangeInvalidIOVARange (0 ms)
[ RUN      ] AddressSpaceCoverageTest.MapPagesInvalidIOVA
[       OK ] AddressSpaceCoverageTest.MapPagesInvalidIOVA (0 ms)
[ RUN      ] AddressSpaceCoverageTest.MapPagesInvalidPA
[       OK ] AddressSpaceCoverageTest.MapPagesInvalidPA (0 ms)
[ RUN      ] AddressSpaceCoverageTest.UnmapPagesInvalidIOVA
[       OK ] AddressSpaceCoverageTest.UnmapPagesInvalidIOVA (0 ms)
[ RUN      ] AddressSpaceCoverageTest.GetMappedRangesEmpty
[       OK ] AddressSpaceCoverageTest.GetMappedRangesEmpty (0 ms)
[ RUN      ] AddressSpaceCoverageTest.GetMappedRangesNoValidEntries
[       OK ] AddressSpaceCoverageTest.GetMappedRangesNoValidEntries (0 ms)
[ RUN      ] AddressSpaceCoverageTest.GetAddressSpaceSizeEmpty
[       OK ] AddressSpaceCoverageTest.GetAddressSpaceSizeEmpty (0 ms)
[ RUN      ] AddressSpaceCoverageTest.GetAddressSpaceSizeNoValidEntries
[       OK ] AddressSpaceCoverageTest.GetAddressSpaceSizeNoValidEntries (0 ms)
[ RUN      ] AddressSpaceCoverageTest.GetPageCountEmpty
[       OK ] AddressSpaceCoverageTest.GetPageCountEmpty (0 ms)
[ RUN      ] AddressSpaceCoverageTest.IterateEmptyAddressSpace
[       OK ] AddressSpaceCoverageTest.IterateEmptyAddressSpace (0 ms)
[ RUN      ] AddressSpaceCoverageTest.ClearAlreadyEmptySpace
[       OK ] AddressSpaceCoverageTest.ClearAlreadyEmptySpace (0 ms)
[ RUN      ] AddressSpaceCoverageTest.HasOverlappingMappingsEmpty
[       OK ] AddressSpaceCoverageTest.HasOverlappingMappingsEmpty (0 ms)
[ RUN      ] AddressSpaceCoverageTest.BoundaryMinimumIOVA
[       OK ] AddressSpaceCoverageTest.BoundaryMinimumIOVA (0 ms)
[ RUN      ] AddressSpaceCoverageTest.BoundaryMaximumIOVA
[       OK ] AddressSpaceCoverageTest.BoundaryMaximumIOVA (0 ms)
[ RUN      ] AddressSpaceCoverageTest.BoundaryJustBeyondMaximum
[       OK ] AddressSpaceCoverageTest.BoundaryJustBeyondMaximum (0 ms)
[ RUN      ] AddressSpaceCoverageTest.Boundary48BitAddressLimit
[       OK ] AddressSpaceCoverageTest.Boundary48BitAddressLimit (0 ms)
[ RUN      ] AddressSpaceCoverageTest.BoundaryAddressAlignment4KB
[       OK ] AddressSpaceCoverageTest.BoundaryAddressAlignment4KB (0 ms)
[ RUN      ] AddressSpaceCoverageTest.BoundaryPageOffsetPreservation
[       OK ] AddressSpaceCoverageTest.BoundaryPageOffsetPreservation (0 ms)
[ RUN      ] AddressSpaceCoverageTest.BoundaryRangeEndBeforeStart
[       OK ] AddressSpaceCoverageTest.BoundaryRangeEndBeforeStart (0 ms)
[ RUN      ] AddressSpaceCoverageTest.BoundaryUnmapRangeEndBeforeStart
[       OK ] AddressSpaceCoverageTest.BoundaryUnmapRangeEndBeforeStart (0 ms)
[ RUN      ] AddressSpaceCoverageTest.BoundaryOverflowInRangeCalculation
[       OK ] AddressSpaceCoverageTest.BoundaryOverflowInRangeCalculation (0 ms)
[ RUN      ] AddressSpaceCoverageTest.SecurityStateMismatch
[       OK ] AddressSpaceCoverageTest.SecurityStateMismatch (0 ms)
[ RUN      ] AddressSpaceCoverageTest.SecurityStateRealmMismatch
[       OK ] AddressSpaceCoverageTest.SecurityStateRealmMismatch (0 ms)
[ RUN      ] AddressSpaceCoverageTest.PermissionsWriteOnly
[       OK ] AddressSpaceCoverageTest.PermissionsWriteOnly (0 ms)
[ RUN      ] AddressSpaceCoverageTest.PermissionsExecuteOnly
[       OK ] AddressSpaceCoverageTest.PermissionsExecuteOnly (0 ms)
[ RUN      ] AddressSpaceCoverageTest.IsPageMappedExceptionHandling
[       OK ] AddressSpaceCoverageTest.IsPageMappedExceptionHandling (0 ms)
[ RUN      ] AddressSpaceCoverageTest.GetPagePermissionsExceptionHandling
[       OK ] AddressSpaceCoverageTest.GetPagePermissionsExceptionHandling (0 ms)
[ RUN      ] AddressSpaceCoverageTest.GetPageCountExceptionHandling
[       OK ] AddressSpaceCoverageTest.GetPageCountExceptionHandling (0 ms)
[ RUN      ] AddressSpaceCoverageTest.HasOverlappingMappingsInvalidRange
[       OK ] AddressSpaceCoverageTest.HasOverlappingMappingsInvalidRange (0 ms)
[ RUN      ] AddressSpaceCoverageTest.HasOverlappingMappingsSinglePage
[       OK ] AddressSpaceCoverageTest.HasOverlappingMappingsSinglePage (0 ms)
[ RUN      ] AddressSpaceCoverageTest.TranslatePageInvalidEntry
[       OK ] AddressSpaceCoverageTest.TranslatePageInvalidEntry (0 ms)
[ RUN      ] AddressSpaceCoverageTest.MapRangeOverflowDetection
[       OK ] AddressSpaceCoverageTest.MapRangeOverflowDetection (0 ms)
[ RUN      ] AddressSpaceCoverageTest.AlignedPANearMaxPhysicalBoundaryOverflow
[       OK ] AddressSpaceCoverageTest.AlignedPANearMaxPhysicalBoundaryOverflow (0 ms)
[ RUN      ] AddressSpaceCoverageTest.CheckPermissionsUnknownAccessType
[       OK ] AddressSpaceCoverageTest.CheckPermissionsUnknownAccessType (0 ms)
[ RUN      ] AddressSpaceCoverageTest.GetMappedRangesAfterClear
[       OK ] AddressSpaceCoverageTest.GetMappedRangesAfterClear (0 ms)
[ RUN      ] AddressSpaceCoverageTest.GetAddressSpaceSizeAfterClear
[       OK ] AddressSpaceCoverageTest.GetAddressSpaceSizeAfterClear (0 ms)
[ RUN      ] AddressSpaceCoverageTest.GetPageCountOverflowCheck
[       OK ] AddressSpaceCoverageTest.GetPageCountOverflowCheck (0 ms)
[ RUN      ] AddressSpaceCoverageTest.ExceptionHandlerDocumentation
[       OK ] AddressSpaceCoverageTest.ExceptionHandlerDocumentation (0 ms)
[----------] 55 tests from AddressSpaceCoverageTest (0 ms total)

[----------] Global test environment tear-down
[==========] 55 tests from 1 test suite ran. (0 ms total)
[  PASSED  ] 55 tests.
<end of output>
Test time =   0.00 sec
----------------------------------------------------------
Test Passed.
"test_address_space_coverage" end time: Mar 27 14:28 MST
"test_address_space_coverage" time elapsed: 00:00:00
----------------------------------------------------------

4/165 Testing: test_address_space_edge_cases
4/165 Test: test_address_space_edge_cases
Command: "/home/jpgreninger/Work/smmu/tests/unit/test_address_space_edge_cases"
Directory: /home/jpgreninger/Work/smmu/tests/unit
"test_address_space_edge_cases" start time: Mar 27 14:28 MST
Output:
----------------------------------------------------------
Running main() from /home/jpgreninger/Work/smmu/_deps/googletest-src/googletest/src/gtest_main.cc
[==========] Running 31 tests from 1 test suite.
[----------] Global test environment set-up.
[----------] 31 tests from AddressSpaceEdgeCasesTest
[ RUN      ] AddressSpaceEdgeCasesTest.MapPage_ZeroIOVA_Success
[       OK ] AddressSpaceEdgeCasesTest.MapPage_ZeroIOVA_Success (0 ms)
[ RUN      ] AddressSpaceEdgeCasesTest.MapPage_MaxVirtualAddress_Success
[       OK ] AddressSpaceEdgeCasesTest.MapPage_MaxVirtualAddress_Success (0 ms)
[ RUN      ] AddressSpaceEdgeCasesTest.MapPage_OverMaxVirtualAddress_ReturnsError
[       OK ] AddressSpaceEdgeCasesTest.MapPage_OverMaxVirtualAddress_ReturnsError (0 ms)
[ RUN      ] AddressSpaceEdgeCasesTest.MapPage_MaxPhysicalAddress_Success
[       OK ] AddressSpaceEdgeCasesTest.MapPage_MaxPhysicalAddress_Success (0 ms)
[ RUN      ] AddressSpaceEdgeCasesTest.MapPage_OverMaxPhysicalAddress_ReturnsError
[       OK ] AddressSpaceEdgeCasesTest.MapPage_OverMaxPhysicalAddress_ReturnsError (0 ms)
[ RUN      ] AddressSpaceEdgeCasesTest.MapPage_UnalignedIOVA_MapsToPageNumber
[       OK ] AddressSpaceEdgeCasesTest.MapPage_UnalignedIOVA_MapsToPageNumber (0 ms)
[ RUN      ] AddressSpaceEdgeCasesTest.MapPage_UnalignedPA_AlignedAutomatically
[       OK ] AddressSpaceEdgeCasesTest.MapPage_UnalignedPA_AlignedAutomatically (0 ms)
[ RUN      ] AddressSpaceEdgeCasesTest.TranslatePage_PageOffset_PreservedInResult
[       OK ] AddressSpaceEdgeCasesTest.TranslatePage_PageOffset_PreservedInResult (0 ms)
[ RUN      ] AddressSpaceEdgeCasesTest.MapPage_NoPermissions_ReturnsError
[       OK ] AddressSpaceEdgeCasesTest.MapPage_NoPermissions_ReturnsError (0 ms)
[ RUN      ] AddressSpaceEdgeCasesTest.MapPage_ReadOnlyPermission_Success
[       OK ] AddressSpaceEdgeCasesTest.MapPage_ReadOnlyPermission_Success (0 ms)
[ RUN      ] AddressSpaceEdgeCasesTest.MapPage_WriteOnlyPermission_Success
[       OK ] AddressSpaceEdgeCasesTest.MapPage_WriteOnlyPermission_Success (0 ms)
[ RUN      ] AddressSpaceEdgeCasesTest.MapPage_ExecuteOnlyPermission_Success
[       OK ] AddressSpaceEdgeCasesTest.MapPage_ExecuteOnlyPermission_Success (0 ms)
[ RUN      ] AddressSpaceEdgeCasesTest.MapPage_AllPermissions_Success
[       OK ] AddressSpaceEdgeCasesTest.MapPage_AllPermissions_Success (0 ms)
[ RUN      ] AddressSpaceEdgeCasesTest.MapPage_InvalidSecurityState_ReturnsError
[       OK ] AddressSpaceEdgeCasesTest.MapPage_InvalidSecurityState_ReturnsError (0 ms)
[ RUN      ] AddressSpaceEdgeCasesTest.TranslatePage_SecurityStateMismatch_ReturnsSecurityFault
[       OK ] AddressSpaceEdgeCasesTest.TranslatePage_SecurityStateMismatch_ReturnsSecurityFault (0 ms)
[ RUN      ] AddressSpaceEdgeCasesTest.TranslatePage_AllSecurityStatesWork
[       OK ] AddressSpaceEdgeCasesTest.TranslatePage_AllSecurityStatesWork (0 ms)
[ RUN      ] AddressSpaceEdgeCasesTest.MapPage_OverwriteExisting_UpdatesMapping
[       OK ] AddressSpaceEdgeCasesTest.MapPage_OverwriteExisting_UpdatesMapping (0 ms)
[ RUN      ] AddressSpaceEdgeCasesTest.UnmapPage_NonExistentPage_ReturnsError
[       OK ] AddressSpaceEdgeCasesTest.UnmapPage_NonExistentPage_ReturnsError (0 ms)
[ RUN      ] AddressSpaceEdgeCasesTest.UnmapPage_InvalidAddress_ReturnsError
[       OK ] AddressSpaceEdgeCasesTest.UnmapPage_InvalidAddress_ReturnsError (0 ms)
[ RUN      ] AddressSpaceEdgeCasesTest.UnmapPage_AlreadyUnmapped_ReturnsError
[       OK ] AddressSpaceEdgeCasesTest.UnmapPage_AlreadyUnmapped_ReturnsError (0 ms)
[ RUN      ] AddressSpaceEdgeCasesTest.IsPageMapped_ValidAddress_NoException
[       OK ] AddressSpaceEdgeCasesTest.IsPageMapped_ValidAddress_NoException (0 ms)
[ RUN      ] AddressSpaceEdgeCasesTest.IsPageMapped_InvalidAddress_ReturnsError
[       OK ] AddressSpaceEdgeCasesTest.IsPageMapped_InvalidAddress_ReturnsError (0 ms)
[ RUN      ] AddressSpaceEdgeCasesTest.GetPagePermissions_ValidPage_ReturnsPermissions
[       OK ] AddressSpaceEdgeCasesTest.GetPagePermissions_ValidPage_ReturnsPermissions (0 ms)
[ RUN      ] AddressSpaceEdgeCasesTest.GetPagePermissions_UnmappedPage_ReturnsError
[       OK ] AddressSpaceEdgeCasesTest.GetPagePermissions_UnmappedPage_ReturnsError (0 ms)
[ RUN      ] AddressSpaceEdgeCasesTest.GetPagePermissions_InvalidAddress_ReturnsError
[       OK ] AddressSpaceEdgeCasesTest.GetPagePermissions_InvalidAddress_ReturnsError (0 ms)
[ RUN      ] AddressSpaceEdgeCasesTest.GetPageCount_EmptyAddressSpace_ReturnsZero
[       OK ] AddressSpaceEdgeCasesTest.GetPageCount_EmptyAddressSpace_ReturnsZero (0 ms)
[ RUN      ] AddressSpaceEdgeCasesTest.GetPageCount_MultipleMappings_ReturnsCorrectCount
[       OK ] AddressSpaceEdgeCasesTest.GetPageCount_MultipleMappings_ReturnsCorrectCount (0 ms)
[ RUN      ] AddressSpaceEdgeCasesTest.MapRange_InvalidRange_EndBeforeStart_ReturnsError
[       OK ] AddressSpaceEdgeCasesTest.MapRange_InvalidRange_EndBeforeStart_ReturnsError (0 ms)
[ RUN      ] AddressSpaceEdgeCasesTest.MapRange_OverMaxAddress_ReturnsError
[       OK ] AddressSpaceEdgeCasesTest.MapRange_OverMaxAddress_ReturnsError (0 ms)
[ RUN      ] AddressSpaceEdgeCasesTest.MapRange_OverMaxPhysicalAddress_ReturnsError
[       OK ] AddressSpaceEdgeCasesTest.MapRange_OverMaxPhysicalAddress_ReturnsError (0 ms)
[ RUN      ] AddressSpaceEdgeCasesTest.Clear_AfterMappings_RemovesAll
[       OK ] AddressSpaceEdgeCasesTest.Clear_AfterMappings_RemovesAll (0 ms)
[----------] 31 tests from AddressSpaceEdgeCasesTest (0 ms total)

[----------] Global test environment tear-down
[==========] 31 tests from 1 test suite ran. (0 ms total)
[  PASSED  ] 31 tests.
<end of output>
Test time =   0.00 sec
----------------------------------------------------------
Test Passed.
"test_address_space_edge_cases" end time: Mar 27 14:28 MST
"test_address_space_edge_cases" time elapsed: 00:00:00
----------------------------------------------------------

5/165 Testing: test_stream_context
5/165 Test: test_stream_context
Command: "/home/jpgreninger/Work/smmu/tests/unit/test_stream_context"
Directory: /home/jpgreninger/Work/smmu/tests/unit
"test_stream_context" start time: Mar 27 14:28 MST
Output:
----------------------------------------------------------
Running main() from /home/jpgreninger/Work/smmu/_deps/googletest-src/googletest/src/gtest_main.cc
[==========] Running 88 tests from 1 test suite.
[----------] Global test environment set-up.
[----------] 88 tests from StreamContextTest
[ RUN      ] StreamContextTest.DefaultConstruction
[       OK ] StreamContextTest.DefaultConstruction (0 ms)
[ RUN      ] StreamContextTest.CreatePASIDAddressSpace
[       OK ] StreamContextTest.CreatePASIDAddressSpace (0 ms)
[ RUN      ] StreamContextTest.RemovePASIDAddressSpace
[       OK ] StreamContextTest.RemovePASIDAddressSpace (0 ms)
[ RUN      ] StreamContextTest.BasicTranslation
[       OK ] StreamContextTest.BasicTranslation (0 ms)
[ RUN      ] StreamContextTest.TranslationNonExistentPASID
[       OK ] StreamContextTest.TranslationNonExistentPASID (0 ms)
[ RUN      ] StreamContextTest.MultiplePASIDs
[       OK ] StreamContextTest.MultiplePASIDs (0 ms)
[ RUN      ] StreamContextTest.PageMappingFailures
[       OK ] StreamContextTest.PageMappingFailures (0 ms)
[ RUN      ] StreamContextTest.PageUnmapping
[       OK ] StreamContextTest.PageUnmapping (0 ms)
[ RUN      ] StreamContextTest.UnmapNonExistentPASID
[       OK ] StreamContextTest.UnmapNonExistentPASID (0 ms)
[ RUN      ] StreamContextTest.PASIDStatistics
[       OK ] StreamContextTest.PASIDStatistics (0 ms)
[ RUN      ] StreamContextTest.PASIDExistenceCheck
[       OK ] StreamContextTest.PASIDExistenceCheck (0 ms)
[ RUN      ] StreamContextTest.LargePASIDValues
[       OK ] StreamContextTest.LargePASIDValues (0 ms)
[ RUN      ] StreamContextTest.PASIDIsolation
[       OK ] StreamContextTest.PASIDIsolation (0 ms)
[ RUN      ] StreamContextTest.ClearAllPASIDs
[       OK ] StreamContextTest.ClearAllPASIDs (0 ms)
[ RUN      ] StreamContextTest.GetPASIDAddressSpace
[       OK ] StreamContextTest.GetPASIDAddressSpace (0 ms)
[ RUN      ] StreamContextTest.StageConfiguration
[       OK ] StreamContextTest.StageConfiguration (0 ms)
[ RUN      ] StreamContextTest.Stage1OnlyTranslation
[       OK ] StreamContextTest.Stage1OnlyTranslation (0 ms)
[ RUN      ] StreamContextTest.Stage2OnlyTranslation
[       OK ] StreamContextTest.Stage2OnlyTranslation (0 ms)
[ RUN      ] StreamContextTest.BothStagesTranslation
[       OK ] StreamContextTest.BothStagesTranslation (0 ms)
[ RUN      ] StreamContextTest.NoStagesTranslation
[       OK ] StreamContextTest.NoStagesTranslation (0 ms)
[ RUN      ] StreamContextTest.AddPASIDWithExistingAddressSpace
[       OK ] StreamContextTest.AddPASIDWithExistingAddressSpace (0 ms)
[ RUN      ] StreamContextTest.SharedAddressSpaceBetweenPASIDs
[       OK ] StreamContextTest.SharedAddressSpaceBetweenPASIDs (0 ms)
[ RUN      ] StreamContextTest.FaultModeConfiguration
[       OK ] StreamContextTest.FaultModeConfiguration (0 ms)
[ RUN      ] StreamContextTest.FaultModeTerminate
[       OK ] StreamContextTest.FaultModeTerminate (0 ms)
[ RUN      ] StreamContextTest.FaultModeStall
[       OK ] StreamContextTest.FaultModeStall (0 ms)
[ RUN      ] StreamContextTest.Stage2AddressSpaceSharing
[       OK ] StreamContextTest.Stage2AddressSpaceSharing (0 ms)
[ RUN      ] StreamContextTest.Stage2ConfigurationChanges
[       OK ] StreamContextTest.Stage2ConfigurationChanges (0 ms)
[ RUN      ] StreamContextTest.InvalidPASIDOperations
[       OK ] StreamContextTest.InvalidPASIDOperations (0 ms)
[ RUN      ] StreamContextTest.PASID0Operations
[       OK ] StreamContextTest.PASID0Operations (0 ms)
[ RUN      ] StreamContextTest.MaxPASIDBoundaryTest
[       OK ] StreamContextTest.MaxPASIDBoundaryTest (0 ms)
[ RUN      ] StreamContextTest.ComprehensiveCrossPASIDIsolation
[       OK ] StreamContextTest.ComprehensiveCrossPASIDIsolation (0 ms)
[ RUN      ] StreamContextTest.IsolationWithSharedStage2
[       OK ] StreamContextTest.IsolationWithSharedStage2 (0 ms)
[ RUN      ] StreamContextTest.SecurityValidationAndFaults
[       OK ] StreamContextTest.SecurityValidationAndFaults (0 ms)
[ RUN      ] StreamContextTest.UpdateConfigurationComplete
[       OK ] StreamContextTest.UpdateConfigurationComplete (0 ms)
[ RUN      ] StreamContextTest.ApplyConfigurationChanges
[       OK ] StreamContextTest.ApplyConfigurationChanges (0 ms)
[ RUN      ] StreamContextTest.ConfigurationValidation
[       OK ] StreamContextTest.ConfigurationValidation (0 ms)
[ RUN      ] StreamContextTest.ConfigurationChangeDetection
[       OK ] StreamContextTest.ConfigurationChangeDetection (0 ms)
[ RUN      ] StreamContextTest.ConfigurationEdgeCases
[       OK ] StreamContextTest.ConfigurationEdgeCases (0 ms)
[ RUN      ] StreamContextTest.StreamEnableDisableBasic
[       OK ] StreamContextTest.StreamEnableDisableBasic (0 ms)
[ RUN      ] StreamContextTest.StreamEnableDisableEffectOnTranslations
[       OK ] StreamContextTest.StreamEnableDisableEffectOnTranslations (0 ms)
[ RUN      ] StreamContextTest.StreamStatePersistenceAcrossConfigChanges
[       OK ] StreamContextTest.StreamStatePersistenceAcrossConfigChanges (0 ms)
[ RUN      ] StreamContextTest.StreamEnableDisableWithConfigurations
[       OK ] StreamContextTest.StreamEnableDisableWithConfigurations (0 ms)
[ RUN      ] StreamContextTest.GetStreamConfiguration
[       OK ] StreamContextTest.GetStreamConfiguration (0 ms)
[ RUN      ] StreamContextTest.GetStreamStatistics
[       OK ] StreamContextTest.GetStreamStatistics (0 ms)
[ RUN      ] StreamContextTest.GetStreamState
[       OK ] StreamContextTest.GetStreamState (0 ms)
[ RUN      ] StreamContextTest.IsTranslationActive
[       OK ] StreamContextTest.IsTranslationActive (0 ms)
[ RUN      ] StreamContextTest.ComprehensiveStateQuerying
[       OK ] StreamContextTest.ComprehensiveStateQuerying (0 ms)
[ RUN      ] StreamContextTest.FaultHandlerAssignmentAndManagement
[       OK ] StreamContextTest.FaultHandlerAssignmentAndManagement (0 ms)
[ RUN      ] StreamContextTest.FaultRecordingThroughFaultHandler
[       OK ] StreamContextTest.FaultRecordingThroughFaultHandler (0 ms)
[ RUN      ] StreamContextTest.FaultRecordingWithoutFaultHandler
[       OK ] StreamContextTest.FaultRecordingWithoutFaultHandler (0 ms)
[ RUN      ] StreamContextTest.StreamSpecificFaultClearing
[       OK ] StreamContextTest.StreamSpecificFaultClearing (0 ms)
[ RUN      ] StreamContextTest.FaultHandlerIntegrationWithTranslations
[       OK ] StreamContextTest.FaultHandlerIntegrationWithTranslations (0 ms)
[ RUN      ] StreamContextTest.SharedFaultHandlerBetweenStreams
[       OK ] StreamContextTest.SharedFaultHandlerBetweenStreams (0 ms)
[ RUN      ] StreamContextTest.FaultHandlerLifecycleManagement
[       OK ] StreamContextTest.FaultHandlerLifecycleManagement (0 ms)
[ RUN      ] StreamContextTest.ConcurrentPASIDOperations
[       OK ] StreamContextTest.ConcurrentPASIDOperations (1 ms)
[ RUN      ] StreamContextTest.ConcurrentTranslationOperations
[       OK ] StreamContextTest.ConcurrentTranslationOperations (5 ms)
[ RUN      ] StreamContextTest.ConcurrentConfigurationUpdates
[       OK ] StreamContextTest.ConcurrentConfigurationUpdates (1 ms)
[ RUN      ] StreamContextTest.SecurityStateMapPageIntegration
[       OK ] StreamContextTest.SecurityStateMapPageIntegration (0 ms)
[ RUN      ] StreamContextTest.SecurityStateIsolationValidation
[       OK ] StreamContextTest.SecurityStateIsolationValidation (0 ms)
[ RUN      ] StreamContextTest.ValidateContextDescriptorValid
[       OK ] StreamContextTest.ValidateContextDescriptorValid (0 ms)
[ RUN      ] StreamContextTest.ValidateContextDescriptorInvalidPASID
[       OK ] StreamContextTest.ValidateContextDescriptorInvalidPASID (0 ms)
[ RUN      ] StreamContextTest.ValidateContextDescriptorInvalidASID
[       OK ] StreamContextTest.ValidateContextDescriptorInvalidASID (0 ms)
[ RUN      ] StreamContextTest.ValidateContextDescriptorNoValidTTBRs
[       OK ] StreamContextTest.ValidateContextDescriptorNoValidTTBRs (0 ms)
[ RUN      ] StreamContextTest.ValidateContextDescriptorInvalidAddressSpaceSizes
[       OK ] StreamContextTest.ValidateContextDescriptorInvalidAddressSpaceSizes (0 ms)
[ RUN      ] StreamContextTest.ValidateTranslationTableBaseValid
[       OK ] StreamContextTest.ValidateTranslationTableBaseValid (0 ms)
[ RUN      ] StreamContextTest.ValidateTranslationTableBaseNull
[       OK ] StreamContextTest.ValidateTranslationTableBaseNull (0 ms)
[ RUN      ] StreamContextTest.ValidateTranslationTableBaseMisaligned
[       OK ] StreamContextTest.ValidateTranslationTableBaseMisaligned (0 ms)
[ RUN      ] StreamContextTest.ValidateTranslationTableBaseOutOfRange
[       OK ] StreamContextTest.ValidateTranslationTableBaseOutOfRange (0 ms)
[ RUN      ] StreamContextTest.ValidateASIDConfigurationValid
[       OK ] StreamContextTest.ValidateASIDConfigurationValid (0 ms)
[ RUN      ] StreamContextTest.ValidateASIDConfigurationInvalidRange
[       OK ] StreamContextTest.ValidateASIDConfigurationInvalidRange (0 ms)
[ RUN      ] StreamContextTest.ValidateASIDConfigurationSecurityStates
[       OK ] StreamContextTest.ValidateASIDConfigurationSecurityStates (0 ms)
[ RUN      ] StreamContextTest.ValidateStreamTableEntryValid
[       OK ] StreamContextTest.ValidateStreamTableEntryValid (0 ms)
[ RUN      ] StreamContextTest.ValidateStreamTableEntryNoStages
[       OK ] StreamContextTest.ValidateStreamTableEntryNoStages (0 ms)
[ RUN      ] StreamContextTest.ValidateStreamTableEntryNoCDTable
[       OK ] StreamContextTest.ValidateStreamTableEntryNoCDTable (0 ms)
[ RUN      ] StreamContextTest.ValidateStreamTableEntryMisalignedCDTable
[       OK ] StreamContextTest.ValidateStreamTableEntryMisalignedCDTable (0 ms)
[ RUN      ] StreamContextTest.ValidateStreamTableEntryInvalidCDTableSize
[       OK ] StreamContextTest.ValidateStreamTableEntryInvalidCDTableSize (0 ms)
[ RUN      ] StreamContextTest.MaximumPASIDBoundaryOperations
[       OK ] StreamContextTest.MaximumPASIDBoundaryOperations (0 ms)
[ RUN      ] StreamContextTest.LargeNumberOfPASIDs
[       OK ] StreamContextTest.LargeNumberOfPASIDs (0 ms)
[ RUN      ] StreamContextTest.RapidConfigurationChanges
[       OK ] StreamContextTest.RapidConfigurationChanges (0 ms)
[ RUN      ] StreamContextTest.ErrorRecoveryScenarios
[       OK ] StreamContextTest.ErrorRecoveryScenarios (0 ms)
[ RUN      ] StreamContextTest.StatisticsAccuracyValidation
[       OK ] StreamContextTest.StatisticsAccuracyValidation (0 ms)
[ RUN      ] StreamContextTest.HardwareAccessFlagSetterGetter
[       OK ] StreamContextTest.HardwareAccessFlagSetterGetter (0 ms)
[ RUN      ] StreamContextTest.HardwareDirtyStateSetterGetter
[       OK ] StreamContextTest.HardwareDirtyStateSetterGetter (0 ms)
[ RUN      ] StreamContextTest.HardwareAccessFlagSetAfterTranslate
[       OK ] StreamContextTest.HardwareAccessFlagSetAfterTranslate (0 ms)
[ RUN      ] StreamContextTest.HardwareDirtyStateSetAfterWriteTranslate
[       OK ] StreamContextTest.HardwareDirtyStateSetAfterWriteTranslate (0 ms)
[ RUN      ] StreamContextTest.NoFlagUpdateWhenHaHdDisabled
[       OK ] StreamContextTest.NoFlagUpdateWhenHaHdDisabled (0 ms)
[ RUN      ] StreamContextTest.ReadTranslateDoesNotSetDirtyWithHdEnabled
[       OK ] StreamContextTest.ReadTranslateDoesNotSetDirtyWithHdEnabled (0 ms)
[ RUN      ] StreamContextTest.BothHaHdEnabledWriteSetsAfAndDirty
[       OK ] StreamContextTest.BothHaHdEnabledWriteSetsAfAndDirty (0 ms)
[----------] 88 tests from StreamContextTest (8 ms total)

[----------] Global test environment tear-down
[==========] 88 tests from 1 test suite ran. (8 ms total)
[  PASSED  ] 88 tests.
<end of output>
Test time =   0.01 sec
----------------------------------------------------------
Test Passed.
"test_stream_context" end time: Mar 27 14:28 MST
"test_stream_context" time elapsed: 00:00:00
----------------------------------------------------------

6/165 Testing: test_stream_context_coverage
6/165 Test: test_stream_context_coverage
Command: "/home/jpgreninger/Work/smmu/tests/unit/test_stream_context_coverage"
Directory: /home/jpgreninger/Work/smmu/tests/unit
"test_stream_context_coverage" start time: Mar 27 14:28 MST
Output:
----------------------------------------------------------
Running main() from /home/jpgreninger/Work/smmu/_deps/googletest-src/googletest/src/gtest_main.cc
[==========] Running 53 tests from 1 test suite.
[----------] Global test environment set-up.
[----------] 53 tests from StreamContextCoverageTest
[ RUN      ] StreamContextCoverageTest.MapPageInvalidPASID
[       OK ] StreamContextCoverageTest.MapPageInvalidPASID (0 ms)
[ RUN      ] StreamContextCoverageTest.MapPageNullAddressSpace
[       OK ] StreamContextCoverageTest.MapPageNullAddressSpace (0 ms)
[ RUN      ] StreamContextCoverageTest.UnmapPageInvalidPASID
[       OK ] StreamContextCoverageTest.UnmapPageInvalidPASID (0 ms)
[ RUN      ] StreamContextCoverageTest.TranslateInvalidPASID
[       OK ] StreamContextCoverageTest.TranslateInvalidPASID (0 ms)
[ RUN      ] StreamContextCoverageTest.PASIDBoundaryConditions
[       OK ] StreamContextCoverageTest.PASIDBoundaryConditions (0 ms)
[ RUN      ] StreamContextCoverageTest.RemovePASIDInvalidPASID
[       OK ] StreamContextCoverageTest.RemovePASIDInvalidPASID (0 ms)
[ RUN      ] StreamContextCoverageTest.AddPASIDInvalidPASID
[       OK ] StreamContextCoverageTest.AddPASIDInvalidPASID (0 ms)
[ RUN      ] StreamContextCoverageTest.AddPASIDNullAddressSpace
[       OK ] StreamContextCoverageTest.AddPASIDNullAddressSpace (0 ms)
[ RUN      ] StreamContextCoverageTest.HasPASIDInvalidPASID
[       OK ] StreamContextCoverageTest.HasPASIDInvalidPASID (0 ms)
[ RUN      ] StreamContextCoverageTest.GetStage2AddressSpaceNotConfigured
[       OK ] StreamContextCoverageTest.GetStage2AddressSpaceNotConfigured (0 ms)
[ RUN      ] StreamContextCoverageTest.GetStage2AddressSpaceConfigured
[       OK ] StreamContextCoverageTest.GetStage2AddressSpaceConfigured (0 ms)
[ RUN      ] StreamContextCoverageTest.Stage2OnlyTranslation
[       OK ] StreamContextCoverageTest.Stage2OnlyTranslation (0 ms)
[ RUN      ] StreamContextCoverageTest.TwoStageTranslation
[       OK ] StreamContextCoverageTest.TwoStageTranslation (0 ms)
[ RUN      ] StreamContextCoverageTest.Stage2TranslationFault
[       OK ] StreamContextCoverageTest.Stage2TranslationFault (0 ms)
[ RUN      ] StreamContextCoverageTest.Stage2EnabledNotConfigured
[       OK ] StreamContextCoverageTest.Stage2EnabledNotConfigured (0 ms)
[ RUN      ] StreamContextCoverageTest.SetTranslationEnabled
[       OK ] StreamContextCoverageTest.SetTranslationEnabled (0 ms)
[ RUN      ] StreamContextCoverageTest.SetStage1Enabled
[       OK ] StreamContextCoverageTest.SetStage1Enabled (0 ms)
[ RUN      ] StreamContextCoverageTest.ConfigurationNoChangeOptimization
[       OK ] StreamContextCoverageTest.ConfigurationNoChangeOptimization (0 ms)
[ RUN      ] StreamContextCoverageTest.SelectiveConfigurationChanges
[       OK ] StreamContextCoverageTest.SelectiveConfigurationChanges (0 ms)
[ RUN      ] StreamContextCoverageTest.ConfigurationUpdateCounter
[       OK ] StreamContextCoverageTest.ConfigurationUpdateCounter (0 ms)
[ RUN      ] StreamContextCoverageTest.ConfigurationChangedFlag
[       OK ] StreamContextCoverageTest.ConfigurationChangedFlag (0 ms)
[ RUN      ] StreamContextCoverageTest.FaultCounterIncrements
[       OK ] StreamContextCoverageTest.FaultCounterIncrements (0 ms)
[ RUN      ] StreamContextCoverageTest.RecordFaultIncrementsCounter
[       OK ] StreamContextCoverageTest.RecordFaultIncrementsCounter (0 ms)
[ RUN      ] StreamContextCoverageTest.RecordFaultNoHandler
[       OK ] StreamContextCoverageTest.RecordFaultNoHandler (0 ms)
[ RUN      ] StreamContextCoverageTest.MultipleFaultTypesTracking
[       OK ] StreamContextCoverageTest.MultipleFaultTypesTracking (0 ms)
[ RUN      ] StreamContextCoverageTest.StatisticsReportingAccuracy
[       OK ] StreamContextCoverageTest.StatisticsReportingAccuracy (10 ms)
[ RUN      ] StreamContextCoverageTest.StreamDisabledTranslationRejection
[       OK ] StreamContextCoverageTest.StreamDisabledTranslationRejection (0 ms)
[ RUN      ] StreamContextCoverageTest.IdentityMappingNoStages
[       OK ] StreamContextCoverageTest.IdentityMappingNoStages (0 ms)
[ RUN      ] StreamContextCoverageTest.Stage1NullAddressSpaceError
[       OK ] StreamContextCoverageTest.Stage1NullAddressSpaceError (0 ms)
[ RUN      ] StreamContextCoverageTest.TranslationCountIncrement
[       OK ] StreamContextCoverageTest.TranslationCountIncrement (0 ms)
[ RUN      ] StreamContextCoverageTest.LastAccessTimestampUpdate
[       OK ] StreamContextCoverageTest.LastAccessTimestampUpdate (10 ms)
[ RUN      ] StreamContextCoverageTest.ConcurrentFaultRecording
[       OK ] StreamContextCoverageTest.ConcurrentFaultRecording (0 ms)
[ RUN      ] StreamContextCoverageTest.ValidateContextDescriptorInvalidTTBR1
[       OK ] StreamContextCoverageTest.ValidateContextDescriptorInvalidTTBR1 (0 ms)
[ RUN      ] StreamContextCoverageTest.ValidateContextDescriptorMismatchedAddressSizes
[       OK ] StreamContextCoverageTest.ValidateContextDescriptorMismatchedAddressSizes (0 ms)
[ RUN      ] StreamContextCoverageTest.ValidateContextDescriptorInvalidGranuleSize
[       OK ] StreamContextCoverageTest.ValidateContextDescriptorInvalidGranuleSize (0 ms)
[ RUN      ] StreamContextCoverageTest.ValidateTTBR16KBGranule
[       OK ] StreamContextCoverageTest.ValidateTTBR16KBGranule (0 ms)
[ RUN      ] StreamContextCoverageTest.ValidateTTBR64KBGranule
[       OK ] StreamContextCoverageTest.ValidateTTBR64KBGranule (0 ms)
[ RUN      ] StreamContextCoverageTest.ValidateTTBRInvalidGranuleSize
[       OK ] StreamContextCoverageTest.ValidateTTBRInvalidGranuleSize (0 ms)
[ RUN      ] StreamContextCoverageTest.ValidateTTBR52BitAddressSize
[       OK ] StreamContextCoverageTest.ValidateTTBR52BitAddressSize (0 ms)
[ RUN      ] StreamContextCoverageTest.ValidateTTBRInvalidAddressSize
[       OK ] StreamContextCoverageTest.ValidateTTBRInvalidAddressSize (0 ms)
[ RUN      ] StreamContextCoverageTest.ValidateASIDConfigurationInvalidSecurityState
[       OK ] StreamContextCoverageTest.ValidateASIDConfigurationInvalidSecurityState (0 ms)
[ RUN      ] StreamContextCoverageTest.ValidateSTEInvalidFaultMode
[       OK ] StreamContextCoverageTest.ValidateSTEInvalidFaultMode (0 ms)
[ RUN      ] StreamContextCoverageTest.ValidateSTEInvalidSecurityState
[       OK ] StreamContextCoverageTest.ValidateSTEInvalidSecurityState (0 ms)
[ RUN      ] StreamContextCoverageTest.ValidateSTEInvalidStage1Granule
[       OK ] StreamContextCoverageTest.ValidateSTEInvalidStage1Granule (0 ms)
[ RUN      ] StreamContextCoverageTest.ValidateSTEInvalidStage2Granule
[       OK ] StreamContextCoverageTest.ValidateSTEInvalidStage2Granule (0 ms)
[ RUN      ] StreamContextCoverageTest.GenerateContextDescriptorFaultSyndrome
[       OK ] StreamContextCoverageTest.GenerateContextDescriptorFaultSyndrome (0 ms)
[ RUN      ] StreamContextCoverageTest.ApplyConfigChangesOnlyStage1
[       OK ] StreamContextCoverageTest.ApplyConfigChangesOnlyStage1 (0 ms)
[ RUN      ] StreamContextCoverageTest.ApplyConfigChangesInvalidMerged
[       OK ] StreamContextCoverageTest.ApplyConfigChangesInvalidMerged (0 ms)
[ RUN      ] StreamContextCoverageTest.GetPASIDAddressSpaceInvalidPASID
[       OK ] StreamContextCoverageTest.GetPASIDAddressSpaceInvalidPASID (0 ms)
[ RUN      ] StreamContextCoverageTest.ConfigValidationStage2EdgeCases
[       OK ] StreamContextCoverageTest.ConfigValidationStage2EdgeCases (0 ms)
[ RUN      ] StreamContextCoverageTest.EnableStreamNoStagesEnabled
[       OK ] StreamContextCoverageTest.EnableStreamNoStagesEnabled (0 ms)
[ RUN      ] StreamContextCoverageTest.EnableStreamInvalidConfiguration
[       OK ] StreamContextCoverageTest.EnableStreamInvalidConfiguration (0 ms)
[ RUN      ] StreamContextCoverageTest.ClearStreamFaultsNoHandler
[       OK ] StreamContextCoverageTest.ClearStreamFaultsNoHandler (0 ms)
[----------] 53 tests from StreamContextCoverageTest (20 ms total)

[----------] Global test environment tear-down
[==========] 53 tests from 1 test suite ran. (20 ms total)
[  PASSED  ] 53 tests.
<end of output>
Test time =   0.02 sec
----------------------------------------------------------
Test Passed.
"test_stream_context_coverage" end time: Mar 27 14:28 MST
"test_stream_context_coverage" time elapsed: 00:00:00
----------------------------------------------------------

7/165 Testing: test_stream_context_extended
7/165 Test: test_stream_context_extended
Command: "/home/jpgreninger/Work/smmu/tests/unit/test_stream_context_extended"
Directory: /home/jpgreninger/Work/smmu/tests/unit
"test_stream_context_extended" start time: Mar 27 14:28 MST
Output:
----------------------------------------------------------
Running main() from /home/jpgreninger/Work/smmu/_deps/googletest-src/googletest/src/gtest_main.cc
[==========] Running 66 tests from 1 test suite.
[----------] Global test environment set-up.
[----------] 66 tests from StreamContextExtendedTest
[ RUN      ] StreamContextExtendedTest.UpdateConfigurationValid
[       OK ] StreamContextExtendedTest.UpdateConfigurationValid (0 ms)
[ RUN      ] StreamContextExtendedTest.UpdateConfigurationInvalid
[       OK ] StreamContextExtendedTest.UpdateConfigurationInvalid (0 ms)
[ RUN      ] StreamContextExtendedTest.UpdateConfigurationStatistics
[       OK ] StreamContextExtendedTest.UpdateConfigurationStatistics (0 ms)
[ RUN      ] StreamContextExtendedTest.ApplyConfigChangesTranslationEnabled
[       OK ] StreamContextExtendedTest.ApplyConfigChangesTranslationEnabled (0 ms)
[ RUN      ] StreamContextExtendedTest.ApplyConfigChangesStage2Enabled
[       OK ] StreamContextExtendedTest.ApplyConfigChangesStage2Enabled (0 ms)
[ RUN      ] StreamContextExtendedTest.ApplyConfigChangesFaultMode
[       OK ] StreamContextExtendedTest.ApplyConfigChangesFaultMode (0 ms)
[ RUN      ] StreamContextExtendedTest.ApplyConfigChangesNoChanges
[       OK ] StreamContextExtendedTest.ApplyConfigChangesNoChanges (0 ms)
[ RUN      ] StreamContextExtendedTest.IsConfigurationValidPositiveCases
[       OK ] StreamContextExtendedTest.IsConfigurationValidPositiveCases (0 ms)
[ RUN      ] StreamContextExtendedTest.IsConfigurationValidNegativeCases
[       OK ] StreamContextExtendedTest.IsConfigurationValidNegativeCases (0 ms)
[ RUN      ] StreamContextExtendedTest.EnableStreamValid
[       OK ] StreamContextExtendedTest.EnableStreamValid (0 ms)
[ RUN      ] StreamContextExtendedTest.EnableStreamNoStages
[       OK ] StreamContextExtendedTest.EnableStreamNoStages (0 ms)
[ RUN      ] StreamContextExtendedTest.EnableStreamInvalidConfig
[       OK ] StreamContextExtendedTest.EnableStreamInvalidConfig (0 ms)
[ RUN      ] StreamContextExtendedTest.DisableStream
[       OK ] StreamContextExtendedTest.DisableStream (0 ms)
[ RUN      ] StreamContextExtendedTest.IsStreamEnabledTracking
[       OK ] StreamContextExtendedTest.IsStreamEnabledTracking (0 ms)
[ RUN      ] StreamContextExtendedTest.GetStreamConfiguration
[       OK ] StreamContextExtendedTest.GetStreamConfiguration (0 ms)
[ RUN      ] StreamContextExtendedTest.GetStreamStatistics
[       OK ] StreamContextExtendedTest.GetStreamStatistics (0 ms)
[ RUN      ] StreamContextExtendedTest.GetStreamState
[       OK ] StreamContextExtendedTest.GetStreamState (0 ms)
[ RUN      ] StreamContextExtendedTest.IsTranslationActiveStates
[       OK ] StreamContextExtendedTest.IsTranslationActiveStates (0 ms)
[ RUN      ] StreamContextExtendedTest.HasConfigurationChangedFlag
[       OK ] StreamContextExtendedTest.HasConfigurationChangedFlag (0 ms)
[ RUN      ] StreamContextExtendedTest.SetFaultHandlerValid
[       OK ] StreamContextExtendedTest.SetFaultHandlerValid (0 ms)
[ RUN      ] StreamContextExtendedTest.SetFaultHandlerNull
[       OK ] StreamContextExtendedTest.SetFaultHandlerNull (0 ms)
[ RUN      ] StreamContextExtendedTest.SetFaultHandlerStatistics
[       OK ] StreamContextExtendedTest.SetFaultHandlerStatistics (10 ms)
[ RUN      ] StreamContextExtendedTest.GetFaultHandlerNotSet
[       OK ] StreamContextExtendedTest.GetFaultHandlerNotSet (0 ms)
[ RUN      ] StreamContextExtendedTest.GetFaultHandlerSet
[       OK ] StreamContextExtendedTest.GetFaultHandlerSet (0 ms)
[ RUN      ] StreamContextExtendedTest.RecordFaultWithHandler
[       OK ] StreamContextExtendedTest.RecordFaultWithHandler (0 ms)
[ RUN      ] StreamContextExtendedTest.RecordFaultWithoutHandler
[       OK ] StreamContextExtendedTest.RecordFaultWithoutHandler (0 ms)
[ RUN      ] StreamContextExtendedTest.RecordFaultDifferentTypes
[       OK ] StreamContextExtendedTest.RecordFaultDifferentTypes (0 ms)
[ RUN      ] StreamContextExtendedTest.RecordFaultStatistics
[       OK ] StreamContextExtendedTest.RecordFaultStatistics (10 ms)
[ RUN      ] StreamContextExtendedTest.HasFaultHandlerState
[       OK ] StreamContextExtendedTest.HasFaultHandlerState (0 ms)
[ RUN      ] StreamContextExtendedTest.ClearStreamFaultsWithHandler
[       OK ] StreamContextExtendedTest.ClearStreamFaultsWithHandler (0 ms)
[ RUN      ] StreamContextExtendedTest.ClearStreamFaultsWithoutHandler
[       OK ] StreamContextExtendedTest.ClearStreamFaultsWithoutHandler (0 ms)
[ RUN      ] StreamContextExtendedTest.ClearStreamFaultsStatistics
[       OK ] StreamContextExtendedTest.ClearStreamFaultsStatistics (10 ms)
[ RUN      ] StreamContextExtendedTest.ValidateContextDescriptorValid
[       OK ] StreamContextExtendedTest.ValidateContextDescriptorValid (0 ms)
[ RUN      ] StreamContextExtendedTest.ValidateContextDescriptorInvalidPASID
[       OK ] StreamContextExtendedTest.ValidateContextDescriptorInvalidPASID (0 ms)
[ RUN      ] StreamContextExtendedTest.ValidateContextDescriptorNoValidTTBRs
[       OK ] StreamContextExtendedTest.ValidateContextDescriptorNoValidTTBRs (0 ms)
[ RUN      ] StreamContextExtendedTest.ValidateContextDescriptorInvalidTTBR0
[       OK ] StreamContextExtendedTest.ValidateContextDescriptorInvalidTTBR0 (0 ms)
[ RUN      ] StreamContextExtendedTest.ValidateContextDescriptorInvalidTTBR1
[       OK ] StreamContextExtendedTest.ValidateContextDescriptorInvalidTTBR1 (0 ms)
[ RUN      ] StreamContextExtendedTest.ValidateContextDescriptorMismatchedAddressSizes
[       OK ] StreamContextExtendedTest.ValidateContextDescriptorMismatchedAddressSizes (0 ms)
[ RUN      ] StreamContextExtendedTest.ValidateContextDescriptorInvalidGranuleSize
[       OK ] StreamContextExtendedTest.ValidateContextDescriptorInvalidGranuleSize (0 ms)
[ RUN      ] StreamContextExtendedTest.ValidateTTBR4KBGranule
[       OK ] StreamContextExtendedTest.ValidateTTBR4KBGranule (0 ms)
[ RUN      ] StreamContextExtendedTest.ValidateTTBR16KBGranule
[       OK ] StreamContextExtendedTest.ValidateTTBR16KBGranule (0 ms)
[ RUN      ] StreamContextExtendedTest.ValidateTTBR64KBGranule
[       OK ] StreamContextExtendedTest.ValidateTTBR64KBGranule (0 ms)
[ RUN      ] StreamContextExtendedTest.ValidateTTBRNull
[       OK ] StreamContextExtendedTest.ValidateTTBRNull (0 ms)
[ RUN      ] StreamContextExtendedTest.ValidateTTBRInvalidGranuleSize
[       OK ] StreamContextExtendedTest.ValidateTTBRInvalidGranuleSize (0 ms)
[ RUN      ] StreamContextExtendedTest.ValidateTTBR32BitAddressSize
[       OK ] StreamContextExtendedTest.ValidateTTBR32BitAddressSize (0 ms)
[ RUN      ] StreamContextExtendedTest.ValidateTTBR48BitAddressSize
[       OK ] StreamContextExtendedTest.ValidateTTBR48BitAddressSize (0 ms)
[ RUN      ] StreamContextExtendedTest.ValidateTTBR52BitAddressSize
[       OK ] StreamContextExtendedTest.ValidateTTBR52BitAddressSize (0 ms)
[ RUN      ] StreamContextExtendedTest.ValidateTTBRInvalidAddressSize
[       OK ] StreamContextExtendedTest.ValidateTTBRInvalidAddressSize (0 ms)
[ RUN      ] StreamContextExtendedTest.ValidateASIDConfigurationValid
[       OK ] StreamContextExtendedTest.ValidateASIDConfigurationValid (0 ms)
[ RUN      ] StreamContextExtendedTest.ValidateASIDConfigurationZero
[       OK ] StreamContextExtendedTest.ValidateASIDConfigurationZero (0 ms)
[ RUN      ] StreamContextExtendedTest.ValidateASIDConfigurationSecurityStates
[       OK ] StreamContextExtendedTest.ValidateASIDConfigurationSecurityStates (0 ms)
[ RUN      ] StreamContextExtendedTest.ValidateASIDConfigurationInvalidSecurityState
[       OK ] StreamContextExtendedTest.ValidateASIDConfigurationInvalidSecurityState (0 ms)
[ RUN      ] StreamContextExtendedTest.ValidateSTEValid
[       OK ] StreamContextExtendedTest.ValidateSTEValid (0 ms)
[ RUN      ] StreamContextExtendedTest.ValidateSTETranslationNoStages
[       OK ] StreamContextExtendedTest.ValidateSTETranslationNoStages (0 ms)
[ RUN      ] StreamContextExtendedTest.ValidateSTEStage1NoCDTableBase
[       OK ] StreamContextExtendedTest.ValidateSTEStage1NoCDTableBase (0 ms)
[ RUN      ] StreamContextExtendedTest.ValidateSTECDTableBaseMisaligned
[       OK ] StreamContextExtendedTest.ValidateSTECDTableBaseMisaligned (0 ms)
[ RUN      ] StreamContextExtendedTest.ValidateSTEZeroCDTableSize
[       OK ] StreamContextExtendedTest.ValidateSTEZeroCDTableSize (0 ms)
[ RUN      ] StreamContextExtendedTest.ValidateSTEInvalidFaultMode
[       OK ] StreamContextExtendedTest.ValidateSTEInvalidFaultMode (0 ms)
[ RUN      ] StreamContextExtendedTest.ValidateSTEInvalidSecurityState
[       OK ] StreamContextExtendedTest.ValidateSTEInvalidSecurityState (0 ms)
[ RUN      ] StreamContextExtendedTest.ValidateSTEInvalidStage1Granule
[       OK ] StreamContextExtendedTest.ValidateSTEInvalidStage1Granule (0 ms)
[ RUN      ] StreamContextExtendedTest.ValidateSTEInvalidStage2Granule
[       OK ] StreamContextExtendedTest.ValidateSTEInvalidStage2Granule (0 ms)
[ RUN      ] StreamContextExtendedTest.GenerateContextDescriptorFaultSyndrome
[       OK ] StreamContextExtendedTest.GenerateContextDescriptorFaultSyndrome (0 ms)
[ RUN      ] StreamContextExtendedTest.GenerateContextDescriptorFaultSyndromeDifferentParams
[       OK ] StreamContextExtendedTest.GenerateContextDescriptorFaultSyndromeDifferentParams (0 ms)
[ RUN      ] StreamContextExtendedTest.CompleteConfigurationLifecycle
[       OK ] StreamContextExtendedTest.CompleteConfigurationLifecycle (0 ms)
[ RUN      ] StreamContextExtendedTest.FaultHandlingIntegrationWithConfig
[       OK ] StreamContextExtendedTest.FaultHandlingIntegrationWithConfig (0 ms)
[ RUN      ] StreamContextExtendedTest.ValidationWithRealConfiguration
[       OK ] StreamContextExtendedTest.ValidationWithRealConfiguration (0 ms)
[----------] 66 tests from StreamContextExtendedTest (30 ms total)

[----------] Global test environment tear-down
[==========] 66 tests from 1 test suite ran. (31 ms total)
[  PASSED  ] 66 tests.
<end of output>
Test time =   0.03 sec
----------------------------------------------------------
Test Passed.
"test_stream_context_extended" end time: Mar 27 14:28 MST
"test_stream_context_extended" time elapsed: 00:00:00
----------------------------------------------------------

8/165 Testing: test_stream_context_coverage_70pct
8/165 Test: test_stream_context_coverage_70pct
Command: "/home/jpgreninger/Work/smmu/tests/unit/test_stream_context_coverage_70pct"
Directory: /home/jpgreninger/Work/smmu/tests/unit
"test_stream_context_coverage_70pct" start time: Mar 27 14:28 MST
Output:
----------------------------------------------------------
Running main() from /home/jpgreninger/Work/smmu/_deps/googletest-src/googletest/src/gtest_main.cc
[==========] Running 90 tests from 1 test suite.
[----------] Global test environment set-up.
[----------] 90 tests from StreamContextCoverage70Test
[ RUN      ] StreamContextCoverage70Test.CreatePASIDInvalid
[       OK ] StreamContextCoverage70Test.CreatePASIDInvalid (0 ms)
[ RUN      ] StreamContextCoverage70Test.CreatePASIDAlreadyExists
[       OK ] StreamContextCoverage70Test.CreatePASIDAlreadyExists (0 ms)
[ RUN      ] StreamContextCoverage70Test.CreatePASIDExceedsLimit
[       OK ] StreamContextCoverage70Test.CreatePASIDExceedsLimit (0 ms)
[ RUN      ] StreamContextCoverage70Test.RemovePASIDInvalid
[       OK ] StreamContextCoverage70Test.RemovePASIDInvalid (0 ms)
[ RUN      ] StreamContextCoverage70Test.RemovePASIDNotFound
[       OK ] StreamContextCoverage70Test.RemovePASIDNotFound (0 ms)
[ RUN      ] StreamContextCoverage70Test.AddPASIDInvalid
[       OK ] StreamContextCoverage70Test.AddPASIDInvalid (0 ms)
[ RUN      ] StreamContextCoverage70Test.AddPASIDNullAddressSpace
[       OK ] StreamContextCoverage70Test.AddPASIDNullAddressSpace (0 ms)
[ RUN      ] StreamContextCoverage70Test.AddPASIDValidUpdatesStatistics
[       OK ] StreamContextCoverage70Test.AddPASIDValidUpdatesStatistics (0 ms)
[ RUN      ] StreamContextCoverage70Test.MapPageInvalidPASID
[       OK ] StreamContextCoverage70Test.MapPageInvalidPASID (0 ms)
[ RUN      ] StreamContextCoverage70Test.MapPagePASIDNotFound
[       OK ] StreamContextCoverage70Test.MapPagePASIDNotFound (0 ms)
[ RUN      ] StreamContextCoverage70Test.MapPageSuccessPath
[       OK ] StreamContextCoverage70Test.MapPageSuccessPath (0 ms)
[ RUN      ] StreamContextCoverage70Test.UnmapPageInvalidPASID
[       OK ] StreamContextCoverage70Test.UnmapPageInvalidPASID (0 ms)
[ RUN      ] StreamContextCoverage70Test.UnmapPagePASIDNotFound
[       OK ] StreamContextCoverage70Test.UnmapPagePASIDNotFound (0 ms)
[ RUN      ] StreamContextCoverage70Test.UnmapPageSuccessPath
[       OK ] StreamContextCoverage70Test.UnmapPageSuccessPath (0 ms)
[ RUN      ] StreamContextCoverage70Test.TranslateNoStagesEnabled
[       OK ] StreamContextCoverage70Test.TranslateNoStagesEnabled (0 ms)
[ RUN      ] StreamContextCoverage70Test.TranslateStreamDisabled
[       OK ] StreamContextCoverage70Test.TranslateStreamDisabled (0 ms)
[ RUN      ] StreamContextCoverage70Test.TranslateInvalidPASID
[       OK ] StreamContextCoverage70Test.TranslateInvalidPASID (0 ms)
[ RUN      ] StreamContextCoverage70Test.TranslatePASIDNotFound
[       OK ] StreamContextCoverage70Test.TranslatePASIDNotFound (0 ms)
[ RUN      ] StreamContextCoverage70Test.TranslateStage1Success
[       OK ] StreamContextCoverage70Test.TranslateStage1Success (0 ms)
[ RUN      ] StreamContextCoverage70Test.TranslateStage2NotConfigured
[       OK ] StreamContextCoverage70Test.TranslateStage2NotConfigured (0 ms)
[ RUN      ] StreamContextCoverage70Test.TranslateStage2Failure
[       OK ] StreamContextCoverage70Test.TranslateStage2Failure (0 ms)
[ RUN      ] StreamContextCoverage70Test.TranslateIdentityMappingFallback
[       OK ] StreamContextCoverage70Test.TranslateIdentityMappingFallback (0 ms)
[ RUN      ] StreamContextCoverage70Test.SetStage1EnabledTrue
[       OK ] StreamContextCoverage70Test.SetStage1EnabledTrue (0 ms)
[ RUN      ] StreamContextCoverage70Test.SetStage1EnabledFalse
[       OK ] StreamContextCoverage70Test.SetStage1EnabledFalse (0 ms)
[ RUN      ] StreamContextCoverage70Test.SetStage2EnabledTrue
[       OK ] StreamContextCoverage70Test.SetStage2EnabledTrue (0 ms)
[ RUN      ] StreamContextCoverage70Test.SetStage2EnabledFalse
[       OK ] StreamContextCoverage70Test.SetStage2EnabledFalse (0 ms)
[ RUN      ] StreamContextCoverage70Test.SetStage2AddressSpace
[       OK ] StreamContextCoverage70Test.SetStage2AddressSpace (0 ms)
[ RUN      ] StreamContextCoverage70Test.SetFaultModeTerminate
[       OK ] StreamContextCoverage70Test.SetFaultModeTerminate (0 ms)
[ RUN      ] StreamContextCoverage70Test.SetFaultModeStall
[       OK ] StreamContextCoverage70Test.SetFaultModeStall (0 ms)
[ RUN      ] StreamContextCoverage70Test.SetMaxPASIDsPerStream
[       OK ] StreamContextCoverage70Test.SetMaxPASIDsPerStream (0 ms)
[ RUN      ] StreamContextCoverage70Test.HasPASIDValid
[       OK ] StreamContextCoverage70Test.HasPASIDValid (0 ms)
[ RUN      ] StreamContextCoverage70Test.HasPASIDInvalid
[       OK ] StreamContextCoverage70Test.HasPASIDInvalid (0 ms)
[ RUN      ] StreamContextCoverage70Test.IsStage1Enabled
[       OK ] StreamContextCoverage70Test.IsStage1Enabled (0 ms)
[ RUN      ] StreamContextCoverage70Test.IsStage2Enabled
[       OK ] StreamContextCoverage70Test.IsStage2Enabled (0 ms)
[ RUN      ] StreamContextCoverage70Test.GetPASIDCount
[       OK ] StreamContextCoverage70Test.GetPASIDCount (0 ms)
[ RUN      ] StreamContextCoverage70Test.GetPASIDAddressSpaceInvalid
[       OK ] StreamContextCoverage70Test.GetPASIDAddressSpaceInvalid (0 ms)
[ RUN      ] StreamContextCoverage70Test.GetPASIDAddressSpaceNotFound
[       OK ] StreamContextCoverage70Test.GetPASIDAddressSpaceNotFound (0 ms)
[ RUN      ] StreamContextCoverage70Test.GetPASIDAddressSpaceValid
[       OK ] StreamContextCoverage70Test.GetPASIDAddressSpaceValid (0 ms)
[ RUN      ] StreamContextCoverage70Test.GetStage2AddressSpaceNull
[       OK ] StreamContextCoverage70Test.GetStage2AddressSpaceNull (0 ms)
[ RUN      ] StreamContextCoverage70Test.GetStage2AddressSpaceSet
[       OK ] StreamContextCoverage70Test.GetStage2AddressSpaceSet (0 ms)
[ RUN      ] StreamContextCoverage70Test.ClearAllPASIDsNormal
[       OK ] StreamContextCoverage70Test.ClearAllPASIDsNormal (0 ms)
[ RUN      ] StreamContextCoverage70Test.ClearAllPASIDsEmpty
[       OK ] StreamContextCoverage70Test.ClearAllPASIDsEmpty (0 ms)
[ RUN      ] StreamContextCoverage70Test.ClearAllPASIDsExceptionHandling
[       OK ] StreamContextCoverage70Test.ClearAllPASIDsExceptionHandling (0 ms)
[ RUN      ] StreamContextCoverage70Test.UpdateConfigurationInvalid
[       OK ] StreamContextCoverage70Test.UpdateConfigurationInvalid (0 ms)
[ RUN      ] StreamContextCoverage70Test.UpdateConfigurationValid
[       OK ] StreamContextCoverage70Test.UpdateConfigurationValid (0 ms)
[ RUN      ] StreamContextCoverage70Test.ApplyConfigChangesNoChanges
[       OK ] StreamContextCoverage70Test.ApplyConfigChangesNoChanges (0 ms)
[ RUN      ] StreamContextCoverage70Test.ApplyConfigChangesSelective
[       OK ] StreamContextCoverage70Test.ApplyConfigChangesSelective (0 ms)
[ RUN      ] StreamContextCoverage70Test.ApplyConfigChangesInvalidMerged
[       OK ] StreamContextCoverage70Test.ApplyConfigChangesInvalidMerged (0 ms)
[ RUN      ] StreamContextCoverage70Test.IsConfigValidTranslationNoStages
[       OK ] StreamContextCoverage70Test.IsConfigValidTranslationNoStages (0 ms)
[ RUN      ] StreamContextCoverage70Test.IsConfigValidInvalidFaultMode
[       OK ] StreamContextCoverage70Test.IsConfigValidInvalidFaultMode (0 ms)
[ RUN      ] StreamContextCoverage70Test.IsConfigValidWithPASIDs
[       OK ] StreamContextCoverage70Test.IsConfigValidWithPASIDs (0 ms)
[ RUN      ] StreamContextCoverage70Test.EnableStreamInvalidConfig
[       OK ] StreamContextCoverage70Test.EnableStreamInvalidConfig (0 ms)
[ RUN      ] StreamContextCoverage70Test.EnableStreamValid
[       OK ] StreamContextCoverage70Test.EnableStreamValid (0 ms)
[ RUN      ] StreamContextCoverage70Test.DisableStream
[       OK ] StreamContextCoverage70Test.DisableStream (0 ms)
[ RUN      ] StreamContextCoverage70Test.IsStreamEnabledExceptionHandling
[       OK ] StreamContextCoverage70Test.IsStreamEnabledExceptionHandling (0 ms)
[ RUN      ] StreamContextCoverage70Test.GetStreamConfiguration
[       OK ] StreamContextCoverage70Test.GetStreamConfiguration (0 ms)
[ RUN      ] StreamContextCoverage70Test.GetStreamStatistics
[       OK ] StreamContextCoverage70Test.GetStreamStatistics (0 ms)
[ RUN      ] StreamContextCoverage70Test.GetStreamState
[       OK ] StreamContextCoverage70Test.GetStreamState (0 ms)
[ RUN      ] StreamContextCoverage70Test.IsTranslationActive
[       OK ] StreamContextCoverage70Test.IsTranslationActive (0 ms)
[ RUN      ] StreamContextCoverage70Test.HasConfigurationChanged
[       OK ] StreamContextCoverage70Test.HasConfigurationChanged (0 ms)
[ RUN      ] StreamContextCoverage70Test.ValidateCDInvalidPASID
[       OK ] StreamContextCoverage70Test.ValidateCDInvalidPASID (0 ms)
[ RUN      ] StreamContextCoverage70Test.ValidateCDNoValidTTBRs
[       OK ] StreamContextCoverage70Test.ValidateCDNoValidTTBRs (0 ms)
[ RUN      ] StreamContextCoverage70Test.ValidateCDInvalidTTBR0
[       OK ] StreamContextCoverage70Test.ValidateCDInvalidTTBR0 (0 ms)
[ RUN      ] StreamContextCoverage70Test.ValidateCDInvalidTTBR1
[       OK ] StreamContextCoverage70Test.ValidateCDInvalidTTBR1 (0 ms)
[ RUN      ] StreamContextCoverage70Test.ValidateCDMismatchedAddressSizes
[       OK ] StreamContextCoverage70Test.ValidateCDMismatchedAddressSizes (0 ms)
[ RUN      ] StreamContextCoverage70Test.ValidateCDInvalidGranuleSize
[       OK ] StreamContextCoverage70Test.ValidateCDInvalidGranuleSize (0 ms)
[ RUN      ] StreamContextCoverage70Test.ValidateTTBRNull
[       OK ] StreamContextCoverage70Test.ValidateTTBRNull (0 ms)
[ RUN      ] StreamContextCoverage70Test.ValidateTTBR4KBAlignment
[       OK ] StreamContextCoverage70Test.ValidateTTBR4KBAlignment (0 ms)
[ RUN      ] StreamContextCoverage70Test.ValidateTTBR16KBAlignment
[       OK ] StreamContextCoverage70Test.ValidateTTBR16KBAlignment (0 ms)
[ RUN      ] StreamContextCoverage70Test.ValidateTTBR64KBAlignment
[       OK ] StreamContextCoverage70Test.ValidateTTBR64KBAlignment (0 ms)
[ RUN      ] StreamContextCoverage70Test.ValidateTTBRInvalidGranule
[       OK ] StreamContextCoverage70Test.ValidateTTBRInvalidGranule (0 ms)
[ RUN      ] StreamContextCoverage70Test.ValidateTTBR32BitAddressSize
[       OK ] StreamContextCoverage70Test.ValidateTTBR32BitAddressSize (0 ms)
[ RUN      ] StreamContextCoverage70Test.ValidateTTBR48BitAddressSize
[       OK ] StreamContextCoverage70Test.ValidateTTBR48BitAddressSize (0 ms)
[ RUN      ] StreamContextCoverage70Test.ValidateTTBR52BitAddressSize
[       OK ] StreamContextCoverage70Test.ValidateTTBR52BitAddressSize (0 ms)
[ RUN      ] StreamContextCoverage70Test.ValidateTTBRInvalidAddressSize
[       OK ] StreamContextCoverage70Test.ValidateTTBRInvalidAddressSize (0 ms)
[ RUN      ] StreamContextCoverage70Test.ValidateASIDConfigAllSecurityStates
[       OK ] StreamContextCoverage70Test.ValidateASIDConfigAllSecurityStates (0 ms)
[ RUN      ] StreamContextCoverage70Test.ValidateASIDConfigInvalidSecurityState
[       OK ] StreamContextCoverage70Test.ValidateASIDConfigInvalidSecurityState (0 ms)
[ RUN      ] StreamContextCoverage70Test.ValidateSTETranslationNoStages
[       OK ] StreamContextCoverage70Test.ValidateSTETranslationNoStages (0 ms)
[ RUN      ] StreamContextCoverage70Test.ValidateSTEStage1NoCDTableBase
[       OK ] StreamContextCoverage70Test.ValidateSTEStage1NoCDTableBase (0 ms)
[ RUN      ] StreamContextCoverage70Test.ValidateSTECDTableBaseMisaligned
[       OK ] StreamContextCoverage70Test.ValidateSTECDTableBaseMisaligned (0 ms)
[ RUN      ] StreamContextCoverage70Test.ValidateSTEZeroCDTableSize
[       OK ] StreamContextCoverage70Test.ValidateSTEZeroCDTableSize (0 ms)
[ RUN      ] StreamContextCoverage70Test.ValidateSTEInvalidFaultMode
[       OK ] StreamContextCoverage70Test.ValidateSTEInvalidFaultMode (0 ms)
[ RUN      ] StreamContextCoverage70Test.ValidateSTEInvalidSecurityState
[       OK ] StreamContextCoverage70Test.ValidateSTEInvalidSecurityState (0 ms)
[ RUN      ] StreamContextCoverage70Test.ValidateSTEInvalidStage1Granule
[       OK ] StreamContextCoverage70Test.ValidateSTEInvalidStage1Granule (0 ms)
[ RUN      ] StreamContextCoverage70Test.ValidateSTEInvalidStage2Granule
[       OK ] StreamContextCoverage70Test.ValidateSTEInvalidStage2Granule (0 ms)
[ RUN      ] StreamContextCoverage70Test.GenerateCDFaultSyndrome
[       OK ] StreamContextCoverage70Test.GenerateCDFaultSyndrome (0 ms)
[ RUN      ] StreamContextCoverage70Test.GenerateCDFaultSyndromeMaxValues
[       OK ] StreamContextCoverage70Test.GenerateCDFaultSyndromeMaxValues (0 ms)
[ RUN      ] StreamContextCoverage70Test.CompleteLifecycle
[       OK ] StreamContextCoverage70Test.CompleteLifecycle (0 ms)
[ RUN      ] StreamContextCoverage70Test.FaultHandlerIntegration
[       OK ] StreamContextCoverage70Test.FaultHandlerIntegration (0 ms)
[ RUN      ] StreamContextCoverage70Test.ValidationIntegration
[       OK ] StreamContextCoverage70Test.ValidationIntegration (0 ms)
[----------] 90 tests from StreamContextCoverage70Test (1 ms total)

[----------] Global test environment tear-down
[==========] 90 tests from 1 test suite ran. (1 ms total)
[  PASSED  ] 90 tests.
<end of output>
Test time =   0.01 sec
----------------------------------------------------------
Test Passed.
"test_stream_context_coverage_70pct" end time: Mar 27 14:28 MST
"test_stream_context_coverage_70pct" time elapsed: 00:00:00
----------------------------------------------------------

9/165 Testing: test_stream_context_phase3_coverage
9/165 Test: test_stream_context_phase3_coverage
Command: "/home/jpgreninger/Work/smmu/tests/unit/test_stream_context_phase3_coverage"
Directory: /home/jpgreninger/Work/smmu/tests/unit
"test_stream_context_phase3_coverage" start time: Mar 27 14:28 MST
Output:
----------------------------------------------------------
Running main() from /home/jpgreninger/Work/smmu/_deps/googletest-src/googletest/src/gtest_main.cc
[==========] Running 154 tests from 1 test suite.
[----------] Global test environment set-up.
[----------] 154 tests from StreamContextPhase3Test
[ RUN      ] StreamContextPhase3Test.CreatePASID_InvalidPASID_ExceedsMaxPASID
[       OK ] StreamContextPhase3Test.CreatePASID_InvalidPASID_ExceedsMaxPASID (0 ms)
[ RUN      ] StreamContextPhase3Test.CreatePASID_DuplicatePASID
[       OK ] StreamContextPhase3Test.CreatePASID_DuplicatePASID (0 ms)
[ RUN      ] StreamContextPhase3Test.CreatePASID_ExceedsPASIDLimit
[       OK ] StreamContextPhase3Test.CreatePASID_ExceedsPASIDLimit (0 ms)
[ RUN      ] StreamContextPhase3Test.CreatePASID_ValidPASID0
[       OK ] StreamContextPhase3Test.CreatePASID_ValidPASID0 (0 ms)
[ RUN      ] StreamContextPhase3Test.CreatePASID_MaxValidPASID
[       OK ] StreamContextPhase3Test.CreatePASID_MaxValidPASID (0 ms)
[ RUN      ] StreamContextPhase3Test.CreatePASID_UpdatesStatistics
[       OK ] StreamContextPhase3Test.CreatePASID_UpdatesStatistics (0 ms)
[ RUN      ] StreamContextPhase3Test.RemovePASID_InvalidPASID
[       OK ] StreamContextPhase3Test.RemovePASID_InvalidPASID (0 ms)
[ RUN      ] StreamContextPhase3Test.RemovePASID_PASIDNotFound
[       OK ] StreamContextPhase3Test.RemovePASID_PASIDNotFound (0 ms)
[ RUN      ] StreamContextPhase3Test.RemovePASID_ValidPASID0
[       OK ] StreamContextPhase3Test.RemovePASID_ValidPASID0 (0 ms)
[ RUN      ] StreamContextPhase3Test.RemovePASID_UpdatesStatistics
[       OK ] StreamContextPhase3Test.RemovePASID_UpdatesStatistics (0 ms)
[ RUN      ] StreamContextPhase3Test.AddPASID_InvalidPASID
[       OK ] StreamContextPhase3Test.AddPASID_InvalidPASID (0 ms)
[ RUN      ] StreamContextPhase3Test.AddPASID_NullAddressSpace
[       OK ] StreamContextPhase3Test.AddPASID_NullAddressSpace (0 ms)
[ RUN      ] StreamContextPhase3Test.AddPASID_ValidAddressSpace
[       OK ] StreamContextPhase3Test.AddPASID_ValidAddressSpace (0 ms)
[ RUN      ] StreamContextPhase3Test.AddPASID_ReplaceExistingPASID
[       OK ] StreamContextPhase3Test.AddPASID_ReplaceExistingPASID (0 ms)
[ RUN      ] StreamContextPhase3Test.AddPASID_UpdatesStatistics
[       OK ] StreamContextPhase3Test.AddPASID_UpdatesStatistics (0 ms)
[ RUN      ] StreamContextPhase3Test.MapPage_InvalidPASID
[       OK ] StreamContextPhase3Test.MapPage_InvalidPASID (0 ms)
[ RUN      ] StreamContextPhase3Test.MapPage_PASIDNotFound
[       OK ] StreamContextPhase3Test.MapPage_PASIDNotFound (0 ms)
[ RUN      ] StreamContextPhase3Test.MapPage_NullAddressSpaceCorruption
[       OK ] StreamContextPhase3Test.MapPage_NullAddressSpaceCorruption (0 ms)
[ RUN      ] StreamContextPhase3Test.MapPage_PropagatesAddressSpaceError
[       OK ] StreamContextPhase3Test.MapPage_PropagatesAddressSpaceError (0 ms)
[ RUN      ] StreamContextPhase3Test.MapPage_WithSecurityState
[       OK ] StreamContextPhase3Test.MapPage_WithSecurityState (0 ms)
[ RUN      ] StreamContextPhase3Test.UnmapPage_InvalidPASID
[       OK ] StreamContextPhase3Test.UnmapPage_InvalidPASID (0 ms)
[ RUN      ] StreamContextPhase3Test.UnmapPage_PASIDNotFound
[       OK ] StreamContextPhase3Test.UnmapPage_PASIDNotFound (0 ms)
[ RUN      ] StreamContextPhase3Test.UnmapPage_NullAddressSpaceCorruption
[       OK ] StreamContextPhase3Test.UnmapPage_NullAddressSpaceCorruption (0 ms)
[ RUN      ] StreamContextPhase3Test.UnmapPage_PropagatesAddressSpaceError
[       OK ] StreamContextPhase3Test.UnmapPage_PropagatesAddressSpaceError (0 ms)
[ RUN      ] StreamContextPhase3Test.UnmapPage_Success
[       OK ] StreamContextPhase3Test.UnmapPage_Success (0 ms)
[ RUN      ] StreamContextPhase3Test.Translate_IdentityMapping_NoStagesEnabled
[       OK ] StreamContextPhase3Test.Translate_IdentityMapping_NoStagesEnabled (0 ms)
[ RUN      ] StreamContextPhase3Test.Translate_StreamDisabled_Stage1Enabled
[       OK ] StreamContextPhase3Test.Translate_StreamDisabled_Stage1Enabled (0 ms)
[ RUN      ] StreamContextPhase3Test.Translate_InvalidPASID
[       OK ] StreamContextPhase3Test.Translate_InvalidPASID (0 ms)
[ RUN      ] StreamContextPhase3Test.Translate_Stage1_PASIDNotFound
[       OK ] StreamContextPhase3Test.Translate_Stage1_PASIDNotFound (0 ms)
[ RUN      ] StreamContextPhase3Test.Translate_Stage1_NullAddressSpace
[       OK ] StreamContextPhase3Test.Translate_Stage1_NullAddressSpace (0 ms)
[ RUN      ] StreamContextPhase3Test.Translate_Stage1_TranslationFailure
[       OK ] StreamContextPhase3Test.Translate_Stage1_TranslationFailure (0 ms)
[ RUN      ] StreamContextPhase3Test.Translate_Stage1Only_Success
[       OK ] StreamContextPhase3Test.Translate_Stage1Only_Success (0 ms)
[ RUN      ] StreamContextPhase3Test.Translate_Stage2_NullAddressSpace
[       OK ] StreamContextPhase3Test.Translate_Stage2_NullAddressSpace (0 ms)
[ RUN      ] StreamContextPhase3Test.Translate_Stage2_TranslationFailure
[       OK ] StreamContextPhase3Test.Translate_Stage2_TranslationFailure (0 ms)
[ RUN      ] StreamContextPhase3Test.Translate_TwoStage_Success
[       OK ] StreamContextPhase3Test.Translate_TwoStage_Success (0 ms)
[ RUN      ] StreamContextPhase3Test.Translate_Stage2Only_PASID0
[       OK ] StreamContextPhase3Test.Translate_Stage2Only_PASID0 (0 ms)
[ RUN      ] StreamContextPhase3Test.Translate_UpdatesAccessTimestamp
[       OK ] StreamContextPhase3Test.Translate_UpdatesAccessTimestamp (10 ms)
[ RUN      ] StreamContextPhase3Test.SetStage1Enabled_True
[       OK ] StreamContextPhase3Test.SetStage1Enabled_True (0 ms)
[ RUN      ] StreamContextPhase3Test.SetStage1Enabled_False
[       OK ] StreamContextPhase3Test.SetStage1Enabled_False (0 ms)
[ RUN      ] StreamContextPhase3Test.SetStage2Enabled_True
[       OK ] StreamContextPhase3Test.SetStage2Enabled_True (0 ms)
[ RUN      ] StreamContextPhase3Test.SetStage2Enabled_False
[       OK ] StreamContextPhase3Test.SetStage2Enabled_False (0 ms)
[ RUN      ] StreamContextPhase3Test.SetStage2AddressSpace_Valid
[       OK ] StreamContextPhase3Test.SetStage2AddressSpace_Valid (0 ms)
[ RUN      ] StreamContextPhase3Test.SetStage2AddressSpace_Null
[       OK ] StreamContextPhase3Test.SetStage2AddressSpace_Null (0 ms)
[ RUN      ] StreamContextPhase3Test.SetFaultMode_Terminate
[       OK ] StreamContextPhase3Test.SetFaultMode_Terminate (0 ms)
[ RUN      ] StreamContextPhase3Test.SetFaultMode_Stall
[       OK ] StreamContextPhase3Test.SetFaultMode_Stall (0 ms)
[ RUN      ] StreamContextPhase3Test.SetMaxPASIDsPerStream_Default
[       OK ] StreamContextPhase3Test.SetMaxPASIDsPerStream_Default (0 ms)
[ RUN      ] StreamContextPhase3Test.SetMaxPASIDsPerStream_Zero
[       OK ] StreamContextPhase3Test.SetMaxPASIDsPerStream_Zero (0 ms)
[ RUN      ] StreamContextPhase3Test.HasPASID_InvalidPASID
[       OK ] StreamContextPhase3Test.HasPASID_InvalidPASID (0 ms)
[ RUN      ] StreamContextPhase3Test.HasPASID_NonExistentPASID
[       OK ] StreamContextPhase3Test.HasPASID_NonExistentPASID (0 ms)
[ RUN      ] StreamContextPhase3Test.HasPASID_ExistingPASID
[       OK ] StreamContextPhase3Test.HasPASID_ExistingPASID (0 ms)
[ RUN      ] StreamContextPhase3Test.HasPASID_PASID0
[       OK ] StreamContextPhase3Test.HasPASID_PASID0 (0 ms)
[ RUN      ] StreamContextPhase3Test.GetPASIDAddressSpace_InvalidPASID
[       OK ] StreamContextPhase3Test.GetPASIDAddressSpace_InvalidPASID (0 ms)
[ RUN      ] StreamContextPhase3Test.GetPASIDAddressSpace_PASIDNotFound
[       OK ] StreamContextPhase3Test.GetPASIDAddressSpace_PASIDNotFound (0 ms)
[ RUN      ] StreamContextPhase3Test.GetPASIDAddressSpace_ValidPASID
[       OK ] StreamContextPhase3Test.GetPASIDAddressSpace_ValidPASID (0 ms)
[ RUN      ] StreamContextPhase3Test.GetStage2AddressSpace_Null
[       OK ] StreamContextPhase3Test.GetStage2AddressSpace_Null (0 ms)
[ RUN      ] StreamContextPhase3Test.GetStage2AddressSpace_Valid
[       OK ] StreamContextPhase3Test.GetStage2AddressSpace_Valid (0 ms)
[ RUN      ] StreamContextPhase3Test.GetPASIDCount_Empty
[       OK ] StreamContextPhase3Test.GetPASIDCount_Empty (0 ms)
[ RUN      ] StreamContextPhase3Test.GetPASIDCount_Multiple
[       OK ] StreamContextPhase3Test.GetPASIDCount_Multiple (0 ms)
[ RUN      ] StreamContextPhase3Test.UpdateConfiguration_ValidConfiguration
[       OK ] StreamContextPhase3Test.UpdateConfiguration_ValidConfiguration (0 ms)
[ RUN      ] StreamContextPhase3Test.UpdateConfiguration_InvalidConfiguration
[       OK ] StreamContextPhase3Test.UpdateConfiguration_InvalidConfiguration (0 ms)
[ RUN      ] StreamContextPhase3Test.UpdateConfiguration_UpdatesInternalState
[       OK ] StreamContextPhase3Test.UpdateConfiguration_UpdatesInternalState (0 ms)
[ RUN      ] StreamContextPhase3Test.UpdateConfiguration_UpdatesStatistics
[...]
[==========] 8 tests from 1 test suite ran. (14026 ms total)
[  PASSED  ] 8 tests.
<end of output>
Test time =  14.03 sec
----------------------------------------------------------
Test Passed.
"test_thread_safety" end time: Mar 27 14:28 MST
"test_thread_safety" time elapsed: 00:00:14
----------------------------------------------------------

158/165 Testing: test_minimal_integration
158/165 Test: test_minimal_integration
Command: "/home/jpgreninger/Work/smmu/tests/integration/test_minimal_integration"
Directory: /home/jpgreninger/Work/smmu/tests/integration
"test_minimal_integration" start time: Mar 27 14:28 MST
Output:
----------------------------------------------------------
Running main() from /home/jpgreninger/Work/smmu/_deps/googletest-src/googletest/src/gtest_main.cc
[==========] Running 5 tests from 1 test suite.
[----------] Global test environment set-up.
[----------] 5 tests from MinimalIntegrationTest
[ RUN      ] MinimalIntegrationTest.BasicStreamConfiguration
[       OK ] MinimalIntegrationTest.BasicStreamConfiguration (2 ms)
[ RUN      ] MinimalIntegrationTest.BasicPASIDAndTranslation
[       OK ] MinimalIntegrationTest.BasicPASIDAndTranslation (0 ms)
[ RUN      ] MinimalIntegrationTest.BasicStreamIsolation
[       OK ] MinimalIntegrationTest.BasicStreamIsolation (0 ms)
[ RUN      ] MinimalIntegrationTest.BasicFaultHandling
[       OK ] MinimalIntegrationTest.BasicFaultHandling (0 ms)
[ RUN      ] MinimalIntegrationTest.BasicCacheStatistics
[       OK ] MinimalIntegrationTest.BasicCacheStatistics (0 ms)
[----------] 5 tests from MinimalIntegrationTest (3 ms total)

[----------] Global test environment tear-down
[==========] 5 tests from 1 test suite ran. (3 ms total)
[  PASSED  ] 5 tests.
<end of output>
Test time =   0.01 sec
----------------------------------------------------------
Test Passed.
"test_minimal_integration" end time: Mar 27 14:28 MST
"test_minimal_integration" time elapsed: 00:00:00
----------------------------------------------------------

159/165 Testing: test_two_stage_translation
159/165 Test: test_two_stage_translation
Command: "/home/jpgreninger/Work/smmu/tests/integration/test_two_stage_translation"
Directory: /home/jpgreninger/Work/smmu/tests/integration
"test_two_stage_translation" start time: Mar 27 14:28 MST
Output:
----------------------------------------------------------
Running main() from /home/jpgreninger/Work/smmu/_deps/googletest-src/googletest/src/gtest_main.cc
[==========] Running 11 tests from 1 test suite.
[----------] Global test environment set-up.
[----------] 11 tests from TwoStageTranslationTest
[ RUN      ] TwoStageTranslationTest.BasicTwoStageTranslationSuccess
[       OK ] TwoStageTranslationTest.BasicTwoStageTranslationSuccess (1 ms)
[ RUN      ] TwoStageTranslationTest.MultiplePagesTranslation
[       OK ] TwoStageTranslationTest.MultiplePagesTranslation (0 ms)
[ RUN      ] TwoStageTranslationTest.Stage1TranslationFault
[       OK ] TwoStageTranslationTest.Stage1TranslationFault (0 ms)
[ RUN      ] TwoStageTranslationTest.Stage2TranslationFault
[       OK ] TwoStageTranslationTest.Stage2TranslationFault (0 ms)
[ RUN      ] TwoStageTranslationTest.PermissionIntersection
[       OK ] TwoStageTranslationTest.PermissionIntersection (0 ms)
[ RUN      ] TwoStageTranslationTest.SecurityStateValidation
[       OK ] TwoStageTranslationTest.SecurityStateValidation (0 ms)
[ RUN      ] TwoStageTranslationTest.ConcurrentTwoStageTranslations
[       OK ] TwoStageTranslationTest.ConcurrentTwoStageTranslations (2 ms)
[ RUN      ] TwoStageTranslationTest.CacheIntegrationTwoStage
[       OK ] TwoStageTranslationTest.CacheIntegrationTwoStage (0 ms)
[ RUN      ] TwoStageTranslationTest.TwoStageTranslationPerformance
Two-stage translation performance: 3.592 microseconds per translation
[       OK ] TwoStageTranslationTest.TwoStageTranslationPerformance (5 ms)
[ RUN      ] TwoStageTranslationTest.ComplexAddressRangeTwoStage
[       OK ] TwoStageTranslationTest.ComplexAddressRangeTwoStage (0 ms)
[ RUN      ] TwoStageTranslationTest.BUG11_TwoStageTranslation_NoSpuriousSecurityFault
[       OK ] TwoStageTranslationTest.BUG11_TwoStageTranslation_NoSpuriousSecurityFault (0 ms)
[----------] 11 tests from TwoStageTranslationTest (9 ms total)

[----------] Global test environment tear-down
[==========] 11 tests from 1 test suite ran. (9 ms total)
[  PASSED  ] 11 tests.
<end of output>
Test time =   0.02 sec
----------------------------------------------------------
Test Passed.
"test_two_stage_translation" end time: Mar 27 14:28 MST
"test_two_stage_translation" time elapsed: 00:00:00
----------------------------------------------------------

160/165 Testing: test_stream_isolation
160/165 Test: test_stream_isolation
Command: "/home/jpgreninger/Work/smmu/tests/integration/test_stream_isolation"
Directory: /home/jpgreninger/Work/smmu/tests/integration
"test_stream_isolation" start time: Mar 27 14:28 MST
Output:
----------------------------------------------------------
Running main() from /home/jpgreninger/Work/smmu/_deps/googletest-src/googletest/src/gtest_main.cc
[==========] Running 9 tests from 1 test suite.
[----------] Global test environment set-up.
[----------] 9 tests from StreamIsolationTest
[ RUN      ] StreamIsolationTest.BasicStreamIsolation
[       OK ] StreamIsolationTest.BasicStreamIsolation (1 ms)
[ RUN      ] StreamIsolationTest.FaultIsolationBetweenStreams
[       OK ] StreamIsolationTest.FaultIsolationBetweenStreams (0 ms)
[ RUN      ] StreamIsolationTest.CacheIsolationBetweenStreams
[       OK ] StreamIsolationTest.CacheIsolationBetweenStreams (0 ms)
[ RUN      ] StreamIsolationTest.PermissionIsolationBetweenStreams
[       OK ] StreamIsolationTest.PermissionIsolationBetweenStreams (0 ms)
[ RUN      ] StreamIsolationTest.ConcurrentMultiStreamAccess
[       OK ] StreamIsolationTest.ConcurrentMultiStreamAccess (5 ms)
[ RUN      ] StreamIsolationTest.StreamInvalidationIsolation
[       OK ] StreamIsolationTest.StreamInvalidationIsolation (0 ms)
[ RUN      ] StreamIsolationTest.LargeScaleStreamIsolationStress
Stress test completed: 111 successful accesses, 0 isolation violations
[       OK ] StreamIsolationTest.LargeScaleStreamIsolationStress (35 ms)
[ RUN      ] StreamIsolationTest.CrossStreamPASIDIsolation
[       OK ] StreamIsolationTest.CrossStreamPASIDIsolation (0 ms)
[ RUN      ] StreamIsolationTest.StreamConfigurationIsolation
[       OK ] StreamIsolationTest.StreamConfigurationIsolation (0 ms)
[----------] 9 tests from StreamIsolationTest (43 ms total)

[----------] Global test environment tear-down
[==========] 9 tests from 1 test suite ran. (43 ms total)
[  PASSED  ] 9 tests.
<end of output>
Test time =   0.05 sec
----------------------------------------------------------
Test Passed.
"test_stream_isolation" end time: Mar 27 14:28 MST
"test_stream_isolation" time elapsed: 00:00:00
----------------------------------------------------------

161/165 Testing: test_pasid_context_switching
161/165 Test: test_pasid_context_switching
Command: "/home/jpgreninger/Work/smmu/tests/integration/test_pasid_context_switching"
Directory: /home/jpgreninger/Work/smmu/tests/integration
"test_pasid_context_switching" start time: Mar 27 14:28 MST
Output:
----------------------------------------------------------
Running main() from /home/jpgreninger/Work/smmu/_deps/googletest-src/googletest/src/gtest_main.cc
[==========] Running 10 tests from 1 test suite.
[----------] Global test environment set-up.
[----------] 10 tests from PASIDContextSwitchingTest
[ RUN      ] PASIDContextSwitchingTest.BasicPASIDContextSwitching
[       OK ] PASIDContextSwitchingTest.BasicPASIDContextSwitching (2 ms)
[ RUN      ] PASIDContextSwitchingTest.PASIDContextIsolation
[       OK ] PASIDContextSwitchingTest.PASIDContextIsolation (0 ms)
[ RUN      ] PASIDContextSwitchingTest.PASIDLifecycleManagement
[       OK ] PASIDContextSwitchingTest.PASIDLifecycleManagement (1 ms)
[ RUN      ] PASIDContextSwitchingTest.LargeScalePASIDSwitching
[       OK ] PASIDContextSwitchingTest.LargeScalePASIDSwitching (33 ms)
[ RUN      ] PASIDContextSwitchingTest.ConcurrentPASIDSwitching
Concurrent PASID switching: 4000 successful, 0 failed
[       OK ] PASIDContextSwitchingTest.ConcurrentPASIDSwitching (11 ms)
[ RUN      ] PASIDContextSwitchingTest.PASIDCacheBehavior
[       OK ] PASIDContextSwitchingTest.PASIDCacheBehavior (0 ms)
[ RUN      ] PASIDContextSwitchingTest.PASIDSecurityStateContextSwitching
[       OK ] PASIDContextSwitchingTest.PASIDSecurityStateContextSwitching (0 ms)
[ RUN      ] PASIDContextSwitchingTest.PASIDSwitchingPerformance
PASID switching performance: 0.8946 microseconds per switch
[       OK ] PASIDContextSwitchingTest.PASIDSwitchingPerformance (5 ms)
[ RUN      ] PASIDContextSwitchingTest.PASIDFaultHandlingDuringSwitching
[       OK ] PASIDContextSwitchingTest.PASIDFaultHandlingDuringSwitching (0 ms)
[ RUN      ] PASIDContextSwitchingTest.PASIDResourceLimits
PASID resource test: Created 1024 PASIDs out of 1024 maximum
[       OK ] PASIDContextSwitchingTest.PASIDResourceLimits (6 ms)
[----------] 10 tests from PASIDContextSwitchingTest (61 ms total)

[----------] Global test environment tear-down
[==========] 10 tests from 1 test suite ran. (61 ms total)
[  PASSED  ] 10 tests.
<end of output>
Test time =   0.07 sec
----------------------------------------------------------
Test Passed.
"test_pasid_context_switching" end time: Mar 27 14:28 MST
"test_pasid_context_switching" time elapsed: 00:00:00
----------------------------------------------------------

162/165 Testing: test_large_scale_scalability
162/165 Test: test_large_scale_scalability
Command: "/home/jpgreninger/Work/smmu/tests/integration/test_large_scale_scalability"
Directory: /home/jpgreninger/Work/smmu/tests/integration
"test_large_scale_scalability" start time: Mar 27 14:28 MST
Output:
----------------------------------------------------------
Running main() from /home/jpgreninger/Work/smmu/_deps/googletest-src/googletest/src/gtest_main.cc
[==========] Running 6 tests from 1 test suite.
[----------] Global test environment set-up.
[----------] 6 tests from LargeScaleScalabilityTest
[ RUN      ] LargeScaleScalabilityTest.LargeScaleStreamConfiguration
Large-scale configuration: 1000 streams with 50 PASIDs each in 43 ms
[       OK ] LargeScaleScalabilityTest.LargeScaleStreamConfiguration (52 ms)
[ RUN      ] LargeScaleScalabilityTest.MassiveTranslationLoad
Massive load test: 25000 unique mappings, 250000 total translations
Massive load results:
  Total translations: 250000
  Total time: 1.01365 seconds
  Throughput: 246634 translations/sec
  Avg time per translation: 4.05459 microseconds
  Cache hit rate: 4.1256%
[       OK ] LargeScaleScalabilityTest.MassiveTranslationLoad (1032 ms)
[ RUN      ] LargeScaleScalabilityTest.ConcurrentHighLoadScalability
Thread 7 throughput: 99104.1 ops/sec
Thread 3 throughput: 98384.5 ops/sec
Thread 2 throughput: 98206.7 ops/sec
Thread 1 throughput: 97883.8 ops/sec
Thread 5 throughput: 97856.9 ops/sec
Thread Thread 06 throughput:  throughput: 96224.2 ops/sec
95961.9 ops/sec
Thread 4 throughput: 95947.2 ops/sec
Concurrent high-load results:
  Threads: 8
  Total operations: 40000
  Total time: 0.052335 seconds
  Overall throughput: 764307 ops/sec
  Successful: 40000
  Failed: 0
[       OK ] LargeScaleScalabilityTest.ConcurrentHighLoadScalability (57 ms)
[ RUN      ] LargeScaleScalabilityTest.MemoryScalabilityUnderLoad
Batch 1: 10 streams, setup 22 ms, avg translation 3.244 μs
Batch 2: 20 streams, setup 25 ms, avg translation 4.2 μs
Batch 3: 30 streams, setup 24 ms, avg translation 4.624 μs
Batch 4: 40 streams, setup 26 ms, avg translation 4.367 μs
Batch 5: 50 streams, setup 25 ms, avg translation 4.517 μs
Batch 6: 60 streams, setup 25 ms, avg translation 4.286 μs
Batch 7: 70 streams, setup 23 ms, avg translation 4.47 μs
Batch 8: 80 streams, setup 22 ms, avg translation 4.271 μs
Batch 9: 90 streams, setup 22 ms, avg translation 4.333 μs
Batch 10: 100 streams, setup 22 ms, avg translation 4.305 μs
Memory scalability final test: 10000/10000 successful, avg time 3.9153 μs
[       OK ] LargeScaleScalabilityTest.MemoryScalabilityUnderLoad (338 ms)
[ RUN      ] LargeScaleScalabilityTest.CacheScalabilityAndEfficiency
Sequential access: 9900 hits, 100 misses, 99% hit rate
Random access: 79 hits, 9921 misses, 0.79% hit rate
Locality access: 5391 hits, 4609 misses, 53.91% hit rate
[       OK ] LargeScaleScalabilityTest.CacheScalabilityAndEfficiency (119 ms)
[ RUN      ] LargeScaleScalabilityTest.MixedWorkloadStressTesting
Mixed workload stress test results:
  Duration: 10 seconds
  Read operations: 2869449
  Write operations: 1431935
  Management operations: 96
  Total errors: 0
  Operations per second: 430138
  Error rate: 0%
[       OK ] LargeScaleScalabilityTest.MixedWorkloadStressTesting (10240 ms)
[----------] 6 tests from LargeScaleScalabilityTest (11840 ms total)

[----------] Global test environment tear-down
[==========] 6 tests from 1 test suite ran. (11840 ms total)
[  PASSED  ] 6 tests.
<end of output>
Test time =  11.85 sec
----------------------------------------------------------
Test Passed.
"test_large_scale_scalability" end time: Mar 27 14:28 MST
"test_large_scale_scalability" time elapsed: 00:00:11
----------------------------------------------------------

163/165 Testing: address_space_performance_test
163/165 Test: address_space_performance_test
Command: "/home/jpgreninger/Work/smmu/tests/performance/address_space_performance_test"
Directory: /home/jpgreninger/Work/smmu/tests/performance
"address_space_performance_test" start time: Mar 27 14:28 MST
Output:
----------------------------------------------------------
ARM SMMU v3 AddressSpace Performance Tests
==========================================

Testing lookup performance scaling (O(1) requirement):
  Scale 100 pages: 205.411 ns/lookup (avg)
  Scale 1000 pages: 130.024 ns/lookup (avg)
    ✓ O(1) performance maintained (ratio: 0.632994)
  Scale 10000 pages: 123.255 ns/lookup (avg)
    ✓ O(1) performance maintained (ratio: 0.600041)

Testing mapping performance scaling:
  Scale 1000 pages: 0.17 μs/mapping (avg)
  Scale 5000 pages: 0.1582 μs/mapping (avg)
  Scale 10000 pages: 0.1573 μs/mapping (avg)

Testing memory efficiency of sparse representation:
  Dense mapping: 1000 pages
  Sparse mapping: 1000 pages
  ✓ Both use same amount of logical storage
  ✓ Sparse representation avoids wasting memory on gaps


Performance tests completed successfully.
<end of output>
Test time =   0.01 sec
----------------------------------------------------------
Test Passed.
"address_space_performance_test" end time: Mar 27 14:28 MST
"address_space_performance_test" time elapsed: 00:00:00
----------------------------------------------------------

164/165 Testing: optimization_benchmark_test
164/165 Test: optimization_benchmark_test
Command: "/home/jpgreninger/Work/smmu/tests/performance/optimization_benchmark_test"
Directory: /home/jpgreninger/Work/smmu/tests/performance
"optimization_benchmark_test" start time: Mar 27 14:28 MST
Output:
----------------------------------------------------------
=================================================================
ARM SMMU v3 Algorithm Optimization Benchmark Suite (QA.5 Task 1)
=================================================================

1. TLB Cache Hash Function Performance Test
-------------------------------------------
  Hash Function Insertion: 10000 entries in 22646 μs
  Avg insertion time: 2.2646 μs/entry
  Hash Function Lookup: 10000 lookups in 3177 μs
  Avg lookup time: 0.3177 μs/lookup
  Cache hit rate: 100%
  ✓ Optimized FNV-1a hash function performance validated

2. TLB Cache Invalidation Performance Test
-------------------------------------------
  Populated cache with 100000 entries
  Cache size: 8192 entries
  Stream invalidation (10 streams): 15 μs
  Avg per stream: 1.5 μs
  PASID invalidation (50 operations): 684 μs
  Avg per PASID: 13.68 μs
  ✓ Secondary index invalidation optimization validated

3. AddressSpace Bulk Operations Performance Test
-------------------------------------------------
  Bulk mapping (10000 pages): 1433 μs
  Avg per page: 0.1433 μs
  Bulk lookup verification (10000 pages): 748 μs
  Successful translations: 10000/10000
  Bulk unmapping (10000 pages): 1171 μs
  Avg per page: 0.1171 μs
  ✓ Bulk operations with prefetching optimization validated

4. Memory Access Pattern Performance Test
------------------------------------------
  Sequential access (5000 pages): 666 μs
  Avg per access: 0.1332 μs
  Random access (5000 pages): 548 μs
  Avg per access: 0.1096 μs
  Sequential vs Random ratio: 0.82x
  ~ Prefetching benefit within measurement variance

5. Algorithm Scalability Performance Test
------------------------------------------
  Scale 1000 entries:
    Lookup time: 213.3 ns/lookup
    Invalidation time: 2.4 μs/invalidation
  Scale 5000 entries:
    Lookup time: 246.5 ns/lookup
    Invalidation time: 4.8 μs/invalidation
  Scale 10000 entries:
    Lookup time: 304.9 ns/lookup
    Invalidation time: 8.0 μs/invalidation
  Scale 20000 entries:
    Lookup time: 257.4 ns/lookup
    Invalidation time: 12.2 μs/invalidation

  Scalability Analysis:
    Lookup 20K/1K ratio: 1.21 ✓ O(1) average case maintained
    Invalidation 20K/1K ratio: 5.08 ⚠ Invalidation may be scaling poorly
  ✓ Algorithm scalability optimization validated


=================================================================
Benchmark suite completed. All optimizations validated.
=================================================================
<end of output>
Test time =   0.30 sec
----------------------------------------------------------
Test Passed.
"optimization_benchmark_test" end time: Mar 27 14:28 MST
"optimization_benchmark_test" time elapsed: 00:00:00
----------------------------------------------------------

165/165 Testing: tlb_movetofront_benchmark
165/165 Test: tlb_movetofront_benchmark
Command: "/home/jpgreninger/Work/smmu/tests/performance/tlb_movetofront_benchmark"
Directory: /home/jpgreninger/Work/smmu/tests/performance
"tlb_movetofront_benchmark" start time: Mar 27 14:28 MST
Output:
----------------------------------------------------------
=================================================================
ARM SMMU v3 TLB Cache moveToFront() Optimization Benchmark
=================================================================

This benchmark measures the performance improvement from using
std::list::splice() for O(1) moveToFront() instead of the old
O(n) copy-erase-insert pattern.

1. Cache Hit Performance (triggers moveToFront on every lookup)
----------------------------------------------------------------
  Cache entries: 1024
  Total lookups: 100000
  Total time: 12524100 ns
  Average lookup time: 125.24 ns
  Cache hit rate: 100.00%
  ✓ EXCELLENT: O(1) splice optimization working perfectly!

2. Worst Case: Accessing Least Recently Used Entry
---------------------------------------------------
  First access (from LRU position): 1381 ns
  Second access (from MRU position): 244 ns
  Position-independent overhead: 1137 ns

3. Typical Workload: Mixed Access Pattern with High Hit Rate
-------------------------------------------------------------
  Operations: 50000
  Total time: 9982 μs
  Average operation time: 199.64 ns
  Hit rate: 100.00%
  Throughput: 5009016.23 ops/sec


=================================================================
moveToFront() optimization validated successfully.
=================================================================
<end of output>
Test time =   0.03 sec
----------------------------------------------------------
Test Passed.
"tlb_movetofront_benchmark" end time: Mar 27 14:28 MST
"tlb_movetofront_benchmark" time elapsed: 00:00:00
----------------------------------------------------------

End testing: Mar 27 14:28 MST

integration =  12.00 sec*proc

performance =   0.34 sec*proc

thread_safety =  14.07 sec*proc

unit =  16.25 sec*proc

