SF:/home/jpgreninger/Work/smmu/rust/smmu-cli/src/main.rs
FN:28,_RNvCsckFlfoxjFTW_8smmu_cli4main
FNDA:0,_RNvCsckFlfoxjFTW_8smmu_cli4main
FNF:1
FNH:0
DA:28,0
DA:29,0
DA:30,0
DA:31,0
DA:32,0
DA:35,0
DA:37,0
DA:38,0
DA:39,0
DA:40,0
BRF:0
BRH:0
LF:10
LH:0
end_of_record
SF:/home/jpgreninger/Work/smmu/rust/smmu/src/address_space/mod.rs
FN:247,_RNCNvMs4_NtCseLboBoj3wMS_4smmu13address_spaceNtB7_17AddressSpaceQuery15get_all_entries0B9_
FN:1098,_RNCNvMs6_NtCseLboBoj3wMS_4smmu13address_spaceNtB7_12AddressSpace10query_page0B9_
FN:905,_RNCNvMs6_NtCseLboBoj3wMS_4smmu13address_spaceNtB7_12AddressSpace11unmap_pages0B9_
FN:793,_RNCNvMs6_NtCseLboBoj3wMS_4smmu13address_spaceNtB7_12AddressSpace11unmap_range0B9_
FN:1279,_RNCNvMs6_NtCseLboBoj3wMS_4smmu13address_spaceNtB7_12AddressSpace14is_invalidated0B9_
FN:949,_RNCNvMs6_NtCseLboBoj3wMS_4smmu13address_spaceNtB7_12AddressSpace17get_mapped_ranges0B9_
FN:1176,_RNCNvMs6_NtCseLboBoj3wMS_4smmu13address_spaceNtB7_12AddressSpace19unmap_pages_batched0B9_
FN:625,_RNCNvMs6_NtCseLboBoj3wMS_4smmu13address_spaceNtB7_12AddressSpace20get_page_permissions0B9_
FN:1007,_RNCNvMs6_NtCseLboBoj3wMS_4smmu13address_spaceNtB7_12AddressSpace22get_address_space_size0B9_
FN:1008,_RNCNvMs6_NtCseLboBoj3wMS_4smmu13address_spaceNtB7_12AddressSpace22get_address_space_sizes_0B9_
FN:1232,_RNCNvMs6_NtCseLboBoj3wMS_4smmu13address_spaceNtB7_12AddressSpace22invalidate_page_atomic0B9_
FN:1248,_RNCNvMs6_NtCseLboBoj3wMS_4smmu13address_spaceNtB7_12AddressSpace23invalidate_range_atomic0B9_
FN:1049,_RNCNvMs6_NtCseLboBoj3wMS_4smmu13address_spaceNtB7_12AddressSpace24has_overlapping_mappings0B9_
FN:1305,_RNCNvMs6_NtCseLboBoj3wMS_4smmu13address_spaceNtB7_12AddressSpace27compare_exchange_invalidate0B9_
FN:1286,_RNCNvMs6_NtCseLboBoj3wMS_4smmu13address_spaceNtB7_12AddressSpace28is_invalidated_with_ordering0B9_
FN:1269,_RNCNvMs6_NtCseLboBoj3wMS_4smmu13address_spaceNtB7_12AddressSpace29invalidate_page_with_ordering0B9_
FN:86,_RNvMNtCseLboBoj3wMS_4smmu13address_spaceNtB2_12AddressRange3new
FN:141,_RNvMs1_NtCseLboBoj3wMS_4smmu13address_spaceNtB5_8PageInfo11page_number
FN:135,_RNvMs1_NtCseLboBoj3wMS_4smmu13address_spaceNtB5_8PageInfo4iova
FN:174,_RNvMs2_NtCseLboBoj3wMS_4smmu13address_spaceNtB5_12PageEntryRef11permissions
FN:180,_RNvMs2_NtCseLboBoj3wMS_4smmu13address_spaceNtB5_12PageEntryRef14security_state
FN:168,_RNvMs2_NtCseLboBoj3wMS_4smmu13address_spaceNtB5_12PageEntryRef16physical_address
FN:156,_RNvMs2_NtCseLboBoj3wMS_4smmu13address_spaceNtB5_12PageEntryRef4iova
FN:162,_RNvMs2_NtCseLboBoj3wMS_4smmu13address_spaceNtB5_12PageEntryRef5entry
FN:206,_RNvMs3_NtCseLboBoj3wMS_4smmu13address_spaceNtB5_15PageEntryMutRef11permissions
FN:200,_RNvMs3_NtCseLboBoj3wMS_4smmu13address_spaceNtB5_15PageEntryMutRef15set_permissions
FN:195,_RNvMs3_NtCseLboBoj3wMS_4smmu13address_spaceNtB5_15PageEntryMutRef4iova
FN:233,_RNvMs4_NtCseLboBoj3wMS_4smmu13address_spaceNtB5_17AddressSpaceQuery10page_count
FN:245,_RNvMs4_NtCseLboBoj3wMS_4smmu13address_spaceNtB5_17AddressSpaceQuery15get_all_entries
FN:252,_RNvMs4_NtCseLboBoj3wMS_4smmu13address_spaceNtB5_17AddressSpaceQuery16range_statistics
FN:239,_RNvMs4_NtCseLboBoj3wMS_4smmu13address_spaceNtB5_17AddressSpaceQuery9is_mapped
FN:1096,_RNvMs6_NtCseLboBoj3wMS_4smmu13address_spaceNtB5_12AddressSpace10query_page
FN:468,_RNvMs6_NtCseLboBoj3wMS_4smmu13address_spaceNtB5_12AddressSpace10unmap_page
FN:1341,_RNvMs6_NtCseLboBoj3wMS_4smmu13address_spaceNtB5_12AddressSpace11page_numberB7_
FN:896,_RNvMs6_NtCseLboBoj3wMS_4smmu13address_spaceNtB5_12AddressSpace11unmap_pages
FN:777,_RNvMs6_NtCseLboBoj3wMS_4smmu13address_spaceNtB5_12AddressSpace11unmap_range
FN:367,_RNvMs6_NtCseLboBoj3wMS_4smmu13address_spaceNtB5_12AddressSpace13with_capacity
FN:650,_RNvMs6_NtCseLboBoj3wMS_4smmu13address_spaceNtB5_12AddressSpace14get_page_count
FN:1333,_RNvMs6_NtCseLboBoj3wMS_4smmu13address_spaceNtB5_12AddressSpace14invalidate_all
FN:1275,_RNvMs6_NtCseLboBoj3wMS_4smmu13address_spaceNtB5_12AddressSpace14is_invalidated
FN:577,_RNvMs6_NtCseLboBoj3wMS_4smmu13address_spaceNtB5_12AddressSpace14is_page_mapped
FN:517,_RNvMs6_NtCseLboBoj3wMS_4smmu13address_spaceNtB5_12AddressSpace14translate_page
FN:1316,_RNvMs6_NtCseLboBoj3wMS_4smmu13address_spaceNtB5_12AddressSpace15invalidate_page
FN:1325,_RNvMs6_NtCseLboBoj3wMS_4smmu13address_spaceNtB5_12AddressSpace16invalidate_range
FN:1347,_RNvMs6_NtCseLboBoj3wMS_4smmu13address_spaceNtB5_12AddressSpace17check_permissionsB7_
FN:941,_RNvMs6_NtCseLboBoj3wMS_4smmu13address_spaceNtB5_12AddressSpace17get_mapped_ranges
FN:1128,_RNvMs6_NtCseLboBoj3wMS_4smmu13address_spaceNtB5_12AddressSpace17map_pages_batched
FN:1167,_RNvMs6_NtCseLboBoj3wMS_4smmu13address_spaceNtB5_12AddressSpace19unmap_pages_batched
FN:615,_RNvMs6_NtCseLboBoj3wMS_4smmu13address_spaceNtB5_12AddressSpace20get_page_permissions
FN:1002,_RNvMs6_NtCseLboBoj3wMS_4smmu13address_spaceNtB5_12AddressSpace22get_address_space_size
FN:1223,_RNvMs6_NtCseLboBoj3wMS_4smmu13address_spaceNtB5_12AddressSpace22invalidate_page_atomic
FN:1239,_RNvMs6_NtCseLboBoj3wMS_4smmu13address_spaceNtB5_12AddressSpace23invalidate_range_atomic
FN:1291,_RNvMs6_NtCseLboBoj3wMS_4smmu13address_spaceNtB5_12AddressSpace23invalidation_generation
FN:1041,_RNvMs6_NtCseLboBoj3wMS_4smmu13address_spaceNtB5_12AddressSpace24has_overlapping_mappings
FN:1192,_RNvMs6_NtCseLboBoj3wMS_4smmu13address_spaceNtB5_12AddressSpace26update_permissions_batched
FN:1299,_RNvMs6_NtCseLboBoj3wMS_4smmu13address_spaceNtB5_12AddressSpace27compare_exchange_invalidate
FN:1284,_RNvMs6_NtCseLboBoj3wMS_4smmu13address_spaceNtB5_12AddressSpace28is_invalidated_with_ordering
FN:1262,_RNvMs6_NtCseLboBoj3wMS_4smmu13address_spaceNtB5_12AddressSpace29invalidate_page_with_ordering
FN:345,_RNvMs6_NtCseLboBoj3wMS_4smmu13address_spaceNtB5_12AddressSpace3new
FN:1068,_RNvMs6_NtCseLboBoj3wMS_4smmu13address_spaceNtB5_12AddressSpace4iter
FN:676,_RNvMs6_NtCseLboBoj3wMS_4smmu13address_spaceNtB5_12AddressSpace5clear
FN:1090,_RNvMs6_NtCseLboBoj3wMS_4smmu13address_spaceNtB5_12AddressSpace5query
FN:1080,_RNvMs6_NtCseLboBoj3wMS_4smmu13address_spaceNtB5_12AddressSpace8iter_mut
FN:406,_RNvMs6_NtCseLboBoj3wMS_4smmu13address_spaceNtB5_12AddressSpace8map_page
FN:835,_RNvMs6_NtCseLboBoj3wMS_4smmu13address_spaceNtB5_12AddressSpace9map_pages
FN:707,_RNvMs6_NtCseLboBoj3wMS_4smmu13address_spaceNtB5_12AddressSpace9map_range
FN:117,_RNvXs0_NtCseLboBoj3wMS_4smmu13address_spaceNtB5_12AddressRangeNtNtNtNtCslH02haMvknO_4core4iter6traits7collect12IntoIterator9into_iter
FN:318,_RNvXs5_NtCseLboBoj3wMS_4smmu13address_spaceNtB5_12AddressSpaceNtNtCslH02haMvknO_4core5clone5Clone5clone
FN:1353,_RNvXs7_NtCseLboBoj3wMS_4smmu13address_spaceNtB5_12AddressSpaceNtNtCslH02haMvknO_4core7default7Default7default
FN:101,_RNvXs_NtCseLboBoj3wMS_4smmu13address_spaceNtB4_20AddressRangeIteratorNtNtNtNtCslH02haMvknO_4core4iter6traits8iterator8Iterator4next
FN:1069,_RNCNvMs6_NtCseLboBoj3wMS_4smmu13address_spaceNtB7_12AddressSpace4iter0B9_
FN:1385,_RNvNtNtCsaa0oTgBdzfm_4smmu13address_space5testss_19test_translate_page
FN:1371,_RNvNtNtCsaa0oTgBdzfm_4smmu13address_space5testss_20test_map_single_page
FN:1365,_RNvNtNtCsaa0oTgBdzfm_4smmu13address_space5testss_22test_new_address_space
FN:1402,_RNvNtNtCsaa0oTgBdzfm_4smmu13address_space5testss_25test_permission_violation
FN:247,_RNCNvMs4_NtCsaa0oTgBdzfm_4smmu13address_spaceNtB7_17AddressSpaceQuery15get_all_entries0B9_
FN:1098,_RNCNvMs6_NtCsaa0oTgBdzfm_4smmu13address_spaceNtB7_12AddressSpace10query_page0B9_
FN:905,_RNCNvMs6_NtCsaa0oTgBdzfm_4smmu13address_spaceNtB7_12AddressSpace11unmap_pages0B9_
FN:793,_RNCNvMs6_NtCsaa0oTgBdzfm_4smmu13address_spaceNtB7_12AddressSpace11unmap_range0B9_
FN:1279,_RNCNvMs6_NtCsaa0oTgBdzfm_4smmu13address_spaceNtB7_12AddressSpace14is_invalidated0B9_
FN:949,_RNCNvMs6_NtCsaa0oTgBdzfm_4smmu13address_spaceNtB7_12AddressSpace17get_mapped_ranges0B9_
FN:1176,_RNCNvMs6_NtCsaa0oTgBdzfm_4smmu13address_spaceNtB7_12AddressSpace19unmap_pages_batched0B9_
FN:625,_RNCNvMs6_NtCsaa0oTgBdzfm_4smmu13address_spaceNtB7_12AddressSpace20get_page_permissions0B9_
FN:1007,_RNCNvMs6_NtCsaa0oTgBdzfm_4smmu13address_spaceNtB7_12AddressSpace22get_address_space_size0B9_
FN:1008,_RNCNvMs6_NtCsaa0oTgBdzfm_4smmu13address_spaceNtB7_12AddressSpace22get_address_space_sizes_0B9_
FN:1232,_RNCNvMs6_NtCsaa0oTgBdzfm_4smmu13address_spaceNtB7_12AddressSpace22invalidate_page_atomic0B9_
FN:1248,_RNCNvMs6_NtCsaa0oTgBdzfm_4smmu13address_spaceNtB7_12AddressSpace23invalidate_range_atomic0B9_
FN:1049,_RNCNvMs6_NtCsaa0oTgBdzfm_4smmu13address_spaceNtB7_12AddressSpace24has_overlapping_mappings0B9_
FN:1305,_RNCNvMs6_NtCsaa0oTgBdzfm_4smmu13address_spaceNtB7_12AddressSpace27compare_exchange_invalidate0B9_
FN:1286,_RNCNvMs6_NtCsaa0oTgBdzfm_4smmu13address_spaceNtB7_12AddressSpace28is_invalidated_with_ordering0B9_
FN:1269,_RNCNvMs6_NtCsaa0oTgBdzfm_4smmu13address_spaceNtB7_12AddressSpace29invalidate_page_with_ordering0B9_
FN:1069,_RNCNvMs6_NtCsaa0oTgBdzfm_4smmu13address_spaceNtB7_12AddressSpace4iter0B9_
FN:86,_RNvMNtCsaa0oTgBdzfm_4smmu13address_spaceNtB2_12AddressRange3new
FN:141,_RNvMs1_NtCsaa0oTgBdzfm_4smmu13address_spaceNtB5_8PageInfo11page_number
FN:135,_RNvMs1_NtCsaa0oTgBdzfm_4smmu13address_spaceNtB5_8PageInfo4iova
FN:174,_RNvMs2_NtCsaa0oTgBdzfm_4smmu13address_spaceNtB5_12PageEntryRef11permissions
FN:180,_RNvMs2_NtCsaa0oTgBdzfm_4smmu13address_spaceNtB5_12PageEntryRef14security_state
FN:168,_RNvMs2_NtCsaa0oTgBdzfm_4smmu13address_spaceNtB5_12PageEntryRef16physical_address
FN:156,_RNvMs2_NtCsaa0oTgBdzfm_4smmu13address_spaceNtB5_12PageEntryRef4iova
FN:162,_RNvMs2_NtCsaa0oTgBdzfm_4smmu13address_spaceNtB5_12PageEntryRef5entry
FN:206,_RNvMs3_NtCsaa0oTgBdzfm_4smmu13address_spaceNtB5_15PageEntryMutRef11permissions
FN:200,_RNvMs3_NtCsaa0oTgBdzfm_4smmu13address_spaceNtB5_15PageEntryMutRef15set_permissions
FN:195,_RNvMs3_NtCsaa0oTgBdzfm_4smmu13address_spaceNtB5_15PageEntryMutRef4iova
FN:233,_RNvMs4_NtCsaa0oTgBdzfm_4smmu13address_spaceNtB5_17AddressSpaceQuery10page_count
FN:245,_RNvMs4_NtCsaa0oTgBdzfm_4smmu13address_spaceNtB5_17AddressSpaceQuery15get_all_entries
FN:252,_RNvMs4_NtCsaa0oTgBdzfm_4smmu13address_spaceNtB5_17AddressSpaceQuery16range_statistics
FN:239,_RNvMs4_NtCsaa0oTgBdzfm_4smmu13address_spaceNtB5_17AddressSpaceQuery9is_mapped
FN:1096,_RNvMs6_NtCsaa0oTgBdzfm_4smmu13address_spaceNtB5_12AddressSpace10query_page
FN:468,_RNvMs6_NtCsaa0oTgBdzfm_4smmu13address_spaceNtB5_12AddressSpace10unmap_page
FN:896,_RNvMs6_NtCsaa0oTgBdzfm_4smmu13address_spaceNtB5_12AddressSpace11unmap_pages
FN:777,_RNvMs6_NtCsaa0oTgBdzfm_4smmu13address_spaceNtB5_12AddressSpace11unmap_range
FN:367,_RNvMs6_NtCsaa0oTgBdzfm_4smmu13address_spaceNtB5_12AddressSpace13with_capacity
FN:1333,_RNvMs6_NtCsaa0oTgBdzfm_4smmu13address_spaceNtB5_12AddressSpace14invalidate_all
FN:1275,_RNvMs6_NtCsaa0oTgBdzfm_4smmu13address_spaceNtB5_12AddressSpace14is_invalidated
FN:1316,_RNvMs6_NtCsaa0oTgBdzfm_4smmu13address_spaceNtB5_12AddressSpace15invalidate_page
FN:1325,_RNvMs6_NtCsaa0oTgBdzfm_4smmu13address_spaceNtB5_12AddressSpace16invalidate_range
FN:941,_RNvMs6_NtCsaa0oTgBdzfm_4smmu13address_spaceNtB5_12AddressSpace17get_mapped_ranges
FN:1128,_RNvMs6_NtCsaa0oTgBdzfm_4smmu13address_spaceNtB5_12AddressSpace17map_pages_batched
FN:1167,_RNvMs6_NtCsaa0oTgBdzfm_4smmu13address_spaceNtB5_12AddressSpace19unmap_pages_batched
FN:615,_RNvMs6_NtCsaa0oTgBdzfm_4smmu13address_spaceNtB5_12AddressSpace20get_page_permissions
FN:1002,_RNvMs6_NtCsaa0oTgBdzfm_4smmu13address_spaceNtB5_12AddressSpace22get_address_space_size
FN:1223,_RNvMs6_NtCsaa0oTgBdzfm_4smmu13address_spaceNtB5_12AddressSpace22invalidate_page_atomic
FN:1239,_RNvMs6_NtCsaa0oTgBdzfm_4smmu13address_spaceNtB5_12AddressSpace23invalidate_range_atomic
FN:1291,_RNvMs6_NtCsaa0oTgBdzfm_4smmu13address_spaceNtB5_12AddressSpace23invalidation_generation
FN:1041,_RNvMs6_NtCsaa0oTgBdzfm_4smmu13address_spaceNtB5_12AddressSpace24has_overlapping_mappings
FN:1192,_RNvMs6_NtCsaa0oTgBdzfm_4smmu13address_spaceNtB5_12AddressSpace26update_permissions_batched
FN:1299,_RNvMs6_NtCsaa0oTgBdzfm_4smmu13address_spaceNtB5_12AddressSpace27compare_exchange_invalidate
FN:1284,_RNvMs6_NtCsaa0oTgBdzfm_4smmu13address_spaceNtB5_12AddressSpace28is_invalidated_with_ordering
FN:1262,_RNvMs6_NtCsaa0oTgBdzfm_4smmu13address_spaceNtB5_12AddressSpace29invalidate_page_with_ordering
FN:1068,_RNvMs6_NtCsaa0oTgBdzfm_4smmu13address_spaceNtB5_12AddressSpace4iter
FN:676,_RNvMs6_NtCsaa0oTgBdzfm_4smmu13address_spaceNtB5_12AddressSpace5clear
FN:1090,_RNvMs6_NtCsaa0oTgBdzfm_4smmu13address_spaceNtB5_12AddressSpace5query
FN:1080,_RNvMs6_NtCsaa0oTgBdzfm_4smmu13address_spaceNtB5_12AddressSpace8iter_mut
FN:835,_RNvMs6_NtCsaa0oTgBdzfm_4smmu13address_spaceNtB5_12AddressSpace9map_pages
FN:707,_RNvMs6_NtCsaa0oTgBdzfm_4smmu13address_spaceNtB5_12AddressSpace9map_range
FN:117,_RNvXs0_NtCsaa0oTgBdzfm_4smmu13address_spaceNtB5_12AddressRangeNtNtNtNtCslH02haMvknO_4core4iter6traits7collect12IntoIterator9into_iter
FN:318,_RNvXs5_NtCsaa0oTgBdzfm_4smmu13address_spaceNtB5_12AddressSpaceNtNtCslH02haMvknO_4core5clone5Clone5clone
FN:1353,_RNvXs7_NtCsaa0oTgBdzfm_4smmu13address_spaceNtB5_12AddressSpaceNtNtCslH02haMvknO_4core7default7Default7default
FN:101,_RNvXs_NtCsaa0oTgBdzfm_4smmu13address_spaceNtB4_20AddressRangeIteratorNtNtNtNtCslH02haMvknO_4core4iter6traits8iterator8Iterator4next
FN:1341,_RNvMs6_NtCsaa0oTgBdzfm_4smmu13address_spaceNtB5_12AddressSpace11page_numberB7_
FN:650,_RNvMs6_NtCsaa0oTgBdzfm_4smmu13address_spaceNtB5_12AddressSpace14get_page_count
FN:577,_RNvMs6_NtCsaa0oTgBdzfm_4smmu13address_spaceNtB5_12AddressSpace14is_page_mapped
FN:517,_RNvMs6_NtCsaa0oTgBdzfm_4smmu13address_spaceNtB5_12AddressSpace14translate_page
FN:1347,_RNvMs6_NtCsaa0oTgBdzfm_4smmu13address_spaceNtB5_12AddressSpace17check_permissionsB7_
FN:345,_RNvMs6_NtCsaa0oTgBdzfm_4smmu13address_spaceNtB5_12AddressSpace3new
FN:406,_RNvMs6_NtCsaa0oTgBdzfm_4smmu13address_spaceNtB5_12AddressSpace8map_page
FN:1069,_RNCNvMs6_NtCseLboBoj3wMS_4smmu13address_spaceNtB7_12AddressSpace4iter0Cs9clSoWF4Dxc_18unit_address_space
FNDA:0,_RNCNvMs4_NtCseLboBoj3wMS_4smmu13address_spaceNtB7_17AddressSpaceQuery15get_all_entries0B9_
FNDA:1,_RNCNvMs6_NtCseLboBoj3wMS_4smmu13address_spaceNtB7_12AddressSpace10query_page0B9_
FNDA:3,_RNCNvMs6_NtCseLboBoj3wMS_4smmu13address_spaceNtB7_12AddressSpace11unmap_pages0B9_
FNDA:6,_RNCNvMs6_NtCseLboBoj3wMS_4smmu13address_spaceNtB7_12AddressSpace11unmap_range0B9_
FNDA:2,_RNCNvMs6_NtCseLboBoj3wMS_4smmu13address_spaceNtB7_12AddressSpace14is_invalidated0B9_
FNDA:7,_RNCNvMs6_NtCseLboBoj3wMS_4smmu13address_spaceNtB7_12AddressSpace17get_mapped_ranges0B9_
FNDA:3,_RNCNvMs6_NtCseLboBoj3wMS_4smmu13address_spaceNtB7_12AddressSpace19unmap_pages_batched0B9_
FNDA:1,_RNCNvMs6_NtCseLboBoj3wMS_4smmu13address_spaceNtB7_12AddressSpace20get_page_permissions0B9_
FNDA:2,_RNCNvMs6_NtCseLboBoj3wMS_4smmu13address_spaceNtB7_12AddressSpace22get_address_space_size0B9_
FNDA:2,_RNCNvMs6_NtCseLboBoj3wMS_4smmu13address_spaceNtB7_12AddressSpace22get_address_space_sizes_0B9_
FNDA:5,_RNCNvMs6_NtCseLboBoj3wMS_4smmu13address_spaceNtB7_12AddressSpace22invalidate_page_atomic0B9_
FNDA:5,_RNCNvMs6_NtCseLboBoj3wMS_4smmu13address_spaceNtB7_12AddressSpace23invalidate_range_atomic0B9_
FNDA:19,_RNCNvMs6_NtCseLboBoj3wMS_4smmu13address_spaceNtB7_12AddressSpace24has_overlapping_mappings0B9_
FNDA:2,_RNCNvMs6_NtCseLboBoj3wMS_4smmu13address_spaceNtB7_12AddressSpace27compare_exchange_invalidate0B9_
FNDA:1,_RNCNvMs6_NtCseLboBoj3wMS_4smmu13address_spaceNtB7_12AddressSpace28is_invalidated_with_ordering0B9_
FNDA:1,_RNCNvMs6_NtCseLboBoj3wMS_4smmu13address_spaceNtB7_12AddressSpace29invalidate_page_with_ordering0B9_
FNDA:6,_RNvMNtCseLboBoj3wMS_4smmu13address_spaceNtB2_12AddressRange3new
FNDA:3,_RNvMs1_NtCseLboBoj3wMS_4smmu13address_spaceNtB5_8PageInfo11page_number
FNDA:3,_RNvMs1_NtCseLboBoj3wMS_4smmu13address_spaceNtB5_8PageInfo4iova
FNDA:1,_RNvMs2_NtCseLboBoj3wMS_4smmu13address_spaceNtB5_12PageEntryRef11permissions
FNDA:1,_RNvMs2_NtCseLboBoj3wMS_4smmu13address_spaceNtB5_12PageEntryRef14security_state
FNDA:1,_RNvMs2_NtCseLboBoj3wMS_4smmu13address_spaceNtB5_12PageEntryRef16physical_address
FNDA:1,_RNvMs2_NtCseLboBoj3wMS_4smmu13address_spaceNtB5_12PageEntryRef4iova
FNDA:1,_RNvMs2_NtCseLboBoj3wMS_4smmu13address_spaceNtB5_12PageEntryRef5entry
FNDA:0,_RNvMs3_NtCseLboBoj3wMS_4smmu13address_spaceNtB5_15PageEntryMutRef11permissions
FNDA:0,_RNvMs3_NtCseLboBoj3wMS_4smmu13address_spaceNtB5_15PageEntryMutRef15set_permissions
FNDA:0,_RNvMs3_NtCseLboBoj3wMS_4smmu13address_spaceNtB5_15PageEntryMutRef4iova
FNDA:1,_RNvMs4_NtCseLboBoj3wMS_4smmu13address_spaceNtB5_17AddressSpaceQuery10page_count
FNDA:0,_RNvMs4_NtCseLboBoj3wMS_4smmu13address_spaceNtB5_17AddressSpaceQuery15get_all_entries
FNDA:3,_RNvMs4_NtCseLboBoj3wMS_4smmu13address_spaceNtB5_17AddressSpaceQuery16range_statistics
FNDA:2,_RNvMs4_NtCseLboBoj3wMS_4smmu13address_spaceNtB5_17AddressSpaceQuery9is_mapped
FNDA:2,_RNvMs6_NtCseLboBoj3wMS_4smmu13address_spaceNtB5_12AddressSpace10query_page
FNDA:3601,_RNvMs6_NtCseLboBoj3wMS_4smmu13address_spaceNtB5_12AddressSpace10unmap_page
FNDA:1121077,_RNvMs6_NtCseLboBoj3wMS_4smmu13address_spaceNtB5_12AddressSpace11page_numberB7_
FNDA:3,_RNvMs6_NtCseLboBoj3wMS_4smmu13address_spaceNtB5_12AddressSpace11unmap_pages
FNDA:4,_RNvMs6_NtCseLboBoj3wMS_4smmu13address_spaceNtB5_12AddressSpace11unmap_range
FNDA:2,_RNvMs6_NtCseLboBoj3wMS_4smmu13address_spaceNtB5_12AddressSpace13with_capacity
FNDA:2500,_RNvMs6_NtCseLboBoj3wMS_4smmu13address_spaceNtB5_12AddressSpace14get_page_count
FNDA:1,_RNvMs6_NtCseLboBoj3wMS_4smmu13address_spaceNtB5_12AddressSpace14invalidate_all
FNDA:3,_RNvMs6_NtCseLboBoj3wMS_4smmu13address_spaceNtB5_12AddressSpace14is_invalidated
FNDA:720,_RNvMs6_NtCseLboBoj3wMS_4smmu13address_spaceNtB5_12AddressSpace14is_page_mapped
FNDA:367033,_RNvMs6_NtCseLboBoj3wMS_4smmu13address_spaceNtB5_12AddressSpace14translate_page
FNDA:1,_RNvMs6_NtCseLboBoj3wMS_4smmu13address_spaceNtB5_12AddressSpace15invalidate_page
FNDA:1,_RNvMs6_NtCseLboBoj3wMS_4smmu13address_spaceNtB5_12AddressSpace16invalidate_range
FNDA:300532,_RNvMs6_NtCseLboBoj3wMS_4smmu13address_spaceNtB5_12AddressSpace17check_permissionsB7_
FNDA:3,_RNvMs6_NtCseLboBoj3wMS_4smmu13address_spaceNtB5_12AddressSpace17get_mapped_ranges
FNDA:4,_RNvMs6_NtCseLboBoj3wMS_4smmu13address_spaceNtB5_12AddressSpace17map_pages_batched
FNDA:3,_RNvMs6_NtCseLboBoj3wMS_4smmu13address_spaceNtB5_12AddressSpace19unmap_pages_batched
FNDA:3,_RNvMs6_NtCseLboBoj3wMS_4smmu13address_spaceNtB5_12AddressSpace20get_page_permissions
FNDA:2,_RNvMs6_NtCseLboBoj3wMS_4smmu13address_spaceNtB5_12AddressSpace22get_address_space_size
FNDA:5,_RNvMs6_NtCseLboBoj3wMS_4smmu13address_spaceNtB5_12AddressSpace22invalidate_page_atomic
FNDA:2,_RNvMs6_NtCseLboBoj3wMS_4smmu13address_spaceNtB5_12AddressSpace23invalidate_range_atomic
FNDA:4,_RNvMs6_NtCseLboBoj3wMS_4smmu13address_spaceNtB5_12AddressSpace23invalidation_generation
FNDA:3,_RNvMs6_NtCseLboBoj3wMS_4smmu13address_spaceNtB5_12AddressSpace24has_overlapping_mappings
FNDA:3,_RNvMs6_NtCseLboBoj3wMS_4smmu13address_spaceNtB5_12AddressSpace26update_permissions_batched
FNDA:5,_RNvMs6_NtCseLboBoj3wMS_4smmu13address_spaceNtB5_12AddressSpace27compare_exchange_invalidate
FNDA:1,_RNvMs6_NtCseLboBoj3wMS_4smmu13address_spaceNtB5_12AddressSpace28is_invalidated_with_ordering
FNDA:1,_RNvMs6_NtCseLboBoj3wMS_4smmu13address_spaceNtB5_12AddressSpace29invalidate_page_with_ordering
FNDA:170927,_RNvMs6_NtCseLboBoj3wMS_4smmu13address_spaceNtB5_12AddressSpace3new
FNDA:3,_RNvMs6_NtCseLboBoj3wMS_4smmu13address_spaceNtB5_12AddressSpace4iter
FNDA:259,_RNvMs6_NtCseLboBoj3wMS_4smmu13address_spaceNtB5_12AddressSpace5clear
FNDA:5,_RNvMs6_NtCseLboBoj3wMS_4smmu13address_spaceNtB5_12AddressSpace5query
FNDA:0,_RNvMs6_NtCseLboBoj3wMS_4smmu13address_spaceNtB5_12AddressSpace8iter_mut
FNDA:758539,_RNvMs6_NtCseLboBoj3wMS_4smmu13address_spaceNtB5_12AddressSpace8map_page
FNDA:5,_RNvMs6_NtCseLboBoj3wMS_4smmu13address_spaceNtB5_12AddressSpace9map_pages
FNDA:6,_RNvMs6_NtCseLboBoj3wMS_4smmu13address_spaceNtB5_12AddressSpace9map_range
FNDA:2,_RNvXs0_NtCseLboBoj3wMS_4smmu13address_spaceNtB5_12AddressRangeNtNtNtNtCslH02haMvknO_4core4iter6traits7collect12IntoIterator9into_iter
FNDA:2,_RNvXs5_NtCseLboBoj3wMS_4smmu13address_spaceNtB5_12AddressSpaceNtNtCslH02haMvknO_4core5clone5Clone5clone
FNDA:1,_RNvXs7_NtCseLboBoj3wMS_4smmu13address_spaceNtB5_12AddressSpaceNtNtCslH02haMvknO_4core7default7Default7default
FNDA:5,_RNvXs_NtCseLboBoj3wMS_4smmu13address_spaceNtB4_20AddressRangeIteratorNtNtNtNtCslH02haMvknO_4core4iter6traits8iterator8Iterator4next
FNDA:0,_RNCNvMs6_NtCseLboBoj3wMS_4smmu13address_spaceNtB7_12AddressSpace4iter0B9_
FNDA:1,_RNvNtNtCsaa0oTgBdzfm_4smmu13address_space5testss_19test_translate_page
FNDA:1,_RNvNtNtCsaa0oTgBdzfm_4smmu13address_space5testss_20test_map_single_page
FNDA:1,_RNvNtNtCsaa0oTgBdzfm_4smmu13address_space5testss_22test_new_address_space
FNDA:1,_RNvNtNtCsaa0oTgBdzfm_4smmu13address_space5testss_25test_permission_violation
FNDA:0,_RNCNvMs4_NtCsaa0oTgBdzfm_4smmu13address_spaceNtB7_17AddressSpaceQuery15get_all_entries0B9_
FNDA:0,_RNCNvMs6_NtCsaa0oTgBdzfm_4smmu13address_spaceNtB7_12AddressSpace10query_page0B9_
FNDA:0,_RNCNvMs6_NtCsaa0oTgBdzfm_4smmu13address_spaceNtB7_12AddressSpace11unmap_pages0B9_
FNDA:0,_RNCNvMs6_NtCsaa0oTgBdzfm_4smmu13address_spaceNtB7_12AddressSpace11unmap_range0B9_
FNDA:0,_RNCNvMs6_NtCsaa0oTgBdzfm_4smmu13address_spaceNtB7_12AddressSpace14is_invalidated0B9_
FNDA:0,_RNCNvMs6_NtCsaa0oTgBdzfm_4smmu13address_spaceNtB7_12AddressSpace17get_mapped_ranges0B9_
FNDA:0,_RNCNvMs6_NtCsaa0oTgBdzfm_4smmu13address_spaceNtB7_12AddressSpace19unmap_pages_batched0B9_
FNDA:0,_RNCNvMs6_NtCsaa0oTgBdzfm_4smmu13address_spaceNtB7_12AddressSpace20get_page_permissions0B9_
FNDA:0,_RNCNvMs6_NtCsaa0oTgBdzfm_4smmu13address_spaceNtB7_12AddressSpace22get_address_space_size0B9_
FNDA:0,_RNCNvMs6_NtCsaa0oTgBdzfm_4smmu13address_spaceNtB7_12AddressSpace22get_address_space_sizes_0B9_
FNDA:0,_RNCNvMs6_NtCsaa0oTgBdzfm_4smmu13address_spaceNtB7_12AddressSpace22invalidate_page_atomic0B9_
FNDA:0,_RNCNvMs6_NtCsaa0oTgBdzfm_4smmu13address_spaceNtB7_12AddressSpace23invalidate_range_atomic0B9_
FNDA:0,_RNCNvMs6_NtCsaa0oTgBdzfm_4smmu13address_spaceNtB7_12AddressSpace24has_overlapping_mappings0B9_
FNDA:0,_RNCNvMs6_NtCsaa0oTgBdzfm_4smmu13address_spaceNtB7_12AddressSpace27compare_exchange_invalidate0B9_
FNDA:0,_RNCNvMs6_NtCsaa0oTgBdzfm_4smmu13address_spaceNtB7_12AddressSpace28is_invalidated_with_ordering0B9_
FNDA:0,_RNCNvMs6_NtCsaa0oTgBdzfm_4smmu13address_spaceNtB7_12AddressSpace29invalidate_page_with_ordering0B9_
FNDA:0,_RNCNvMs6_NtCsaa0oTgBdzfm_4smmu13address_spaceNtB7_12AddressSpace4iter0B9_
FNDA:0,_RNvMNtCsaa0oTgBdzfm_4smmu13address_spaceNtB2_12AddressRange3new
FNDA:0,_RNvMs1_NtCsaa0oTgBdzfm_4smmu13address_spaceNtB5_8PageInfo11page_number
FNDA:0,_RNvMs1_NtCsaa0oTgBdzfm_4smmu13address_spaceNtB5_8PageInfo4iova
FNDA:0,_RNvMs2_NtCsaa0oTgBdzfm_4smmu13address_spaceNtB5_12PageEntryRef11permissions
FNDA:0,_RNvMs2_NtCsaa0oTgBdzfm_4smmu13address_spaceNtB5_12PageEntryRef14security_state
FNDA:0,_RNvMs2_NtCsaa0oTgBdzfm_4smmu13address_spaceNtB5_12PageEntryRef16physical_address
FNDA:0,_RNvMs2_NtCsaa0oTgBdzfm_4smmu13address_spaceNtB5_12PageEntryRef4iova
FNDA:0,_RNvMs2_NtCsaa0oTgBdzfm_4smmu13address_spaceNtB5_12PageEntryRef5entry
FNDA:0,_RNvMs3_NtCsaa0oTgBdzfm_4smmu13address_spaceNtB5_15PageEntryMutRef11permissions
FNDA:0,_RNvMs3_NtCsaa0oTgBdzfm_4smmu13address_spaceNtB5_15PageEntryMutRef15set_permissions
FNDA:0,_RNvMs3_NtCsaa0oTgBdzfm_4smmu13address_spaceNtB5_15PageEntryMutRef4iova
FNDA:0,_RNvMs4_NtCsaa0oTgBdzfm_4smmu13address_spaceNtB5_17AddressSpaceQuery10page_count
FNDA:0,_RNvMs4_NtCsaa0oTgBdzfm_4smmu13address_spaceNtB5_17AddressSpaceQuery15get_all_entries
FNDA:0,_RNvMs4_NtCsaa0oTgBdzfm_4smmu13address_spaceNtB5_17AddressSpaceQuery16range_statistics
FNDA:0,_RNvMs4_NtCsaa0oTgBdzfm_4smmu13address_spaceNtB5_17AddressSpaceQuery9is_mapped
FNDA:0,_RNvMs6_NtCsaa0oTgBdzfm_4smmu13address_spaceNtB5_12AddressSpace10query_page
FNDA:0,_RNvMs6_NtCsaa0oTgBdzfm_4smmu13address_spaceNtB5_12AddressSpace10unmap_page
FNDA:0,_RNvMs6_NtCsaa0oTgBdzfm_4smmu13address_spaceNtB5_12AddressSpace11unmap_pages
FNDA:0,_RNvMs6_NtCsaa0oTgBdzfm_4smmu13address_spaceNtB5_12AddressSpace11unmap_range
FNDA:0,_RNvMs6_NtCsaa0oTgBdzfm_4smmu13address_spaceNtB5_12AddressSpace13with_capacity
FNDA:0,_RNvMs6_NtCsaa0oTgBdzfm_4smmu13address_spaceNtB5_12AddressSpace14invalidate_all
FNDA:0,_RNvMs6_NtCsaa0oTgBdzfm_4smmu13address_spaceNtB5_12AddressSpace14is_invalidated
FNDA:0,_RNvMs6_NtCsaa0oTgBdzfm_4smmu13address_spaceNtB5_12AddressSpace15invalidate_page
FNDA:0,_RNvMs6_NtCsaa0oTgBdzfm_4smmu13address_spaceNtB5_12AddressSpace16invalidate_range
FNDA:0,_RNvMs6_NtCsaa0oTgBdzfm_4smmu13address_spaceNtB5_12AddressSpace17get_mapped_ranges
FNDA:0,_RNvMs6_NtCsaa0oTgBdzfm_4smmu13address_spaceNtB5_12AddressSpace17map_pages_batched
FNDA:0,_RNvMs6_NtCsaa0oTgBdzfm_4smmu13address_spaceNtB5_12AddressSpace19unmap_pages_batched
FNDA:0,_RNvMs6_NtCsaa0oTgBdzfm_4smmu13address_spaceNtB5_12AddressSpace20get_page_permissions
FNDA:0,_RNvMs6_NtCsaa0oTgBdzfm_4smmu13address_spaceNtB5_12AddressSpace22get_address_space_size
FNDA:0,_RNvMs6_NtCsaa0oTgBdzfm_4smmu13address_spaceNtB5_12AddressSpace22invalidate_page_atomic
FNDA:0,_RNvMs6_NtCsaa0oTgBdzfm_4smmu13address_spaceNtB5_12AddressSpace23invalidate_range_atomic
FNDA:0,_RNvMs6_NtCsaa0oTgBdzfm_4smmu13address_spaceNtB5_12AddressSpace23invalidation_generation
FNDA:0,_RNvMs6_NtCsaa0oTgBdzfm_4smmu13address_spaceNtB5_12AddressSpace24has_overlapping_mappings
FNDA:0,_RNvMs6_NtCsaa0oTgBdzfm_4smmu13address_spaceNtB5_12AddressSpace26update_permissions_batched
FNDA:0,_RNvMs6_NtCsaa0oTgBdzfm_4smmu13address_spaceNtB5_12AddressSpace27compare_exchange_invalidate
FNDA:0,_RNvMs6_NtCsaa0oTgBdzfm_4smmu13address_spaceNtB5_12AddressSpace28is_invalidated_with_ordering
FNDA:0,_RNvMs6_NtCsaa0oTgBdzfm_4smmu13address_spaceNtB5_12AddressSpace29invalidate_page_with_ordering
FNDA:0,_RNvMs6_NtCsaa0oTgBdzfm_4smmu13address_spaceNtB5_12AddressSpace4iter
FNDA:0,_RNvMs6_NtCsaa0oTgBdzfm_4smmu13address_spaceNtB5_12AddressSpace5clear
FNDA:0,_RNvMs6_NtCsaa0oTgBdzfm_4smmu13address_spaceNtB5_12AddressSpace5query
FNDA:0,_RNvMs6_NtCsaa0oTgBdzfm_4smmu13address_spaceNtB5_12AddressSpace8iter_mut
FNDA:0,_RNvMs6_NtCsaa0oTgBdzfm_4smmu13address_spaceNtB5_12AddressSpace9map_pages
FNDA:0,_RNvMs6_NtCsaa0oTgBdzfm_4smmu13address_spaceNtB5_12AddressSpace9map_range
FNDA:0,_RNvXs0_NtCsaa0oTgBdzfm_4smmu13address_spaceNtB5_12AddressRangeNtNtNtNtCslH02haMvknO_4core4iter6traits7collect12IntoIterator9into_iter
FNDA:0,_RNvXs5_NtCsaa0oTgBdzfm_4smmu13address_spaceNtB5_12AddressSpaceNtNtCslH02haMvknO_4core5clone5Clone5clone
FNDA:0,_RNvXs7_NtCsaa0oTgBdzfm_4smmu13address_spaceNtB5_12AddressSpaceNtNtCslH02haMvknO_4core7default7Default7default
FNDA:0,_RNvXs_NtCsaa0oTgBdzfm_4smmu13address_spaceNtB4_20AddressRangeIteratorNtNtNtNtCslH02haMvknO_4core4iter6traits8iterator8Iterator4next
FNDA:10,_RNvMs6_NtCsaa0oTgBdzfm_4smmu13address_spaceNtB5_12AddressSpace11page_numberB7_
FNDA:2,_RNvMs6_NtCsaa0oTgBdzfm_4smmu13address_spaceNtB5_12AddressSpace14get_page_count
FNDA:1,_RNvMs6_NtCsaa0oTgBdzfm_4smmu13address_spaceNtB5_12AddressSpace14is_page_mapped
FNDA:4,_RNvMs6_NtCsaa0oTgBdzfm_4smmu13address_spaceNtB5_12AddressSpace14translate_page
FNDA:4,_RNvMs6_NtCsaa0oTgBdzfm_4smmu13address_spaceNtB5_12AddressSpace17check_permissionsB7_
FNDA:9,_RNvMs6_NtCsaa0oTgBdzfm_4smmu13address_spaceNtB5_12AddressSpace3new
FNDA:5,_RNvMs6_NtCsaa0oTgBdzfm_4smmu13address_spaceNtB5_12AddressSpace8map_page
FNDA:12,_RNCNvMs6_NtCseLboBoj3wMS_4smmu13address_spaceNtB7_12AddressSpace4iter0Cs9clSoWF4Dxc_18unit_address_space
FNF:75
FNH:69
DA:86,6
DA:87,6
DA:88,6
DA:101,5
DA:102,5
DA:103,4
DA:104,4
DA:105,4
DA:106,4
DA:108,1
DA:110,5
DA:117,2
DA:118,2
DA:119,2
DA:120,2
DA:121,2
DA:122,2
DA:135,3
DA:136,3
DA:137,3
DA:141,3
DA:142,3
DA:143,3
DA:156,1
DA:157,1
DA:158,1
DA:162,1
DA:163,1
DA:164,1
DA:168,1
DA:169,1
DA:170,1
DA:174,1
DA:175,1
DA:176,1
DA:180,1
DA:181,1
DA:182,1
DA:195,0
DA:196,0
DA:197,0
DA:200,0
DA:201,0
DA:202,0
DA:206,0
DA:207,0
DA:208,0
DA:233,1
DA:234,1
DA:235,1
DA:239,2
DA:240,2
DA:241,2
DA:242,2
DA:245,0
DA:247,0
DA:248,0
DA:252,3
DA:253,3
DA:254,3
DA:256,3
DA:258,17
DA:259,17
DA:260,10
DA:261,10
DA:262,10
DA:263,8
DA:264,8
DA:265,10
DA:266,5
DA:267,5
DA:268,10
DA:269,2
DA:270,8
DA:271,7
DA:274,3
DA:275,3
DA:318,2
DA:320,2
DA:321,2
DA:322,1
DA:323,1
DA:325,2
DA:326,2
DA:327,2
DA:328,2
DA:329,2
DA:330,2
DA:345,170936
DA:346,170936
DA:347,170936
DA:348,170936
DA:349,170936
DA:350,170936
DA:351,170936
DA:367,2
DA:368,2
DA:369,2
DA:370,2
DA:371,2
DA:372,2
DA:373,2
DA:406,758544
DA:407,758544
DA:408,758544
DA:409,758544
DA:410,758544
DA:411,758544
DA:412,758544
DA:414,758544
DA:415,2
DA:416,758542
DA:419,758542
DA:420,1
DA:421,758541
DA:424,758541
DA:425,10040
DA:426,748501
DA:429,748501
DA:432,748501
DA:435,748501
DA:438,748501
DA:440,748501
DA:441,758544
DA:468,3601
DA:470,3601
DA:471,1
DA:472,3600
DA:474,3600
DA:477,3600
DA:478,1630
DA:479,1970
DA:482,1970
DA:484,1970
DA:485,3601
DA:517,367037
DA:518,367037
DA:519,367037
DA:520,367037
DA:521,367037
DA:522,367037
DA:523,367037
DA:526,367037
DA:529,314142
DA:530,0
DA:531,314142
DA:534,314142
DA:535,13606
DA:536,300536
DA:539,300536
DA:540,22203
DA:541,278333
DA:544,278333
DA:545,278333
DA:548,278333
DA:549,367037
DA:577,721
DA:579,721
DA:580,1
DA:581,720
DA:583,720
DA:584,720
DA:585,721
DA:615,3
DA:617,3
DA:618,1
DA:619,2
DA:621,2
DA:623,2
DA:624,2
DA:625,2
DA:626,2
DA:627,3
DA:650,2502
DA:651,2502
DA:652,2502
DA:676,259
DA:677,259
DA:678,259
DA:679,259
DA:707,6
DA:708,6
DA:709,6
DA:710,6
DA:711,6
DA:712,6
DA:713,6
DA:715,6
DA:716,1
DA:717,5
DA:720,5
DA:721,1
DA:722,4
DA:724,4
DA:725,1
DA:726,3
DA:729,3
DA:730,1
DA:731,2
DA:734,2
DA:735,2
DA:738,2
DA:739,2
DA:742,2
DA:743,17
DA:744,17
DA:745,17
DA:746,17
DA:747,17
DA:749,2
DA:750,6
DA:777,4
DA:779,4
DA:780,1
DA:781,3
DA:784,3
DA:785,1
DA:786,2
DA:789,2
DA:790,2
DA:793,6
DA:795,2
DA:796,1
DA:797,1
DA:800,6
DA:801,6
DA:802,6
DA:804,1
DA:805,4
DA:835,5
DA:836,5
DA:837,5
DA:838,5
DA:839,5
DA:841,5
DA:842,1
DA:843,4
DA:848,1012
DA:849,1012
DA:850,1
DA:851,1011
DA:852,1011
DA:853,1
DA:854,1010
DA:858,1010
DA:859,1010
DA:860,1010
DA:861,1010
DA:862,1010
DA:863,1010
DA:865,2
DA:866,5
DA:896,3
DA:898,13
DA:899,13
DA:900,1
DA:901,12
DA:905,3
DA:907,2
DA:908,1
DA:909,1
DA:912,10
DA:913,10
DA:914,10
DA:915,10
DA:917,1
DA:918,3
DA:941,3
DA:942,3
DA:944,3
DA:945,1
DA:946,2
DA:949,7
DA:950,2
DA:953,2
DA:954,2
DA:956,5
DA:957,5
DA:959,5
DA:960,4
DA:961,4
DA:962,4
DA:963,1
DA:964,1
DA:965,1
DA:966,1
DA:967,1
DA:968,1
DA:969,1
DA:970,1
DA:974,2
DA:975,2
DA:976,2
DA:979,2
DA:980,3
DA:1002,2
DA:1003,2
DA:1004,1
DA:1005,1
DA:1007,2
DA:1008,2
DA:1010,1
DA:1011,1
DA:1013,1
DA:1014,2
DA:1041,3
DA:1042,3
DA:1043,1
DA:1044,2
DA:1046,2
DA:1047,2
DA:1049,19
DA:1050,3
DA:1068,3
DA:1069,12
DA:1070,12
DA:1071,12
DA:1072,12
DA:1073,12
DA:1074,3
DA:1080,0
DA:1082,0
DA:1083,0
DA:1090,5
DA:1091,5
DA:1092,5
DA:1096,2
DA:1097,2
DA:1098,2
DA:1099,2
DA:1128,4
DA:1129,4
DA:1130,4
DA:1131,4
DA:1132,4
DA:1134,4
DA:1135,1
DA:1136,3
DA:1139,3
DA:1142,102
DA:1143,102
DA:1144,1
DA:1145,101
DA:1146,101
DA:1147,1
DA:1148,100
DA:1150,100
DA:1151,100
DA:1152,100
DA:1153,100
DA:1159,100
DA:1160,100
DA:1161,100
DA:1163,1
DA:1164,4
DA:1167,3
DA:1169,53
DA:1170,53
DA:1171,1
DA:1172,52
DA:1176,3
DA:1178,2
DA:1179,1
DA:1180,1
DA:1183,50
DA:1184,50
DA:1185,50
DA:1186,50
DA:1188,1
DA:1189,3
DA:1192,3
DA:1193,3
DA:1194,3
DA:1195,3
DA:1196,3
DA:1198,3
DA:1199,1
DA:1200,2
DA:1203,11
DA:1204,11
DA:1205,1
DA:1206,10
DA:1210,10
DA:1211,10
DA:1212,10
DA:1213,10
DA:1214,10
DA:1217,1
DA:1218,3
DA:1223,5
DA:1224,5
DA:1227,5
DA:1230,5
DA:1231,5
DA:1232,5
DA:1233,5
DA:1234,5
DA:1239,2
DA:1240,2
DA:1241,2
DA:1243,2
DA:1244,11
DA:1245,11
DA:1246,5
DA:1247,5
DA:1248,5
DA:1249,5
DA:1250,5
DA:1251,6
DA:1254,2
DA:1255,1
DA:1256,1
DA:1258,2
DA:1259,2
DA:1262,1
DA:1263,1
DA:1265,1
DA:1267,1
DA:1268,1
DA:1269,1
DA:1270,1
DA:1271,1
DA:1275,3
DA:1276,3
DA:1277,3
DA:1278,3
DA:1279,3
DA:1280,3
DA:1284,1
DA:1285,1
DA:1286,1
DA:1287,1
DA:1291,4
DA:1292,4
DA:1293,4
DA:1299,5
DA:1300,5
DA:1302,5
DA:1303,5
DA:1305,5
DA:1307,5
DA:1308,5
DA:1309,5
DA:1310,5
DA:1316,1
DA:1318,1
DA:1319,1
DA:1325,1
DA:1327,1
DA:1333,1
DA:1335,1
DA:1341,1121087
DA:1342,1121087
DA:1343,1121087
DA:1347,300536
DA:1348,300536
DA:1349,300536
DA:1353,1
DA:1354,1
DA:1355,1
DA:1365,1
DA:1366,1
DA:1367,1
DA:1368,1
DA:1371,1
DA:1372,1
DA:1373,1
DA:1374,1
DA:1376,1
DA:1377,1
DA:1378,1
DA:1380,1
DA:1381,1
DA:1382,1
DA:1385,1
DA:1386,1
DA:1387,1
DA:1388,1
DA:1390,1
DA:1391,1
DA:1392,1
DA:1394,1
DA:1395,1
DA:1396,1
DA:1398,1
DA:1399,1
DA:1402,1
DA:1403,1
DA:1404,1
DA:1405,1
DA:1407,1
DA:1408,1
DA:1409,1
DA:1411,1
DA:1412,1
DA:1413,1
BRF:0
BRH:0
LF:513
LH:496
end_of_record
SF:/home/jpgreninger/Work/smmu/rust/smmu/src/cache/mod.rs
FN:573,_RNvMs9_NtCseLboBoj3wMS_4smmu5cacheNtB5_8TlbCache6lookup
FN:72,_RNvMNtCseLboBoj3wMS_4smmu5cacheNtB2_10CacheEntry3newB4_
FN:144,_RNvMs0_NtCseLboBoj3wMS_4smmu5cacheNtB5_8CacheKey3newB7_
FN:412,_RNvMs7_NtCseLboBoj3wMS_4smmu5cacheNtB5_15CacheStatistics10get_missesB7_
FN:400,_RNvMs7_NtCseLboBoj3wMS_4smmu5cacheNtB5_15CacheStatistics11get_lookupsB7_
FN:418,_RNvMs7_NtCseLboBoj3wMS_4smmu5cacheNtB5_15CacheStatistics13get_evictionsB7_
FN:424,_RNvMs7_NtCseLboBoj3wMS_4smmu5cacheNtB5_15CacheStatistics14get_insertionsB7_
FN:430,_RNvMs7_NtCseLboBoj3wMS_4smmu5cacheNtB5_15CacheStatistics17get_invalidationsB7_
FN:376,_RNvMs7_NtCseLboBoj3wMS_4smmu5cacheNtB5_15CacheStatistics3newB7_
FN:406,_RNvMs7_NtCseLboBoj3wMS_4smmu5cacheNtB5_15CacheStatistics8get_hitsB7_
FN:896,_RNvMs9_NtCseLboBoj3wMS_4smmu5cacheNtB5_8TlbCache10statisticsB7_
FN:678,_RNvMs9_NtCseLboBoj3wMS_4smmu5cacheNtB5_8TlbCache12remove_entryB7_
FN:692,_RNvMs9_NtCseLboBoj3wMS_4smmu5cacheNtB5_8TlbCache14invalidate_all
FN:873,_RNvMs9_NtCseLboBoj3wMS_4smmu5cacheNtB5_8TlbCache16invalidate_entry
FN:748,_RNvMs9_NtCseLboBoj3wMS_4smmu5cacheNtB5_8TlbCache19invalidate_by_pasid
FN:712,_RNvMs9_NtCseLboBoj3wMS_4smmu5cacheNtB5_8TlbCache20invalidate_by_stream
FN:827,_RNvMs9_NtCseLboBoj3wMS_4smmu5cacheNtB5_8TlbCache22invalidate_by_va_range
FN:785,_RNvMs9_NtCseLboBoj3wMS_4smmu5cacheNtB5_8TlbCache26invalidate_by_stream_pasid
FN:922,_RNvMs9_NtCseLboBoj3wMS_4smmu5cacheNtB5_8TlbCache3lenB7_
FN:543,_RNvMs9_NtCseLboBoj3wMS_4smmu5cacheNtB5_8TlbCache3new
FN:613,_RNvMs9_NtCseLboBoj3wMS_4smmu5cacheNtB5_8TlbCache6insertB7_
FN:287,_RNvXs4_NtCseLboBoj3wMS_4smmu5cacheNtB5_8FxHasherNtNtCslH02haMvknO_4core4hash6Hasher5writeB7_
FN:282,_RNvXs4_NtCseLboBoj3wMS_4smmu5cacheNtB5_8FxHasherNtNtCslH02haMvknO_4core4hash6Hasher6finishB7_
FN:302,_RNvXs4_NtCseLboBoj3wMS_4smmu5cacheNtB5_8FxHasherNtNtCslH02haMvknO_4core4hash6Hasher9write_u32B7_
FN:295,_RNvXs4_NtCseLboBoj3wMS_4smmu5cacheNtB5_8FxHasherNtNtCslH02haMvknO_4core4hash6Hasher9write_u64B7_
FN:311,_RNvXs5_NtCseLboBoj3wMS_4smmu5cacheNtB5_13FxBuildHasherNtNtCslH02haMvknO_4core4hash11BuildHasher12build_hasherB7_
FN:337,_RNvXs6_NtCseLboBoj3wMS_4smmu5cacheNtB5_17ReplacementPolicyNtNtCslH02haMvknO_4core7default7Default7default
FN:466,_RNvXs8_NtCseLboBoj3wMS_4smmu5cacheNtB5_15CacheStatisticsNtNtCslH02haMvknO_4core7default7Default7default
FN:102,_RNvXs_NtCseLboBoj3wMS_4smmu5cacheNtB4_10CacheEntryNtNtCslH02haMvknO_4core7default7Default7default
FN:969,_RNvXsa_NtCseLboBoj3wMS_4smmu5cacheNtB5_8TlbCacheNtNtCslH02haMvknO_4core3fmt5Debug3fmt
FN:661,_RNCNvMs9_NtCseLboBoj3wMS_4smmu5cacheNtB7_8TlbCache9evict_one0B9_
FN:666,_RNCNvMs9_NtCseLboBoj3wMS_4smmu5cacheNtB7_8TlbCache9evict_ones0_0B9_
FN:662,_RNCNvMs9_NtCseLboBoj3wMS_4smmu5cacheNtB7_8TlbCache9evict_ones_0B9_
FN:84,_RNvMNtCseLboBoj3wMS_4smmu5cacheNtB2_10CacheEntry17new_with_securityB4_
FN:178,_RNvMs1_NtCseLboBoj3wMS_4smmu5cacheNtB5_12CacheKeyHash4hash
FN:229,_RNvMs2_NtCseLboBoj3wMS_4smmu5cacheNtB5_14StreamPASIDKey3newB7_
FN:245,_RNvMs3_NtCseLboBoj3wMS_4smmu5cacheNtB5_18StreamPASIDKeyHash4hash
FN:389,_RNvMs7_NtCseLboBoj3wMS_4smmu5cacheNtB5_15CacheStatistics5resetB7_
FN:438,_RNvMs7_NtCseLboBoj3wMS_4smmu5cacheNtB5_15CacheStatistics8hit_rateB7_
FN:453,_RNvMs7_NtCseLboBoj3wMS_4smmu5cacheNtB5_15CacheStatistics9miss_rateB7_
FN:635,_RNvMs9_NtCseLboBoj3wMS_4smmu5cacheNtB5_8TlbCache14evict_one_fast
FN:910,_RNvMs9_NtCseLboBoj3wMS_4smmu5cacheNtB5_8TlbCache16clear_statisticsB7_
FN:963,_RNvMs9_NtCseLboBoj3wMS_4smmu5cacheNtB5_8TlbCache6policyB7_
FN:948,_RNvMs9_NtCseLboBoj3wMS_4smmu5cacheNtB5_8TlbCache8capacityB7_
FN:936,_RNvMs9_NtCseLboBoj3wMS_4smmu5cacheNtB5_8TlbCache8is_emptyB7_
FN:655,_RNvMs9_NtCseLboBoj3wMS_4smmu5cacheNtB5_8TlbCache9evict_one
FN:178,_RNvMs1_NtCsaa0oTgBdzfm_4smmu5cacheNtB5_12CacheKeyHash4hash
FN:245,_RNvMs3_NtCsaa0oTgBdzfm_4smmu5cacheNtB5_18StreamPASIDKeyHash4hash
FN:573,_RNvMs9_NtCsaa0oTgBdzfm_4smmu5cacheNtB5_8TlbCache6lookup
FN:1344,_RNvNtNtCsaa0oTgBdzfm_4smmu5cache5testss_18test_cache_key_new
FN:2171,_RNvNtNtCsaa0oTgBdzfm_4smmu5cache5testss_22test_tlb_cache_new_lru
FN:2180,_RNvNtNtCsaa0oTgBdzfm_4smmu5cache5testss_23test_tlb_cache_new_fifo
FN:1071,_RNvNtNtCsaa0oTgBdzfm_4smmu5cache5testss_25test_cache_entry_equality
FN:1471,_RNvNtNtCsaa0oTgBdzfm_4smmu5cache5testss_25test_cache_key_max_values
FN:1484,_RNvNtNtCsaa0oTgBdzfm_4smmu5cache5testss_25test_cache_key_min_values
FN:1881,_RNvNtNtCsaa0oTgBdzfm_4smmu5cache5testss_25test_stream_pasid_key_new
FN:2213,_RNvNtNtCsaa0oTgBdzfm_4smmu5cache5testss_25test_tlb_cache_lookup_hit
FN:1262,_RNvNtNtCsaa0oTgBdzfm_4smmu5cache5testss_26test_cache_entry_const_new
FN:1524,_RNvNtNtCsaa0oTgBdzfm_4smmu5cache5testss_26test_cache_key_hashability
FN:2238,_RNvNtNtCsaa0oTgBdzfm_4smmu5cache5testss_26test_tlb_cache_lookup_miss
FN:1445,_RNvNtNtCsaa0oTgBdzfm_4smmu5cache5testss_27test_cache_key_debug_format
FN:2745,_RNvNtNtCsaa0oTgBdzfm_4smmu5cache5testss_27test_tlb_cache_debug_format
FN:2276,_RNvNtNtCsaa0oTgBdzfm_4smmu5cache5testss_27test_tlb_cache_eviction_lru
FN:2312,_RNvNtNtCsaa0oTgBdzfm_4smmu5cache5testss_28test_tlb_cache_eviction_fifo
FN:2195,_RNvNtNtCsaa0oTgBdzfm_4smmu5cache5testss_28test_tlb_cache_insert_single
FN:1146,_RNvNtNtCsaa0oTgBdzfm_4smmu5cache5testss_29test_cache_entry_debug_format
FN:1421,_RNvNtNtCsaa0oTgBdzfm_4smmu5cache5testss_29test_cache_key_copy_semantics
FN:2346,_RNvNtNtCsaa0oTgBdzfm_4smmu5cache5testss_29test_tlb_cache_invalidate_all
FN:2723,_RNvNtNtCsaa0oTgBdzfm_4smmu5cache5testss_29test_tlb_cache_large_capacity
FN:1172,_RNvNtNtCsaa0oTgBdzfm_4smmu5cache5testss_30test_cache_entry_max_timestamp
FN:1433,_RNvNtNtCsaa0oTgBdzfm_4smmu5cache5testss_30test_cache_key_clone_semantics
FN:1754,_RNvNtNtCsaa0oTgBdzfm_4smmu5cache5testss_30test_cache_key_hash_large_iova
FN:1651,_RNvNtNtCsaa0oTgBdzfm_4smmu5cache5testss_30test_cache_key_hash_max_values
FN:1663,_RNvNtNtCsaa0oTgBdzfm_4smmu5cache5testss_30test_cache_key_hash_min_values
FN:1892,_RNvNtNtCsaa0oTgBdzfm_4smmu5cache5testss_30test_stream_pasid_key_equality
FN:1053,_RNvNtNtCsaa0oTgBdzfm_4smmu5cache5testss_31test_cache_entry_copy_semantics
FN:1166,_RNvNtNtCsaa0oTgBdzfm_4smmu5cache5testss_31test_cache_entry_zero_timestamp
FN:2755,_RNvNtNtCsaa0oTgBdzfm_4smmu5cache5testss_31test_tlb_cache_empty_operations
FN:2512,_RNvNtNtCsaa0oTgBdzfm_4smmu5cache5testss_31test_tlb_cache_invalidate_entry
FN:2255,_RNvNtNtCsaa0oTgBdzfm_4smmu5cache5testss_31test_tlb_cache_multiple_inserts
FN:2566,_RNvNtNtCsaa0oTgBdzfm_4smmu5cache5testss_31test_tlb_cache_statistics_clear
FN:1063,_RNvNtNtCsaa0oTgBdzfm_4smmu5cache5testss_32test_cache_entry_clone_semantics
FN:1153,_RNvNtNtCsaa0oTgBdzfm_4smmu5cache5testss_32test_cache_entry_large_addresses
FN:1286,_RNvNtNtCsaa0oTgBdzfm_4smmu5cache5testss_32test_cache_entry_multiple_copies
FN:1240,_RNvNtNtCsaa0oTgBdzfm_4smmu5cache5testss_32test_cache_entry_permissions_all
FN:1829,_RNvNtNtCsaa0oTgBdzfm_4smmu5cache5testss_32test_cache_key_hash_wrapping_mul
FN:1497,_RNvNtNtCsaa0oTgBdzfm_4smmu5cache5testss_32test_cache_key_page_aligned_iova
FN:1972,_RNvNtNtCsaa0oTgBdzfm_4smmu5cache5testss_32test_stream_pasid_key_max_values
FN:1983,_RNvNtNtCsaa0oTgBdzfm_4smmu5cache5testss_32test_stream_pasid_key_min_values
FN:2190,_RNvNtNtCsaa0oTgBdzfm_4smmu5cache5testss_32test_tlb_cache_new_zero_capacity
FN:1182,_RNvNtNtCsaa0oTgBdzfm_4smmu5cache5testss_33test_cache_entry_permissions_none
FN:1457,_RNvNtNtCsaa0oTgBdzfm_4smmu5cache5testss_33test_cache_key_const_construction
FN:1557,_RNvNtNtCsaa0oTgBdzfm_4smmu5cache5testss_33test_cache_key_hash_deterministic
FN:1846,_RNvNtNtCsaa0oTgBdzfm_4smmu5cache5testss_33test_cache_key_hash_fnv_algorithm
FN:1994,_RNvNtNtCsaa0oTgBdzfm_4smmu5cache5testss_33test_stream_pasid_key_hashability
FN:2600,_RNvNtNtCsaa0oTgBdzfm_4smmu5cache5testss_33test_tlb_cache_concurrent_inserts
FN:2636,_RNvNtNtCsaa0oTgBdzfm_4smmu5cache5testss_33test_tlb_cache_concurrent_lookups
FN:1508,_RNvNtNtCsaa0oTgBdzfm_4smmu5cache5testss_34test_cache_key_all_security_states
FN:1949,_RNvNtNtCsaa0oTgBdzfm_4smmu5cache5testss_34test_stream_pasid_key_debug_format
FN:2407,_RNvNtNtCsaa0oTgBdzfm_4smmu5cache5testss_34test_tlb_cache_invalidate_by_pasid
FN:2536,_RNvNtNtCsaa0oTgBdzfm_4smmu5cache5testss_34test_tlb_cache_statistics_hit_rate
FN:1358,_RNvNtNtCsaa0oTgBdzfm_4smmu5cache5testss_35test_cache_key_equality_same_values
FN:1587,_RNvNtNtCsaa0oTgBdzfm_4smmu5cache5testss_35test_cache_key_hash_different_pasid
FN:2372,_RNvNtNtCsaa0oTgBdzfm_4smmu5cache5testss_35test_tlb_cache_invalidate_by_stream
FN:2790,_RNvNtNtCsaa0oTgBdzfm_4smmu5cache5testss_35test_tlb_cache_lru_timestamp_update
FN:1783,_RNvNtNtCsaa0oTgBdzfm_4smmu5cache5testss_36test_cache_key_hash_avalanche_effect
FN:1927,_RNvNtNtCsaa0oTgBdzfm_4smmu5cache5testss_36test_stream_pasid_key_copy_semantics
FN:2768,_RNvNtNtCsaa0oTgBdzfm_4smmu5cache5testss_36test_tlb_cache_permissions_preserved
FN:992,_RNvNtNtCsaa0oTgBdzfm_4smmu5cache5testss_37test_cache_entry_default_construction
FN:1002,_RNvNtNtCsaa0oTgBdzfm_4smmu5cache5testss_37test_cache_entry_new_default_security
FN:1938,_RNvNtNtCsaa0oTgBdzfm_4smmu5cache5testss_37test_stream_pasid_key_clone_semantics
FN:2066,_RNvNtNtCsaa0oTgBdzfm_4smmu5cache5testss_37test_stream_pasid_key_hash_max_values
FN:2077,_RNvNtNtCsaa0oTgBdzfm_4smmu5cache5testss_37test_stream_pasid_key_hash_min_values
FN:2483,_RNvNtNtCsaa0oTgBdzfm_4smmu5cache5testss_37test_tlb_cache_invalidate_by_va_range
FN:1188,_RNvNtNtCsaa0oTgBdzfm_4smmu5cache5testss_38test_cache_entry_permissions_read_only
FN:1324,_RNvNtNtCsaa0oTgBdzfm_4smmu5cache5testss_38test_cache_entry_security_state_values
FN:2836,_RNvNtNtCsaa0oTgBdzfm_4smmu5cache5testss_38test_tlb_cache_statistics_zero_lookups
FN:1299,_RNvNtNtCsaa0oTgBdzfm_4smmu5cache5testss_39test_cache_entry_page_aligned_addresses
FN:1220,_RNvNtNtCsaa0oTgBdzfm_4smmu5cache5testss_39test_cache_entry_permissions_read_write
FN:1198,_RNvNtNtCsaa0oTgBdzfm_4smmu5cache5testss_39test_cache_entry_permissions_write_only
FN:1603,_RNvNtNtCsaa0oTgBdzfm_4smmu5cache5testss_39test_cache_key_hash_different_iova_page
FN:1571,_RNvNtNtCsaa0oTgBdzfm_4smmu5cache5testss_39test_cache_key_hash_different_stream_id
FN:1619,_RNvNtNtCsaa0oTgBdzfm_4smmu5cache5testss_39test_cache_key_hash_page_offset_ignored
FN:2813,_RNvNtNtCsaa0oTgBdzfm_4smmu5cache5testss_39test_tlb_cache_fifo_no_timestamp_update
FN:2685,_RNvNtNtCsaa0oTgBdzfm_4smmu5cache5testss_39test_tlb_cache_security_state_isolation
FN:1272,_RNvNtNtCsaa0oTgBdzfm_4smmu5cache5testss_40test_cache_entry_const_new_with_security
FN:1096,_RNvNtNtCsaa0oTgBdzfm_4smmu5cache5testss_40test_cache_entry_inequality_different_pa
FN:1041,_RNvNtNtCsaa0oTgBdzfm_4smmu5cache5testss_40test_cache_entry_new_with_security_realm
FN:1805,_RNvNtNtCsaa0oTgBdzfm_4smmu5cache5testss_40test_cache_key_hash_collision_resistance
FN:1396,_RNvNtNtCsaa0oTgBdzfm_4smmu5cache5testss_40test_cache_key_inequality_different_iova
FN:1960,_RNvNtNtCsaa0oTgBdzfm_4smmu5cache5testss_40test_stream_pasid_key_const_construction
FN:2023,_RNvNtNtCsaa0oTgBdzfm_4smmu5cache5testss_40test_stream_pasid_key_hash_deterministic
FN:2147,_RNvNtNtCsaa0oTgBdzfm_4smmu5cache5testss_40test_stream_pasid_key_hash_fnv_algorithm
FN:1029,_RNvNtNtCsaa0oTgBdzfm_4smmu5cache5testss_41test_cache_entry_new_with_security_secure
FN:1208,_RNvNtNtCsaa0oTgBdzfm_4smmu5cache5testss_41test_cache_entry_permissions_execute_only
FN:1230,_RNvNtNtCsaa0oTgBdzfm_4smmu5cache5testss_41test_cache_entry_permissions_read_execute
FN:1545,_RNvNtNtCsaa0oTgBdzfm_4smmu5cache5testss_41test_cache_key_hash_uses_murmur_constants
FN:1383,_RNvNtNtCsaa0oTgBdzfm_4smmu5cache5testss_41test_cache_key_inequality_different_pasid
FN:2442,_RNvNtNtCsaa0oTgBdzfm_4smmu5cache5testss_41test_tlb_cache_invalidate_by_stream_pasid
FN:2594,_RNvNtNtCsaa0oTgBdzfm_4smmu5cache5testss_41test_tlb_cache_replacement_policy_default
FN:1083,_RNvNtNtCsaa0oTgBdzfm_4smmu5cache5testss_42test_cache_entry_inequality_different_iova
FN:1250,_RNvNtNtCsaa0oTgBdzfm_4smmu5cache5testss_42test_cache_entry_permissions_write_execute
FN:1766,_RNvNtNtCsaa0oTgBdzfm_4smmu5cache5testss_42test_cache_key_hash_page_number_upper_bits
FN:2051,_RNvNtNtCsaa0oTgBdzfm_4smmu5cache5testss_42test_stream_pasid_key_hash_different_pasid
FN:2866,_RNvNtNtCsaa0oTgBdzfm_4smmu5cache5testss_42test_tlb_cache_multiple_streams_same_pasid
FN:2891,_RNvNtNtCsaa0oTgBdzfm_4smmu5cache5testss_42test_tlb_cache_same_stream_multiple_pasids
FN:1311,_RNvNtNtCsaa0oTgBdzfm_4smmu5cache5testss_43test_cache_entry_non_page_aligned_addresses
FN:2036,_RNvNtNtCsaa0oTgBdzfm_4smmu5cache5testss_43test_stream_pasid_key_hash_different_stream
FN:2014,_RNvNtNtCsaa0oTgBdzfm_4smmu5cache5testss_43test_stream_pasid_key_hash_uses_fast_mixing
FN:1017,_RNvNtNtCsaa0oTgBdzfm_4smmu5cache5testss_44test_cache_entry_new_with_security_nonsecure
FN:1636,_RNvNtNtCsaa0oTgBdzfm_4smmu5cache5testss_44test_cache_key_hash_different_security_state
FN:2843,_RNvNtNtCsaa0oTgBdzfm_4smmu5cache5testss_44test_tlb_cache_invalidate_nonexistent_stream
FN:1370,_RNvNtNtCsaa0oTgBdzfm_4smmu5cache5testss_45test_cache_key_inequality_different_stream_id
FN:2108,_RNvNtNtCsaa0oTgBdzfm_4smmu5cache5testss_46test_stream_pasid_key_hash_distribution_pasids
FN:1134,_RNvNtNtCsaa0oTgBdzfm_4smmu5cache5testss_47test_cache_entry_inequality_different_timestamp
FN:2126,_RNvNtNtCsaa0oTgBdzfm_4smmu5cache5testss_47test_stream_pasid_key_hash_collision_resistance
FN:2090,_RNvNtNtCsaa0oTgBdzfm_4smmu5cache5testss_47test_stream_pasid_key_hash_distribution_streams
FN:1715,_RNvNtNtCsaa0oTgBdzfm_4smmu5cache5testss_48test_cache_key_hash_distribution_different_pages
FN:1734,_RNvNtNtCsaa0oTgBdzfm_4smmu5cache5testss_48test_cache_key_hash_distribution_security_states
FN:1915,_RNvNtNtCsaa0oTgBdzfm_4smmu5cache5testss_48test_stream_pasid_key_inequality_different_pasid
FN:1109,_RNvNtNtCsaa0oTgBdzfm_4smmu5cache5testss_49test_cache_entry_inequality_different_permissions
FN:1696,_RNvNtNtCsaa0oTgBdzfm_4smmu5cache5testss_49test_cache_key_hash_distribution_different_pasids
FN:1903,_RNvNtNtCsaa0oTgBdzfm_4smmu5cache5testss_49test_stream_pasid_key_inequality_different_stream
FN:1677,_RNvNtNtCsaa0oTgBdzfm_4smmu5cache5testss_50test_cache_key_hash_distribution_different_streams
FN:1409,_RNvNtNtCsaa0oTgBdzfm_4smmu5cache5testss_50test_cache_key_inequality_different_security_state
FN:1122,_RNvNtNtCsaa0oTgBdzfm_4smmu5cache5testss_52test_cache_entry_inequality_different_security_state
FN:84,_RNvMNtCsaa0oTgBdzfm_4smmu5cacheNtB2_10CacheEntry17new_with_securityB4_
FN:72,_RNvMNtCsaa0oTgBdzfm_4smmu5cacheNtB2_10CacheEntry3newB4_
FN:144,_RNvMs0_NtCsaa0oTgBdzfm_4smmu5cacheNtB5_8CacheKey3newB7_
FN:229,_RNvMs2_NtCsaa0oTgBdzfm_4smmu5cacheNtB5_14StreamPASIDKey3newB7_
FN:412,_RNvMs7_NtCsaa0oTgBdzfm_4smmu5cacheNtB5_15CacheStatistics10get_missesB7_
FN:400,_RNvMs7_NtCsaa0oTgBdzfm_4smmu5cacheNtB5_15CacheStatistics11get_lookupsB7_
FN:418,_RNvMs7_NtCsaa0oTgBdzfm_4smmu5cacheNtB5_15CacheStatistics13get_evictionsB7_
FN:424,_RNvMs7_NtCsaa0oTgBdzfm_4smmu5cacheNtB5_15CacheStatistics14get_insertionsB7_
FN:430,_RNvMs7_NtCsaa0oTgBdzfm_4smmu5cacheNtB5_15CacheStatistics17get_invalidationsB7_
FN:376,_RNvMs7_NtCsaa0oTgBdzfm_4smmu5cacheNtB5_15CacheStatistics3newB7_
FN:389,_RNvMs7_NtCsaa0oTgBdzfm_4smmu5cacheNtB5_15CacheStatistics5resetB7_
FN:406,_RNvMs7_NtCsaa0oTgBdzfm_4smmu5cacheNtB5_15CacheStatistics8get_hitsB7_
FN:438,_RNvMs7_NtCsaa0oTgBdzfm_4smmu5cacheNtB5_15CacheStatistics8hit_rateB7_
FN:453,_RNvMs7_NtCsaa0oTgBdzfm_4smmu5cacheNtB5_15CacheStatistics9miss_rateB7_
FN:896,_RNvMs9_NtCsaa0oTgBdzfm_4smmu5cacheNtB5_8TlbCache10statisticsB7_
FN:678,_RNvMs9_NtCsaa0oTgBdzfm_4smmu5cacheNtB5_8TlbCache12remove_entryB7_
FN:692,_RNvMs9_NtCsaa0oTgBdzfm_4smmu5cacheNtB5_8TlbCache14invalidate_all
FN:910,_RNvMs9_NtCsaa0oTgBdzfm_4smmu5cacheNtB5_8TlbCache16clear_statisticsB7_
FN:873,_RNvMs9_NtCsaa0oTgBdzfm_4smmu5cacheNtB5_8TlbCache16invalidate_entry
FN:748,_RNvMs9_NtCsaa0oTgBdzfm_4smmu5cacheNtB5_8TlbCache19invalidate_by_pasid
FN:712,_RNvMs9_NtCsaa0oTgBdzfm_4smmu5cacheNtB5_8TlbCache20invalidate_by_stream
FN:827,_RNvMs9_NtCsaa0oTgBdzfm_4smmu5cacheNtB5_8TlbCache22invalidate_by_va_range
FN:785,_RNvMs9_NtCsaa0oTgBdzfm_4smmu5cacheNtB5_8TlbCache26invalidate_by_stream_pasid
FN:922,_RNvMs9_NtCsaa0oTgBdzfm_4smmu5cacheNtB5_8TlbCache3lenB7_
FN:543,_RNvMs9_NtCsaa0oTgBdzfm_4smmu5cacheNtB5_8TlbCache3new
FN:613,_RNvMs9_NtCsaa0oTgBdzfm_4smmu5cacheNtB5_8TlbCache6insertB7_
FN:963,_RNvMs9_NtCsaa0oTgBdzfm_4smmu5cacheNtB5_8TlbCache6policyB7_
FN:948,_RNvMs9_NtCsaa0oTgBdzfm_4smmu5cacheNtB5_8TlbCache8capacityB7_
FN:936,_RNvMs9_NtCsaa0oTgBdzfm_4smmu5cacheNtB5_8TlbCache8is_emptyB7_
FN:287,_RNvXs4_NtCsaa0oTgBdzfm_4smmu5cacheNtB5_8FxHasherNtNtCslH02haMvknO_4core4hash6Hasher5writeB7_
FN:282,_RNvXs4_NtCsaa0oTgBdzfm_4smmu5cacheNtB5_8FxHasherNtNtCslH02haMvknO_4core4hash6Hasher6finishB7_
FN:302,_RNvXs4_NtCsaa0oTgBdzfm_4smmu5cacheNtB5_8FxHasherNtNtCslH02haMvknO_4core4hash6Hasher9write_u32B7_
FN:295,_RNvXs4_NtCsaa0oTgBdzfm_4smmu5cacheNtB5_8FxHasherNtNtCslH02haMvknO_4core4hash6Hasher9write_u64B7_
FN:311,_RNvXs5_NtCsaa0oTgBdzfm_4smmu5cacheNtB5_13FxBuildHasherNtNtCslH02haMvknO_4core4hash11BuildHasher12build_hasherB7_
FN:337,_RNvXs6_NtCsaa0oTgBdzfm_4smmu5cacheNtB5_17ReplacementPolicyNtNtCslH02haMvknO_4core7default7Default7default
FN:102,_RNvXs_NtCsaa0oTgBdzfm_4smmu5cacheNtB4_10CacheEntryNtNtCslH02haMvknO_4core7default7Default7default
FN:969,_RNvXsa_NtCsaa0oTgBdzfm_4smmu5cacheNtB5_8TlbCacheNtNtCslH02haMvknO_4core3fmt5Debug3fmt
FN:2610,_RNCNvNtNtCsaa0oTgBdzfm_4smmu5cache5testss_33test_tlb_cache_concurrent_inserts0B7_
FN:2660,_RNCNvNtNtCsaa0oTgBdzfm_4smmu5cache5testss_33test_tlb_cache_concurrent_lookups0B7_
FN:661,_RNCNvMs9_NtCsaa0oTgBdzfm_4smmu5cacheNtB7_8TlbCache9evict_one0B9_
FN:666,_RNCNvMs9_NtCsaa0oTgBdzfm_4smmu5cacheNtB7_8TlbCache9evict_ones0_0B9_
FN:662,_RNCNvMs9_NtCsaa0oTgBdzfm_4smmu5cacheNtB7_8TlbCache9evict_ones_0B9_
FN:635,_RNvMs9_NtCsaa0oTgBdzfm_4smmu5cacheNtB5_8TlbCache14evict_one_fast
FN:655,_RNvMs9_NtCsaa0oTgBdzfm_4smmu5cacheNtB5_8TlbCache9evict_one
FN:466,_RNvXs8_NtCsaa0oTgBdzfm_4smmu5cacheNtB5_15CacheStatisticsNtNtCslH02haMvknO_4core7default7Default7default
FNDA:361273,_RNvMs9_NtCseLboBoj3wMS_4smmu5cacheNtB5_8TlbCache6lookup
FNDA:50546,_RNvMNtCseLboBoj3wMS_4smmu5cacheNtB2_10CacheEntry3newB4_
FNDA:926506,_RNvMs0_NtCseLboBoj3wMS_4smmu5cacheNtB5_8CacheKey3newB7_
FNDA:35,_RNvMs7_NtCseLboBoj3wMS_4smmu5cacheNtB5_15CacheStatistics10get_missesB7_
FNDA:35,_RNvMs7_NtCseLboBoj3wMS_4smmu5cacheNtB5_15CacheStatistics11get_lookupsB7_
FNDA:35,_RNvMs7_NtCseLboBoj3wMS_4smmu5cacheNtB5_15CacheStatistics13get_evictionsB7_
FNDA:35,_RNvMs7_NtCseLboBoj3wMS_4smmu5cacheNtB5_15CacheStatistics14get_insertionsB7_
FNDA:35,_RNvMs7_NtCseLboBoj3wMS_4smmu5cacheNtB5_15CacheStatistics17get_invalidationsB7_
FNDA:484,_RNvMs7_NtCseLboBoj3wMS_4smmu5cacheNtB5_15CacheStatistics3newB7_
FNDA:35,_RNvMs7_NtCseLboBoj3wMS_4smmu5cacheNtB5_15CacheStatistics8get_hitsB7_
FNDA:35,_RNvMs9_NtCseLboBoj3wMS_4smmu5cacheNtB5_8TlbCache10statisticsB7_
FNDA:10,_RNvMs9_NtCseLboBoj3wMS_4smmu5cacheNtB5_8TlbCache12remove_entryB7_
FNDA:11,_RNvMs9_NtCseLboBoj3wMS_4smmu5cacheNtB5_8TlbCache14invalidate_all
FNDA:565233,_RNvMs9_NtCseLboBoj3wMS_4smmu5cacheNtB5_8TlbCache16invalidate_entry
FNDA:0,_RNvMs9_NtCseLboBoj3wMS_4smmu5cacheNtB5_8TlbCache19invalidate_by_pasid
FNDA:6,_RNvMs9_NtCseLboBoj3wMS_4smmu5cacheNtB5_8TlbCache20invalidate_by_stream
FNDA:0,_RNvMs9_NtCseLboBoj3wMS_4smmu5cacheNtB5_8TlbCache22invalidate_by_va_range
FNDA:3,_RNvMs9_NtCseLboBoj3wMS_4smmu5cacheNtB5_8TlbCache26invalidate_by_stream_pasid
FNDA:0,_RNvMs9_NtCseLboBoj3wMS_4smmu5cacheNtB5_8TlbCache3lenB7_
FNDA:484,_RNvMs9_NtCseLboBoj3wMS_4smmu5cacheNtB5_8TlbCache3new
FNDA:50546,_RNvMs9_NtCseLboBoj3wMS_4smmu5cacheNtB5_8TlbCache6insertB7_
FNDA:1984984,_RNvXs4_NtCseLboBoj3wMS_4smmu5cacheNtB5_8FxHasherNtNtCslH02haMvknO_4core4hash6Hasher5writeB7_
FNDA:1984984,_RNvXs4_NtCseLboBoj3wMS_4smmu5cacheNtB5_8FxHasherNtNtCslH02haMvknO_4core4hash6Hasher6finishB7_
FNDA:3969968,_RNvXs4_NtCseLboBoj3wMS_4smmu5cacheNtB5_8FxHasherNtNtCslH02haMvknO_4core4hash6Hasher9write_u32B7_
FNDA:5954952,_RNvXs4_NtCseLboBoj3wMS_4smmu5cacheNtB5_8FxHasherNtNtCslH02haMvknO_4core4hash6Hasher9write_u64B7_
FNDA:1984984,_RNvXs5_NtCseLboBoj3wMS_4smmu5cacheNtB5_13FxBuildHasherNtNtCslH02haMvknO_4core4hash11BuildHasher12build_hasherB7_
FNDA:0,_RNvXs6_NtCseLboBoj3wMS_4smmu5cacheNtB5_17ReplacementPolicyNtNtCslH02haMvknO_4core7default7Default7default
FNDA:0,_RNvXs8_NtCseLboBoj3wMS_4smmu5cacheNtB5_15CacheStatisticsNtNtCslH02haMvknO_4core7default7Default7default
FNDA:0,_RNvXs_NtCseLboBoj3wMS_4smmu5cacheNtB4_10CacheEntryNtNtCslH02haMvknO_4core7default7Default7default
FNDA:0,_RNvXsa_NtCseLboBoj3wMS_4smmu5cacheNtB5_8TlbCacheNtNtCslH02haMvknO_4core3fmt5Debug3fmt
FNDA:0,_RNCNvMs9_NtCseLboBoj3wMS_4smmu5cacheNtB7_8TlbCache9evict_one0B9_
FNDA:0,_RNCNvMs9_NtCseLboBoj3wMS_4smmu5cacheNtB7_8TlbCache9evict_ones0_0B9_
FNDA:0,_RNCNvMs9_NtCseLboBoj3wMS_4smmu5cacheNtB7_8TlbCache9evict_ones_0B9_
FNDA:0,_RNvMNtCseLboBoj3wMS_4smmu5cacheNtB2_10CacheEntry17new_with_securityB4_
FNDA:0,_RNvMs1_NtCseLboBoj3wMS_4smmu5cacheNtB5_12CacheKeyHash4hash
FNDA:0,_RNvMs2_NtCseLboBoj3wMS_4smmu5cacheNtB5_14StreamPASIDKey3newB7_
FNDA:0,_RNvMs3_NtCseLboBoj3wMS_4smmu5cacheNtB5_18StreamPASIDKeyHash4hash
FNDA:0,_RNvMs7_NtCseLboBoj3wMS_4smmu5cacheNtB5_15CacheStatistics5resetB7_
FNDA:0,_RNvMs7_NtCseLboBoj3wMS_4smmu5cacheNtB5_15CacheStatistics8hit_rateB7_
FNDA:0,_RNvMs7_NtCseLboBoj3wMS_4smmu5cacheNtB5_15CacheStatistics9miss_rateB7_
FNDA:0,_RNvMs9_NtCseLboBoj3wMS_4smmu5cacheNtB5_8TlbCache14evict_one_fast
FNDA:0,_RNvMs9_NtCseLboBoj3wMS_4smmu5cacheNtB5_8TlbCache16clear_statisticsB7_
FNDA:0,_RNvMs9_NtCseLboBoj3wMS_4smmu5cacheNtB5_8TlbCache6policyB7_
FNDA:0,_RNvMs9_NtCseLboBoj3wMS_4smmu5cacheNtB5_8TlbCache8capacityB7_
FNDA:0,_RNvMs9_NtCseLboBoj3wMS_4smmu5cacheNtB5_8TlbCache8is_emptyB7_
FNDA:0,_RNvMs9_NtCseLboBoj3wMS_4smmu5cacheNtB5_8TlbCache9evict_one
FNDA:2825,_RNvMs1_NtCsaa0oTgBdzfm_4smmu5cacheNtB5_12CacheKeyHash4hash
FNDA:10209,_RNvMs3_NtCsaa0oTgBdzfm_4smmu5cacheNtB5_18StreamPASIDKeyHash4hash
FNDA:118,_RNvMs9_NtCsaa0oTgBdzfm_4smmu5cacheNtB5_8TlbCache6lookup
FNDA:1,_RNvNtNtCsaa0oTgBdzfm_4smmu5cache5testss_18test_cache_key_new
FNDA:1,_RNvNtNtCsaa0oTgBdzfm_4smmu5cache5testss_22test_tlb_cache_new_lru
FNDA:1,_RNvNtNtCsaa0oTgBdzfm_4smmu5cache5testss_23test_tlb_cache_new_fifo
FNDA:1,_RNvNtNtCsaa0oTgBdzfm_4smmu5cache5testss_25test_cache_entry_equality
FNDA:1,_RNvNtNtCsaa0oTgBdzfm_4smmu5cache5testss_25test_cache_key_max_values
FNDA:1,_RNvNtNtCsaa0oTgBdzfm_4smmu5cache5testss_25test_cache_key_min_values
FNDA:1,_RNvNtNtCsaa0oTgBdzfm_4smmu5cache5testss_25test_stream_pasid_key_new
FNDA:1,_RNvNtNtCsaa0oTgBdzfm_4smmu5cache5testss_25test_tlb_cache_lookup_hit
FNDA:1,_RNvNtNtCsaa0oTgBdzfm_4smmu5cache5testss_26test_cache_entry_const_new
FNDA:1,_RNvNtNtCsaa0oTgBdzfm_4smmu5cache5testss_26test_cache_key_hashability
FNDA:1,_RNvNtNtCsaa0oTgBdzfm_4smmu5cache5testss_26test_tlb_cache_lookup_miss
FNDA:1,_RNvNtNtCsaa0oTgBdzfm_4smmu5cache5testss_27test_cache_key_debug_format
FNDA:1,_RNvNtNtCsaa0oTgBdzfm_4smmu5cache5testss_27test_tlb_cache_debug_format
FNDA:0,_RNvNtNtCsaa0oTgBdzfm_4smmu5cache5testss_27test_tlb_cache_eviction_lru
FNDA:0,_RNvNtNtCsaa0oTgBdzfm_4smmu5cache5testss_28test_tlb_cache_eviction_fifo
FNDA:1,_RNvNtNtCsaa0oTgBdzfm_4smmu5cache5testss_28test_tlb_cache_insert_single
FNDA:1,_RNvNtNtCsaa0oTgBdzfm_4smmu5cache5testss_29test_cache_entry_debug_format
FNDA:1,_RNvNtNtCsaa0oTgBdzfm_4smmu5cache5testss_29test_cache_key_copy_semantics
FNDA:1,_RNvNtNtCsaa0oTgBdzfm_4smmu5cache5testss_29test_tlb_cache_invalidate_all
FNDA:1,_RNvNtNtCsaa0oTgBdzfm_4smmu5cache5testss_29test_tlb_cache_large_capacity
FNDA:1,_RNvNtNtCsaa0oTgBdzfm_4smmu5cache5testss_30test_cache_entry_max_timestamp
FNDA:1,_RNvNtNtCsaa0oTgBdzfm_4smmu5cache5testss_30test_cache_key_clone_semantics
FNDA:1,_RNvNtNtCsaa0oTgBdzfm_4smmu5cache5testss_30test_cache_key_hash_large_iova
FNDA:1,_RNvNtNtCsaa0oTgBdzfm_4smmu5cache5testss_30test_cache_key_hash_max_values
FNDA:1,_RNvNtNtCsaa0oTgBdzfm_4smmu5cache5testss_30test_cache_key_hash_min_values
FNDA:1,_RNvNtNtCsaa0oTgBdzfm_4smmu5cache5testss_30test_stream_pasid_key_equality
FNDA:1,_RNvNtNtCsaa0oTgBdzfm_4smmu5cache5testss_31test_cache_entry_copy_semantics
FNDA:1,_RNvNtNtCsaa0oTgBdzfm_4smmu5cache5testss_31test_cache_entry_zero_timestamp
FNDA:1,_RNvNtNtCsaa0oTgBdzfm_4smmu5cache5testss_31test_tlb_cache_empty_operations
FNDA:1,_RNvNtNtCsaa0oTgBdzfm_4smmu5cache5testss_31test_tlb_cache_invalidate_entry
FNDA:1,_RNvNtNtCsaa0oTgBdzfm_4smmu5cache5testss_31test_tlb_cache_multiple_inserts
FNDA:1,_RNvNtNtCsaa0oTgBdzfm_4smmu5cache5testss_31test_tlb_cache_statistics_clear
FNDA:1,_RNvNtNtCsaa0oTgBdzfm_4smmu5cache5testss_32test_cache_entry_clone_semantics
FNDA:1,_RNvNtNtCsaa0oTgBdzfm_4smmu5cache5testss_32test_cache_entry_large_addresses
FNDA:1,_RNvNtNtCsaa0oTgBdzfm_4smmu5cache5testss_32test_cache_entry_multiple_copies
FNDA:1,_RNvNtNtCsaa0oTgBdzfm_4smmu5cache5testss_32test_cache_entry_permissions_all
FNDA:1,_RNvNtNtCsaa0oTgBdzfm_4smmu5cache5testss_32test_cache_key_hash_wrapping_mul
FNDA:1,_RNvNtNtCsaa0oTgBdzfm_4smmu5cache5testss_32test_cache_key_page_aligned_iova
FNDA:1,_RNvNtNtCsaa0oTgBdzfm_4smmu5cache5testss_32test_stream_pasid_key_max_values
FNDA:1,_RNvNtNtCsaa0oTgBdzfm_4smmu5cache5testss_32test_stream_pasid_key_min_values
FNDA:1,_RNvNtNtCsaa0oTgBdzfm_4smmu5cache5testss_32test_tlb_cache_new_zero_capacity
FNDA:1,_RNvNtNtCsaa0oTgBdzfm_4smmu5cache5testss_33test_cache_entry_permissions_none
FNDA:1,_RNvNtNtCsaa0oTgBdzfm_4smmu5cache5testss_33test_cache_key_const_construction
FNDA:1,_RNvNtNtCsaa0oTgBdzfm_4smmu5cache5testss_33test_cache_key_hash_deterministic
FNDA:1,_RNvNtNtCsaa0oTgBdzfm_4smmu5cache5testss_33test_cache_key_hash_fnv_algorithm
FNDA:1,_RNvNtNtCsaa0oTgBdzfm_4smmu5cache5testss_33test_stream_pasid_key_hashability
FNDA:1,_RNvNtNtCsaa0oTgBdzfm_4smmu5cache5testss_33test_tlb_cache_concurrent_inserts
FNDA:1,_RNvNtNtCsaa0oTgBdzfm_4smmu5cache5testss_33test_tlb_cache_concurrent_lookups
FNDA:1,_RNvNtNtCsaa0oTgBdzfm_4smmu5cache5testss_34test_cache_key_all_security_states
FNDA:1,_RNvNtNtCsaa0oTgBdzfm_4smmu5cache5testss_34test_stream_pasid_key_debug_format
FNDA:1,_RNvNtNtCsaa0oTgBdzfm_4smmu5cache5testss_34test_tlb_cache_invalidate_by_pasid
FNDA:1,_RNvNtNtCsaa0oTgBdzfm_4smmu5cache5testss_34test_tlb_cache_statistics_hit_rate
FNDA:1,_RNvNtNtCsaa0oTgBdzfm_4smmu5cache5testss_35test_cache_key_equality_same_values
FNDA:1,_RNvNtNtCsaa0oTgBdzfm_4smmu5cache5testss_35test_cache_key_hash_different_pasid
FNDA:1,_RNvNtNtCsaa0oTgBdzfm_4smmu5cache5testss_35test_tlb_cache_invalidate_by_stream
FNDA:0,_RNvNtNtCsaa0oTgBdzfm_4smmu5cache5testss_35test_tlb_cache_lru_timestamp_update
FNDA:1,_RNvNtNtCsaa0oTgBdzfm_4smmu5cache5testss_36test_cache_key_hash_avalanche_effect
FNDA:1,_RNvNtNtCsaa0oTgBdzfm_4smmu5cache5testss_36test_stream_pasid_key_copy_semantics
FNDA:1,_RNvNtNtCsaa0oTgBdzfm_4smmu5cache5testss_36test_tlb_cache_permissions_preserved
FNDA:1,_RNvNtNtCsaa0oTgBdzfm_4smmu5cache5testss_37test_cache_entry_default_construction
FNDA:1,_RNvNtNtCsaa0oTgBdzfm_4smmu5cache5testss_37test_cache_entry_new_default_security
FNDA:1,_RNvNtNtCsaa0oTgBdzfm_4smmu5cache5testss_37test_stream_pasid_key_clone_semantics
FNDA:1,_RNvNtNtCsaa0oTgBdzfm_4smmu5cache5testss_37test_stream_pasid_key_hash_max_values
FNDA:1,_RNvNtNtCsaa0oTgBdzfm_4smmu5cache5testss_37test_stream_pasid_key_hash_min_values
FNDA:1,_RNvNtNtCsaa0oTgBdzfm_4smmu5cache5testss_37test_tlb_cache_invalidate_by_va_range
FNDA:1,_RNvNtNtCsaa0oTgBdzfm_4smmu5cache5testss_38test_cache_entry_permissions_read_only
FNDA:1,_RNvNtNtCsaa0oTgBdzfm_4smmu5cache5testss_38test_cache_entry_security_state_values
FNDA:1,_RNvNtNtCsaa0oTgBdzfm_4smmu5cache5testss_38test_tlb_cache_statistics_zero_lookups
FNDA:1,_RNvNtNtCsaa0oTgBdzfm_4smmu5cache5testss_39test_cache_entry_page_aligned_addresses
FNDA:1,_RNvNtNtCsaa0oTgBdzfm_4smmu5cache5testss_39test_cache_entry_permissions_read_write
FNDA:1,_RNvNtNtCsaa0oTgBdzfm_4smmu5cache5testss_39test_cache_entry_permissions_write_only
FNDA:1,_RNvNtNtCsaa0oTgBdzfm_4smmu5cache5testss_39test_cache_key_hash_different_iova_page
FNDA:1,_RNvNtNtCsaa0oTgBdzfm_4smmu5cache5testss_39test_cache_key_hash_different_stream_id
FNDA:1,_RNvNtNtCsaa0oTgBdzfm_4smmu5cache5testss_39test_cache_key_hash_page_offset_ignored
FNDA:1,_RNvNtNtCsaa0oTgBdzfm_4smmu5cache5testss_39test_tlb_cache_fifo_no_timestamp_update
FNDA:1,_RNvNtNtCsaa0oTgBdzfm_4smmu5cache5testss_39test_tlb_cache_security_state_isolation
FNDA:1,_RNvNtNtCsaa0oTgBdzfm_4smmu5cache5testss_40test_cache_entry_const_new_with_security
FNDA:1,_RNvNtNtCsaa0oTgBdzfm_4smmu5cache5testss_40test_cache_entry_inequality_different_pa
FNDA:1,_RNvNtNtCsaa0oTgBdzfm_4smmu5cache5testss_40test_cache_entry_new_with_security_realm
FNDA:1,_RNvNtNtCsaa0oTgBdzfm_4smmu5cache5testss_40test_cache_key_hash_collision_resistance
FNDA:1,_RNvNtNtCsaa0oTgBdzfm_4smmu5cache5testss_40test_cache_key_inequality_different_iova
FNDA:1,_RNvNtNtCsaa0oTgBdzfm_4smmu5cache5testss_40test_stream_pasid_key_const_construction
FNDA:1,_RNvNtNtCsaa0oTgBdzfm_4smmu5cache5testss_40test_stream_pasid_key_hash_deterministic
FNDA:1,_RNvNtNtCsaa0oTgBdzfm_4smmu5cache5testss_40test_stream_pasid_key_hash_fnv_algorithm
FNDA:1,_RNvNtNtCsaa0oTgBdzfm_4smmu5cache5testss_41test_cache_entry_new_with_security_secure
FNDA:1,_RNvNtNtCsaa0oTgBdzfm_4smmu5cache5testss_41test_cache_entry_permissions_execute_only
FNDA:1,_RNvNtNtCsaa0oTgBdzfm_4smmu5cache5testss_41test_cache_entry_permissions_read_execute
FNDA:1,_RNvNtNtCsaa0oTgBdzfm_4smmu5cache5testss_41test_cache_key_hash_uses_murmur_constants
FNDA:1,_RNvNtNtCsaa0oTgBdzfm_4smmu5cache5testss_41test_cache_key_inequality_different_pasid
FNDA:1,_RNvNtNtCsaa0oTgBdzfm_4smmu5cache5testss_41test_tlb_cache_invalidate_by_stream_pasid
FNDA:1,_RNvNtNtCsaa0oTgBdzfm_4smmu5cache5testss_41test_tlb_cache_replacement_policy_default
FNDA:1,_RNvNtNtCsaa0oTgBdzfm_4smmu5cache5testss_42test_cache_entry_inequality_different_iova
FNDA:1,_RNvNtNtCsaa0oTgBdzfm_4smmu5cache5testss_42test_cache_entry_permissions_write_execute
FNDA:1,_RNvNtNtCsaa0oTgBdzfm_4smmu5cache5testss_42test_cache_key_hash_page_number_upper_bits
FNDA:1,_RNvNtNtCsaa0oTgBdzfm_4smmu5cache5testss_42test_stream_pasid_key_hash_different_pasid
FNDA:1,_RNvNtNtCsaa0oTgBdzfm_4smmu5cache5testss_42test_tlb_cache_multiple_streams_same_pasid
FNDA:1,_RNvNtNtCsaa0oTgBdzfm_4smmu5cache5testss_42test_tlb_cache_same_stream_multiple_pasids
FNDA:1,_RNvNtNtCsaa0oTgBdzfm_4smmu5cache5testss_43test_cache_entry_non_page_aligned_addresses
FNDA:1,_RNvNtNtCsaa0oTgBdzfm_4smmu5cache5testss_43test_stream_pasid_key_hash_different_stream
FNDA:1,_RNvNtNtCsaa0oTgBdzfm_4smmu5cache5testss_43test_stream_pasid_key_hash_uses_fast_mixing
FNDA:1,_RNvNtNtCsaa0oTgBdzfm_4smmu5cache5testss_44test_cache_entry_new_with_security_nonsecure
FNDA:1,_RNvNtNtCsaa0oTgBdzfm_4smmu5cache5testss_44test_cache_key_hash_different_security_state
FNDA:1,_RNvNtNtCsaa0oTgBdzfm_4smmu5cache5testss_44test_tlb_cache_invalidate_nonexistent_stream
FNDA:1,_RNvNtNtCsaa0oTgBdzfm_4smmu5cache5testss_45test_cache_key_inequality_different_stream_id
FNDA:1,_RNvNtNtCsaa0oTgBdzfm_4smmu5cache5testss_46test_stream_pasid_key_hash_distribution_pasids
FNDA:1,_RNvNtNtCsaa0oTgBdzfm_4smmu5cache5testss_47test_cache_entry_inequality_different_timestamp
FNDA:1,_RNvNtNtCsaa0oTgBdzfm_4smmu5cache5testss_47test_stream_pasid_key_hash_collision_resistance
FNDA:1,_RNvNtNtCsaa0oTgBdzfm_4smmu5cache5testss_47test_stream_pasid_key_hash_distribution_streams
FNDA:1,_RNvNtNtCsaa0oTgBdzfm_4smmu5cache5testss_48test_cache_key_hash_distribution_different_pages
FNDA:1,_RNvNtNtCsaa0oTgBdzfm_4smmu5cache5testss_48test_cache_key_hash_distribution_security_states
FNDA:1,_RNvNtNtCsaa0oTgBdzfm_4smmu5cache5testss_48test_stream_pasid_key_inequality_different_pasid
FNDA:1,_RNvNtNtCsaa0oTgBdzfm_4smmu5cache5testss_49test_cache_entry_inequality_different_permissions
FNDA:1,_RNvNtNtCsaa0oTgBdzfm_4smmu5cache5testss_49test_cache_key_hash_distribution_different_pasids
FNDA:1,_RNvNtNtCsaa0oTgBdzfm_4smmu5cache5testss_49test_stream_pasid_key_inequality_different_stream
FNDA:1,_RNvNtNtCsaa0oTgBdzfm_4smmu5cache5testss_50test_cache_key_hash_distribution_different_streams
FNDA:1,_RNvNtNtCsaa0oTgBdzfm_4smmu5cache5testss_50test_cache_key_inequality_different_security_state
FNDA:1,_RNvNtNtCsaa0oTgBdzfm_4smmu5cache5testss_52test_cache_entry_inequality_different_security_state
FNDA:10,_RNvMNtCsaa0oTgBdzfm_4smmu5cacheNtB2_10CacheEntry17new_with_securityB4_
FNDA:1310,_RNvMNtCsaa0oTgBdzfm_4smmu5cacheNtB2_10CacheEntry3newB4_
FNDA:4240,_RNvMs0_NtCsaa0oTgBdzfm_4smmu5cacheNtB5_8CacheKey3newB7_
FNDA:10222,_RNvMs2_NtCsaa0oTgBdzfm_4smmu5cacheNtB5_14StreamPASIDKey3newB7_
FNDA:7,_RNvMs7_NtCsaa0oTgBdzfm_4smmu5cacheNtB5_15CacheStatistics10get_missesB7_
FNDA:10,_RNvMs7_NtCsaa0oTgBdzfm_4smmu5cacheNtB5_15CacheStatistics11get_lookupsB7_
FNDA:1,_RNvMs7_NtCsaa0oTgBdzfm_4smmu5cacheNtB5_15CacheStatistics13get_evictionsB7_
FNDA:6,_RNvMs7_NtCsaa0oTgBdzfm_4smmu5cacheNtB5_15CacheStatistics14get_insertionsB7_
FNDA:5,_RNvMs7_NtCsaa0oTgBdzfm_4smmu5cacheNtB5_15CacheStatistics17get_invalidationsB7_
FNDA:41,_RNvMs7_NtCsaa0oTgBdzfm_4smmu5cacheNtB5_15CacheStatistics3newB7_
FNDA:1,_RNvMs7_NtCsaa0oTgBdzfm_4smmu5cacheNtB5_15CacheStatistics5resetB7_
FNDA:7,_RNvMs7_NtCsaa0oTgBdzfm_4smmu5cacheNtB5_15CacheStatistics8get_hitsB7_
FNDA:2,_RNvMs7_NtCsaa0oTgBdzfm_4smmu5cacheNtB5_15CacheStatistics8hit_rateB7_
FNDA:2,_RNvMs7_NtCsaa0oTgBdzfm_4smmu5cacheNtB5_15CacheStatistics9miss_rateB7_
FNDA:26,_RNvMs9_NtCsaa0oTgBdzfm_4smmu5cacheNtB5_8TlbCache10statisticsB7_
FNDA:28,_RNvMs9_NtCsaa0oTgBdzfm_4smmu5cacheNtB5_8TlbCache12remove_entryB7_
FNDA:2,_RNvMs9_NtCsaa0oTgBdzfm_4smmu5cacheNtB5_8TlbCache14invalidate_all
FNDA:1,_RNvMs9_NtCsaa0oTgBdzfm_4smmu5cacheNtB5_8TlbCache16clear_statisticsB7_
FNDA:2,_RNvMs9_NtCsaa0oTgBdzfm_4smmu5cacheNtB5_8TlbCache16invalidate_entry
FNDA:3,_RNvMs9_NtCsaa0oTgBdzfm_4smmu5cacheNtB5_8TlbCache19invalidate_by_pasid
FNDA:5,_RNvMs9_NtCsaa0oTgBdzfm_4smmu5cacheNtB5_8TlbCache20invalidate_by_stream
FNDA:1,_RNvMs9_NtCsaa0oTgBdzfm_4smmu5cacheNtB5_8TlbCache22invalidate_by_va_range
FNDA:1,_RNvMs9_NtCsaa0oTgBdzfm_4smmu5cacheNtB5_8TlbCache26invalidate_by_stream_pasid
FNDA:27,_RNvMs9_NtCsaa0oTgBdzfm_4smmu5cacheNtB5_8TlbCache3lenB7_
FNDA:41,_RNvMs9_NtCsaa0oTgBdzfm_4smmu5cacheNtB5_8TlbCache3new
FNDA:1290,_RNvMs9_NtCsaa0oTgBdzfm_4smmu5cacheNtB5_8TlbCache6insertB7_
FNDA:2,_RNvMs9_NtCsaa0oTgBdzfm_4smmu5cacheNtB5_8TlbCache6policyB7_
FNDA:2,_RNvMs9_NtCsaa0oTgBdzfm_4smmu5cacheNtB5_8TlbCache8capacityB7_
FNDA:5,_RNvMs9_NtCsaa0oTgBdzfm_4smmu5cacheNtB5_8TlbCache8is_emptyB7_
FNDA:2871,_RNvXs4_NtCsaa0oTgBdzfm_4smmu5cacheNtB5_8FxHasherNtNtCslH02haMvknO_4core4hash6Hasher5writeB7_
FNDA:2871,_RNvXs4_NtCsaa0oTgBdzfm_4smmu5cacheNtB5_8FxHasherNtNtCslH02haMvknO_4core4hash6Hasher6finishB7_
FNDA:5742,_RNvXs4_NtCsaa0oTgBdzfm_4smmu5cacheNtB5_8FxHasherNtNtCslH02haMvknO_4core4hash6Hasher9write_u32B7_
FNDA:8613,_RNvXs4_NtCsaa0oTgBdzfm_4smmu5cacheNtB5_8FxHasherNtNtCslH02haMvknO_4core4hash6Hasher9write_u64B7_
FNDA:2871,_RNvXs5_NtCsaa0oTgBdzfm_4smmu5cacheNtB5_13FxBuildHasherNtNtCslH02haMvknO_4core4hash11BuildHasher12build_hasherB7_
FNDA:1,_RNvXs6_NtCsaa0oTgBdzfm_4smmu5cacheNtB5_17ReplacementPolicyNtNtCslH02haMvknO_4core7default7Default7default
FNDA:7,_RNvXs_NtCsaa0oTgBdzfm_4smmu5cacheNtB4_10CacheEntryNtNtCslH02haMvknO_4core7default7Default7default
FNDA:1,_RNvXsa_NtCsaa0oTgBdzfm_4smmu5cacheNtB5_8TlbCacheNtNtCslH02haMvknO_4core3fmt5Debug3fmt
FNDA:10,_RNCNvNtNtCsaa0oTgBdzfm_4smmu5cache5testss_33test_tlb_cache_concurrent_inserts0B7_
FNDA:10,_RNCNvNtNtCsaa0oTgBdzfm_4smmu5cache5testss_33test_tlb_cache_concurrent_lookups0B7_
FNDA:0,_RNCNvMs9_NtCsaa0oTgBdzfm_4smmu5cacheNtB7_8TlbCache9evict_one0B9_
FNDA:0,_RNCNvMs9_NtCsaa0oTgBdzfm_4smmu5cacheNtB7_8TlbCache9evict_ones0_0B9_
FNDA:0,_RNCNvMs9_NtCsaa0oTgBdzfm_4smmu5cacheNtB7_8TlbCache9evict_ones_0B9_
FNDA:0,_RNvMs9_NtCsaa0oTgBdzfm_4smmu5cacheNtB5_8TlbCache14evict_one_fast
FNDA:0,_RNvMs9_NtCsaa0oTgBdzfm_4smmu5cacheNtB5_8TlbCache9evict_one
FNDA:0,_RNvXs8_NtCsaa0oTgBdzfm_4smmu5cacheNtB5_15CacheStatisticsNtNtCslH02haMvknO_4core7default7Default7default
FNF:165
FNH:156
DA:72,51856
DA:73,51856
DA:74,51856
DA:75,51856
DA:76,51856
DA:77,51856
DA:78,51856
DA:79,51856
DA:80,51856
DA:84,10
DA:85,10
DA:86,10
DA:87,10
DA:88,10
DA:89,10
DA:90,10
DA:91,10
DA:92,10
DA:93,10
DA:94,10
DA:95,10
DA:96,10
DA:97,10
DA:98,10
DA:102,7
DA:103,7
DA:104,7
DA:105,7
DA:106,7
DA:107,7
DA:108,7
DA:109,7
DA:110,7
DA:144,930746
DA:145,930746
DA:146,930746
DA:178,2825
DA:183,2825
DA:186,2825
DA:189,2825
DA:192,2825
DA:195,2825
DA:199,2825
DA:200,2825
DA:201,2825
DA:202,2825
DA:203,2825
DA:205,2825
DA:206,2825
DA:229,10222
DA:230,10222
DA:231,10222
DA:245,10209
DA:247,10209
DA:250,10209
DA:251,10209
DA:252,10209
DA:253,10209
DA:255,10209
DA:256,10209
DA:282,1987855
DA:283,1987855
DA:284,1987855
DA:287,1987855
DA:288,1987855
DA:289,1987855
DA:290,1987855
DA:291,1987855
DA:292,1987855
DA:295,5963565
DA:296,5963565
DA:297,5963565
DA:298,5963565
DA:299,5963565
DA:302,3975710
DA:303,3975710
DA:304,3975710
DA:311,1987855
DA:312,1987855
DA:313,1987855
DA:337,1
DA:338,1
DA:339,1
DA:376,525
DA:377,525
DA:378,525
DA:379,525
DA:380,525
DA:381,525
DA:382,525
DA:383,525
DA:384,525
DA:385,525
DA:389,1
DA:390,1
DA:391,1
DA:392,1
DA:393,1
DA:394,1
DA:395,1
DA:396,1
DA:400,45
DA:401,45
DA:402,45
DA:406,42
DA:407,42
DA:408,42
DA:412,42
DA:413,42
DA:414,42
DA:418,36
DA:419,36
DA:420,36
DA:424,41
DA:425,41
DA:426,41
DA:430,40
DA:431,40
DA:432,40
DA:438,2
DA:439,2
DA:440,2
DA:442,2
DA:443,1
DA:445,1
DA:447,2
DA:453,2
DA:454,2
DA:455,2
DA:457,2
DA:458,1
DA:460,1
DA:462,2
DA:466,0
DA:467,0
DA:468,0
DA:543,525
DA:544,525
DA:546,524
DA:547,524
DA:548,524
DA:549,524
DA:550,524
DA:551,524
DA:552,524
DA:553,524
DA:573,361391
DA:574,361391
DA:577,361391
DA:579,288738
DA:584,288738
DA:587,72653
DA:588,72653
DA:590,361391
DA:613,51836
DA:615,51836
DA:616,51836
DA:620,51836
DA:626,51836
DA:627,51836
DA:635,0
DA:640,0
DA:641,0
DA:642,0
DA:643,0
DA:644,0
DA:645,0
DA:646,0
DA:648,0
DA:655,0
DA:656,0
DA:659,0
DA:660,0
DA:661,0
DA:662,0
DA:666,0
DA:670,0
DA:671,0
DA:672,0
DA:673,0
DA:674,0
DA:678,38
DA:679,38
DA:680,38
DA:692,13
DA:693,13
DA:694,13
DA:696,13
DA:697,13
DA:712,11
DA:713,11
DA:717,11
DA:720,26
DA:721,26
DA:722,16
DA:723,16
DA:727,16
DA:728,16
DA:729,16
DA:730,16
DA:732,11
DA:733,11
DA:748,3
DA:749,3
DA:752,3
DA:755,20
DA:756,20
DA:757,11
DA:758,11
DA:762,11
DA:763,11
DA:764,11
DA:765,11
DA:767,3
DA:768,3
DA:785,4
DA:786,4
DA:789,4
DA:792,102
DA:793,102
DA:794,102
DA:795,3
DA:796,99
DA:800,4
DA:801,3
DA:802,3
DA:803,3
DA:805,4
DA:806,4
DA:827,1
DA:828,1
DA:831,1
DA:834,10
DA:835,10
DA:836,10
DA:837,10
DA:838,10
DA:839,8
DA:840,4
DA:841,4
DA:842,6
DA:846,4
DA:847,4
DA:848,4
DA:849,4
DA:851,1
DA:852,1
DA:873,565235
DA:874,565235
DA:875,4
DA:876,4
DA:877,4
DA:879,565231
DA:881,565235
DA:896,61
DA:897,61
DA:898,61
DA:910,1
DA:911,1
DA:912,1
DA:922,27
DA:923,27
DA:924,27
DA:936,5
DA:937,5
DA:938,5
DA:948,2
DA:949,2
DA:950,2
DA:963,2
DA:964,2
DA:965,2
DA:969,1
DA:970,1
DA:971,1
DA:972,1
DA:973,1
DA:974,1
DA:975,1
DA:976,1
DA:992,1
DA:993,1
DA:994,1
DA:995,1
DA:996,1
DA:997,1
DA:998,1
DA:999,1
DA:1002,1
DA:1003,1
DA:1004,1
DA:1005,1
DA:1007,1
DA:1009,1
DA:1010,1
DA:1011,1
DA:1012,1
DA:1013,1
DA:1014,1
DA:1017,1
DA:1018,1
DA:1019,1
DA:1020,1
DA:1022,1
DA:1024,1
DA:1025,1
DA:1026,1
DA:1029,1
DA:1030,1
DA:1031,1
DA:1032,1
DA:1034,1
DA:1036,1
DA:1037,1
DA:1038,1
DA:1041,1
DA:1042,1
DA:1043,1
DA:1044,1
DA:1046,1
DA:1048,1
DA:1049,1
DA:1050,1
DA:1053,1
DA:1054,1
DA:1055,1
DA:1058,1
DA:1059,1
DA:1060,1
DA:1063,1
DA:1064,1
DA:1065,1
DA:1067,1
DA:1068,1
DA:1071,1
DA:1072,1
DA:1073,1
DA:1074,1
DA:1076,1
DA:1077,1
DA:1079,1
DA:1080,1
DA:1083,1
DA:1084,1
DA:1085,1
DA:1086,1
DA:1087,1
DA:1089,1
DA:1090,1
DA:1092,1
DA:1093,1
DA:1096,1
DA:1097,1
DA:1098,1
DA:1099,1
DA:1100,1
DA:1102,1
DA:1103,1
DA:1105,1
DA:1106,1
DA:1109,1
DA:1110,1
DA:1111,1
DA:1112,1
DA:1113,1
DA:1115,1
DA:1116,1
DA:1118,1
DA:1119,1
DA:1122,1
DA:1123,1
DA:1124,1
DA:1125,1
DA:1127,1
DA:1128,1
DA:1130,1
DA:1131,1
DA:1134,1
DA:1135,1
DA:1136,1
DA:1137,1
DA:1139,1
DA:1140,1
DA:1142,1
DA:1143,1
DA:1146,1
DA:1147,1
DA:1148,1
DA:1149,1
DA:1150,1
DA:1153,1
DA:1154,1
DA:1155,1
DA:1156,1
DA:1158,1
DA:1160,1
DA:1161,1
DA:1162,1
DA:1163,1
DA:1166,1
DA:1167,1
DA:1168,1
DA:1169,1
DA:1172,1
DA:1173,1
DA:1174,1
DA:1175,1
DA:1177,1
DA:1178,1
DA:1179,1
DA:1182,1
DA:1183,1
DA:1184,1
DA:1185,1
DA:1188,1
DA:1189,1
DA:1190,1
DA:1191,1
DA:1193,1
DA:1194,1
DA:1195,1
DA:1198,1
DA:1199,1
DA:1200,1
DA:1201,1
DA:1203,1
DA:1204,1
DA:1205,1
DA:1208,1
DA:1209,1
DA:1210,1
DA:1211,1
DA:1213,1
DA:1214,1
DA:1215,1
DA:1216,1
DA:1217,1
DA:1220,1
DA:1221,1
DA:1222,1
DA:1223,1
DA:1225,1
DA:1226,1
DA:1227,1
DA:1230,1
DA:1231,1
DA:1232,1
DA:1233,1
DA:1235,1
DA:1236,1
DA:1237,1
DA:1240,1
DA:1241,1
DA:1242,1
DA:1243,1
DA:1245,1
DA:1246,1
DA:1247,1
DA:1250,1
DA:1251,1
DA:1252,1
DA:1253,1
DA:1255,1
DA:1256,1
DA:1257,1
DA:1258,1
DA:1259,1
DA:1262,1
DA:1266,1
DA:1267,1
DA:1268,1
DA:1269,1
DA:1272,1
DA:1281,1
DA:1282,1
DA:1283,1
DA:1286,1
DA:1287,1
DA:1288,1
DA:1289,1
DA:1290,1
DA:1293,1
DA:1294,1
DA:1295,1
DA:1296,1
DA:1299,1
DA:1300,1
DA:1301,1
DA:1302,1
DA:1304,1
DA:1306,1
DA:1307,1
DA:1308,1
DA:1311,1
DA:1313,1
DA:1314,1
DA:1315,1
DA:1317,1
DA:1319,1
DA:1320,1
DA:1321,1
DA:1324,1
DA:1325,1
DA:1326,1
DA:1327,1
DA:1330,1
DA:1331,1
DA:1332,1
DA:1334,1
DA:1335,1
DA:1336,1
DA:1337,1
DA:1344,1
DA:1345,1
DA:1346,1
DA:1347,1
DA:1349,1
DA:1351,1
DA:1352,1
DA:1353,1
DA:1354,1
DA:1355,1
DA:1358,1
DA:1359,1
DA:1360,1
DA:1361,1
DA:1363,1
DA:1364,1
DA:1366,1
DA:1367,1
DA:1370,1
DA:1371,1
DA:1372,1
DA:1373,1
DA:1374,1
DA:1376,1
DA:1377,1
DA:1379,1
DA:1380,1
DA:1383,1
DA:1384,1
DA:1385,1
DA:1386,1
DA:1387,1
DA:1389,1
DA:1390,1
DA:1392,1
DA:1393,1
DA:1396,1
DA:1397,1
DA:1398,1
DA:1399,1
DA:1400,1
DA:1402,1
DA:1403,1
DA:1405,1
DA:1406,1
DA:1409,1
DA:1410,1
DA:1411,1
DA:1412,1
DA:1414,1
DA:1415,1
DA:1417,1
DA:1418,1
DA:1421,1
DA:1422,1
DA:1423,1
DA:1424,1
DA:1426,1
DA:1427,1
DA:1429,1
DA:1430,1
DA:1433,1
DA:1434,1
DA:1435,1
DA:1436,1
DA:1438,1
DA:1439,1
DA:1441,1
DA:1442,1
DA:1445,1
DA:1446,1
DA:1447,1
DA:1448,1
DA:1450,1
DA:1451,1
DA:1453,1
DA:1454,1
DA:1457,1
DA:1459,1
DA:1460,1
DA:1461,1
DA:1463,1
DA:1465,1
DA:1466,1
DA:1467,1
DA:1468,1
DA:1471,1
DA:1472,1
DA:1473,1
DA:1474,1
DA:1476,1
DA:1478,1
DA:1479,1
DA:1480,1
DA:1481,1
DA:1484,1
DA:1485,1
DA:1486,1
DA:1487,1
DA:1489,1
DA:1491,1
DA:1492,1
DA:1493,1
DA:1494,1
DA:1497,1
DA:1498,1
DA:1499,1
DA:1500,1
DA:1502,1
DA:1504,1
DA:1505,1
DA:1508,1
DA:1509,1
DA:1510,1
DA:1511,1
DA:1513,1
DA:1514,1
DA:1515,1
DA:1518,1
DA:1519,1
DA:1520,1
DA:1521,1
DA:1524,1
DA:1527,1
DA:1528,1
DA:1529,1
DA:1531,1
DA:1534,1
DA:1535,1
DA:1537,1
DA:1538,1
DA:1545,1
DA:1552,1
DA:1553,1
DA:1554,1
DA:1557,1
DA:1558,1
DA:1559,1
DA:1560,1
DA:1562,1
DA:1564,1
DA:1565,1
DA:1567,1
DA:1568,1
DA:1571,1
DA:1572,1
DA:1573,1
DA:1574,1
DA:1575,1
DA:1577,1
DA:1578,1
DA:1580,1
DA:1581,1
DA:1583,1
DA:1584,1
DA:1587,1
DA:1588,1
DA:1589,1
DA:1590,1
DA:1591,1
DA:1593,1
DA:1594,1
DA:1596,1
DA:1597,1
DA:1599,1
DA:1600,1
DA:1603,1
DA:1604,1
DA:1605,1
DA:1606,1
DA:1607,1
DA:1609,1
DA:1610,1
DA:1612,1
DA:1613,1
DA:1615,1
DA:1616,1
DA:1619,1
DA:1621,1
DA:1622,1
DA:1623,1
DA:1624,1
DA:1626,1
DA:1627,1
DA:1629,1
DA:1630,1
DA:1632,1
DA:1633,1
DA:1636,1
DA:1637,1
DA:1638,1
DA:1639,1
DA:1641,1
DA:1642,1
DA:1644,1
DA:1645,1
DA:1647,1
DA:1648,1
DA:1651,1
DA:1652,1
DA:1653,1
DA:1654,1
DA:1656,1
DA:1659,1
DA:1660,1
DA:1663,1
DA:1664,1
DA:1665,1
DA:1666,1
DA:1668,1
DA:1670,1
DA:1673,1
DA:1674,1
DA:1677,1
DA:1678,1
DA:1679,1
DA:1681,1
DA:1683,100
DA:1684,100
DA:1685,100
DA:1686,100
DA:1687,100
DA:1690,1
DA:1691,1
DA:1692,1
DA:1693,1
DA:1696,1
DA:1697,1
DA:1698,1
DA:1700,1
DA:1702,100
DA:1703,100
DA:1704,100
DA:1705,100
DA:1706,100
DA:1709,1
DA:1710,1
DA:1711,1
DA:1712,1
DA:1715,1
DA:1716,1
DA:1717,1
DA:1719,1
DA:1721,100
DA:1722,100
DA:1723,100
DA:1724,100
DA:1725,100
DA:1728,1
DA:1729,1
DA:1730,1
DA:1731,1
DA:1734,1
DA:1735,1
DA:1736,1
DA:1737,1
DA:1739,1
DA:1740,1
DA:1741,1
DA:1743,1
DA:1744,1
DA:1745,1
DA:1748,1
DA:1749,1
DA:1750,1
DA:1751,1
DA:1754,1
DA:1755,1
DA:1756,1
DA:1757,1
DA:1759,1
DA:1762,1
DA:1763,1
DA:1766,1
DA:1768,1
DA:1769,1
DA:1770,1
DA:1771,1
DA:1773,1
DA:1774,1
DA:1776,1
DA:1777,1
DA:1779,1
DA:1780,1
DA:1783,1
DA:1785,1
DA:1786,1
DA:1787,1
DA:1788,1
DA:1790,1
DA:1791,1
DA:1793,1
DA:1794,1
DA:1797,1
DA:1798,1
DA:1801,1
DA:1802,1
DA:1805,1
DA:1809,1
DA:1811,50
DA:1812,2500
DA:1813,2500
DA:1814,2500
DA:1815,2500
DA:1817,2500
DA:1818,2500
DA:1821,2500
DA:1825,1
DA:1826,1
DA:1829,1
DA:1831,1
DA:1832,1
DA:1833,1
DA:1835,1
DA:1838,1
DA:1841,1
DA:1842,1
DA:1843,1
DA:1846,1
DA:1848,1
DA:1849,1
DA:1850,1
DA:1852,1
DA:1856,1
DA:1858,1
DA:1860,1
DA:1862,1
DA:1864,1
DA:1865,1
DA:1866,1
DA:1867,1
DA:1868,1
DA:1869,1
DA:1871,1
DA:1873,1
DA:1874,1
DA:1881,1
DA:1882,1
DA:1883,1
DA:1885,1
DA:1887,1
DA:1888,1
DA:1889,1
DA:1892,1
DA:1893,1
DA:1894,1
DA:1896,1
DA:1897,1
DA:1899,1
DA:1900,1
DA:1903,1
DA:1904,1
DA:1905,1
DA:1906,1
DA:1908,1
DA:1909,1
DA:1911,1
DA:1912,1
DA:1915,1
DA:1916,1
DA:1917,1
DA:1918,1
DA:1920,1
DA:1921,1
DA:1923,1
DA:1924,1
DA:1927,1
DA:1928,1
DA:1929,1
DA:1931,1
DA:1932,1
DA:1934,1
DA:1935,1
DA:1938,1
DA:1939,1
DA:1940,1
DA:1942,1
DA:1943,1
DA:1945,1
DA:1946,1
DA:1949,1
DA:1950,1
DA:1951,1
DA:1953,1
DA:1954,1
DA:1956,1
DA:1957,1
DA:1960,1
DA:1962,1
DA:1963,1
DA:1965,1
DA:1967,1
DA:1968,1
DA:1969,1
DA:1972,1
DA:1973,1
DA:1974,1
DA:1976,1
DA:1978,1
DA:1979,1
DA:1980,1
DA:1983,1
DA:1984,1
DA:1985,1
DA:1987,1
DA:1989,1
DA:1990,1
DA:1991,1
DA:1994,1
DA:1997,1
DA:1998,1
DA:2000,1
DA:2003,1
DA:2004,1
DA:2006,1
DA:2007,1
DA:2014,1
DA:2019,1
DA:2020,1
DA:2023,1
DA:2024,1
DA:2025,1
DA:2027,1
DA:2029,1
DA:2030,1
DA:2032,1
DA:2033,1
DA:2036,1
DA:2037,1
DA:2038,1
DA:2039,1
DA:2041,1
DA:2042,1
DA:2044,1
DA:2045,1
DA:2047,1
DA:2048,1
DA:2051,1
DA:2052,1
DA:2053,1
DA:2054,1
DA:2056,1
DA:2057,1
DA:2059,1
DA:2060,1
DA:2062,1
DA:2063,1
DA:2066,1
DA:2067,1
DA:2068,1
DA:2070,1
DA:2073,1
DA:2074,1
DA:2077,1
DA:2078,1
DA:2079,1
DA:2081,1
DA:2083,1
DA:2086,1
DA:2087,1
DA:2090,1
DA:2091,1
DA:2093,1
DA:2095,100
DA:2096,100
DA:2097,100
DA:2098,100
DA:2099,100
DA:2102,1
DA:2103,1
DA:2104,1
DA:2105,1
DA:2108,1
DA:2109,1
DA:2111,1
DA:2113,100
DA:2114,100
DA:2115,100
DA:2116,100
DA:2117,100
DA:2120,1
DA:2121,1
DA:2122,1
DA:2123,1
DA:2126,1
DA:2129,1
DA:2131,100
DA:2132,10000
DA:2133,10000
DA:2134,10000
DA:2136,10000
DA:2137,10000
DA:2139,10000
DA:2143,1
DA:2144,1
DA:2147,1
DA:2149,1
DA:2150,1
DA:2152,1
DA:2155,1
DA:2156,1
DA:2157,1
DA:2158,1
DA:2159,1
DA:2161,1
DA:2163,1
DA:2164,1
DA:2171,1
DA:2172,1
DA:2173,1
DA:2174,1
DA:2175,1
DA:2176,1
DA:2177,1
DA:2180,1
DA:2181,1
DA:2182,1
DA:2183,1
DA:2184,1
DA:2185,1
DA:2186,1
DA:2190,1
DA:2191,1
DA:2192,1
DA:2195,1
DA:2196,1
DA:2197,1
DA:2198,1
DA:2199,1
DA:2200,1
DA:2202,1
DA:2203,1
DA:2205,1
DA:2207,1
DA:2208,1
DA:2209,1
DA:2210,1
DA:2213,1
DA:2214,1
DA:2215,1
DA:2216,1
DA:2217,1
DA:2218,1
DA:2220,1
DA:2221,1
DA:2223,1
DA:2225,1
DA:2226,1
DA:2228,1
DA:2229,1
DA:2230,1
DA:2232,1
DA:2233,1
DA:2234,1
DA:2235,1
DA:2238,1
DA:2239,1
DA:2240,1
DA:2241,1
DA:2242,1
DA:2244,1
DA:2246,1
DA:2247,1
DA:2249,1
DA:2250,1
DA:2251,1
DA:2252,1
DA:2255,1
DA:2256,1
DA:2258,10
DA:2259,10
DA:2260,10
DA:2261,10
DA:2262,10
DA:2263,10
DA:2264,10
DA:2265,10
DA:2266,10
DA:2267,10
DA:2268,10
DA:2270,1
DA:2271,1
DA:2272,1
DA:2276,0
DA:2277,0
DA:2280,0
DA:2281,0
DA:2282,0
DA:2283,0
DA:2284,0
DA:2285,0
DA:2286,0
DA:2287,0
DA:2288,0
DA:2289,0
DA:2290,0
DA:2292,0
DA:2295,0
DA:2296,0
DA:2297,0
DA:2298,0
DA:2300,0
DA:2301,0
DA:2303,0
DA:2305,0
DA:2306,0
DA:2307,0
DA:2308,0
DA:2312,0
DA:2313,0
DA:2316,0
DA:2317,0
DA:2318,0
DA:2319,0
DA:2320,0
DA:2321,0
DA:2322,0
DA:2323,0
DA:2324,0
DA:2325,0
DA:2326,0
DA:2328,0
DA:2331,0
DA:2332,0
DA:2333,0
DA:2334,0
DA:2336,0
DA:2337,0
[...]
FNDA:0,_RNvXs_NtNtCsaa0oTgBdzfm_4smmu5types18translation_resultNtB4_15TranslationDataNtNtCslH02haMvknO_4core7default7Default7default
FNDA:3,_RNvMNtNtCseLboBoj3wMS_4smmu5types18translation_resultNtB2_15TranslationData11permissionsCsggcsGT9XikI_33test_stream_context_comprehensive
FNDA:3,_RNvMNtNtCseLboBoj3wMS_4smmu5types18translation_resultNtB2_15TranslationData16physical_addressCsggcsGT9XikI_33test_stream_context_comprehensive
FNDA:39,_RNvMNtNtCseLboBoj3wMS_4smmu5types18translation_resultNtB2_15TranslationData11permissionsCsdWMgY4VHqRa_37test_translation_result_comprehensive
FNDA:35,_RNvMNtNtCseLboBoj3wMS_4smmu5types18translation_resultNtB2_15TranslationData14security_stateCsdWMgY4VHqRa_37test_translation_result_comprehensive
FNDA:18,_RNvMNtNtCseLboBoj3wMS_4smmu5types18translation_resultNtB2_15TranslationData16physical_addressCsdWMgY4VHqRa_37test_translation_result_comprehensive
FNDA:43,_RNvMNtNtCseLboBoj3wMS_4smmu5types18translation_resultNtB2_15TranslationData3newCsdWMgY4VHqRa_37test_translation_result_comprehensive
FNDA:8,_RNvMNtNtCseLboBoj3wMS_4smmu5types18translation_resultNtB2_15TranslationData7builderCsdWMgY4VHqRa_37test_translation_result_comprehensive
FNDA:7,_RNvMNtNtCseLboBoj3wMS_4smmu5types18translation_resultNtB2_15TranslationData7with_paCsdWMgY4VHqRa_37test_translation_result_comprehensive
FNDA:19,_RNvMNtNtCseLboBoj3wMS_4smmu5types18translation_resultNtB2_15TranslationData16physical_addressCsioPExj95nnu_26tlb_cache_integration_test
FNDA:10,_RNvMNtNtCseLboBoj3wMS_4smmu5types18translation_resultNtB2_15TranslationData16physical_addressCs9clSoWF4Dxc_18unit_address_space
FNDA:3,_RNvMNtNtCseLboBoj3wMS_4smmu5types18translation_resultNtB2_15TranslationData16physical_addressCsjItYeBXz3kc_20unit_smmu_controller
FNDA:3,_RNvMNtNtCseLboBoj3wMS_4smmu5types18translation_resultNtB2_15TranslationData16physical_addressCs9PGki2lXibO_19unit_stream_context
FNF:17
FNH:16
DA:132,576770
DA:133,576770
DA:134,576770
DA:135,576770
DA:136,576770
DA:137,576770
DA:138,576770
DA:149,8
DA:150,8
DA:151,8
DA:152,8
DA:153,8
DA:154,8
DA:155,8
DA:160,8
DA:161,8
DA:162,8
DA:167,87348
DA:168,87348
DA:169,87348
DA:174,50592
DA:175,50592
DA:176,50592
DA:181,36
DA:182,36
DA:183,36
DA:187,1
DA:189,1
DA:190,1
DA:191,1
DA:193,1
DA:222,8
DA:223,8
DA:224,8
DA:225,8
DA:226,8
DA:227,8
DA:228,8
DA:232,6
DA:233,6
DA:234,6
DA:235,6
DA:239,5
DA:240,5
DA:241,5
DA:242,5
DA:246,3
DA:247,3
DA:248,3
DA:249,3
DA:257,8
DA:258,8
DA:259,8
DA:260,8
DA:261,8
DA:262,8
DA:263,8
DA:296,1
DA:297,1
DA:298,1
DA:299,1
DA:301,1
DA:302,1
DA:303,1
DA:304,1
DA:307,1
DA:308,1
DA:309,1
DA:310,1
DA:312,1
DA:313,1
DA:316,1
DA:317,1
DA:319,1
DA:320,1
DA:323,1
DA:324,1
DA:325,1
DA:327,1
DA:328,1
BRF:0
BRH:0
LF:81
LH:80
end_of_record
SF:/home/jpgreninger/Work/smmu/rust/smmu/src/types/translation_stage.rs
FN:35,_RNvMNtNtCseLboBoj3wMS_4smmu5types17translation_stageNtB2_16TranslationStage11uses_stage1B6_
FN:42,_RNvMNtNtCseLboBoj3wMS_4smmu5types17translation_stageNtB2_16TranslationStage11uses_stage2B6_
FN:49,_RNvMNtNtCseLboBoj3wMS_4smmu5types17translation_stageNtB2_16TranslationStage12is_two_stageB6_
FN:156,_RNvMNtNtCseLboBoj3wMS_4smmu5types17translation_stageNtB2_16TranslationStage14supports_pasidB6_
FN:63,_RNvMNtNtCseLboBoj3wMS_4smmu5types17translation_stageNtB2_16TranslationStage17const_uses_stage1B6_
FN:72,_RNvMNtNtCseLboBoj3wMS_4smmu5types17translation_stageNtB2_16TranslationStage17const_uses_stage2B6_
FN:81,_RNvMNtNtCseLboBoj3wMS_4smmu5types17translation_stageNtB2_16TranslationStage18const_is_two_stageB6_
FN:170,_RNvMNtNtCseLboBoj3wMS_4smmu5types17translation_stageNtB2_16TranslationStage18supports_page_sizeB6_
FN:163,_RNvMNtNtCseLboBoj3wMS_4smmu5types17translation_stageNtB2_16TranslationStage20requires_page_tablesB6_
FN:204,_RNvMNtNtCseLboBoj3wMS_4smmu5types17translation_stageNtB2_16TranslationStage22is_guest_address_spaceB6_
FN:197,_RNvMNtNtCseLboBoj3wMS_4smmu5types17translation_stageNtB2_16TranslationStage24is_process_address_spaceB6_
FN:211,_RNvMNtNtCseLboBoj3wMS_4smmu5types17translation_stageNtB2_16TranslationStage7to_bitsB6_
FN:56,_RNvMNtNtCseLboBoj3wMS_4smmu5types17translation_stageNtB2_16TranslationStage9is_bypassB6_
FN:177,_RNvMNtNtCseLboBoj3wMS_4smmu5types17translation_stageNtB2_16TranslationStage17can_transition_to
FN:87,_RNvMNtNtCseLboBoj3wMS_4smmu5types17translation_stageNtB2_16TranslationStage18input_address_type
FN:97,_RNvMNtNtCseLboBoj3wMS_4smmu5types17translation_stageNtB2_16TranslationStage19output_address_type
FN:227,_RNvMNtNtCseLboBoj3wMS_4smmu5types17translation_stageNtB2_16TranslationStage19validate_for_config
FN:144,_RNvMNtNtCseLboBoj3wMS_4smmu5types17translation_stageNtB2_16TranslationStage20translation_sequence
FN:111,_RNvMNtNtCseLboBoj3wMS_4smmu5types17translation_stageNtB2_16TranslationStage22validate_configuration
FN:103,_RNvMNtNtCseLboBoj3wMS_4smmu5types17translation_stageNtB2_16TranslationStage25intermediate_address_type
FN:216,_RNvMNtNtCseLboBoj3wMS_4smmu5types17translation_stageNtB2_16TranslationStage9from_bits
FN:247,_RNvXs0_NtNtCseLboBoj3wMS_4smmu5types17translation_stageNtB5_16TranslationStageNtNtCslH02haMvknO_4core7default7Default7default
FN:234,_RNvXs_NtNtCseLboBoj3wMS_4smmu5types17translation_stageNtB4_16TranslationStageNtNtCslH02haMvknO_4core3fmt7Display3fmt
FN:279,_RNvNtNtNtCsaa0oTgBdzfm_4smmu5types17translation_stage5testss_13test_encoding
FN:263,_RNvNtNtNtCsaa0oTgBdzfm_4smmu5types17translation_stage5testss_16test_stage_flags
FN:35,_RNvMNtNtCsaa0oTgBdzfm_4smmu5types17translation_stageNtB2_16TranslationStage11uses_stage1B6_
FN:42,_RNvMNtNtCsaa0oTgBdzfm_4smmu5types17translation_stageNtB2_16TranslationStage11uses_stage2B6_
FN:49,_RNvMNtNtCsaa0oTgBdzfm_4smmu5types17translation_stageNtB2_16TranslationStage12is_two_stageB6_
FN:211,_RNvMNtNtCsaa0oTgBdzfm_4smmu5types17translation_stageNtB2_16TranslationStage7to_bitsB6_
FN:156,_RNvMNtNtCsaa0oTgBdzfm_4smmu5types17translation_stageNtB2_16TranslationStage14supports_pasidB6_
FN:177,_RNvMNtNtCsaa0oTgBdzfm_4smmu5types17translation_stageNtB2_16TranslationStage17can_transition_to
FN:63,_RNvMNtNtCsaa0oTgBdzfm_4smmu5types17translation_stageNtB2_16TranslationStage17const_uses_stage1B6_
FN:72,_RNvMNtNtCsaa0oTgBdzfm_4smmu5types17translation_stageNtB2_16TranslationStage17const_uses_stage2B6_
FN:81,_RNvMNtNtCsaa0oTgBdzfm_4smmu5types17translation_stageNtB2_16TranslationStage18const_is_two_stageB6_
FN:87,_RNvMNtNtCsaa0oTgBdzfm_4smmu5types17translation_stageNtB2_16TranslationStage18input_address_type
FN:170,_RNvMNtNtCsaa0oTgBdzfm_4smmu5types17translation_stageNtB2_16TranslationStage18supports_page_sizeB6_
FN:97,_RNvMNtNtCsaa0oTgBdzfm_4smmu5types17translation_stageNtB2_16TranslationStage19output_address_type
FN:227,_RNvMNtNtCsaa0oTgBdzfm_4smmu5types17translation_stageNtB2_16TranslationStage19validate_for_config
FN:163,_RNvMNtNtCsaa0oTgBdzfm_4smmu5types17translation_stageNtB2_16TranslationStage20requires_page_tablesB6_
FN:144,_RNvMNtNtCsaa0oTgBdzfm_4smmu5types17translation_stageNtB2_16TranslationStage20translation_sequence
FN:204,_RNvMNtNtCsaa0oTgBdzfm_4smmu5types17translation_stageNtB2_16TranslationStage22is_guest_address_spaceB6_
FN:111,_RNvMNtNtCsaa0oTgBdzfm_4smmu5types17translation_stageNtB2_16TranslationStage22validate_configuration
FN:197,_RNvMNtNtCsaa0oTgBdzfm_4smmu5types17translation_stageNtB2_16TranslationStage24is_process_address_spaceB6_
FN:103,_RNvMNtNtCsaa0oTgBdzfm_4smmu5types17translation_stageNtB2_16TranslationStage25intermediate_address_type
FN:216,_RNvMNtNtCsaa0oTgBdzfm_4smmu5types17translation_stageNtB2_16TranslationStage9from_bits
FN:56,_RNvMNtNtCsaa0oTgBdzfm_4smmu5types17translation_stageNtB2_16TranslationStage9is_bypassB6_
FN:247,_RNvXs0_NtNtCsaa0oTgBdzfm_4smmu5types17translation_stageNtB5_16TranslationStageNtNtCslH02haMvknO_4core7default7Default7default
FN:234,_RNvXs_NtNtCsaa0oTgBdzfm_4smmu5types17translation_stageNtB4_16TranslationStageNtNtCslH02haMvknO_4core3fmt7Display3fmt
FN:35,_RNvMNtNtCseLboBoj3wMS_4smmu5types17translation_stageNtB2_16TranslationStage11uses_stage1Cs2kW4Ak3kfwY_22test_translation_stage
FN:42,_RNvMNtNtCseLboBoj3wMS_4smmu5types17translation_stageNtB2_16TranslationStage11uses_stage2Cs2kW4Ak3kfwY_22test_translation_stage
FN:49,_RNvMNtNtCseLboBoj3wMS_4smmu5types17translation_stageNtB2_16TranslationStage12is_two_stageCs2kW4Ak3kfwY_22test_translation_stage
FN:156,_RNvMNtNtCseLboBoj3wMS_4smmu5types17translation_stageNtB2_16TranslationStage14supports_pasidCs2kW4Ak3kfwY_22test_translation_stage
FN:63,_RNvMNtNtCseLboBoj3wMS_4smmu5types17translation_stageNtB2_16TranslationStage17const_uses_stage1Cs2kW4Ak3kfwY_22test_translation_stage
FN:72,_RNvMNtNtCseLboBoj3wMS_4smmu5types17translation_stageNtB2_16TranslationStage17const_uses_stage2Cs2kW4Ak3kfwY_22test_translation_stage
FN:81,_RNvMNtNtCseLboBoj3wMS_4smmu5types17translation_stageNtB2_16TranslationStage18const_is_two_stageCs2kW4Ak3kfwY_22test_translation_stage
FN:170,_RNvMNtNtCseLboBoj3wMS_4smmu5types17translation_stageNtB2_16TranslationStage18supports_page_sizeCs2kW4Ak3kfwY_22test_translation_stage
FN:163,_RNvMNtNtCseLboBoj3wMS_4smmu5types17translation_stageNtB2_16TranslationStage20requires_page_tablesCs2kW4Ak3kfwY_22test_translation_stage
FN:204,_RNvMNtNtCseLboBoj3wMS_4smmu5types17translation_stageNtB2_16TranslationStage22is_guest_address_spaceCs2kW4Ak3kfwY_22test_translation_stage
FN:197,_RNvMNtNtCseLboBoj3wMS_4smmu5types17translation_stageNtB2_16TranslationStage24is_process_address_spaceCs2kW4Ak3kfwY_22test_translation_stage
FN:211,_RNvMNtNtCseLboBoj3wMS_4smmu5types17translation_stageNtB2_16TranslationStage7to_bitsCs2kW4Ak3kfwY_22test_translation_stage
FN:56,_RNvMNtNtCseLboBoj3wMS_4smmu5types17translation_stageNtB2_16TranslationStage9is_bypassCs2kW4Ak3kfwY_22test_translation_stage
FNDA:0,_RNvMNtNtCseLboBoj3wMS_4smmu5types17translation_stageNtB2_16TranslationStage11uses_stage1B6_
FNDA:0,_RNvMNtNtCseLboBoj3wMS_4smmu5types17translation_stageNtB2_16TranslationStage11uses_stage2B6_
FNDA:0,_RNvMNtNtCseLboBoj3wMS_4smmu5types17translation_stageNtB2_16TranslationStage12is_two_stageB6_
FNDA:0,_RNvMNtNtCseLboBoj3wMS_4smmu5types17translation_stageNtB2_16TranslationStage14supports_pasidB6_
FNDA:0,_RNvMNtNtCseLboBoj3wMS_4smmu5types17translation_stageNtB2_16TranslationStage17const_uses_stage1B6_
FNDA:0,_RNvMNtNtCseLboBoj3wMS_4smmu5types17translation_stageNtB2_16TranslationStage17const_uses_stage2B6_
FNDA:0,_RNvMNtNtCseLboBoj3wMS_4smmu5types17translation_stageNtB2_16TranslationStage18const_is_two_stageB6_
FNDA:0,_RNvMNtNtCseLboBoj3wMS_4smmu5types17translation_stageNtB2_16TranslationStage18supports_page_sizeB6_
FNDA:0,_RNvMNtNtCseLboBoj3wMS_4smmu5types17translation_stageNtB2_16TranslationStage20requires_page_tablesB6_
FNDA:0,_RNvMNtNtCseLboBoj3wMS_4smmu5types17translation_stageNtB2_16TranslationStage22is_guest_address_spaceB6_
FNDA:0,_RNvMNtNtCseLboBoj3wMS_4smmu5types17translation_stageNtB2_16TranslationStage24is_process_address_spaceB6_
FNDA:0,_RNvMNtNtCseLboBoj3wMS_4smmu5types17translation_stageNtB2_16TranslationStage7to_bitsB6_
FNDA:0,_RNvMNtNtCseLboBoj3wMS_4smmu5types17translation_stageNtB2_16TranslationStage9is_bypassB6_
FNDA:32,_RNvMNtNtCseLboBoj3wMS_4smmu5types17translation_stageNtB2_16TranslationStage17can_transition_to
FNDA:9,_RNvMNtNtCseLboBoj3wMS_4smmu5types17translation_stageNtB2_16TranslationStage18input_address_type
FNDA:9,_RNvMNtNtCseLboBoj3wMS_4smmu5types17translation_stageNtB2_16TranslationStage19output_address_type
FNDA:5,_RNvMNtNtCseLboBoj3wMS_4smmu5types17translation_stageNtB2_16TranslationStage19validate_for_config
FNDA:8,_RNvMNtNtCseLboBoj3wMS_4smmu5types17translation_stageNtB2_16TranslationStage20translation_sequence
FNDA:14,_RNvMNtNtCseLboBoj3wMS_4smmu5types17translation_stageNtB2_16TranslationStage22validate_configuration
FNDA:11,_RNvMNtNtCseLboBoj3wMS_4smmu5types17translation_stageNtB2_16TranslationStage25intermediate_address_type
FNDA:528,_RNvMNtNtCseLboBoj3wMS_4smmu5types17translation_stageNtB2_16TranslationStage9from_bits
FNDA:1,_RNvXs0_NtNtCseLboBoj3wMS_4smmu5types17translation_stageNtB5_16TranslationStageNtNtCslH02haMvknO_4core7default7Default7default
FNDA:4,_RNvXs_NtNtCseLboBoj3wMS_4smmu5types17translation_stageNtB4_16TranslationStageNtNtCslH02haMvknO_4core3fmt7Display3fmt
FNDA:1,_RNvNtNtNtCsaa0oTgBdzfm_4smmu5types17translation_stage5testss_13test_encoding
FNDA:1,_RNvNtNtNtCsaa0oTgBdzfm_4smmu5types17translation_stage5testss_16test_stage_flags
FNDA:4,_RNvMNtNtCsaa0oTgBdzfm_4smmu5types17translation_stageNtB2_16TranslationStage11uses_stage1B6_
FNDA:4,_RNvMNtNtCsaa0oTgBdzfm_4smmu5types17translation_stageNtB2_16TranslationStage11uses_stage2B6_
FNDA:1,_RNvMNtNtCsaa0oTgBdzfm_4smmu5types17translation_stageNtB2_16TranslationStage12is_two_stageB6_
FNDA:4,_RNvMNtNtCsaa0oTgBdzfm_4smmu5types17translation_stageNtB2_16TranslationStage7to_bitsB6_
FNDA:0,_RNvMNtNtCsaa0oTgBdzfm_4smmu5types17translation_stageNtB2_16TranslationStage14supports_pasidB6_
FNDA:0,_RNvMNtNtCsaa0oTgBdzfm_4smmu5types17translation_stageNtB2_16TranslationStage17can_transition_to
FNDA:0,_RNvMNtNtCsaa0oTgBdzfm_4smmu5types17translation_stageNtB2_16TranslationStage17const_uses_stage1B6_
FNDA:0,_RNvMNtNtCsaa0oTgBdzfm_4smmu5types17translation_stageNtB2_16TranslationStage17const_uses_stage2B6_
FNDA:0,_RNvMNtNtCsaa0oTgBdzfm_4smmu5types17translation_stageNtB2_16TranslationStage18const_is_two_stageB6_
FNDA:0,_RNvMNtNtCsaa0oTgBdzfm_4smmu5types17translation_stageNtB2_16TranslationStage18input_address_type
FNDA:0,_RNvMNtNtCsaa0oTgBdzfm_4smmu5types17translation_stageNtB2_16TranslationStage18supports_page_sizeB6_
FNDA:0,_RNvMNtNtCsaa0oTgBdzfm_4smmu5types17translation_stageNtB2_16TranslationStage19output_address_type
FNDA:0,_RNvMNtNtCsaa0oTgBdzfm_4smmu5types17translation_stageNtB2_16TranslationStage19validate_for_config
FNDA:0,_RNvMNtNtCsaa0oTgBdzfm_4smmu5types17translation_stageNtB2_16TranslationStage20requires_page_tablesB6_
FNDA:0,_RNvMNtNtCsaa0oTgBdzfm_4smmu5types17translation_stageNtB2_16TranslationStage20translation_sequence
FNDA:0,_RNvMNtNtCsaa0oTgBdzfm_4smmu5types17translation_stageNtB2_16TranslationStage22is_guest_address_spaceB6_
FNDA:0,_RNvMNtNtCsaa0oTgBdzfm_4smmu5types17translation_stageNtB2_16TranslationStage22validate_configuration
FNDA:0,_RNvMNtNtCsaa0oTgBdzfm_4smmu5types17translation_stageNtB2_16TranslationStage24is_process_address_spaceB6_
FNDA:0,_RNvMNtNtCsaa0oTgBdzfm_4smmu5types17translation_stageNtB2_16TranslationStage25intermediate_address_type
FNDA:0,_RNvMNtNtCsaa0oTgBdzfm_4smmu5types17translation_stageNtB2_16TranslationStage9from_bits
FNDA:0,_RNvMNtNtCsaa0oTgBdzfm_4smmu5types17translation_stageNtB2_16TranslationStage9is_bypassB6_
FNDA:0,_RNvXs0_NtNtCsaa0oTgBdzfm_4smmu5types17translation_stageNtB5_16TranslationStageNtNtCslH02haMvknO_4core7default7Default7default
FNDA:0,_RNvXs_NtNtCsaa0oTgBdzfm_4smmu5types17translation_stageNtB4_16TranslationStageNtNtCslH02haMvknO_4core3fmt7Display3fmt
FNDA:10,_RNvMNtNtCseLboBoj3wMS_4smmu5types17translation_stageNtB2_16TranslationStage11uses_stage1Cs2kW4Ak3kfwY_22test_translation_stage
FNDA:10,_RNvMNtNtCseLboBoj3wMS_4smmu5types17translation_stageNtB2_16TranslationStage11uses_stage2Cs2kW4Ak3kfwY_22test_translation_stage
FNDA:9,_RNvMNtNtCseLboBoj3wMS_4smmu5types17translation_stageNtB2_16TranslationStage12is_two_stageCs2kW4Ak3kfwY_22test_translation_stage
FNDA:8,_RNvMNtNtCseLboBoj3wMS_4smmu5types17translation_stageNtB2_16TranslationStage14supports_pasidCs2kW4Ak3kfwY_22test_translation_stage
FNDA:2,_RNvMNtNtCseLboBoj3wMS_4smmu5types17translation_stageNtB2_16TranslationStage17const_uses_stage1Cs2kW4Ak3kfwY_22test_translation_stage
FNDA:2,_RNvMNtNtCseLboBoj3wMS_4smmu5types17translation_stageNtB2_16TranslationStage17const_uses_stage2Cs2kW4Ak3kfwY_22test_translation_stage
FNDA:1,_RNvMNtNtCseLboBoj3wMS_4smmu5types17translation_stageNtB2_16TranslationStage18const_is_two_stageCs2kW4Ak3kfwY_22test_translation_stage
FNDA:4,_RNvMNtNtCseLboBoj3wMS_4smmu5types17translation_stageNtB2_16TranslationStage18supports_page_sizeCs2kW4Ak3kfwY_22test_translation_stage
FNDA:8,_RNvMNtNtCseLboBoj3wMS_4smmu5types17translation_stageNtB2_16TranslationStage20requires_page_tablesCs2kW4Ak3kfwY_22test_translation_stage
FNDA:8,_RNvMNtNtCseLboBoj3wMS_4smmu5types17translation_stageNtB2_16TranslationStage22is_guest_address_spaceCs2kW4Ak3kfwY_22test_translation_stage
FNDA:8,_RNvMNtNtCseLboBoj3wMS_4smmu5types17translation_stageNtB2_16TranslationStage24is_process_address_spaceCs2kW4Ak3kfwY_22test_translation_stage
FNDA:10,_RNvMNtNtCseLboBoj3wMS_4smmu5types17translation_stageNtB2_16TranslationStage7to_bitsCs2kW4Ak3kfwY_22test_translation_stage
FNDA:9,_RNvMNtNtCseLboBoj3wMS_4smmu5types17translation_stageNtB2_16TranslationStage9is_bypassCs2kW4Ak3kfwY_22test_translation_stage
FNF:25
FNH:25
DA:35,14
DA:36,14
DA:37,14
DA:42,14
DA:43,14
DA:44,14
DA:49,10
DA:50,10
DA:51,10
DA:56,9
DA:57,9
DA:58,9
DA:63,2
DA:64,2
DA:65,2
DA:72,2
DA:73,2
DA:74,2
DA:81,1
DA:82,1
DA:83,1
DA:87,9
DA:88,9
DA:89,3
DA:90,4
DA:91,2
DA:93,9
DA:97,9
DA:98,9
DA:99,9
DA:103,11
DA:104,11
DA:105,3
DA:106,8
DA:108,11
DA:111,14
DA:112,14
DA:113,14
DA:114,14
DA:115,14
DA:116,14
DA:117,4
DA:119,3
DA:120,2
DA:122,1
DA:126,3
DA:127,2
DA:129,1
DA:133,4
DA:134,1
DA:136,3
DA:140,14
DA:144,8
DA:145,8
DA:146,2
DA:147,2
DA:148,2
DA:149,2
DA:151,8
DA:156,8
DA:157,8
DA:158,8
DA:163,8
DA:164,8
DA:165,8
DA:170,4
DA:172,4
DA:173,4
DA:177,32
DA:178,32
DA:180,32
DA:182,6
DA:184,6
DA:186,2
DA:188,2
DA:190,8
DA:192,32
DA:197,8
DA:198,8
DA:199,8
DA:204,8
DA:205,8
DA:206,8
DA:211,14
DA:212,14
DA:213,14
DA:216,528
DA:217,528
DA:218,69
DA:219,67
DA:220,69
DA:221,62
DA:222,261
DA:224,528
DA:227,5
DA:229,5
DA:230,5
DA:234,4
DA:235,4
DA:236,1
DA:237,1
DA:238,1
DA:239,1
DA:241,4
DA:242,4
DA:247,1
DA:248,1
DA:249,1
DA:263,1
DA:264,1
DA:265,1
DA:267,1
DA:268,1
DA:270,1
DA:271,1
DA:273,1
DA:274,1
DA:275,1
DA:276,1
DA:279,1
DA:280,1
DA:281,1
DA:282,1
DA:283,1
DA:284,1
BRF:0
BRH:0
LF:125
LH:125
end_of_record
SF:/home/jpgreninger/Work/smmu/rust/smmu/src/types/validation_error.rs
FN:162,_RNvMNtNtCseLboBoj3wMS_4smmu5types16validation_errorNtB2_15ValidationError3new
FN:25,_RNvNtNtCseLboBoj3wMS_4smmu5types16validation_error27format_hex_with_underscores
FN:9,_RNvNtNtCseLboBoj3wMS_4smmu5types16validation_error30format_number_with_underscores
FN:172,_RNvXs_NtNtCseLboBoj3wMS_4smmu5types16validation_errorNtB4_15ValidationErrorNtNtCslH02haMvknO_4core3fmt7Display3fmt
FN:162,_RNvMNtNtCsaa0oTgBdzfm_4smmu5types16validation_errorNtB2_15ValidationError3new
FN:25,_RNvNtNtCsaa0oTgBdzfm_4smmu5types16validation_error27format_hex_with_underscores
FN:9,_RNvNtNtCsaa0oTgBdzfm_4smmu5types16validation_error30format_number_with_underscores
FN:172,_RNvXs_NtNtCsaa0oTgBdzfm_4smmu5types16validation_errorNtB4_15ValidationErrorNtNtCslH02haMvknO_4core3fmt7Display3fmt
FNDA:5048,_RNvMNtNtCseLboBoj3wMS_4smmu5types16validation_errorNtB2_15ValidationError3new
FNDA:6,_RNvNtNtCseLboBoj3wMS_4smmu5types16validation_error27format_hex_with_underscores
FNDA:14,_RNvNtNtCseLboBoj3wMS_4smmu5types16validation_error30format_number_with_underscores
FNDA:45,_RNvXs_NtNtCseLboBoj3wMS_4smmu5types16validation_errorNtB4_15ValidationErrorNtNtCslH02haMvknO_4core3fmt7Display3fmt
FNDA:0,_RNvMNtNtCsaa0oTgBdzfm_4smmu5types16validation_errorNtB2_15ValidationError3new
FNDA:0,_RNvNtNtCsaa0oTgBdzfm_4smmu5types16validation_error27format_hex_with_underscores
FNDA:0,_RNvNtNtCsaa0oTgBdzfm_4smmu5types16validation_error30format_number_with_underscores
FNDA:0,_RNvXs_NtNtCsaa0oTgBdzfm_4smmu5types16validation_errorNtB4_15ValidationErrorNtNtCslH02haMvknO_4core3fmt7Display3fmt
FNF:4
FNH:4
DA:9,14
DA:10,14
DA:11,14
DA:12,14
DA:13,14
DA:15,92
DA:16,92
DA:17,24
DA:18,68
DA:19,92
DA:21,14
DA:22,14
DA:25,6
DA:26,6
DA:27,6
DA:28,6
DA:29,6
DA:31,23
DA:32,23
DA:33,2
DA:34,21
DA:35,23
DA:37,6
DA:38,6
DA:162,5048
DA:163,5048
DA:164,5048
DA:165,5048
DA:166,5048
DA:167,5048
DA:168,5048
DA:172,45
DA:173,45
DA:174,5
DA:175,5
DA:176,5
DA:177,5
DA:179,3
DA:180,3
DA:181,3
DA:182,3
DA:184,3
DA:185,3
DA:187,3
DA:188,3
DA:190,3
DA:191,3
DA:193,3
DA:194,3
DA:196,3
DA:197,3
DA:199,3
DA:200,3
DA:202,3
DA:203,3
DA:205,4
DA:206,4
DA:208,4
DA:209,4
DA:210,4
DA:212,8
DA:213,8
DA:216,45
BRF:0
BRH:0
LF:63
LH:63
end_of_record